2014-09-18T01:10:50.091Z     1         59 dns:news.tsinghua.edu.cn P http://news.tsinghua.edu.cn/publish/news/index.html text/dns #008 20140918011049967+122 sha1:EBVBX6CN2EKZUL62RTFOA6P2CJX7JI2S - -
2014-09-18T01:10:53.391Z   200        402 http://news.tsinghua.edu.cn/robots.txt P http://news.tsinghua.edu.cn/publish/news/index.html text/html #008 20140918011053104+251 sha1:EVDP3TRCMH3WDC2ZMH3JXELSOZXLCTYX - usingCharsetInHTML:UTF-8
2014-09-18T01:11:05.414Z   200      63558 http://news.tsinghua.edu.cn/publish/news/index.html - - text/html #008 20140918011056398+3823 sha1:4Y4CMM65EN4GESLYKEC4C4O7MO36L2BI - usingCharsetInHTML:UTF-8,3t
2014-09-18T01:11:05.552Z   404        169 http://166.111.5.104/robots.txt EP http://166.111.5.104/mcms/news/ text/html #008 20140918011105418+131 sha1:H2LSNNMP2AAAJA32CGMGN5UJSRJRJQQV - -
2014-09-18T01:11:13.517Z   200       2731 http://166.111.5.104/mcms/news/ E http://news.tsinghua.edu.cn/publish/news/index.html text/html #007 20140918011109016+610 sha1:GACGQ53HEO4U2CY2BAMQMNQ7NCBZSIHR - usingCharsetInHTML:UTF-8,2t
2014-09-18T01:11:25.191Z   200        402 http://news.tsinghua.edu.cn/sites// X http://news.tsinghua.edu.cn/publish/news/index.html text/html #007 20140918011124538+158 sha1:EVDP3TRCMH3WDC2ZMH3JXELSOZXLCTYX - usingCharsetInHTML:UTF-8
2014-09-18T01:11:28.402Z   403        180 http://news.tsinghua.edu.cn/publish/ X http://news.tsinghua.edu.cn/publish/news/index.html text/html #007 20140918011128198+123 sha1:IZL2V3JWC756T5PQMRKLA5IKQHCMBSCO - -
2014-09-18T01:11:32.088Z   200        402 http://news.tsinghua.edu.cn/sites/ X http://news.tsinghua.edu.cn/publish/news/index.html text/html #007 20140918011131408+145 sha1:EVDP3TRCMH3WDC2ZMH3JXELSOZXLCTYX - usingCharsetInHTML:UTF-8
2014-09-18T01:11:35.317Z   403        180 http://news.tsinghua.edu.cn/publish// X http://news.tsinghua.edu.cn/publish/news/index.html text/html #007 20140918011135095+133 sha1:IZL2V3JWC756T5PQMRKLA5IKQHCMBSCO - -
2014-09-18T01:11:40.371Z   200      44504 http://news.tsinghua.edu.cn/publish/news/4210/2014/20140912150203106852163/20140912150203106852163_.html L http://news.tsinghua.edu.cn/publish/news/index.html text/html #007 20140918011138324+577 sha1:YMPCCERTFBRFG5WP25U5VWHS6MIDGIED - usingCharsetInHTML:UTF-8
2014-09-18T01:11:43.917Z   200        402 http://news.tsinghua.edu.cn/sites/news/ LX http://news.tsinghua.edu.cn/publish/news/4210/2014/20140912150203106852163/20140912150203106852163_.html text/html #007 20140918011143378+143 sha1:EVDP3TRCMH3WDC2ZMH3JXELSOZXLCTYX - usingCharsetInHTML:UTF-8
2014-09-18T01:11:47.452Z   200        402 http://news.tsinghua.edu.cn/sites/news// LX http://news.tsinghua.edu.cn/publish/news/4210/2014/20140912150203106852163/20140912150203106852163_.html text/html #007 20140918011146924+134 sha1:EVDP3TRCMH3WDC2ZMH3JXELSOZXLCTYX - usingCharsetInHTML:UTF-8
2014-09-18T01:11:52.240Z   200      20854 http://news.tsinghua.edu.cn/publish/newsen/ LX http://news.tsinghua.edu.cn/publish/news/4210/2014/20140912150203106852163/20140912150203106852163_.html text/html #007 20140918011150459+477 sha1:X65KEQGPSNPCZHHPSCKVCJ7FDOAPFMWC - usingCharsetInHTML:UTF-8
2014-09-18T01:11:57.003Z   200      20854 http://news.tsinghua.edu.cn/publish/newsen// LX http://news.tsinghua.edu.cn/publish/news/4210/2014/20140912150203106852163/20140912150203106852163_.html text/html #007 20140918011155247+570 sha1:X65KEQGPSNPCZHHPSCKVCJ7FDOAPFMWC - usingCharsetInHTML:UTF-8
2014-09-18T01:12:04.877Z   200      63558 http://news.tsinghua.edu.cn/publish/news// LX http://news.tsinghua.edu.cn/publish/news/4210/2014/20140912150203106852163/20140912150203106852163_.html text/html #007 20140918011200009+2127 sha1:4Y4CMM65EN4GESLYKEC4C4O7MO36L2BI - usingCharsetInHTML:UTF-8
2014-09-18T01:12:17.538Z   200        402 http://news.tsinghua.edu.cn/sites/newsen// LX http://news.tsinghua.edu.cn/publish/news/4210/2014/20140912150203106852163/20140912150203106852163_.html text/html #008 20140918011215642+1115 sha1:EVDP3TRCMH3WDC2ZMH3JXELSOZXLCTYX - usingCharsetInHTML:UTF-8
2014-09-18T01:12:25.824Z   200        402 http://news.tsinghua.edu.cn/sites/newsen/ LX http://news.tsinghua.edu.cn/publish/news/4210/2014/20140912150203106852163/20140912150203106852163_.html text/html #005 20140918011223137+2006 sha1:EVDP3TRCMH3WDC2ZMH3JXELSOZXLCTYX - usingCharsetInHTML:UTF-8
2014-09-18T01:12:36.583Z   200        402 http://news.tsinghua.edu.cn/publish/news/index.html/ LX http://news.tsinghua.edu.cn/publish/news/4210/2014/20140912150203106852163/20140912150203106852163_.html text/html #007 20140918011235920+190 sha1:EVDP3TRCMH3WDC2ZMH3JXELSOZXLCTYX - usingCharsetInHTML:UTF-8
2014-09-18T01:12:42.502Z   200      63558 http://news.tsinghua.edu.cn/publish/news/ LX http://news.tsinghua.edu.cn/publish/news/4210/2014/20140912150203106852163/20140912150203106852163_.html text/html #007 20140918011239589+857 sha1:4Y4CMM65EN4GESLYKEC4C4O7MO36L2BI - usingCharsetInHTML:UTF-8
2014-09-18T01:12:48.544Z   200      27960 http://news.tsinghua.edu.cn/publish/news/4209/2014/20140915144940223630872/20140915144940223630872_.html L http://news.tsinghua.edu.cn/publish/news/index.html text/html #005 20140918011246857+469 sha1:AGCSUA63SN2PLF26G6WKX7E27RRUY6AH - usingCharsetInHTML:UTF-8
2014-09-18T01:12:54.063Z   200      85969 http://news.tsinghua.edu.cn/publish/news/8946/index.html L http://news.tsinghua.edu.cn/publish/news/index.html text/html #005 20140918011251548+1285 sha1:3MJRKCTGTDT2AO2QP336FUCZVQVGXM3X - usingCharsetInHTML:UTF-8
2014-09-18T01:13:02.794Z   200      32652 http://news.tsinghua.edu.cn/publish/news/4205/2014/20140916193408430930542/20140916193408430930542_.html L http://news.tsinghua.edu.cn/publish/news/index.html text/html #007 20140918011300529+811 sha1:2PDZFIORPM4DFT5DUCSDCLAK3SX4K26C - usingCharsetInHTML:UTF-8
2014-09-18T01:13:08.148Z   200      16867 http://news.tsinghua.edu.cn/publish/news/4199/index.html L http://news.tsinghua.edu.cn/publish/news/index.html text/html #005 20140918011307080+312 sha1:NFGUNO6AEHBMYCJGKXR4AU5GJGAGJA6Q - usingCharsetInHTML:UTF-8
2014-09-18T01:13:12.823Z   200      29702 http://news.tsinghua.edu.cn/publish/news/4205/2014/20140917160305302554992/20140917160305302554992_.html L http://news.tsinghua.edu.cn/publish/news/index.html text/html #005 20140918011311155+562 sha1:QGHUSGZ3NVBNUC7M6QUB5KQKYTW6ID2C - usingCharsetInHTML:UTF-8
2014-09-18T01:13:17.318Z   200      27273 http://news.tsinghua.edu.cn/publish/news/4212/2014/20140915172543652708476/20140915172543652708476_.html L http://news.tsinghua.edu.cn/publish/news/index.html text/html #005 20140918011315829+442 sha1:TUDRHAY5AOCEOUZHHYXT7HJUDKNKZKRE - usingCharsetInHTML:UTF-8
2014-09-18T01:13:22.197Z   200      33135 http://news.tsinghua.edu.cn/publish/news/4217/2014/20140918085959610129922/20140918085959610129922_.html L http://news.tsinghua.edu.cn/publish/news/index.html text/html #005 20140918011320324+583 sha1:3CM3XBHAHQ3KBY76YJ3D24CC73XCYLZ2 - usingCharsetInHTML:UTF-8
2014-09-18T01:13:26.598Z   200      25216 http://news.tsinghua.edu.cn/publish/news/4209/2014/20140918085553437186543/20140918085553437186543_.html L http://news.tsinghua.edu.cn/publish/news/index.html text/html #005 20140918011325203+458 sha1:Y6QUX7NMS56HJ63UIRPOWJ3YXFI62WYX - usingCharsetInHTML:UTF-8
2014-09-18T01:13:31.457Z   200      28101 http://news.tsinghua.edu.cn/publish/news/4225/2014/20140718114421728237310/20140718114421728237310_.html L http://news.tsinghua.edu.cn/publish/news/index.html text/html #005 20140918011329603+562 sha1:HSGGPGAZKW4LLRTKVVAR5FWVYJNRQK3P - usingCharsetInHTML:UTF-8
2014-09-18T01:13:36.744Z   200      86249 http://news.tsinghua.edu.cn/publish/news/4204/index.html L http://news.tsinghua.edu.cn/publish/news/index.html text/html #005 20140918011334463+1090 sha1:6NZ2APM6GZ7V4IEDARQVZEHRCI2L7SQZ - usingCharsetInHTML:UTF-8
2014-09-18T01:13:43.944Z   200      27224 http://news.tsinghua.edu.cn/publish/news/4216/2014/20140821113903591333183/20140821113903591333183_.html L http://news.tsinghua.edu.cn/publish/news/index.html text/html #014 20140918011342203+662 sha1:LWZON5BBVG3M2M6UVSOUPC3FXF7HK6L2 - usingCharsetInHTML:UTF-8
2014-09-18T01:13:48.928Z   200      28329 http://news.tsinghua.edu.cn/publish/news/4205/2014/20140916161315613891611/20140916161315613891611_.html L http://news.tsinghua.edu.cn/publish/news/index.html text/html #009 20140918011347274+534 sha1:UOCXKBQPQCVXVPF2FO3YTYAQ7HULSSE2 - usingCharsetInHTML:UTF-8
2014-09-18T01:13:53.381Z   200      26183 http://news.tsinghua.edu.cn/publish/news/4211/2014/20140912105703628773479/20140912105703628773479_.html L http://news.tsinghua.edu.cn/publish/news/index.html text/html #009 20140918011351933+464 sha1:SRHV4TQLZV44Y7FWSYDLVQGDHUP4TGZH - usingCharsetInHTML:UTF-8
2014-09-18T01:13:57.017Z   200       4055 http://news.tsinghua.edu.cn/publish/news/zhuanti/zl.html L http://news.tsinghua.edu.cn/publish/news/index.html text/html #009 20140918011356387+167 sha1:IWK5PQSSDEHJNWULEDKUORNIY3BSPE5C - usingCharsetInHTML:GB2312
2014-09-18T01:14:01.758Z   200      23493 http://news.tsinghua.edu.cn/publish/news/4211/2014/20140909165748551103952/20140909165748551103952_.html L http://news.tsinghua.edu.cn/publish/news/index.html text/html #009 20140918011400022+457 sha1:FU2EE7F4YSZRQHN5QCB4URFYKWW2FE6S - usingCharsetInHTML:UTF-8
2014-09-18T01:14:06.728Z   200      31244 http://news.tsinghua.edu.cn/publish/news/4204/2014/20140916105521356341978/20140916105521356341978_.html L http://news.tsinghua.edu.cn/publish/news/index.html text/html #009 20140918011404765+757 sha1:6YUOG6OQQSJ5HBBEM4N4GSLB2IEGL3NC - usingCharsetInHTML:UTF-8
2014-09-18T01:14:12.599Z   200      34039 http://news.tsinghua.edu.cn/publish/news/4212/2014/20140917165852137313142/20140917165852137313142_.html L http://news.tsinghua.edu.cn/publish/news/index.html text/html #008 20140918011410691+544 sha1:QFMBPUSAHHEMPSZPDOOMFECLW73LDARY - usingCharsetInHTML:UTF-8
2014-09-18T01:14:17.170Z   200      25927 http://news.tsinghua.edu.cn/publish/news/4209/2014/20140918085655306332667/20140918085655306332667_.html L http://news.tsinghua.edu.cn/publish/news/index.html text/html #008 20140918011415604+419 sha1:P6ULXDI6OEORCBTTVA6ZBZA7VXCJZQ3P - usingCharsetInHTML:UTF-8
2014-09-18T01:14:21.821Z   200      29256 http://news.tsinghua.edu.cn/publish/news/4217/2014/20140916145334454697948/20140916145334454697948_.html L http://news.tsinghua.edu.cn/publish/news/index.html text/html #008 20140918011420176+614 sha1:FZEW3NVDXOYCNT6SG6EW7GTIT4OKNZ36 - usingCharsetInHTML:UTF-8
2014-09-18T01:14:27.304Z   200      58162 http://news.tsinghua.edu.cn/publish/news/4218/index.html L http://news.tsinghua.edu.cn/publish/news/index.html text/html #007 20140918011424906+1084 sha1:R47K4HLUSOZY3XAHU4P6IUSZIBHAULOG - usingCharsetInHTML:UTF-8
2014-09-18T01:14:34.621Z   200      48000 http://news.tsinghua.edu.cn/publish/news/4205/2014/20140917103655715200180/20140917103655715200180_.html L http://news.tsinghua.edu.cn/publish/news/index.html text/html #009 20140918011432764+542 sha1:X4O6VO6MOCW6HVBRP3BN42QBUAX4IKNG - usingCharsetInHTML:UTF-8
2014-09-18T01:14:39.159Z   200      28952 http://news.tsinghua.edu.cn/publish/news/4205/2014/20140916150034070372210/20140916150034070372210_.html L http://news.tsinghua.edu.cn/publish/news/index.html text/html #009 20140918011437627+464 sha1:ZWWDHLIM22BXOP3KIIEUXWGKZGDICJTM - usingCharsetInHTML:UTF-8
2014-09-18T01:14:43.518Z   200      28952 http://news.tsinghua.edu.cn/publish/news/4212/2014/20140916150034070372210/20140916150034070372210_.html L http://news.tsinghua.edu.cn/publish/news/index.html text/html #009 20140918011442164+410 sha1:YZQA7OZ37362YC2YDOLXBJGFSOE72TQY - usingCharsetInHTML:UTF-8
2014-09-18T01:14:48.307Z   200      24863 http://news.tsinghua.edu.cn/publish/news/4195/2014/20140915153854876774280/20140915153854876774280_.html L http://news.tsinghua.edu.cn/publish/news/index.html text/html #009 20140918011446523+412 sha1:3S5U7JXOEZWI5WN3QEWKHWJU4NG7U2IR - usingCharsetInHTML:UTF-8
2014-09-18T01:14:53.099Z   200      48034 http://news.tsinghua.edu.cn/publish/news/4222/2014/20140829092445595716673/20140829092445595716673_.html L http://news.tsinghua.edu.cn/publish/news/index.html text/html #009 20140918011451312+652 sha1:PXHSPUHAVNU2GMBLI53NI43KVQURREMD - usingCharsetInHTML:UTF-8
