2014-09-18T01:11:00.242Z http://news.tsinghua.edu.cn/publish/news/index.html "http scheme specific part is too short: //" http://
2014-09-18T01:11:00.246Z http://news.tsinghua.edu.cn/publish/news/index.html "http scheme specific part is too short: //" https://
2014-09-18T01:11:38.905Z http://news.tsinghua.edu.cn/publish/news/4210/2014/20140912150203106852163/20140912150203106852163_.html "http scheme specific part is too short: //" http://
2014-09-18T01:11:38.906Z http://news.tsinghua.edu.cn/publish/news/4210/2014/20140912150203106852163/20140912150203106852163_.html "http scheme specific part is too short: //" https://
2014-09-18T01:11:50.940Z http://news.tsinghua.edu.cn/publish/newsen/ "http scheme specific part is too short: //" http://
2014-09-18T01:11:50.940Z http://news.tsinghua.edu.cn/publish/newsen/ "http scheme specific part is too short: //" https://
2014-09-18T01:11:55.820Z http://news.tsinghua.edu.cn/publish/newsen// "http scheme specific part is too short: //" http://
2014-09-18T01:11:55.821Z http://news.tsinghua.edu.cn/publish/newsen// "http scheme specific part is too short: //" https://
2014-09-18T01:12:02.138Z http://news.tsinghua.edu.cn/publish/news// "http scheme specific part is too short: //" http://
2014-09-18T01:12:02.139Z http://news.tsinghua.edu.cn/publish/news// "http scheme specific part is too short: //" https://
2014-09-18T01:12:40.449Z http://news.tsinghua.edu.cn/publish/news/ "http scheme specific part is too short: //" http://
2014-09-18T01:12:40.450Z http://news.tsinghua.edu.cn/publish/news/ "http scheme specific part is too short: //" https://
2014-09-18T01:12:47.329Z http://news.tsinghua.edu.cn/publish/news/4209/2014/20140915144940223630872/20140915144940223630872_.html "http scheme specific part is too short: //" http://
2014-09-18T01:12:47.330Z http://news.tsinghua.edu.cn/publish/news/4209/2014/20140915144940223630872/20140915144940223630872_.html "http scheme specific part is too short: //" https://
2014-09-18T01:12:52.837Z http://news.tsinghua.edu.cn/publish/news/8946/index.html "http scheme specific part is too short: //" http://
2014-09-18T01:12:52.837Z http://news.tsinghua.edu.cn/publish/news/8946/index.html "http scheme specific part is too short: //" https://
2014-09-18T01:13:01.343Z http://news.tsinghua.edu.cn/publish/news/4205/2014/20140916193408430930542/20140916193408430930542_.html "http scheme specific part is too short: //" http://
2014-09-18T01:13:01.344Z http://news.tsinghua.edu.cn/publish/news/4205/2014/20140916193408430930542/20140916193408430930542_.html "http scheme specific part is too short: //" https://
2014-09-18T01:13:07.393Z http://news.tsinghua.edu.cn/publish/news/4199/index.html "http scheme specific part is too short: //" http://
2014-09-18T01:13:07.394Z http://news.tsinghua.edu.cn/publish/news/4199/index.html "http scheme specific part is too short: //" https://
2014-09-18T01:13:11.719Z http://news.tsinghua.edu.cn/publish/news/4205/2014/20140917160305302554992/20140917160305302554992_.html "http scheme specific part is too short: //" http://
2014-09-18T01:13:11.720Z http://news.tsinghua.edu.cn/publish/news/4205/2014/20140917160305302554992/20140917160305302554992_.html "http scheme specific part is too short: //" https://
2014-09-18T01:13:16.273Z http://news.tsinghua.edu.cn/publish/news/4212/2014/20140915172543652708476/20140915172543652708476_.html "http scheme specific part is too short: //" http://
2014-09-18T01:13:16.274Z http://news.tsinghua.edu.cn/publish/news/4212/2014/20140915172543652708476/20140915172543652708476_.html "http scheme specific part is too short: //" https://
2014-09-18T01:13:20.910Z http://news.tsinghua.edu.cn/publish/news/4217/2014/20140918085959610129922/20140918085959610129922_.html "http scheme specific part is too short: //" http://
2014-09-18T01:13:20.910Z http://news.tsinghua.edu.cn/publish/news/4217/2014/20140918085959610129922/20140918085959610129922_.html "http scheme specific part is too short: //" https://
2014-09-18T01:13:25.663Z http://news.tsinghua.edu.cn/publish/news/4209/2014/20140918085553437186543/20140918085553437186543_.html "http scheme specific part is too short: //" http://
2014-09-18T01:13:25.664Z http://news.tsinghua.edu.cn/publish/news/4209/2014/20140918085553437186543/20140918085553437186543_.html "http scheme specific part is too short: //" https://
2014-09-18T01:13:30.167Z http://news.tsinghua.edu.cn/publish/news/4225/2014/20140718114421728237310/20140718114421728237310_.html "http scheme specific part is too short: //" http://
2014-09-18T01:13:30.168Z http://news.tsinghua.edu.cn/publish/news/4225/2014/20140718114421728237310/20140718114421728237310_.html "http scheme specific part is too short: //" https://
2014-09-18T01:13:35.556Z http://news.tsinghua.edu.cn/publish/news/4204/index.html "http scheme specific part is too short: //" http://
2014-09-18T01:13:35.557Z http://news.tsinghua.edu.cn/publish/news/4204/index.html "http scheme specific part is too short: //" https://
2014-09-18T01:13:42.867Z http://news.tsinghua.edu.cn/publish/news/4216/2014/20140821113903591333183/20140821113903591333183_.html "http scheme specific part is too short: //" http://
2014-09-18T01:13:42.868Z http://news.tsinghua.edu.cn/publish/news/4216/2014/20140821113903591333183/20140821113903591333183_.html "http scheme specific part is too short: //" https://
2014-09-18T01:13:47.811Z http://news.tsinghua.edu.cn/publish/news/4205/2014/20140916161315613891611/20140916161315613891611_.html "http scheme specific part is too short: //" http://
2014-09-18T01:13:47.812Z http://news.tsinghua.edu.cn/publish/news/4205/2014/20140916161315613891611/20140916161315613891611_.html "http scheme specific part is too short: //" https://
2014-09-18T01:13:52.400Z http://news.tsinghua.edu.cn/publish/news/4211/2014/20140912105703628773479/20140912105703628773479_.html "http scheme specific part is too short: //" http://
2014-09-18T01:13:52.401Z http://news.tsinghua.edu.cn/publish/news/4211/2014/20140912105703628773479/20140912105703628773479_.html "http scheme specific part is too short: //" https://
2014-09-18T01:14:00.481Z http://news.tsinghua.edu.cn/publish/news/4211/2014/20140909165748551103952/20140909165748551103952_.html "http scheme specific part is too short: //" http://
2014-09-18T01:14:00.482Z http://news.tsinghua.edu.cn/publish/news/4211/2014/20140909165748551103952/20140909165748551103952_.html "http scheme specific part is too short: //" https://
2014-09-18T01:14:05.525Z http://news.tsinghua.edu.cn/publish/news/4204/2014/20140916105521356341978/20140916105521356341978_.html "http scheme specific part is too short: //" http://
2014-09-18T01:14:05.526Z http://news.tsinghua.edu.cn/publish/news/4204/2014/20140916105521356341978/20140916105521356341978_.html "http scheme specific part is too short: //" https://
2014-09-18T01:14:11.238Z http://news.tsinghua.edu.cn/publish/news/4212/2014/20140917165852137313142/20140917165852137313142_.html "http scheme specific part is too short: //" http://
2014-09-18T01:14:11.239Z http://news.tsinghua.edu.cn/publish/news/4212/2014/20140917165852137313142/20140917165852137313142_.html "http scheme specific part is too short: //" https://
2014-09-18T01:14:16.026Z http://news.tsinghua.edu.cn/publish/news/4209/2014/20140918085655306332667/20140918085655306332667_.html "http scheme specific part is too short: //" http://
2014-09-18T01:14:16.027Z http://news.tsinghua.edu.cn/publish/news/4209/2014/20140918085655306332667/20140918085655306332667_.html "http scheme specific part is too short: //" https://
2014-09-18T01:14:20.792Z http://news.tsinghua.edu.cn/publish/news/4217/2014/20140916145334454697948/20140916145334454697948_.html "http scheme specific part is too short: //" http://
2014-09-18T01:14:20.793Z http://news.tsinghua.edu.cn/publish/news/4217/2014/20140916145334454697948/20140916145334454697948_.html "http scheme specific part is too short: //" https://
2014-09-18T01:14:25.994Z http://news.tsinghua.edu.cn/publish/news/4218/index.html "http scheme specific part is too short: //" http://
2014-09-18T01:14:25.994Z http://news.tsinghua.edu.cn/publish/news/4218/index.html "http scheme specific part is too short: //" https://
2014-09-18T01:14:33.308Z http://news.tsinghua.edu.cn/publish/news/4205/2014/20140917103655715200180/20140917103655715200180_.html "http scheme specific part is too short: //" http://
2014-09-18T01:14:33.309Z http://news.tsinghua.edu.cn/publish/news/4205/2014/20140917103655715200180/20140917103655715200180_.html "http scheme specific part is too short: //" https://
2014-09-18T01:14:38.094Z http://news.tsinghua.edu.cn/publish/news/4205/2014/20140916150034070372210/20140916150034070372210_.html "http scheme specific part is too short: //" http://
2014-09-18T01:14:38.094Z http://news.tsinghua.edu.cn/publish/news/4205/2014/20140916150034070372210/20140916150034070372210_.html "http scheme specific part is too short: //" https://
2014-09-18T01:14:42.576Z http://news.tsinghua.edu.cn/publish/news/4212/2014/20140916150034070372210/20140916150034070372210_.html "http scheme specific part is too short: //" http://
2014-09-18T01:14:42.577Z http://news.tsinghua.edu.cn/publish/news/4212/2014/20140916150034070372210/20140916150034070372210_.html "http scheme specific part is too short: //" https://
2014-09-18T01:14:46.937Z http://news.tsinghua.edu.cn/publish/news/4195/2014/20140915153854876774280/20140915153854876774280_.html "http scheme specific part is too short: //" http://
2014-09-18T01:14:46.937Z http://news.tsinghua.edu.cn/publish/news/4195/2014/20140915153854876774280/20140915153854876774280_.html "http scheme specific part is too short: //" https://
2014-09-18T01:14:51.966Z http://news.tsinghua.edu.cn/publish/news/4222/2014/20140829092445595716673/20140829092445595716673_.html "http scheme specific part is too short: //" http://
2014-09-18T01:14:51.967Z http://news.tsinghua.edu.cn/publish/news/4222/2014/20140829092445595716673/20140829092445595716673_.html "http scheme specific part is too short: //" https://
2014-09-18T01:14:57.094Z http://news.tsinghua.edu.cn/publish/news/4195/2014/20140915153507477127142/20140915153507477127142_.html "http scheme specific part is too short: //" http://
2014-09-18T01:14:57.094Z http://news.tsinghua.edu.cn/publish/news/4195/2014/20140915153507477127142/20140915153507477127142_.html "http scheme specific part is too short: //" https://
