2014-09-16T14:14:23.857Z     1         59 dns:news.tsinghua.edu.cn P http://news.tsinghua.edu.cn/publish/news/index.html text/dns #001 20140916141423777+78 sha1:ZWO53VJRYHTL5S6SYMTV5S743BIFP4X2 - -
2014-09-16T14:14:27.032Z   200        402 http://news.tsinghua.edu.cn/robots.txt P http://news.tsinghua.edu.cn/publish/news/index.html text/html #001 20140916141426870+131 sha1:EVDP3TRCMH3WDC2ZMH3JXELSOZXLCTYX - usingCharsetInHTML:UTF-8
2014-09-16T14:14:32.030Z   200      63171 http://news.tsinghua.edu.cn/publish/news/index.html - - text/html #001 20140916141430039+48 sha1:VCDRODZWCSVY5YMC73UZ7BZJSY34E5KQ - usingCharsetInHTML:UTF-8,3t
2014-09-16T14:14:32.084Z   404        169 http://166.111.5.104/robots.txt EP http://166.111.5.104/mcms/news/ text/html #001 20140916141432057+24 sha1:H2LSNNMP2AAAJA32CGMGN5UJSRJRJQQV - -
2014-09-16T14:14:35.205Z   403        180 http://news.tsinghua.edu.cn/publish/ X http://news.tsinghua.edu.cn/publish/news/index.html text/html #001 20140916141435090+34 sha1:IZL2V3JWC756T5PQMRKLA5IKQHCMBSCO - -
2014-09-16T14:14:38.383Z   200       2731 http://166.111.5.104/mcms/news/ E http://news.tsinghua.edu.cn/publish/news/index.html text/html #001 20140916141435207+480 sha1:GACGQ53HEO4U2CY2BAMQMNQ7NCBZSIHR - usingCharsetInHTML:UTF-8,2t
2014-09-16T14:14:38.779Z   200        402 http://news.tsinghua.edu.cn/sites/ X http://news.tsinghua.edu.cn/publish/news/index.html text/html #001 20140916141438384+118 sha1:EVDP3TRCMH3WDC2ZMH3JXELSOZXLCTYX - usingCharsetInHTML:UTF-8
2014-09-16T14:14:41.926Z   200        402 http://news.tsinghua.edu.cn/sites// X http://news.tsinghua.edu.cn/publish/news/index.html text/html #001 20140916141441786+29 sha1:EVDP3TRCMH3WDC2ZMH3JXELSOZXLCTYX - usingCharsetInHTML:UTF-8
2014-09-16T14:14:45.003Z   403        180 http://news.tsinghua.edu.cn/publish// X http://news.tsinghua.edu.cn/publish/news/index.html text/html #001 20140916141444934+42 sha1:IZL2V3JWC756T5PQMRKLA5IKQHCMBSCO - -
2014-09-16T14:14:48.757Z   200      57068 http://news.tsinghua.edu.cn/publish/news/9173/index.html L http://news.tsinghua.edu.cn/publish/news/index.html text/html #001 20140916141448010+103 sha1:TQFINVJB6HO3KCEFVXB7CFX7UPLFTTJ5 - usingCharsetInHTML:UTF-8
2014-09-16T14:14:52.267Z   200      63171 http://news.tsinghua.edu.cn/publish/news/ LX http://news.tsinghua.edu.cn/publish/news/9173/index.html text/html #001 20140916141451764+44 sha1:VCDRODZWCSVY5YMC73UZ7BZJSY34E5KQ - usingCharsetInHTML:UTF-8
2014-09-16T14:14:55.392Z   200        402 http://news.tsinghua.edu.cn/publish/news/index.html/ LX http://news.tsinghua.edu.cn/publish/news/9173/index.html text/html #001 20140916141455274+9 sha1:EVDP3TRCMH3WDC2ZMH3JXELSOZXLCTYX - usingCharsetInHTML:UTF-8
2014-09-16T14:14:58.564Z   200        402 http://news.tsinghua.edu.cn/sites/newsen/ LX http://news.tsinghua.edu.cn/publish/news/9173/index.html text/html #001 20140916141458398+17 sha1:EVDP3TRCMH3WDC2ZMH3JXELSOZXLCTYX - usingCharsetInHTML:UTF-8
2014-09-16T14:15:01.745Z   200        402 http://news.tsinghua.edu.cn/sites/newsen// LX http://news.tsinghua.edu.cn/publish/news/9173/index.html text/html #001 20140916141501570+30 sha1:EVDP3TRCMH3WDC2ZMH3JXELSOZXLCTYX - usingCharsetInHTML:UTF-8
2014-09-16T14:15:04.924Z   200        402 http://news.tsinghua.edu.cn/sites/news/ LX http://news.tsinghua.edu.cn/publish/news/9173/index.html text/html #001 20140916141504752+25 sha1:EVDP3TRCMH3WDC2ZMH3JXELSOZXLCTYX - usingCharsetInHTML:UTF-8
2014-09-16T14:15:08.144Z   200        402 http://news.tsinghua.edu.cn/sites/news// LX http://news.tsinghua.edu.cn/publish/news/9173/index.html text/html #001 20140916141507931+19 sha1:EVDP3TRCMH3WDC2ZMH3JXELSOZXLCTYX - usingCharsetInHTML:UTF-8
2014-09-16T14:15:12.347Z   200      20854 http://news.tsinghua.edu.cn/publish/newsen// LX http://news.tsinghua.edu.cn/publish/news/9173/index.html text/html #001 20140916141511150+1023 sha1:X65KEQGPSNPCZHHPSCKVCJ7FDOAPFMWC - usingCharsetInHTML:UTF-8
2014-09-16T14:15:19.230Z   200      20854 http://news.tsinghua.edu.cn/publish/newsen/ LX http://news.tsinghua.edu.cn/publish/news/9173/index.html text/html #021 20140916141517860+1026 sha1:X65KEQGPSNPCZHHPSCKVCJ7FDOAPFMWC - usingCharsetInHTML:UTF-8
2014-09-16T14:15:24.927Z   200      63171 http://news.tsinghua.edu.cn/publish/news// LX http://news.tsinghua.edu.cn/publish/news/9173/index.html text/html #001 20140916141524366+49 sha1:VCDRODZWCSVY5YMC73UZ7BZJSY34E5KQ - usingCharsetInHTML:UTF-8
2014-09-16T14:15:28.094Z   200      17372 http://news.tsinghua.edu.cn/publish/news/4198/index.html L http://news.tsinghua.edu.cn/publish/news/index.html text/html #001 20140916141527933+19 sha1:E7BHEUJPFRCJAXSTA53ZLL4GQZ652BWV - usingCharsetInHTML:UTF-8
2014-09-16T14:15:31.559Z   200      28283 http://news.tsinghua.edu.cn/publish/news/4225/2014/20140717100434365370636/20140717100434365370636_.html L http://news.tsinghua.edu.cn/publish/news/index.html text/html #001 20140916141531098+35 sha1:Y6Y2LUK7JFDBDSO46B75LA2OGNRO2RN6 - usingCharsetInHTML:UTF-8
2014-09-16T14:15:34.981Z   200      22030 http://news.tsinghua.edu.cn/publish/news/4210/2014/20140803214214381402699/20140803214214381402699_.html L http://news.tsinghua.edu.cn/publish/news/index.html text/html #001 20140916141534566+97 sha1:S3YKBEZKWQ5BF2C3V6BV72VWDUMZZEBR - usingCharsetInHTML:UTF-8
2014-09-16T14:15:39.041Z   200      85768 http://news.tsinghua.edu.cn/publish/news/4217/index.html L http://news.tsinghua.edu.cn/publish/news/index.html text/html #001 20140916141537988+474 sha1:7CVZOXCL5LO3QC4JA4ACWTSPDSRAAUU6 - usingCharsetInHTML:UTF-8
2014-09-16T14:15:42.599Z   200      41346 http://news.tsinghua.edu.cn/publish/news/4213/2014/20140820130320977997029/20140820130320977997029_.html L http://news.tsinghua.edu.cn/publish/news/index.html text/html #001 20140916141542048+231 sha1:XWNJ7M56TWTBPQ5KB3ATAQUNCMNCICAT - usingCharsetInHTML:UTF-8
2014-09-16T14:15:46.108Z   200      29256 http://news.tsinghua.edu.cn/publish/news/4207/2014/20140916145334454697948/20140916145334454697948_.html L http://news.tsinghua.edu.cn/publish/news/index.html text/html #001 20140916141545603+46 sha1:SHRLXZN2S4I4VPR6LZMNQNGF4UQ3Q2XD - usingCharsetInHTML:UTF-8
2014-09-16T14:15:49.695Z   200      26392 http://news.tsinghua.edu.cn/publish/news/4211/2014/20140703163143641992113/20140703163143641992113_.html L http://news.tsinghua.edu.cn/publish/news/index.html text/html #001 20140916141549114+115 sha1:2JHZ762KGJZM4ADIRLDVPRPXSVU3TKDY - usingCharsetInHTML:UTF-8
2014-09-16T14:15:52.978Z   200      36190 http://news.tsinghua.edu.cn/publish/news/4209/2014/20140912173540201758147/20140912173540201758147_.html L http://news.tsinghua.edu.cn/publish/news/index.html text/html #001 20140916141552701+23 sha1:ULOWM4TEH2VDRXRSPX4DLEPZNS2CVKWQ - usingCharsetInHTML:UTF-8
2014-09-16T14:15:56.614Z   200      30903 http://news.tsinghua.edu.cn/publish/news/4205/2014/20140916164837641172620/20140916164837641172620_.html L http://news.tsinghua.edu.cn/publish/news/index.html text/html #001 20140916141555984+125 sha1:7FVZ6D3IITWFPLLNNA4ST6GOJA5WXGDZ - usingCharsetInHTML:UTF-8
2014-09-16T14:15:59.952Z   200      48027 http://news.tsinghua.edu.cn/publish/news/4195/2014/20140916144900620659164/20140916144900620659164_.html L http://news.tsinghua.edu.cn/publish/news/index.html text/html #001 20140916141559617+41 sha1:EZ65N6PTZJB6TUFX7ORJLU6M6V32PBR3 - usingCharsetInHTML:UTF-8
2014-09-16T14:16:03.363Z   200      85902 http://news.tsinghua.edu.cn/publish/news/9113/index.html L http://news.tsinghua.edu.cn/publish/news/index.html text/html #001 20140916141602958+57 sha1:ABNJTOKWQX45O6GKP7TPDKWFIPP2ZKRD - usingCharsetInHTML:UTF-8
2014-09-16T14:16:06.670Z   200      29249 http://news.tsinghua.edu.cn/publish/news/4215/2014/20140915153944304930947/20140915153944304930947_.html L http://news.tsinghua.edu.cn/publish/news/index.html text/html #001 20140916141606369+34 sha1:N6OTGKCFNCZFXMBM7S5WCDG3M4IJ5S3N - usingCharsetInHTML:UTF-8
2014-09-16T14:16:10.036Z   200      30716 http://news.tsinghua.edu.cn/publish/news/4225/2014/20140630172417987945950/20140630172417987945950_.html L http://news.tsinghua.edu.cn/publish/news/index.html text/html #001 20140916141609676+23 sha1:RWN2SQZ4RBQ4HUL3SE6EZKH5MWBWXWHK - usingCharsetInHTML:UTF-8
2014-09-16T14:16:14.125Z   200      86145 http://news.tsinghua.edu.cn/publish/news/4205/index.html L http://news.tsinghua.edu.cn/publish/news/index.html text/html #001 20140916141613042+285 sha1:KFBU7HCDIKFQYOS7ARFZYEMNXSLL6CMJ - usingCharsetInHTML:UTF-8
2014-09-16T14:16:18.510Z   200      86099 http://news.tsinghua.edu.cn/publish/news/4211/index.html L http://news.tsinghua.edu.cn/publish/news/index.html text/html #001 20140916141617131+531 sha1:KAIPJPX5R2CGGI5PXKNLITX2E7YLQHLB - usingCharsetInHTML:UTF-8
2014-09-16T14:16:22.141Z   200      49302 http://news.tsinghua.edu.cn/publish/news/4205/2014/20140915163708530591401/20140915163708530591401_.html L http://news.tsinghua.edu.cn/publish/news/index.html text/html #001 20140916141621515+41 sha1:ABDOJGPTI4O35KM7IGA47CWSBBWYAYTA - usingCharsetInHTML:UTF-8
2014-09-16T14:16:25.691Z   200      36062 http://news.tsinghua.edu.cn/publish/news/4205/2014/20140915094355473344404/20140915094355473344404_.html L http://news.tsinghua.edu.cn/publish/news/index.html text/html #001 20140916141625147+137 sha1:CRWPZXJHWBECODDRVHBH2ZU5NBGAUAOT - usingCharsetInHTML:UTF-8
2014-09-16T14:16:29.185Z   200      26403 http://news.tsinghua.edu.cn/publish/news/4207/2014/20140916150536499303899/20140916150536499303899_.html L http://news.tsinghua.edu.cn/publish/news/index.html text/html #001 20140916141628696+78 sha1:2DUAJ4AGNENZHSDTWXHJPTEQY2H2OXTT - usingCharsetInHTML:UTF-8
2014-09-16T14:16:33.582Z   200      43873 http://news.tsinghua.edu.cn/publish/news/4204/2014/20140912085114029572467/20140912085114029572467_.html L http://news.tsinghua.edu.cn/publish/news/index.html text/html #001 20140916141632191+178 sha1:LOHFKIY2ZM26PDO6L37WUXWJVJ7SQIWF - usingCharsetInHTML:UTF-8
2014-09-16T14:16:37.208Z   200      22820 http://news.tsinghua.edu.cn/publish/news/4205/2014/20140914231624737865732/20140914231624737865732_.html L http://news.tsinghua.edu.cn/publish/news/index.html text/html #001 20140916141636588+147 sha1:JUD3NRYLCCUCURXF6CC5ABBT2NHTT5K6 - usingCharsetInHTML:UTF-8
2014-09-16T14:16:40.764Z   200      48097 http://news.tsinghua.edu.cn/publish/news/4222/2014/20140916110802625919534/20140916110802625919534_.html L http://news.tsinghua.edu.cn/publish/news/index.html text/html #001 20140916141640215+103 sha1:PVR3HMCP4JGS2YWR2P6L2IRD5QD4T2X2 - usingCharsetInHTML:UTF-8
2014-09-16T14:16:44.100Z   200      27214 http://news.tsinghua.edu.cn/publish/news/4195/2014/20140916152146883698220/20140916152146883698220_.html L http://news.tsinghua.edu.cn/publish/news/index.html text/html #001 20140916141643768+45 sha1:IXLOW3XDVNCCHJN2CR3E5EM7IFMA2R2A - usingCharsetInHTML:UTF-8
2014-09-16T14:16:47.669Z   200      85764 http://news.tsinghua.edu.cn/publish/news/4215/index.html L http://news.tsinghua.edu.cn/publish/news/index.html text/html #001 20140916141647106+301 sha1:CYPBZB4M66DKFUQHKRS7JMFSELHYB5QB - usingCharsetInHTML:UTF-8
2014-09-16T14:16:51.128Z   200      86376 http://news.tsinghua.edu.cn/publish/news/4225/index.html L http://news.tsinghua.edu.cn/publish/news/index.html text/html #001 20140916141650675+182 sha1:J7AU6OD5G6FAX6M2GQKOARFMCLMMJAZK - usingCharsetInHTML:UTF-8
2014-09-16T14:16:54.780Z   200      85911 http://news.tsinghua.edu.cn/publish/news/4208/index.html L http://news.tsinghua.edu.cn/publish/news/index.html text/html #001 20140916141654133+253 sha1:LZGC2SGIAIX4JRLDEEZMFMSGOEA4E3TX - usingCharsetInHTML:UTF-8
2014-09-16T14:16:58.392Z   200      29813 http://news.tsinghua.edu.cn/publish/news/4209/2014/20140912141843259965324/20140912141843259965324_.html L http://news.tsinghua.edu.cn/publish/news/index.html text/html #001 20140916141657785+42 sha1:DZP5S24DYHIZSIXXPOO5LXNPFZBR3ITY - usingCharsetInHTML:UTF-8
2014-09-16T14:17:02.032Z   200      43610 http://news.tsinghua.edu.cn/publish/news/4210/2014/20140730090553151260956/20140730090553151260956_.html L http://news.tsinghua.edu.cn/publish/news/index.html text/html #001 20140916141701398+39 sha1:VCE6CIKVSLWJWZPJOFRTRKVHCCZJJPE4 - usingCharsetInHTML:UTF-8
2014-09-16T14:17:05.491Z   200      85667 http://news.tsinghua.edu.cn/publish/news/4206/index.html L http://news.tsinghua.edu.cn/publish/news/index.html text/html #025 20140916141705035+121 sha1:S7I5WNDWS5RDI7U3HRUPFRRRDBHI4KWN - usingCharsetInHTML:UTF-8
2014-09-16T14:17:08.814Z   200       4250 http://news.tsinghua.edu.cn/publish/news/rss/index.html L http://news.tsinghua.edu.cn/publish/news/index.html text/html #025 20140916141708496+124 sha1:GV6KIV3X5I3JMNJS6TNXAG4ONWHOZTDJ - usingCharsetInHTML:GB2312
2014-09-16T14:17:12.328Z   200      26760 http://news.tsinghua.edu.cn/publish/news/9185/index.html L http://news.tsinghua.edu.cn/publish/news/index.html text/html #025 20140916141711819+41 sha1:CLDYK6TJ4AEOZOFWPYXYZ74JHZQX3T7T - usingCharsetInHTML:UTF-8
2014-09-16T14:17:15.789Z   200      26075 http://news.tsinghua.edu.cn/publish/news/4211/2014/20140912143006217491635/20140912143006217491635_.html L http://news.tsinghua.edu.cn/publish/news/index.html text/html #025 20140916141715333+40 sha1:SDMQTFZE74BTQHAM4ROKGXMNZLNDOEE5 - usingCharsetInHTML:UTF-8
2014-09-16T14:17:19.343Z   200      45128 http://news.tsinghua.edu.cn/publish/news/4205/2014/20140916094155112851576/20140916094155112851576_.html L http://news.tsinghua.edu.cn/publish/news/index.html text/html #025 20140916141718794+333 sha1:DCKKZNO7VC4PNJPWLYZ6GKBGU4G2ISF6 - usingCharsetInHTML:UTF-8
2014-09-16T14:17:22.623Z   200      34954 http://news.tsinghua.edu.cn/publish/news/4215/2014/20140916145035865576825/20140916145035865576825_.html L http://news.tsinghua.edu.cn/publish/news/index.html text/html #025 20140916141722349+49 sha1:ZS2YEXK3KHSG4XVUHVJF6RBFAL5YSLI6 - usingCharsetInHTML:UTF-8
2014-09-16T14:17:25.984Z   200      27379 http://news.tsinghua.edu.cn/publish/news/4204/2014/20140915150211424416517/20140915150211424416517_.html L http://news.tsinghua.edu.cn/publish/news/index.html text/html #025 20140916141725629+86 sha1:QSPKATNKRCMQJVU4TJPQUQUKINA2DTZD - usingCharsetInHTML:UTF-8
2014-09-16T14:17:29.519Z   200      36111 http://news.tsinghua.edu.cn/publish/news/4210/2014/20140909140156330877327/20140909140156330877327_.html L http://news.tsinghua.edu.cn/publish/news/index.html text/html #025 20140916141728987+76 sha1:Q7R67CZ2XXKGTEZTWOE56HD6LVCAUVJY - usingCharsetInHTML:UTF-8
2014-09-16T14:17:33.728Z   200      47955 http://news.tsinghua.edu.cn/publish/news/4216/2014/20140714095241672101954/20140714095241672101954_.html L http://news.tsinghua.edu.cn/publish/news/index.html text/html #025 20140916141732524+175 sha1:ERS6QWXVHJGQYYK3E3TD6RRSZOZYGGCN - usingCharsetInHTML:UTF-8
2014-09-16T14:17:37.318Z   200      46980 http://news.tsinghua.edu.cn/publish/news/4225/2014/20140728174350793586840/20140728174350793586840_.html L http://news.tsinghua.edu.cn/publish/news/index.html text/html #025 20140916141736732+74 sha1:DCVXSERWQROOCN7LRX6EDJK7I4YBCKIM - usingCharsetInHTML:UTF-8
2014-09-16T14:17:40.818Z   200      40622 http://news.tsinghua.edu.cn/publish/news/4213/2014/20140806153458901788967/20140806153458901788967_.html L http://news.tsinghua.edu.cn/publish/news/index.html text/html #025 20140916141740323+31 sha1:EIDOF2B246FSEAWVL2FGH5MZFLU7HNAV - usingCharsetInHTML:UTF-8
2014-09-16T14:17:44.607Z   200      85734 http://news.tsinghua.edu.cn/publish/news/4210/index.html L http://news.tsinghua.edu.cn/publish/news/index.html text/html #025 20140916141743824+361 sha1:VEKTBAGH6OVNYGGNQUK43M7YWFPGL2PO - usingCharsetInHTML:UTF-8
2014-09-16T14:17:48.619Z   200      85789 http://news.tsinghua.edu.cn/publish/news/4212/index.html L http://news.tsinghua.edu.cn/publish/news/index.html text/html #025 20140916141747613+678 sha1:5BZAL4J7ANYILZR65K463GTPTHQ5FSK3 - usingCharsetInHTML:UTF-8
2014-09-16T14:17:52.615Z   200      34349 http://news.tsinghua.edu.cn/publish/news/4205/2014/20140916114242445647057/20140916114242445647057_.html L http://news.tsinghua.edu.cn/publish/news/index.html text/html #023 20140916141752102+184 sha1:PK7UCUJXNANHFOC25NEZOJM356SAP6GU - usingCharsetInHTML:UTF-8
2014-09-16T14:17:56.001Z   200      27273 http://news.tsinghua.edu.cn/publish/news/4205/2014/20140915172543652708476/20140915172543652708476_.html L http://news.tsinghua.edu.cn/publish/news/index.html text/html #023 20140916141755620+29 sha1:2OOILKE6VODQ74LDUIKCNVHIPUPFU65G - usingCharsetInHTML:UTF-8
