2014-09-16T14:14:30.100Z http://news.tsinghua.edu.cn/publish/news/index.html "http scheme specific part is too short: //" http://
2014-09-16T14:14:30.103Z http://news.tsinghua.edu.cn/publish/news/index.html "http scheme specific part is too short: //" https://
2014-09-16T14:14:48.116Z http://news.tsinghua.edu.cn/publish/news/9173/index.html "http scheme specific part is too short: //" http://
2014-09-16T14:14:48.116Z http://news.tsinghua.edu.cn/publish/news/9173/index.html "http scheme specific part is too short: //" https://
2014-09-16T14:14:51.811Z http://news.tsinghua.edu.cn/publish/news/ "http scheme specific part is too short: //" http://
2014-09-16T14:14:51.811Z http://news.tsinghua.edu.cn/publish/news/ "http scheme specific part is too short: //" https://
2014-09-16T14:15:12.175Z http://news.tsinghua.edu.cn/publish/newsen// "http scheme specific part is too short: //" http://
2014-09-16T14:15:12.184Z http://news.tsinghua.edu.cn/publish/newsen// "http scheme specific part is too short: //" https://
2014-09-16T14:15:18.889Z http://news.tsinghua.edu.cn/publish/newsen/ "http scheme specific part is too short: //" http://
2014-09-16T14:15:18.890Z http://news.tsinghua.edu.cn/publish/newsen/ "http scheme specific part is too short: //" https://
2014-09-16T14:15:24.418Z http://news.tsinghua.edu.cn/publish/news// "http scheme specific part is too short: //" http://
2014-09-16T14:15:24.419Z http://news.tsinghua.edu.cn/publish/news// "http scheme specific part is too short: //" https://
2014-09-16T14:15:27.954Z http://news.tsinghua.edu.cn/publish/news/4198/index.html "http scheme specific part is too short: //" http://
2014-09-16T14:15:27.955Z http://news.tsinghua.edu.cn/publish/news/4198/index.html "http scheme specific part is too short: //" https://
2014-09-16T14:15:31.136Z http://news.tsinghua.edu.cn/publish/news/4225/2014/20140717100434365370636/20140717100434365370636_.html "http scheme specific part is too short: //" http://
2014-09-16T14:15:31.137Z http://news.tsinghua.edu.cn/publish/news/4225/2014/20140717100434365370636/20140717100434365370636_.html "http scheme specific part is too short: //" https://
2014-09-16T14:15:34.665Z http://news.tsinghua.edu.cn/publish/news/4210/2014/20140803214214381402699/20140803214214381402699_.html "http scheme specific part is too short: //" http://
2014-09-16T14:15:34.665Z http://news.tsinghua.edu.cn/publish/news/4210/2014/20140803214214381402699/20140803214214381402699_.html "http scheme specific part is too short: //" https://
2014-09-16T14:15:38.464Z http://news.tsinghua.edu.cn/publish/news/4217/index.html "http scheme specific part is too short: //" http://
2014-09-16T14:15:38.465Z http://news.tsinghua.edu.cn/publish/news/4217/index.html "http scheme specific part is too short: //" https://
2014-09-16T14:15:42.281Z http://news.tsinghua.edu.cn/publish/news/4213/2014/20140820130320977997029/20140820130320977997029_.html "http scheme specific part is too short: //" http://
2014-09-16T14:15:42.282Z http://news.tsinghua.edu.cn/publish/news/4213/2014/20140820130320977997029/20140820130320977997029_.html "http scheme specific part is too short: //" https://
2014-09-16T14:15:45.652Z http://news.tsinghua.edu.cn/publish/news/4207/2014/20140916145334454697948/20140916145334454697948_.html "http scheme specific part is too short: //" http://
2014-09-16T14:15:45.652Z http://news.tsinghua.edu.cn/publish/news/4207/2014/20140916145334454697948/20140916145334454697948_.html "http scheme specific part is too short: //" https://
2014-09-16T14:15:49.232Z http://news.tsinghua.edu.cn/publish/news/4211/2014/20140703163143641992113/20140703163143641992113_.html "http scheme specific part is too short: //" http://
2014-09-16T14:15:49.233Z http://news.tsinghua.edu.cn/publish/news/4211/2014/20140703163143641992113/20140703163143641992113_.html "http scheme specific part is too short: //" https://
2014-09-16T14:15:52.726Z http://news.tsinghua.edu.cn/publish/news/4209/2014/20140912173540201758147/20140912173540201758147_.html "http scheme specific part is too short: //" http://
2014-09-16T14:15:52.726Z http://news.tsinghua.edu.cn/publish/news/4209/2014/20140912173540201758147/20140912173540201758147_.html "http scheme specific part is too short: //" https://
2014-09-16T14:15:56.110Z http://news.tsinghua.edu.cn/publish/news/4205/2014/20140916164837641172620/20140916164837641172620_.html "http scheme specific part is too short: //" http://
2014-09-16T14:15:56.111Z http://news.tsinghua.edu.cn/publish/news/4205/2014/20140916164837641172620/20140916164837641172620_.html "http scheme specific part is too short: //" https://
2014-09-16T14:15:59.660Z http://news.tsinghua.edu.cn/publish/news/4195/2014/20140916144900620659164/20140916144900620659164_.html "http scheme specific part is too short: //" http://
2014-09-16T14:15:59.661Z http://news.tsinghua.edu.cn/publish/news/4195/2014/20140916144900620659164/20140916144900620659164_.html "http scheme specific part is too short: //" https://
2014-09-16T14:16:03.017Z http://news.tsinghua.edu.cn/publish/news/9113/index.html "http scheme specific part is too short: //" http://
2014-09-16T14:16:03.017Z http://news.tsinghua.edu.cn/publish/news/9113/index.html "http scheme specific part is too short: //" https://
2014-09-16T14:16:06.406Z http://news.tsinghua.edu.cn/publish/news/4215/2014/20140915153944304930947/20140915153944304930947_.html "http scheme specific part is too short: //" http://
2014-09-16T14:16:06.406Z http://news.tsinghua.edu.cn/publish/news/4215/2014/20140915153944304930947/20140915153944304930947_.html "http scheme specific part is too short: //" https://
2014-09-16T14:16:09.701Z http://news.tsinghua.edu.cn/publish/news/4225/2014/20140630172417987945950/20140630172417987945950_.html "http scheme specific part is too short: //" http://
2014-09-16T14:16:09.701Z http://news.tsinghua.edu.cn/publish/news/4225/2014/20140630172417987945950/20140630172417987945950_.html "http scheme specific part is too short: //" https://
2014-09-16T14:16:13.329Z http://news.tsinghua.edu.cn/publish/news/4205/index.html "http scheme specific part is too short: //" http://
2014-09-16T14:16:13.330Z http://news.tsinghua.edu.cn/publish/news/4205/index.html "http scheme specific part is too short: //" https://
2014-09-16T14:16:17.664Z http://news.tsinghua.edu.cn/publish/news/4211/index.html "http scheme specific part is too short: //" http://
2014-09-16T14:16:17.664Z http://news.tsinghua.edu.cn/publish/news/4211/index.html "http scheme specific part is too short: //" https://
2014-09-16T14:16:21.558Z http://news.tsinghua.edu.cn/publish/news/4205/2014/20140915163708530591401/20140915163708530591401_.html "http scheme specific part is too short: //" http://
2014-09-16T14:16:21.559Z http://news.tsinghua.edu.cn/publish/news/4205/2014/20140915163708530591401/20140915163708530591401_.html "http scheme specific part is too short: //" https://
2014-09-16T14:16:25.286Z http://news.tsinghua.edu.cn/publish/news/4205/2014/20140915094355473344404/20140915094355473344404_.html "http scheme specific part is too short: //" http://
2014-09-16T14:16:25.287Z http://news.tsinghua.edu.cn/publish/news/4205/2014/20140915094355473344404/20140915094355473344404_.html "http scheme specific part is too short: //" https://
2014-09-16T14:16:28.776Z http://news.tsinghua.edu.cn/publish/news/4207/2014/20140916150536499303899/20140916150536499303899_.html "http scheme specific part is too short: //" http://
2014-09-16T14:16:28.777Z http://news.tsinghua.edu.cn/publish/news/4207/2014/20140916150536499303899/20140916150536499303899_.html "http scheme specific part is too short: //" https://
2014-09-16T14:16:32.371Z http://news.tsinghua.edu.cn/publish/news/4204/2014/20140912085114029572467/20140912085114029572467_.html "http scheme specific part is too short: //" http://
2014-09-16T14:16:32.372Z http://news.tsinghua.edu.cn/publish/news/4204/2014/20140912085114029572467/20140912085114029572467_.html "http scheme specific part is too short: //" https://
2014-09-16T14:16:36.737Z http://news.tsinghua.edu.cn/publish/news/4205/2014/20140914231624737865732/20140914231624737865732_.html "http scheme specific part is too short: //" http://
2014-09-16T14:16:36.738Z http://news.tsinghua.edu.cn/publish/news/4205/2014/20140914231624737865732/20140914231624737865732_.html "http scheme specific part is too short: //" https://
2014-09-16T14:16:40.320Z http://news.tsinghua.edu.cn/publish/news/4222/2014/20140916110802625919534/20140916110802625919534_.html "http scheme specific part is too short: //" http://
2014-09-16T14:16:40.321Z http://news.tsinghua.edu.cn/publish/news/4222/2014/20140916110802625919534/20140916110802625919534_.html "http scheme specific part is too short: //" https://
2014-09-16T14:16:43.815Z http://news.tsinghua.edu.cn/publish/news/4195/2014/20140916152146883698220/20140916152146883698220_.html "http scheme specific part is too short: //" http://
2014-09-16T14:16:43.815Z http://news.tsinghua.edu.cn/publish/news/4195/2014/20140916152146883698220/20140916152146883698220_.html "http scheme specific part is too short: //" https://
2014-09-16T14:16:47.409Z http://news.tsinghua.edu.cn/publish/news/4215/index.html "http scheme specific part is too short: //" http://
2014-09-16T14:16:47.409Z http://news.tsinghua.edu.cn/publish/news/4215/index.html "http scheme specific part is too short: //" https://
2014-09-16T14:16:50.859Z http://news.tsinghua.edu.cn/publish/news/4225/index.html "http scheme specific part is too short: //" http://
2014-09-16T14:16:50.860Z http://news.tsinghua.edu.cn/publish/news/4225/index.html "http scheme specific part is too short: //" https://
2014-09-16T14:16:54.389Z http://news.tsinghua.edu.cn/publish/news/4208/index.html "http scheme specific part is too short: //" http://
2014-09-16T14:16:54.390Z http://news.tsinghua.edu.cn/publish/news/4208/index.html "http scheme specific part is too short: //" https://
2014-09-16T14:16:57.830Z http://news.tsinghua.edu.cn/publish/news/4209/2014/20140912141843259965324/20140912141843259965324_.html "http scheme specific part is too short: //" http://
2014-09-16T14:16:57.830Z http://news.tsinghua.edu.cn/publish/news/4209/2014/20140912141843259965324/20140912141843259965324_.html "http scheme specific part is too short: //" https://
2014-09-16T14:17:01.439Z http://news.tsinghua.edu.cn/publish/news/4210/2014/20140730090553151260956/20140730090553151260956_.html "http scheme specific part is too short: //" http://
2014-09-16T14:17:01.439Z http://news.tsinghua.edu.cn/publish/news/4210/2014/20140730090553151260956/20140730090553151260956_.html "http scheme specific part is too short: //" https://
2014-09-16T14:17:05.158Z http://news.tsinghua.edu.cn/publish/news/4206/index.html "http scheme specific part is too short: //" http://
2014-09-16T14:17:05.159Z http://news.tsinghua.edu.cn/publish/news/4206/index.html "http scheme specific part is too short: //" https://
2014-09-16T14:17:11.862Z http://news.tsinghua.edu.cn/publish/news/9185/index.html "http scheme specific part is too short: //" http://
2014-09-16T14:17:11.863Z http://news.tsinghua.edu.cn/publish/news/9185/index.html "http scheme specific part is too short: //" https://
2014-09-16T14:17:15.375Z http://news.tsinghua.edu.cn/publish/news/4211/2014/20140912143006217491635/20140912143006217491635_.html "http scheme specific part is too short: //" http://
2014-09-16T14:17:15.375Z http://news.tsinghua.edu.cn/publish/news/4211/2014/20140912143006217491635/20140912143006217491635_.html "http scheme specific part is too short: //" https://
2014-09-16T14:17:19.128Z http://news.tsinghua.edu.cn/publish/news/4205/2014/20140916094155112851576/20140916094155112851576_.html "http scheme specific part is too short: //" http://
2014-09-16T14:17:19.129Z http://news.tsinghua.edu.cn/publish/news/4205/2014/20140916094155112851576/20140916094155112851576_.html "http scheme specific part is too short: //" https://
2014-09-16T14:17:22.399Z http://news.tsinghua.edu.cn/publish/news/4215/2014/20140916145035865576825/20140916145035865576825_.html "http scheme specific part is too short: //" http://
2014-09-16T14:17:22.400Z http://news.tsinghua.edu.cn/publish/news/4215/2014/20140916145035865576825/20140916145035865576825_.html "http scheme specific part is too short: //" https://
2014-09-16T14:17:25.717Z http://news.tsinghua.edu.cn/publish/news/4204/2014/20140915150211424416517/20140915150211424416517_.html "http scheme specific part is too short: //" http://
2014-09-16T14:17:25.718Z http://news.tsinghua.edu.cn/publish/news/4204/2014/20140915150211424416517/20140915150211424416517_.html "http scheme specific part is too short: //" https://
2014-09-16T14:17:29.064Z http://news.tsinghua.edu.cn/publish/news/4210/2014/20140909140156330877327/20140909140156330877327_.html "http scheme specific part is too short: //" http://
2014-09-16T14:17:29.065Z http://news.tsinghua.edu.cn/publish/news/4210/2014/20140909140156330877327/20140909140156330877327_.html "http scheme specific part is too short: //" https://
2014-09-16T14:17:32.701Z http://news.tsinghua.edu.cn/publish/news/4216/2014/20140714095241672101954/20140714095241672101954_.html "http scheme specific part is too short: //" http://
2014-09-16T14:17:32.701Z http://news.tsinghua.edu.cn/publish/news/4216/2014/20140714095241672101954/20140714095241672101954_.html "http scheme specific part is too short: //" https://
2014-09-16T14:17:36.807Z http://news.tsinghua.edu.cn/publish/news/4225/2014/20140728174350793586840/20140728174350793586840_.html "http scheme specific part is too short: //" http://
2014-09-16T14:17:36.808Z http://news.tsinghua.edu.cn/publish/news/4225/2014/20140728174350793586840/20140728174350793586840_.html "http scheme specific part is too short: //" https://
2014-09-16T14:17:40.356Z http://news.tsinghua.edu.cn/publish/news/4213/2014/20140806153458901788967/20140806153458901788967_.html "http scheme specific part is too short: //" http://
2014-09-16T14:17:40.356Z http://news.tsinghua.edu.cn/publish/news/4213/2014/20140806153458901788967/20140806153458901788967_.html "http scheme specific part is too short: //" https://
2014-09-16T14:17:44.187Z http://news.tsinghua.edu.cn/publish/news/4210/index.html "http scheme specific part is too short: //" http://
2014-09-16T14:17:44.187Z http://news.tsinghua.edu.cn/publish/news/4210/index.html "http scheme specific part is too short: //" https://
2014-09-16T14:17:48.293Z http://news.tsinghua.edu.cn/publish/news/4212/index.html "http scheme specific part is too short: //" http://
2014-09-16T14:17:48.294Z http://news.tsinghua.edu.cn/publish/news/4212/index.html "http scheme specific part is too short: //" https://
2014-09-16T14:17:52.288Z http://news.tsinghua.edu.cn/publish/news/4205/2014/20140916114242445647057/20140916114242445647057_.html "http scheme specific part is too short: //" http://
2014-09-16T14:17:52.288Z http://news.tsinghua.edu.cn/publish/news/4205/2014/20140916114242445647057/20140916114242445647057_.html "http scheme specific part is too short: //" https://
2014-09-16T14:17:55.652Z http://news.tsinghua.edu.cn/publish/news/4205/2014/20140915172543652708476/20140915172543652708476_.html "http scheme specific part is too short: //" http://
2014-09-16T14:17:55.652Z http://news.tsinghua.edu.cn/publish/news/4205/2014/20140915172543652708476/20140915172543652708476_.html "http scheme specific part is too short: //" https://
