2014-08-28T04:28:39.235Z     1         62 dns:www.tsinghua.edu.cn P http://www.tsinghua.edu.cn/publish/newthu/index.html text/dns #017 20140828042839132+100 sha1:A4WROAGMVNMCRRGL5BLO6ELZ6ADCQ5QM - -
2014-08-28T04:28:42.533Z   200        395 http://www.tsinghua.edu.cn/robots.txt P http://www.tsinghua.edu.cn/publish/newthu/index.html text/html #017 20140828042842250+242 sha1:6D7KUNVSTJFC75HXSI5WHWGIR6GQYV6G - usingCharsetInHTML:UTF-8
2014-08-28T04:28:49.779Z   200      54376 http://www.tsinghua.edu.cn/publish/newthu/index.html - - text/html #017 20140828042845541+689 sha1:JO6SAVFQDUBVR5LCQGAC5DOG6YLT2XZ7 - usingCharsetInHTML:UTF-8,3t
2014-08-28T04:28:54.997Z   200      19452 http://www.tsinghua.edu.cn/publish/newthu/8913/2014/20140421180054390488700/20140421180054390488700_.html X http://www.tsinghua.edu.cn/publish/newthu/index.html text/html #017 20140828042853787+454 sha1:NEH34FM4BU6HGCXEFLUH743QUE5QWCA4 - usingCharsetInHTML:UTF-8
2014-08-28T04:29:00.054Z   200      19747 http://www.tsinghua.edu.cn/publish/newthu/8913/2014/20140714090638974791661/20140714090638974791661_.html X http://www.tsinghua.edu.cn/publish/newthu/index.html text/html #017 20140828042858002+1322 sha1:GXDBQVOLOENPAOXCHH64NU6UX4KSNNPH - usingCharsetInHTML:UTF-8
2014-08-28T04:29:09.215Z   200      19394 http://www.tsinghua.edu.cn/publish/newthu/8913/2014/20140818095222973381946/20140818095222973381946_.html X http://www.tsinghua.edu.cn/publish/newthu/index.html text/html #017 20140828042907069+1455 sha1:Q2KMUFNLJ3UBADFPOXDRW6L37BOUWL6F - usingCharsetInHTML:UTF-8
2014-08-28T04:29:19.162Z   200      19604 http://www.tsinghua.edu.cn/publish/newthu/8913/2014/20140417193439474897055/20140417193439474897055_.html X http://www.tsinghua.edu.cn/publish/newthu/index.html text/html #024 20140828042917183+1277 sha1:F3MWWBH3ZXCQ6Q3M7SQKSY6ZCMCZPKQ5 - usingCharsetInHTML:UTF-8
2014-08-28T04:29:27.196Z   200      19664 http://www.tsinghua.edu.cn/publish/newthu/8913/2014/20140611090734471769891/20140611090734471769891_.html X http://www.tsinghua.edu.cn/publish/newthu/index.html text/html #024 20140828042926176+266 sha1:D3BNBTPGOYOIDRFKN2GXXXCSK6OIYBOD - usingCharsetInHTML:UTF-8
2014-08-28T04:29:32.252Z   200      21480 http://www.tsinghua.edu.cn/publish/newthu/8913/2014/20140707102707188416328/20140707102707188416328_.html X http://www.tsinghua.edu.cn/publish/newthu/index.html text/html #025 20140828042930207+1229 sha1:6KKSTXXP23CB52KREP2KB2GKJ7GY74Z3 - usingCharsetInHTML:UTF-8
2014-08-28T04:29:40.984Z   200      20094 http://www.tsinghua.edu.cn/publish/newthu/8913/2014/20140701091306576475785/20140701091306576475785_.html X http://www.tsinghua.edu.cn/publish/newthu/index.html text/html #010 20140828042939222+1054 sha1:QGTSM3M76226XB2RYQB3JP4YZQPNK4MM - usingCharsetInHTML:UTF-8
2014-08-28T04:29:47.794Z   200      19514 http://www.tsinghua.edu.cn/publish/newthu/8913/2014/20140618102937261746235/20140618102937261746235_.html X http://www.tsinghua.edu.cn/publish/newthu/index.html text/html #017 20140828042946273+858 sha1:DK3NQM3TAY7T5U6HOSCU23AIHY6W2XFM - usingCharsetInHTML:UTF-8
2014-08-28T04:29:53.962Z   200      20979 http://www.tsinghua.edu.cn/publish/newthu/8913/2014/20140610091900695143637/20140610091900695143637_.html X http://www.tsinghua.edu.cn/publish/newthu/index.html text/html #022 20140828042952242+1004 sha1:TJN6AS24EKCMCISXEKZT6HUJEKYAQPYV - usingCharsetInHTML:UTF-8
2014-08-28T04:30:00.779Z   200      20146 http://www.tsinghua.edu.cn/publish/newthu/8913/2014/20140427090505193657327/20140427090505193657327_.html X http://www.tsinghua.edu.cn/publish/newthu/index.html text/html #010 20140828042959011+1027 sha1:Z6NVWUMEJDJQ677XZQUBJGDVUNI4CPJY - usingCharsetInHTML:UTF-8
2014-08-28T04:30:07.529Z   200      19736 http://www.tsinghua.edu.cn/publish/newthu/8913/2014/20140417185435167682760/20140417185435167682760_.html X http://www.tsinghua.edu.cn/publish/newthu/index.html text/html #022 20140828043005981+739 sha1:VO7IFGJU54H6HPUJQCBV5AUYS4E6ZKLP - usingCharsetInHTML:UTF-8
2014-08-28T04:30:12.788Z   200      19837 http://www.tsinghua.edu.cn/publish/newthu/8913/2014/20140616100333336557954/20140616100333336557954_.html X http://www.tsinghua.edu.cn/publish/newthu/index.html text/html #021 20140828043011273+905 sha1:KZJRGOW4FOG3VAZC4ZQCJHGNKHCJ4MOF - usingCharsetInHTML:UTF-8
2014-08-28T04:30:19.001Z   200      19794 http://www.tsinghua.edu.cn/publish/newthu/8913/2014/20140825091658085424068/20140825091658085424068_.html X http://www.tsinghua.edu.cn/publish/newthu/index.html text/html #002 20140828043017324+956 sha1:LW57RUNYNV3EKTMRSVCWJORUIE3FFO2Z - usingCharsetInHTML:UTF-8
2014-08-28T04:30:24.959Z   200      19142 http://www.tsinghua.edu.cn/publish/newthu/8913/2014/20140506090215648711991/20140506090215648711991_.html X http://www.tsinghua.edu.cn/publish/newthu/index.html text/html #021 20140828043023803+509 sha1:34NYKM2MLG6CUQRLO5VSG5TSHOKOWDE4 - usingCharsetInHTML:UTF-8
2014-08-28T04:30:28.951Z   200      19789 http://www.tsinghua.edu.cn/publish/newthu/8913/2014/20140627094300123910268/20140627094300123910268_.html X http://www.tsinghua.edu.cn/publish/newthu/index.html text/html #021 20140828043027968+343 sha1:CHROC6JGDEZ3PPKF7X63YIIBTH6TI3OY - usingCharsetInHTML:UTF-8
2014-08-28T04:30:33.096Z   200      19741 http://www.tsinghua.edu.cn/publish/newthu/8913/2014/20140417193549624280579/20140417193549624280579_.html X http://www.tsinghua.edu.cn/publish/newthu/index.html text/html #021 20140828043031956+565 sha1:PGXEBWCJWKEYT6NOPWP4VOAURF5O37W3 - usingCharsetInHTML:UTF-8
2014-08-28T04:30:37.315Z   200      19988 http://www.tsinghua.edu.cn/publish/newthu/8913/2014/20140428091056833636694/20140428091056833636694_.html X http://www.tsinghua.edu.cn/publish/newthu/index.html text/html #021 20140828043036100+227 sha1:ASOCYPU7HH7LMPWX2TJX6NM2GPRSJ5X4 - usingCharsetInHTML:UTF-8
2014-08-28T04:30:41.955Z   200      19232 http://www.tsinghua.edu.cn/publish/newthu/8913/2014/20140417201611499658914/20140417201611499658914_.html X http://www.tsinghua.edu.cn/publish/newthu/index.html text/html #024 20140828043040320+1011 sha1:4OTPVSQCNCWJSYQBEHRKR7L7SMX5Y4GQ - usingCharsetInHTML:UTF-8
2014-08-28T04:30:48.220Z   200      19353 http://www.tsinghua.edu.cn/publish/newthu/8913/2014/20140417190440612910764/20140417190440612910764_.html X http://www.tsinghua.edu.cn/publish/newthu/index.html text/html #002 20140828043047039+280 sha1:GPK7DLBXAZC3ECX4MTMK4GRF3JH27FRT - usingCharsetInHTML:UTF-8
2014-08-28T04:30:52.712Z   200      19568 http://www.tsinghua.edu.cn/publish/newthu/8913/2014/20140523095300158211129/20140523095300158211129_.html X http://www.tsinghua.edu.cn/publish/newthu/index.html text/html #002 20140828043051226+810 sha1:PV4DTTBBLRVNBPPPL7WYPIHI6ZVDCJXN - usingCharsetInHTML:UTF-8
2014-08-28T04:30:58.105Z   200      20185 http://www.tsinghua.edu.cn/publish/newthu/8913/2014/20140417190932587602633/20140417190932587602633_.html X http://www.tsinghua.edu.cn/publish/newthu/index.html text/html #010 20140828043056848+676 sha1:QGLUCKALY47ZLL3UUKSK7QO7GI7FKQWK - usingCharsetInHTML:UTF-8
2014-08-28T04:31:02.393Z   200      19914 http://www.tsinghua.edu.cn/publish/newthu/8913/2014/20140514090243145666882/20140514090243145666882_.html X http://www.tsinghua.edu.cn/publish/newthu/index.html text/html #022 20140828043101610+211 sha1:5KMQ3NXKOO6FYNG7GQJJYKMY5AR7FTOQ - usingCharsetInHTML:UTF-8
2014-08-28T04:31:06.691Z   200      19328 http://www.tsinghua.edu.cn/publish/newthu/8913/2014/20140417202643187892318/20140417202643187892318_.html X http://www.tsinghua.edu.cn/publish/newthu/index.html text/html #015 20140828043105401+710 sha1:CAOW4LWPAOKXT5J63OB5OUZMYSUR7LUH - usingCharsetInHTML:UTF-8
2014-08-28T04:31:11.596Z   200      19553 http://www.tsinghua.edu.cn/publish/newthu/8913/2014/20140609093138536196501/20140609093138536196501_.html X http://www.tsinghua.edu.cn/publish/newthu/index.html text/html #021 20140828043110360+667 sha1:4R2NUDRQXV3M4TT3VIWRCT2EDESO7VRW - usingCharsetInHTML:UTF-8
2014-08-28T04:31:16.437Z   200      20495 http://www.tsinghua.edu.cn/publish/newthu/8913/2014/20140702093445806897075/20140702093445806897075_.html X http://www.tsinghua.edu.cn/publish/newthu/index.html text/html #024 20140828043115000+851 sha1:GZJMF3SKM5A5NFBLHM4L6BRJ2KEQX6AO - usingCharsetInHTML:UTF-8
2014-08-28T04:31:22.231Z   200      19754 http://www.tsinghua.edu.cn/publish/newthu/8913/2014/20140630093501328914143/20140630093501328914143_.html X http://www.tsinghua.edu.cn/publish/newthu/index.html text/html #015 20140828043120709+835 sha1:ZQK4M4C5WBZQLJFF2M6VNUJ6WA2PBO6M - usingCharsetInHTML:UTF-8
2014-08-28T04:31:27.695Z   200      19453 http://www.tsinghua.edu.cn/publish/newthu/8913/2014/20140521085307211869470/20140521085307211869470_.html X http://www.tsinghua.edu.cn/publish/newthu/index.html text/html #020 20140828043126433+662 sha1:THOAGX3H6KRHP27EFCVPHDAFC35X5LHU - usingCharsetInHTML:UTF-8
2014-08-28T04:31:32.596Z   200      19521 http://www.tsinghua.edu.cn/publish/newthu/8913/2014/20140417185122636775383/20140417185122636775383_.html X http://www.tsinghua.edu.cn/publish/newthu/index.html text/html #010 20140828043131151+839 sha1:6OQPBJQAKTEBSLRILBXB5OUTJDUA3BR2 - usingCharsetInHTML:UTF-8
2014-08-28T04:31:38.629Z   200      19827 http://www.tsinghua.edu.cn/publish/newthu/8913/2014/20140519164615849503931/20140519164615849503931_.html X http://www.tsinghua.edu.cn/publish/newthu/index.html text/html #017 20140828043136938+720 sha1:WXC25DLRBAGWGVCBWPSR2DVIRAQIDUZ3 - usingCharsetInHTML:UTF-8
2014-08-28T04:31:43.132Z   200      21086 http://www.tsinghua.edu.cn/publish/newthu/8913/2014/20140512093427975812610/20140512093427975812610_.html X http://www.tsinghua.edu.cn/publish/newthu/index.html text/html #015 20140828043142254+246 sha1:XBW5AC3D4XEKLE7NGAYX7JKOXIP76OBS - usingCharsetInHTML:UTF-8
2014-08-28T04:31:47.149Z   200      20259 http://www.tsinghua.edu.cn/publish/newthu/8913/2014/20140417201024878175759/20140417201024878175759_.html X http://www.tsinghua.edu.cn/publish/newthu/index.html text/html #015 20140828043146144+412 sha1:C5QOTI6C6SKFA5IBYVAGPLCKHIV4MNQQ - usingCharsetInHTML:UTF-8
2014-08-28T04:31:51.035Z   200      19761 http://www.tsinghua.edu.cn/publish/newthu/8913/2014/20140625140536376228968/20140625140536376228968_.html X http://www.tsinghua.edu.cn/publish/newthu/index.html text/html #015 20140828043150155+282 sha1:4GMDDE3AZKPKX4UMO25QHD33HKWJDSMM - usingCharsetInHTML:UTF-8
2014-08-28T04:31:55.305Z   200      20358 http://www.tsinghua.edu.cn/publish/newthu/8913/2014/20140604093134499483171/20140604093134499483171_.html X http://www.tsinghua.edu.cn/publish/newthu/index.html text/html #015 20140828043154040+609 sha1:VEO45GERMJ7CI6SVYE2BMWJR3LZXHATM - usingCharsetInHTML:UTF-8
2014-08-28T04:31:59.755Z   200      19523 http://www.tsinghua.edu.cn/publish/newthu/8913/2014/20140417201357515938014/20140417201357515938014_.html X http://www.tsinghua.edu.cn/publish/newthu/index.html text/html #011 20140828043158420+735 sha1:JZARIYEHMZG5SQS4RU3SGXFXWVGDEJDA - usingCharsetInHTML:UTF-8
2014-08-28T04:32:04.374Z   200      19342 http://www.tsinghua.edu.cn/publish/newthu/8913/2014/20140513085855810650764/20140513085855810650764_.html X http://www.tsinghua.edu.cn/publish/newthu/index.html text/html #018 20140828043203438+338 sha1:WWNTMAQLH2FDHEBREDTH3FCGM7DODPWL - usingCharsetInHTML:UTF-8
2014-08-28T04:32:09.050Z   200      19574 http://www.tsinghua.edu.cn/publish/newthu/8913/2014/20140613100346414857193/20140613100346414857193_.html X http://www.tsinghua.edu.cn/publish/newthu/index.html text/html #018 20140828043207383+957 sha1:5NIFTBDVKKMYU3I7BVXQHURRQERIDHEX - usingCharsetInHTML:UTF-8
2014-08-28T04:32:15.592Z   200      20028 http://www.tsinghua.edu.cn/publish/newthu/8913/2014/20140417184201393425795/20140417184201393425795_.html X http://www.tsinghua.edu.cn/publish/newthu/index.html text/html #018 20140828043214058+825 sha1:SDI2AX7KBRMVDMG6KDW6VZJIQJPIWOKW - usingCharsetInHTML:UTF-8
2014-08-28T04:32:21.262Z   200      19294 http://www.tsinghua.edu.cn/publish/newthu/8913/2014/20140505090559477984463/20140505090559477984463_.html X http://www.tsinghua.edu.cn/publish/newthu/index.html text/html #020 20140828043219766+832 sha1:QTLHF3HQMRYPYC72YOM22YI5BSTAX4R3 - usingCharsetInHTML:UTF-8
2014-08-28T04:32:26.291Z   200      21040 http://www.tsinghua.edu.cn/publish/newthu/8913/2014/20140417191539436566306/20140417191539436566306_.html X http://www.tsinghua.edu.cn/publish/newthu/index.html text/html #023 20140828043225451+223 sha1:P5QY3IXK4JDDG2MESMCTJGCXWEFEPRFS - usingCharsetInHTML:UTF-8
2014-08-28T04:32:30.665Z   200      20504 http://www.tsinghua.edu.cn/publish/newthu/8913/2014/20140417185838944457336/20140417185838944457336_.html X http://www.tsinghua.edu.cn/publish/newthu/index.html text/html #023 20140828043229295+760 sha1:IUCH6Y4CDSXXYX3AIEGX7Y4EWYMYLYEJ - usingCharsetInHTML:UTF-8
2014-08-28T04:32:35.856Z   200      19858 http://www.tsinghua.edu.cn/publish/newthu/8913/2014/20140417202056063396548/20140417202056063396548_.html X http://www.tsinghua.edu.cn/publish/newthu/index.html text/html #022 20140828043234513+757 sha1:KGKIEJLF5F7WOTXOPOQ7DXTL4PJYZ5YY - usingCharsetInHTML:UTF-8
2014-08-28T04:32:40.984Z   200      20173 http://www.tsinghua.edu.cn/publish/newthu/8913/2014/20140417193903458803659/20140417193903458803659_.html X http://www.tsinghua.edu.cn/publish/newthu/index.html text/html #023 20140828043239682+711 sha1:KJSJMW5SFD3UTGEM2MMSYMYG4ZP5JDA4 - usingCharsetInHTML:UTF-8
2014-08-28T04:32:45.477Z   200      21038 http://www.tsinghua.edu.cn/publish/newthu/8913/2014/20140508092022786267512/20140508092022786267512_.html X http://www.tsinghua.edu.cn/publish/newthu/index.html text/html #006 20140828043244559+295 sha1:6T24F5NBWSOOIUOZQJ5QGCAH3SLJ6BGB - usingCharsetInHTML:UTF-8
2014-08-28T04:32:49.793Z   200      20491 http://www.tsinghua.edu.cn/publish/newthu/8913/2014/20140625093021195728127/20140625093021195728127_.html X http://www.tsinghua.edu.cn/publish/newthu/index.html text/html #013 20140828043248479+725 sha1:43WNIC7SFA6PTJGLMNDSDUF3GBYTOBJV - usingCharsetInHTML:UTF-8
2014-08-28T04:32:54.271Z   200      18692 http://www.tsinghua.edu.cn/publish/newthu/8913/2014/20140530090924461947035/20140530090924461947035_.html X http://www.tsinghua.edu.cn/publish/newthu/index.html text/html #006 20140828043253486+206 sha1:7OOR444XANZUY6PW63AZUHHAXDPYUG3B - usingCharsetInHTML:UTF-8
2014-08-28T04:33:00.185Z   200      18954 http://www.tsinghua.edu.cn/publish/newthu/8913/2014/20140421171657344222323/20140421171657344222323_.html X http://www.tsinghua.edu.cn/publish/newthu/index.html text/html #006 20140828043257282+1130 sha1:GDV5RRSHHIKDKH53VGR7YZMUKIY4C4RV - usingCharsetInHTML:UTF-8
2014-08-28T04:33:07.030Z   200      20214 http://www.tsinghua.edu.cn/publish/newthu/8913/2014/20140417192934520247271/20140417192934520247271_.html X http://www.tsinghua.edu.cn/publish/newthu/index.html text/html #002 20140828043305866+284 sha1:RDDSXOC5ZKFJ7X7J2E2NBE5I6AYPEBO7 - usingCharsetInHTML:UTF-8
2014-08-28T04:33:11.544Z   200      20277 http://www.tsinghua.edu.cn/publish/newthu/8913/2014/20140417182933397196682/20140417182933397196682_.html X http://www.tsinghua.edu.cn/publish/newthu/index.html text/html #002 20140828043310036+796 sha1:BEV2HOQFPK3WXCF3RPZR33E45NILFYCW - usingCharsetInHTML:UTF-8
2014-08-28T04:33:18.065Z   200      19910 http://www.tsinghua.edu.cn/publish/newthu/8913/2014/20140417203026794660149/20140417203026794660149_.html X http://www.tsinghua.edu.cn/publish/newthu/index.html text/html #002 20140828043315550+1735 sha1:4VHVK3NNGB3E2YWW6CPIBGIZSLWJC2OU - usingCharsetInHTML:UTF-8
2014-08-28T04:33:28.072Z   200      19104 http://www.tsinghua.edu.cn/publish/newthu/8913/2014/20140603091833440475628/20140603091833440475628_.html X http://www.tsinghua.edu.cn/publish/newthu/index.html text/html #021 20140828043326749+634 sha1:ARZZ6IOJYSALFKTET5KQ4PRDW5BEYPOH - usingCharsetInHTML:UTF-8
2014-08-28T04:33:34.041Z   200      20004 http://www.tsinghua.edu.cn/publish/newthu/8913/2014/20140516085429025765225/20140516085429025765225_.html X http://www.tsinghua.edu.cn/publish/newthu/index.html text/html #020 20140828043331348+2014 sha1:GMIOE5ZCFMZYLGSI6U2TOHGCONR3JEP5 - usingCharsetInHTML:UTF-8
2014-08-28T04:33:45.970Z   200      19181 http://www.tsinghua.edu.cn/publish/newthu/8913/2014/20140522090806378310833/20140522090806378310833_.html X http://www.tsinghua.edu.cn/publish/newthu/index.html text/html #006 20140828043344243+1039 sha1:DNCMMQHLUEAOYTBDFW3W2XYPDVAV25F7 - usingCharsetInHTML:UTF-8
2014-08-28T04:33:53.419Z   200      20285 http://www.tsinghua.edu.cn/publish/newthu/8913/2014/20140507084717037705055/20140507084717037705055_.html X http://www.tsinghua.edu.cn/publish/newthu/index.html text/html #015 20140828043351434+1279 sha1:4NDDPDVSVTUDC5AUXNJDWSQ2XHX5PJG3 - usingCharsetInHTML:UTF-8
2014-08-28T04:34:01.153Z   200      19233 http://www.tsinghua.edu.cn/publish/newthu/8913/2014/20140429133803715625013/20140429133803715625013_.html X http://www.tsinghua.edu.cn/publish/newthu/index.html text/html #013 20140828043359883+614 sha1:SF5BICJE4F7XGXTMFBYJGKMXEHZS353F - usingCharsetInHTML:UTF-8
2014-08-28T04:34:05.506Z   200      19753 http://www.tsinghua.edu.cn/publish/newthu/8913/2014/20140417190202183735386/20140417190202183735386_.html X http://www.tsinghua.edu.cn/publish/newthu/index.html text/html #015 20140828043404437+475 sha1:NAX32ZWK3MIEYAPQBPRWFEFP7G54KWYN - usingCharsetInHTML:UTF-8
2014-08-28T04:34:10.126Z   200      19600 http://www.tsinghua.edu.cn/publish/newthu/8913/2014/20140703092152551866625/20140703092152551866625_.html X http://www.tsinghua.edu.cn/publish/newthu/index.html text/html #015 20140828043408510+969 sha1:NFJUBEOEOJEBXRTOPKA6L6RCVCQODYN4 - usingCharsetInHTML:UTF-8
2014-08-28T04:34:16.791Z   200      20534 http://www.tsinghua.edu.cn/publish/newthu/8913/2014/20140423103434758469301/20140423103434758469301_.html X http://www.tsinghua.edu.cn/publish/newthu/index.html text/html #022 20140828043414974+880 sha1:ER47T5AYI43T4XUQ7R6SDAQVL7CLTYIQ - usingCharsetInHTML:UTF-8
2014-08-28T04:34:23.089Z   200      20045 http://www.tsinghua.edu.cn/publish/newthu/8913/2014/20140721095858773479274/20140721095858773479274_.html X http://www.tsinghua.edu.cn/publish/newthu/index.html text/html #003 20140828043421668+644 sha1:OPJ55UEIGV463EQBBHC3RFAIKLSQFSDC - usingCharsetInHTML:UTF-8
2014-08-28T04:34:27.623Z   200      19653 http://www.tsinghua.edu.cn/publish/newthu/8913/2014/20140417202330103980526/20140417202330103980526_.html X http://www.tsinghua.edu.cn/publish/newthu/index.html text/html #014 20140828043426673+363 sha1:MUSQENO3AQ5WYGDEXIQL7GRJBSEVCKQX - usingCharsetInHTML:UTF-8
2014-08-28T04:34:31.761Z   200      19364 http://www.tsinghua.edu.cn/publish/newthu/8913/2014/20140417192205631398660/20140417192205631398660_.html X http://www.tsinghua.edu.cn/publish/newthu/index.html text/html #014 20140828043430629+284 sha1:ILEVPYE2XHMGLILAS44XJJM3JPTEQXT3 - usingCharsetInHTML:UTF-8
2014-08-28T04:34:35.827Z   200      18732 http://www.tsinghua.edu.cn/publish/newthu/8913/2014/20140606083948886377959/20140606083948886377959_.html X http://www.tsinghua.edu.cn/publish/newthu/index.html text/html #014 20140828043434769+347 sha1:SEDAGX4O2QTYQWS5EXWWCFN4ELBUCWEV - usingCharsetInHTML:UTF-8
2014-08-28T04:34:40.356Z   200      23655 http://www.tsinghua.edu.cn/publish/newthu/8913/2014/20140429093549019882240/20140429093549019882240_.html X http://www.tsinghua.edu.cn/publish/newthu/index.html text/html #014 20140828043438831+678 sha1:ZZU77DOA72F5WZTKY7L2VGPD45LF6FAI - usingCharsetInHTML:UTF-8
2014-08-28T04:34:45.088Z   200      19749 http://www.tsinghua.edu.cn/publish/newthu/8913/2014/20140423163710549980515/20140423163710549980515_.html X http://www.tsinghua.edu.cn/publish/newthu/index.html text/html #018 20140828043443763+737 sha1:LSMYJ437TFHIQ4BP6STK3FDNIFFPJQGC - usingCharsetInHTML:UTF-8
2014-08-28T04:34:49.715Z   200      20419 http://www.tsinghua.edu.cn/publish/newthu/8913/2014/20140417190117230666969/20140417190117230666969_.html X http://www.tsinghua.edu.cn/publish/newthu/index.html text/html #010 20140828043448827+303 sha1:YWIVI5MUXJOCLI3P2IRHPGGK2EABZE45 - usingCharsetInHTML:UTF-8
2014-08-28T04:34:54.100Z   200      20046 http://www.tsinghua.edu.cn/publish/newthu/8913/2014/20140425083713697858605/20140425083713697858605_.html X http://www.tsinghua.edu.cn/publish/newthu/index.html text/html #010 20140828043452721+794 sha1:QZSVJ5I2CKIGAIMQTQCESYY2M27UUG5M - usingCharsetInHTML:UTF-8
2014-08-28T04:34:59.943Z   200      18886 http://www.tsinghua.edu.cn/publish/newthu/8913/2014/20140619092207471346427/20140619092207471346427_.html X http://www.tsinghua.edu.cn/publish/newthu/index.html text/html #006 20140828043458080+1176 sha1:ZUCK4Z437BJO4CKIXN3M4HHF2TWPJ4QU - usingCharsetInHTML:UTF-8
2014-08-28T04:35:07.134Z   200      18961 http://www.tsinghua.edu.cn/publish/newthu/8913/2014/20140704093612839916280/20140704093612839916280_.html X http://www.tsinghua.edu.cn/publish/newthu/index.html text/html #022 20140828043505856+333 sha1:C65KABWNSMS2M7FXWX55KXV3ETJWGEBI - usingCharsetInHTML:UTF-8
2014-08-28T04:35:11.289Z   200      20374 http://www.tsinghua.edu.cn/publish/newthu/8913/2014/20140509085836230770876/20140509085836230770876_.html X http://www.tsinghua.edu.cn/publish/newthu/index.html text/html #022 20140828043510140+469 sha1:32FITP3Y2GGGSAUD4EYVKJEKOM3D72WO - usingCharsetInHTML:UTF-8
2014-08-28T04:35:15.610Z   200      18851 http://www.tsinghua.edu.cn/publish/newthu/8913/2014/20140529093856697570860/20140529093856697570860_.html X http://www.tsinghua.edu.cn/publish/newthu/index.html text/html #022 20140828043514296+719 sha1:3FLNJZTQU6PKLPPVVDNQ77QWRG3ERMYB - usingCharsetInHTML:UTF-8
2014-08-28T04:35:20.447Z   200      19298 http://www.tsinghua.edu.cn/publish/newthu/8913/2014/20140617095455674528539/20140617095455674528539_.html X http://www.tsinghua.edu.cn/publish/newthu/index.html text/html #002 20140828043519210+648 sha1:JY2U3GC7A3X5OJP34G626OJH4S2XPCTQ - usingCharsetInHTML:UTF-8
2014-08-28T04:35:25.647Z   200      19555 http://www.tsinghua.edu.cn/publish/newthu/8913/2014/20140417204014896725737/20140417204014896725737_.html X http://www.tsinghua.edu.cn/publish/newthu/index.html text/html #025 20140828043523769+1295 sha1:PGFBZYIQLS4STLIPSHQJIU7BAVQ4A52D - usingCharsetInHTML:UTF-8
2014-08-28T04:35:33.298Z   200      19798 http://www.tsinghua.edu.cn/publish/newthu/8913/2014/20140421183433977997444/20140421183433977997444_.html X http://www.tsinghua.edu.cn/publish/newthu/index.html text/html #010 20140828043532151+314 sha1:XZSIQ23MTOGBECWGLTATG2BFBO27ZUJC - usingCharsetInHTML:UTF-8
2014-08-28T04:35:37.351Z   200      19957 http://www.tsinghua.edu.cn/publish/newthu/8913/2014/20140417185131286446104/20140417185131286446104_.html X http://www.tsinghua.edu.cn/publish/newthu/index.html text/html #010 20140828043536306+400 sha1:PVJGLHAN6X5OQAEIA32V6NIXTUETZWJR - usingCharsetInHTML:UTF-8
2014-08-28T04:35:42.147Z   200      20795 http://www.tsinghua.edu.cn/publish/newthu/8913/2014/20140417190658085108989/20140417190658085108989_.html X http://www.tsinghua.edu.cn/publish/newthu/index.html text/html #010 20140828043540356+1142 sha1:N3KJZYQGSGAJSKJ4AG4W7BX3X7PXRO4C - usingCharsetInHTML:UTF-8
2014-08-28T04:35:49.354Z   200      19552 http://www.tsinghua.edu.cn/publish/newthu/8913/2014/20140804093619613543966/20140804093619613543966_.html X http://www.tsinghua.edu.cn/publish/newthu/index.html text/html #017 20140828043547911+653 sha1:XC4PHXHAX2DCJCGSQU2CNCELJMHS6UP7 - usingCharsetInHTML:UTF-8
2014-08-28T04:35:53.504Z   200      19277 http://www.tsinghua.edu.cn/publish/newthu/8913/2014/20140620092459079162022/20140620092459079162022_.html X http://www.tsinghua.edu.cn/publish/newthu/index.html text/html #022 20140828043552651+256 sha1:6BFRFSVA2H6VNRSKWZ3ONFZONLOMNFZH - usingCharsetInHTML:UTF-8
2014-08-28T04:35:58.146Z   200      20585 http://www.tsinghua.edu.cn/publish/newthu/8913/2014/20140727203937239869848/20140727203937239869848_.html X http://www.tsinghua.edu.cn/publish/newthu/index.html text/html #022 20140828043556507+343 sha1:E3HJRX6WJBXAAOJHHCYFANJUGMKBT2QX - usingCharsetInHTML:UTF-8
2014-08-28T04:36:02.578Z   200      20519 http://www.tsinghua.edu.cn/publish/newthu/8913/2014/20140519093431314783060/20140519093431314783060_.html X http://www.tsinghua.edu.cn/publish/newthu/index.html text/html #022 20140828043601153+844 sha1:ROLRP4TT6B5FASSJJ3GDI2JPRLDEP2AT - usingCharsetInHTML:UTF-8
2014-08-28T04:36:08.547Z   200      19973 http://www.tsinghua.edu.cn/publish/newthu/8913/2014/20140527101445269152080/20140527101445269152080_.html X http://www.tsinghua.edu.cn/publish/newthu/index.html text/html #007 20140828043606833+839 sha1:GKYP4PAGFOGO2HGJT4FY373H5F2GIF4A - usingCharsetInHTML:UTF-8
2014-08-28T04:36:14.366Z   200      19413 http://www.tsinghua.edu.cn/publish/newthu/8913/2014/20140515084023029464670/20140515084023029464670_.html X http://www.tsinghua.edu.cn/publish/newthu/index.html text/html #005 20140828043612840+874 sha1:VS2Q5MW2JH6HGNGMCIF5D72XNFBYB6Y3 - usingCharsetInHTML:UTF-8
2014-08-28T04:36:19.427Z   200       3662 http://www.tsinghua.edu.cn/publish/newthu/newthu_news.html X http://www.tsinghua.edu.cn/publish/newthu/index.html text/html #001 20140828043618848+152 sha1:RT2SHBLC7ESPWBNZEK6XNT2TTCBTHQR2 - -
2014-08-28T04:36:23.450Z   200      19614 http://www.tsinghua.edu.cn/publish/newthu/8913/2014/20140417184724866516480/20140417184724866516480_.html X http://www.tsinghua.edu.cn/publish/newthu/index.html text/html #001 20140828043622435+390 sha1:RC42DAKYCA5GEDQEMJNS3IVMJBLITBID - usingCharsetInHTML:UTF-8
2014-08-28T04:36:27.487Z   200      19746 http://www.tsinghua.edu.cn/publish/newthu/8913/2014/20140417193712618887156/20140417193712618887156_.html X http://www.tsinghua.edu.cn/publish/newthu/index.html text/html #001 20140828043626453+465 sha1:JAVQH4QLDBC7HV5L4IGCBPUDXEQ3ANGH - usingCharsetInHTML:UTF-8
2014-08-28T04:36:31.795Z   200      19432 http://www.tsinghua.edu.cn/publish/newthu/8913/2014/20140811090547232161066/20140811090547232161066_.html X http://www.tsinghua.edu.cn/publish/newthu/index.html text/html #001 20140828043630494+722 sha1:INYNCVNGQBXVU375EFZWC7F53C6P5KE3 - usingCharsetInHTML:UTF-8
2014-08-28T04:36:36.381Z   200      21765 http://www.tsinghua.edu.cn/publish/newthu/8913/2014/20140417203633130606159/20140417203633130606159_.html X http://www.tsinghua.edu.cn/publish/newthu/index.html text/html #017 20140828043635409+380 sha1:USZTYACGUPAE455FVLGSMG3UZCYB6QUK - usingCharsetInHTML:UTF-8
2014-08-28T04:36:40.619Z   200      19886 http://www.tsinghua.edu.cn/publish/newthu/8913/2014/20140426085053287634328/20140426085053287634328_.html X http://www.tsinghua.edu.cn/publish/newthu/index.html text/html #017 20140828043639386+651 sha1:2KQ3GV6WTLUBKKTPIDF4QY7JFYZK56VX - usingCharsetInHTML:UTF-8
2014-08-28T04:36:44.770Z   200      20635 http://www.tsinghua.edu.cn/publish/newthu/8913/2014/20140417191243325520883/20140417191243325520883_.html X http://www.tsinghua.edu.cn/publish/newthu/index.html text/html #012 20140828043643882+297 sha1:Q5ISN4F6Q6GC4HEFTKGGBQDGCCTZJOMQ - usingCharsetInHTML:UTF-8
2014-08-28T04:36:49.129Z   200      20366 http://www.tsinghua.edu.cn/publish/newthu/8913/2014/20140623093250721958636/20140623093250721958636_.html X http://www.tsinghua.edu.cn/publish/newthu/index.html text/html #012 20140828043647775+766 sha1:ORUFT3TJFF2EP3Y4VKONO34XUTPHRM5F - usingCharsetInHTML:UTF-8
2014-08-28T04:36:53.881Z   200      18353 http://www.tsinghua.edu.cn/publish/newthu/8913/2014/20140417192615744673164/20140417192615744673164_.html X http://www.tsinghua.edu.cn/publish/newthu/index.html text/html #006 20140828043653075+224 sha1:CNZL77DGUM4HAMZ4LP64TQJSBKF2CA4E - usingCharsetInHTML:UTF-8
2014-08-28T04:36:58.476Z   200      20607 http://www.tsinghua.edu.cn/publish/newthu/8913/2014/20140417191847159501974/20140417191847159501974_.html X http://www.tsinghua.edu.cn/publish/newthu/index.html text/html #006 20140828043656886+939 sha1:VC564MIHEBLIA24BIGHBAFEY3YSF6XO4 - usingCharsetInHTML:UTF-8
2014-08-28T04:37:04.189Z   200      19555 http://www.tsinghua.edu.cn/publish/newthu/8913/2014/20140423104545916960719/20140423104545916960719_.html X http://www.tsinghua.edu.cn/publish/newthu/index.html text/html #010 20140828043703254+280 sha1:4RIQUGMC6X3IMV2L3RCEWMAEEWANEVC2 - usingCharsetInHTML:UTF-8
2014-08-28T04:37:08.562Z   200      20171 http://www.tsinghua.edu.cn/publish/newthu/8913/2014/20140528092349107980160/20140528092349107980160_.html X http://www.tsinghua.edu.cn/publish/newthu/index.html text/html #010 20140828043707194+776 sha1:AW7BN52WSUMXM4ZQMWSNTOYIBBJDDEDR - usingCharsetInHTML:UTF-8
2014-08-28T04:37:13.704Z   200      19698 http://www.tsinghua.edu.cn/publish/newthu/8913/2014/20140526091424308737185/20140526091424308737185_.html X http://www.tsinghua.edu.cn/publish/newthu/index.html text/html #006 20140828043712495+617 sha1:GNVA5TPGUCHMYN7ASIE3HY5DDFJ7ZJ5T - usingCharsetInHTML:UTF-8
2014-08-28T04:37:17.718Z   200      20150 http://www.tsinghua.edu.cn/publish/newthu/8913/2014/20140417193234770891142/20140417193234770891142_.html X http://www.tsinghua.edu.cn/publish/newthu/index.html text/html #001 20140828043716848+286 sha1:CW5C4SZ5JZWAVINBTLTGWMA6GXEIQGFG - usingCharsetInHTML:UTF-8
2014-08-28T04:37:21.973Z   200      15892 http://www.tsinghua.edu.cn/publish/newthu/newthu_cnt/research/research-4.html L http://www.tsinghua.edu.cn/publish/newthu/index.html text/html #001 20140828043720735+751 sha1:C637C364XNEJ65EU4CBCN7EAOKNXQKH2 - usingCharsetInHTML:UTF-8
2014-08-28T04:37:27.193Z   200      19691 http://www.tsinghua.edu.cn/publish/newthu/8913/2014/20140624095448794176686/20140624095448794176686_.html L http://www.tsinghua.edu.cn/publish/newthu/index.html text/html #025 20140828043725793+705 sha1:2BYKSEVVIWZ3RG42EZATUAXHBH6B6T5S - usingCharsetInHTML:UTF-8
2014-08-28T04:37:31.900Z   200      17163 http://www.tsinghua.edu.cn/publish/newthu/newthu_cnt/education/edu-4.html L http://www.tsinghua.edu.cn/publish/newthu/index.html text/html #006 20140828043730728+611 sha1:5XNHNM3RN43K762DIESDHIE7MMDXCRDR - usingCharsetInHTML:UTF-8
2014-08-28T04:37:35.635Z   200      13971 http://www.tsinghua.edu.cn/publish/newthu/newthu_cnt/intothu/intothu-3-2.html L http://www.tsinghua.edu.cn/publish/newthu/index.html text/html #024 20140828043734958+197 sha1:XF4T53QMP7VXIN5RVWEMW3T2NCAZNTWP - usingCharsetInHTML:UTF-8
2014-08-28T04:37:39.336Z   200      16306 http://www.tsinghua.edu.cn/publish/newthu/newthu_cnt/research/research-5.html L http://www.tsinghua.edu.cn/publish/newthu/index.html text/html #024 20140828043738644+202 sha1:P4H5PCE5A22LXUHEY4I427VNQHHHRBCT - usingCharsetInHTML:UTF-8
2014-08-28T04:37:43.029Z   200      13315 http://www.tsinghua.edu.cn/publish/newthu/newthu_cnt/about/index.html L http://www.tsinghua.edu.cn/publish/newthu/index.html text/html #023 20140828043742337+201 sha1:WMFYOYTWIEXRKSWJT53Z3UU36H4QPZSW - usingCharsetInHTML:UTF-8
2014-08-28T04:37:47.572Z   200      17376 http://www.tsinghua.edu.cn/publish/newthu/newthu_cnt/students/students-3.html L http://www.tsinghua.edu.cn/publish/newthu/index.html text/html #023 20140828043746038+968 sha1:R4PF7SPIXC7OGB4OI6XVQUEUHN4YQ7EY - usingCharsetInHTML:UTF-8
2014-08-28T04:37:53.846Z   200      27329 http://www.tsinghua.edu.cn/publish/newthu/newthu_cnt/about/about-6.html L http://www.tsinghua.edu.cn/publish/newthu/index.html text/html #013 20140828043752433+766 sha1:KBY2I6CFE7NL34VVNHWZFTJPHJAWRO6A - usingCharsetInHTML:UTF-8
2014-08-28T04:37:58.973Z   200      19676 http://www.tsinghua.edu.cn/publish/newthu/8913/2014/20140612094733385509328/20140612094733385509328_.html L http://www.tsinghua.edu.cn/publish/newthu/index.html text/html #007 20140828043757677+696 sha1:UA5XLO4TJOZFWGRJTIRKJZXE66AY3VLL - usingCharsetInHTML:UTF-8
2014-08-28T04:38:03.192Z   200      15220 http://www.tsinghua.edu.cn/publish/newthu/newthu_cnt/research/index.html L http://www.tsinghua.edu.cn/publish/newthu/index.html text/html #005 20140828043802501+203 sha1:QHSWCNEAZNZGNGCNRVJ6XI5VQIHNQL5G - usingCharsetInHTML:UTF-8
2014-08-28T04:38:07.099Z   200      17714 http://www.tsinghua.edu.cn/publish/newthu/newthu_cnt/about/about-1.html L http://www.tsinghua.edu.cn/publish/newthu/index.html text/html #005 20140828043806196+209 sha1:UHOA3ZPA2CXBS73SE5T355YH5NXSJ4G6 - usingCharsetInHTML:UTF-8
2014-08-28T04:38:11.390Z   200      17646 http://www.tsinghua.edu.cn/publish/newthu/newthu_cnt/research/research-1.html L http://www.tsinghua.edu.cn/publish/newthu/index.html text/html #005 20140828043810108+726 sha1:J4VR3WBYM45GOAAKKZ23BRAFC3GQO7QP - usingCharsetInHTML:UTF-8
2014-08-28T04:38:16.153Z   200      16365 http://www.tsinghua.edu.cn/publish/newthu/newthu_cnt/intothu/intothu-3.html L http://www.tsinghua.edu.cn/publish/newthu/index.html text/html #001 20140828043815040+638 sha1:UQ7NTFDW2H2X5BMMYQARGRPRTSF46SKV - usingCharsetInHTML:UTF-8
2014-08-28T04:38:20.021Z   200      12931 http://www.tsinghua.edu.cn/publish/newthu/newthu_cnt/employ/employ-2.html L http://www.tsinghua.edu.cn/publish/newthu/index.html text/html #018 20140828043819359+193 sha1:7ZADMFI23PDDCJNSOGRD3N7ETJACULWX - usingCharsetInHTML:UTF-8
2014-08-28T04:38:23.832Z   200      19592 http://www.tsinghua.edu.cn/publish/newthu/8913/2014/20140605091108860285615/20140605091108860285615_.html L http://www.tsinghua.edu.cn/publish/newthu/index.html text/html #018 20140828043823024+216 sha1:ANRQBPT2AEJ3GX52FIMPNHFHEN5QZXAO - usingCharsetInHTML:UTF-8
2014-08-28T04:38:28.103Z   200      18849 http://www.tsinghua.edu.cn/publish/newthu/newthu_cnt/intothu/intothu-3-1.html L http://www.tsinghua.edu.cn/publish/newthu/index.html text/html #018 20140828043826838+690 sha1:5AMWWNL7UIELM4GTW2KPAQ5QJGFV2VNE - usingCharsetInHTML:UTF-8
2014-08-28T04:38:32.335Z   200      16942 http://www.tsinghua.edu.cn/publish/newthu/newthu_cnt/research/research-3.html L http://www.tsinghua.edu.cn/publish/newthu/index.html text/html #023 20140828043831637+210 sha1:4K5W5UJPV7CQW4THIENG7BGVBCX5WOAE - usingCharsetInHTML:UTF-8
2014-08-28T04:38:36.866Z   200      15040 http://www.tsinghua.edu.cn/publish/newthu/newthu_cnt/intothu/intothu-2.html L http://www.tsinghua.edu.cn/publish/newthu/index.html text/html #023 20140828043835344+1019 sha1:4TNEKAIKZZ7ECAJJMEYJNZHQAMIFTN2H - usingCharsetInHTML:UTF-8
2014-08-28T04:38:43.569Z   200      29042 http://www.tsinghua.edu.cn/publish/newthu/newthu_cnt/about/about-5.html L http://www.tsinghua.edu.cn/publish/newthu/index.html text/html #006 20140828043841987+893 sha1:3ST34MDS2THIZZJROMQDV7V4VTQDWGMC - usingCharsetInHTML:UTF-8
2014-08-28T04:38:48.998Z   200      16786 http://www.tsinghua.edu.cn/publish/newthu/newthu_cnt/education/edu-3.html L http://www.tsinghua.edu.cn/publish/newthu/index.html text/html #007 20140828043848035+210 sha1:NYXZZWQWC3WOGSJKUVML45TABKE64VMC - usingCharsetInHTML:UTF-8
2014-08-28T04:39:23.792Z   200      19385 http://www.tsinghua.edu.cn/publish/newthu/newthu_cnt/about/about-2.html L http://www.tsinghua.edu.cn/publish/newthu/index.html text/html #007 20140828043852005+1541 sha1:3TMUORF25VVXNJTXZQ6FBEOVMTF2BCES - usingCharsetInHTML:UTF-8
2014-08-28T04:39:38.331Z   200      17477 http://www.tsinghua.edu.cn/publish/newthu/newthu_cnt/faculties/index.html L http://www.tsinghua.edu.cn/publish/newthu/index.html text/html #015 20140828043931516+4434 sha1:L7IXDX6ONKIBJYKODUD6N4G4UKHMPGDB - usingCharsetInHTML:UTF-8
2014-08-28T04:40:01.462Z   200      14773 http://www.tsinghua.edu.cn/publish/newthu/newthu_cnt/education/index.html L http://www.tsinghua.edu.cn/publish/newthu/index.html text/html #024 20140828044000507+265 sha1:ESTQ456C6GJZ23KKSEMYGZQW7XDP2HJ4 - usingCharsetInHTML:UTF-8
2014-08-28T04:40:05.183Z   200      17743 http://www.tsinghua.edu.cn/publish/newthu/newthu_cnt/education/edu-2.html L http://www.tsinghua.edu.cn/publish/newthu/index.html text/html #024 20140828044004472+219 sha1:GRNN6CLZRNRZQQ27IOZXOGWBLKYLAOQZ - usingCharsetInHTML:UTF-8
2014-08-28T04:40:08.839Z   200      12191 http://www.tsinghua.edu.cn/publish/newthu/newthu_cnt/students/index.html L http://www.tsinghua.edu.cn/publish/newthu/index.html text/html #024 20140828044008189+187 sha1:DHMSAO55KT53N4U2ZIOLXZIJLXLEPG64 - usingCharsetInHTML:UTF-8
2014-08-28T04:40:13.427Z   200      18919 http://www.tsinghua.edu.cn/publish/newthu/newthu_cnt/education/edu-1.html L http://www.tsinghua.edu.cn/publish/newthu/index.html text/html #024 20140828044011845+683 sha1:DMCVYS5ASTW3HJVMOAUZKT5YRKAF7VCN - usingCharsetInHTML:UTF-8
2014-08-28T04:40:17.944Z   200      21442 http://www.tsinghua.edu.cn/publish/newthu/newthu_cnt/students/students-1.html L http://www.tsinghua.edu.cn/publish/newthu/index.html text/html #007 20140828044016857+386 sha1:XPGWATMJJK5SLMUN42PUEGO5FS5VOLPB - usingCharsetInHTML:UTF-8
2014-08-28T04:40:21.637Z   200      15130 http://www.tsinghua.edu.cn/publish/newthu/newthu_cnt/intothu/intothu-1.html L http://www.tsinghua.edu.cn/publish/newthu/index.html text/html #007 20140828044020952+204 sha1:FHDFLGCVB7GTMHWCAVTN33C2325QVX63 - usingCharsetInHTML:UTF-8
2014-08-28T04:40:25.327Z   200      13493 http://www.tsinghua.edu.cn/publish/newthu/newthu_cnt/intothu/index.html L http://www.tsinghua.edu.cn/publish/newthu/index.html text/html #007 20140828044024646+194 sha1:I4XOESA7MBWBQX3Y63FB46ISCYJP4AL6 - usingCharsetInHTML:UTF-8
2014-08-28T04:40:28.995Z   200      13213 http://www.tsinghua.edu.cn/publish/newthu/newthu_cnt/intothu/intothu-2-1.html L http://www.tsinghua.edu.cn/publish/newthu/index.html text/html #007 20140828044028332+192 sha1:JJMLV7ZYBXZMKZO6BIEUR474AGOWSGFO - usingCharsetInHTML:UTF-8
2014-08-28T04:40:33.063Z   200      14655 http://www.tsinghua.edu.cn/publish/newthu/newthu_cnt/students/students-2.html L http://www.tsinghua.edu.cn/publish/newthu/index.html text/html #007 20140828044032002+578 sha1:Q2HUNMJGHUSQVK7666J3TBP37ELUURNU - usingCharsetInHTML:UTF-8
2014-08-28T04:40:37.732Z   200      43967 http://www.tsinghua.edu.cn/publish/newthu/newthu_cnt/about/about-3.html L http://www.tsinghua.edu.cn/publish/newthu/index.html text/html #007 20140828044036068+844 sha1:2W23WI3SSJ55WIM6CBTE5G5FRNP4BG7D - usingCharsetInHTML:UTF-8
2014-08-28T04:40:42.680Z   200      13210 http://www.tsinghua.edu.cn/publish/newthu/newthu_cnt/employ/index.html L http://www.tsinghua.edu.cn/publish/newthu/index.html text/html #023 20140828044042017+183 sha1:JLBL5MUUUVUPWTB643N2NMLNTZ4D2GYD - usingCharsetInHTML:UTF-8
2014-08-28T04:40:46.949Z   200      24121 http://www.tsinghua.edu.cn/publish/newthu/newthu_cnt/about/about-4.html L http://www.tsinghua.edu.cn/publish/newthu/index.html text/html #023 20140828044045690+669 sha1:GOYI3DZC4GMFYOWAORJ2G4YCS63NT5D6 - usingCharsetInHTML:UTF-8
2014-08-28T04:40:51.129Z   200      16812 http://www.tsinghua.edu.cn/publish/newthu/newthu_cnt/research/research-2.html L http://www.tsinghua.edu.cn/publish/newthu/index.html text/html #001 20140828044050338+304 sha1:TOVJCC7CZK2FUEIDTTWKZAW5IQBLVPQN - usingCharsetInHTML:UTF-8
2014-08-28T04:40:54.906Z   200      16407 http://www.tsinghua.edu.cn/publish/newthu/newthu_cnt/teacher/index.html L http://www.tsinghua.edu.cn/publish/newthu/index.html text/html #001 20140828044054138+196 sha1:ZIQWRAN23TTW2VAZJCF65SJTRKPDHL3V - usingCharsetInHTML:UTF-8
2014-08-28T04:40:59.785Z   200      34202 http://www.tsinghua.edu.cn/publish/newthu/8905/index.html XL http://www.tsinghua.edu.cn/publish/newthu/8913/2014/20140421180054390488700/20140421180054390488700_.html text/html #001 20140828044057915+957 sha1:WG3LO4Z6V3YLKYSJDGWNOLRKGCRM7TXC - usingCharsetInHTML:UTF-8
2014-08-28T04:41:07.390Z   200      23402 http://www.tsinghua.edu.cn/publish/newthu/8921/index.html XL http://www.tsinghua.edu.cn/publish/newthu/8913/2014/20140421180054390488700/20140421180054390488700_.html text/html #020 20140828044104583+2180 sha1:2D32KPWUGYDSOITSXHYZE54ODXA4DF55 - usingCharsetInHTML:UTF-8
2014-08-28T04:41:21.281Z   200      39995 http://www.tsinghua.edu.cn/publish/newthu/newthu_cnt/research/research-2-3.html LL http://www.tsinghua.edu.cn/publish/newthu/newthu_cnt/research/research-4.html text/html #018 20140828044118307+2076 sha1:F34S7EZ5UT3RLWWES5O6Z7QZXCXWKWL5 - usingCharsetInHTML:UTF-8
2014-08-28T04:41:33.102Z   200      20419 http://www.tsinghua.edu.cn/publish/newthu/newthu_cnt/research/research-1-1.html LL http://www.tsinghua.edu.cn/publish/newthu/newthu_cnt/research/research-4.html text/html #021 20140828044131665+773 sha1:DHQ6ANKC2ZHJJFYWY2AK6X2JENFZZPHJ - usingCharsetInHTML:UTF-8
2014-08-28T04:41:37.802Z   200      15431 http://www.tsinghua.edu.cn/publish/newthu/newthu_cnt/research/research-3-1.html LL http://www.tsinghua.edu.cn/publish/newthu/newthu_cnt/research/research-4.html text/html #017 20140828044136987+323 sha1:5IQNPT4JAXY4YB2IJLQXTYQROGY6URFO - usingCharsetInHTML:UTF-8
2014-08-28T04:41:42.656Z   200      33143 http://www.tsinghua.edu.cn/publish/newthu/newthu_cnt/research/research-3-3.html LL http://www.tsinghua.edu.cn/publish/newthu/newthu_cnt/research/research-4.html text/html #017 20140828044140807+871 sha1:IOB3YLT4NN7JS7K3JTNPSR33AN4A6NCM - usingCharsetInHTML:UTF-8
2014-08-28T04:41:47.704Z   200      15336 http://www.tsinghua.edu.cn/publish/newthu/newthu_cnt/research/research-4-3.html LL http://www.tsinghua.edu.cn/publish/newthu/newthu_cnt/research/research-4.html text/html #023 20140828044147018+198 sha1:DXNG4DDFD7CZDXJIWYMLP3SZBPDFOZGN - usingCharsetInHTML:UTF-8
2014-08-28T04:41:51.394Z   200      15133 http://www.tsinghua.edu.cn/publish/newthu/newthu_cnt/research/research-4-4.html LL http://www.tsinghua.edu.cn/publish/newthu/newthu_cnt/research/research-4.html text/html #023 20140828044150712+199 sha1:DCALQG2L3GLR7XD5OK6TNFE3U73MQFPC - usingCharsetInHTML:UTF-8
2014-08-28T04:41:55.962Z   200      29677 http://www.tsinghua.edu.cn/publish/newthu/newthu_cnt/research/research-4-1.html LL http://www.tsinghua.edu.cn/publish/newthu/newthu_cnt/research/research-4.html text/html #023 20140828044154403+718 sha1:H7TFW7IDYZF6EBK3UQULTVV2GFCOQQ65 - usingCharsetInHTML:UTF-8
2014-08-28T04:42:02.589Z   200      54376 http://www.tsinghua.edu.cn/publish/newthu/ LL http://www.tsinghua.edu.cn/publish/newthu/newthu_cnt/research/research-4.html text/html #003 20140828044159653+1722 sha1:JO6SAVFQDUBVR5LCQGAC5DOG6YLT2XZ7 - usingCharsetInHTML:UTF-8
2014-08-28T04:42:13.061Z   200      36439 http://www.tsinghua.edu.cn/publish/newthu/newthu_cnt/research/research-5-1.html LL http://www.tsinghua.edu.cn/publish/newthu/newthu_cnt/research/research-4.html text/html #008 20140828044211319+742 sha1:JHWLXBCJW3CZG7MFGNITTICCSDHB3JXC - usingCharsetInHTML:UTF-8
2014-08-28T04:42:19.148Z   200      37626 http://www.tsinghua.edu.cn/publish/newthu/newthu_cnt/research/research-2-1.html LL http://www.tsinghua.edu.cn/publish/newthu/newthu_cnt/research/research-4.html text/html #006 20140828044216836+1541 sha1:53FRPGGRJWK6WOFQEXS24E4M4COGNTBK - usingCharsetInHTML:UTF-8
2014-08-28T04:42:28.895Z   200      30402 http://www.tsinghua.edu.cn/publish/newthu/newthu_cnt/research/research-2-2.html LL http://www.tsinghua.edu.cn/publish/newthu/newthu_cnt/research/research-4.html text/html #007 20140828044226865+1370 sha1:WYI6BFPOIVSI42KEAGWLLZCMXSJIPRX5 - usingCharsetInHTML:UTF-8
2014-08-28T04:42:37.727Z   200      16841 http://www.tsinghua.edu.cn/publish/newthu/newthu_cnt/research/research-5-3.html LL http://www.tsinghua.edu.cn/publish/newthu/newthu_cnt/research/research-4.html text/html #001 20140828044235885+1223 sha1:5RB77U5OQE7YETVM5FZXKXKA2TOGUCIG - usingCharsetInHTML:UTF-8
2014-08-28T04:42:45.723Z   200      21572 http://www.tsinghua.edu.cn/publish/newthu/newthu_cnt/research/research-3-4.html LL http://www.tsinghua.edu.cn/publish/newthu/newthu_cnt/research/research-4.html text/html #007 20140828044243916+1136 sha1:WTMCLPL3QRCAOVDTHUIR7LAICLBLO7TJ - usingCharsetInHTML:UTF-8
2014-08-28T04:42:53.097Z   200      15533 http://www.tsinghua.edu.cn/publish/newthu/newthu_cnt/research/research-5-2.html LL http://www.tsinghua.edu.cn/publish/newthu/newthu_cnt/research/research-4.html text/html #011 20140828044251531+1013 sha1:LKN2PIER6OIJ72JHRIGDFFHCGZY4XNM2 - usingCharsetInHTML:UTF-8
2014-08-28T04:42:59.715Z   200      16267 http://www.tsinghua.edu.cn/publish/newthu/newthu_cnt/research/research-1-3.html LL http://www.tsinghua.edu.cn/publish/newthu/newthu_cnt/research/research-4.html text/html #006 20140828044258200+964 sha1:AFLB7Y5FE3HZZWXCELM3XGAU47OO2YQT - usingCharsetInHTML:UTF-8
2014-08-28T04:43:06.290Z   200      25719 http://www.tsinghua.edu.cn/publish/newthu/newthu_cnt/research/research-3-2.html LL http://www.tsinghua.edu.cn/publish/newthu/newthu_cnt/research/research-4.html text/html #020 20140828044304545+882 sha1:5HZGBP5NC65PFMIFOJF2IHJW4MZT7RKE - usingCharsetInHTML:UTF-8
2014-08-28T04:43:12.166Z   200      16202 http://www.tsinghua.edu.cn/publish/newthu/newthu_cnt/research/research-4-2.html LL http://www.tsinghua.edu.cn/publish/newthu/newthu_cnt/research/research-4.html text/html #006 20140828044310734+880 sha1:ZIBE6BOBOZ7QRWZAQOJADKYHRD43BXOR - usingCharsetInHTML:UTF-8
2014-08-28T04:43:18.191Z   200      19733 http://www.tsinghua.edu.cn/publish/newthu/newthu_cnt/education/edu-4-4.html LL http://www.tsinghua.edu.cn/publish/newthu/newthu_cnt/education/edu-4.html text/html #015 20140828044316615+909 sha1:ZQXIBCOLLGMXXLYWAEEYM5KZLQ6QAHV4 - usingCharsetInHTML:UTF-8
2014-08-28T04:43:26.002Z   200      25053 http://www.tsinghua.edu.cn/publish/newthu/newthu_cnt/education/edu-2-5.html LL http://www.tsinghua.edu.cn/publish/newthu/newthu_cnt/education/edu-4.html text/html #007 20140828044322762+1057 sha1:SX7ENXF3RPJXYNIOYC2XVHPI7DTIFASO - usingCharsetInHTML:UTF-8
2014-08-28T04:43:32.066Z   200      16571 http://www.tsinghua.edu.cn/publish/newthu/newthu_cnt/education/edu-3-3.html LL http://www.tsinghua.edu.cn/publish/newthu/newthu_cnt/education/edu-4.html text/html #020 20140828044331322+199 sha1:BQWEA4BILXMQPCY43OMGECRPHPZM4BIO - usingCharsetInHTML:UTF-8
2014-08-28T04:43:36.333Z   200      13646 http://www.tsinghua.edu.cn/publish/newthu/newthu_cnt/education/edu-1-2.html LL http://www.tsinghua.edu.cn/publish/newthu/newthu_cnt/education/edu-4.html text/html #020 20140828044335075+774 sha1:U4AEHU6XVZMOKCHPBEPMXQX5HGJWT3WQ - usingCharsetInHTML:UTF-8
2014-08-28T04:43:40.912Z   200      16548 http://www.tsinghua.edu.cn/publish/newthu/newthu_cnt/education/edu-2-2.html LL http://www.tsinghua.edu.cn/publish/newthu/newthu_cnt/education/edu-4.html text/html #015 20140828044340212+204 sha1:MMSSIESRYZVZ3SYENUB7FJOA673SUC47 - usingCharsetInHTML:UTF-8
2014-08-28T04:43:44.927Z   200      35725 http://www.tsinghua.edu.cn/publish/newthu/newthu_cnt/intothu/intothu-3-3.html LL http://www.tsinghua.edu.cn/publish/newthu/newthu_cnt/education/edu-4.html text/html #015 20140828044343923+424 sha1:XFA6HUKWSESXOPTTN4N3TQF3CNMRTYE7 - usingCharsetInHTML:UTF-8
2014-08-28T04:43:48.684Z   200      16138 http://www.tsinghua.edu.cn/publish/newthu/newthu_cnt/education/edu-4-3.html LL http://www.tsinghua.edu.cn/publish/newthu/newthu_cnt/education/edu-4.html text/html #015 20140828044347936+197 sha1:IFBR4WGMH2XT3RW5VDEOUKT4LN3ZXI6E - usingCharsetInHTML:UTF-8
2014-08-28T04:43:53.418Z   200      39451 http://www.tsinghua.edu.cn/publish/newthu/newthu_cnt/education/edu-1-1.html LL http://www.tsinghua.edu.cn/publish/newthu/newthu_cnt/education/edu-4.html text/html #024 20140828044351693+1114 sha1:ZO5N2VO7YKF6BCX7UOJ2NY2WELAKGRT3 - usingCharsetInHTML:UTF-8
2014-08-28T04:43:59.749Z   200      15079 http://www.tsinghua.edu.cn/publish/newthu/newthu_cnt/intothu/intothu-3-5.html LL http://www.tsinghua.edu.cn/publish/newthu/newthu_cnt/education/edu-4.html text/html #014 20140828044359026+203 sha1:QGNQH6AWDHTML4WPVCYCGBW773SFUPEU - usingCharsetInHTML:UTF-8
2014-08-28T04:44:03.979Z   200      15616 http://www.tsinghua.edu.cn/publish/newthu/newthu_cnt/education/edu-3-1.html LL http://www.tsinghua.edu.cn/publish/newthu/newthu_cnt/education/edu-4.html text/html #014 20140828044402755+740 sha1:JUL2BCNE2E5672OVS2EFHH2KQQH4J5OU - usingCharsetInHTML:UTF-8
2014-08-28T04:44:09.764Z   200      18541 http://www.tsinghua.edu.cn/publish/newthu/newthu_cnt/education/edu-1-3.html LL http://www.tsinghua.edu.cn/publish/newthu/newthu_cnt/education/edu-4.html text/html #015 20140828044407711+718 sha1:2UOGUNGEIHS4B5ZKWDS4OGI7S7R2RDMW - usingCharsetInHTML:UTF-8
2014-08-28T04:44:14.315Z   200      25532 http://www.tsinghua.edu.cn/publish/newthu/newthu_cnt/education/edu-1-4.html LL http://www.tsinghua.edu.cn/publish/newthu/newthu_cnt/education/edu-4.html text/html #020 20140828044413383+277 sha1:4X7DTJKIR5FNS664AQP23PHA2MT3FATZ - usingCharsetInHTML:UTF-8
2014-08-28T04:44:18.516Z   200      17539 http://www.tsinghua.edu.cn/publish/newthu/newthu_cnt/education/edu-3-2.html LL http://www.tsinghua.edu.cn/publish/newthu/newthu_cnt/education/edu-4.html text/html #020 20140828044417320+649 sha1:ICYSP2QNL7QEREGCZHIFT4WK5IXYRTVJ - usingCharsetInHTML:UTF-8
2014-08-28T04:44:22.626Z   200      21739 http://www.tsinghua.edu.cn/publish/newthu/newthu_cnt/education/edu-1-5.html LL http://www.tsinghua.edu.cn/publish/newthu/newthu_cnt/education/edu-4.html text/html #015 20140828044421785+281 sha1:IDDASI65666RS2LUMEYI7VWZX6SAMISV - usingCharsetInHTML:UTF-8
2014-08-28T04:44:26.924Z   200      17835 http://www.tsinghua.edu.cn/publish/newthu/newthu_cnt/education/edu-1-6.html LL http://www.tsinghua.edu.cn/publish/newthu/newthu_cnt/education/edu-4.html text/html #015 20140828044425634+703 sha1:MP5RHBND5EKROAE5AFQUB5KP6JQJI43L - usingCharsetInHTML:UTF-8
2014-08-28T04:44:31.139Z   200      14833 http://www.tsinghua.edu.cn/publish/newthu/newthu_cnt/education/edu-2-6.html LL http://www.tsinghua.edu.cn/publish/newthu/newthu_cnt/education/edu-4.html text/html #024 20140828044430467+196 sha1:S7LRBDBTYFFOXPTF6ZZRN4G746OXL25J - usingCharsetInHTML:UTF-8
2014-08-28T04:44:34.879Z   200      16220 http://www.tsinghua.edu.cn/publish/newthu/newthu_cnt/education/edu-2-1.html LL http://www.tsinghua.edu.cn/publish/newthu/newthu_cnt/education/edu-4.html text/html #024 20140828044434144+249 sha1:4XIRIKMRJ26VZLJ6VYJR5AQBRZ3NXB36 - usingCharsetInHTML:UTF-8
2014-08-28T04:44:38.572Z   200      16890 http://www.tsinghua.edu.cn/publish/newthu/newthu_cnt/education/edu-2-4.html LL http://www.tsinghua.edu.cn/publish/newthu/newthu_cnt/education/edu-4.html text/html #024 20140828044437884+198 sha1:SWDIQVUSVLJVS5MGO725TH7VIYV4N7S4 - usingCharsetInHTML:UTF-8
2014-08-28T04:44:42.741Z   200      28268 http://www.tsinghua.edu.cn/publish/newthu/newthu_cnt/education/edu-4-1.html LL http://www.tsinghua.edu.cn/publish/newthu/newthu_cnt/education/edu-4.html text/html #024 20140828044441579+309 sha1:JTPTDXS7KWX4M3G45FQ6XIOIKX4UVHMK - usingCharsetInHTML:UTF-8
2014-08-28T04:44:47.011Z   200      25310 http://www.tsinghua.edu.cn/publish/newthu/newthu_cnt/education/edu-2-3.html LL http://www.tsinghua.edu.cn/publish/newthu/newthu_cnt/education/edu-4.html text/html #024 20140828044445751+685 sha1:OTNPWZ4KYPZVKKLRWDWXMDCHUFOOVJLT - usingCharsetInHTML:UTF-8
2014-08-28T04:44:51.692Z   200      15753 http://www.tsinghua.edu.cn/publish/newthu/newthu_cnt/intothu/intothu-1-3.html LL http://www.tsinghua.edu.cn/publish/newthu/newthu_cnt/intothu/intothu-3-2.html text/html #019 20140828044450508+638 sha1:IIPDQV2ONUC6LK767XYSKDRDUCEWDJNG - usingCharsetInHTML:UTF-8
2014-08-28T04:44:55.538Z   200      13480 http://www.tsinghua.edu.cn/publish/newthu/newthu_cnt/intothu/intothu-1-1.html LL http://www.tsinghua.edu.cn/publish/newthu/newthu_cnt/intothu/intothu-3-2.html text/html #005 20140828044454885+201 sha1:IABRSS7DS624ZA2XGDZQ2JSLG5RP2MX7 - usingCharsetInHTML:UTF-8
2014-08-28T04:45:21.208Z   200      42202 http://www.tsinghua.edu.cn/publish/newthu/newthu_cnt/intothu/intothu-2-2.html LL http://www.tsinghua.edu.cn/publish/newthu/newthu_cnt/intothu/intothu-3-2.html text/html #005 20140828044458543+8894 sha1:BLNIF4DBQYJEHA4RLXOGA52JYT47WMD2 - usingCharsetInHTML:UTF-8
2014-08-28T04:46:02.365Z   200      23148 http://www.tsinghua.edu.cn/publish/newthu/newthu_cnt/intothu/intothu-1-2.html LL http://www.tsinghua.edu.cn/publish/newthu/newthu_cnt/intothu/intothu-3-2.html text/html #005 20140828044551252+8554 sha1:2JC3WKIAXQZNCGHAD572RN46HS27IF56 - usingCharsetInHTML:UTF-8
2014-08-28T04:46:33.126Z   200      14635 http://www.tsinghua.edu.cn/publish/newthu/newthu_cnt/intothu/intothu-3-4.html LL http://www.tsinghua.edu.cn/publish/newthu/newthu_cnt/intothu/intothu-3-2.html text/html #008 20140828044632366+196 sha1:74M5SWEIAZQHXSMWMIMNGMQRN5A27CEB - usingCharsetInHTML:UTF-8
2014-08-28T04:46:37.652Z   200      18885 http://www.tsinghua.edu.cn/publish/newthu/newthu_cnt/intothu/intothu-3-6.html LL http://www.tsinghua.edu.cn/publish/newthu/newthu_cnt/intothu/intothu-3-2.html text/html #008 20140828044636135+964 sha1:SNW256WFF5Y4PJCKQVHDWLPPOVKSLN3C - usingCharsetInHTML:UTF-8
2014-08-28T04:46:46.591Z   200      17177 http://www.tsinghua.edu.cn/publish/newthu/newthu_cnt/teacher/teacher-2.html LL http://www.tsinghua.edu.cn/publish/newthu/newthu_cnt/about/about-6.html text/html #021 20140828044642476+3562 sha1:IZ3U5XRFW45XNFRDLTV7I2YY75X5QV2U - usingCharsetInHTML:UTF-8
