2014-10-16T09:40:10.031+08:00 INFO Job instantiated
2014-10-16T09:40:10.048+08:00 INFO Job launched
2014-10-16T09:40:12.245+08:00 INFO PREPARING 20141016014011
2014-10-16T09:40:12.338+08:00 INFO PAUSED 20141016014011
2014-10-16T09:40:12.339+08:00 INFO RUNNING 20141016014011
2014-11-21T22:41:54.198+08:00 INFO Job instantiated
2014-11-21T22:41:54.207+08:00 INFO Job launched
2014-11-21T22:41:56.432+08:00 INFO PREPARING 20141121144155
2014-11-21T22:41:56.545+08:00 INFO PAUSED 20141121144155
2014-11-21T22:41:56.547+08:00 INFO RUNNING 20141121144155
2014-11-21T22:42:49.881+08:00 INFO Job instantiated
2014-11-21T22:42:49.887+08:00 INFO Job launched
2014-11-21T22:42:51.974+08:00 INFO PREPARING 20141121144251
2014-11-21T22:42:52.079+08:00 INFO PAUSED 20141121144251
2014-11-21T22:42:52.080+08:00 INFO RUNNING 20141121144251
2014-11-21T23:00:53.576+08:00 INFO Job instantiated
2014-11-21T23:00:53.584+08:00 INFO Job launched
2014-11-21T23:00:55.812+08:00 INFO PREPARING 20141121150055
2014-11-21T23:00:55.945+08:00 INFO PAUSED 20141121150055
2014-11-21T23:00:55.947+08:00 INFO RUNNING 20141121150055
2014-11-21T15:13:27.179Z INFO Job instantiated
2014-11-21T15:13:27.187Z INFO Job launched
2014-11-21T15:13:29.407Z INFO PREPARING 20141121151328
2014-11-21T15:13:29.538Z INFO PAUSED 20141121151328
2014-11-21T15:13:29.540Z INFO RUNNING 20141121151328
2014-11-21T15:23:05.236Z INFO Job instantiated
2014-11-21T15:23:05.243Z INFO Job launched
2014-11-21T15:23:07.358Z INFO PREPARING 20141121152306
2014-11-21T15:23:07.462Z INFO PAUSED 20141121152306
2014-11-21T15:23:07.463Z INFO RUNNING 20141121152306
2014-11-21T15:24:26.755Z INFO Job instantiated
2014-11-21T15:24:26.768Z INFO Job launched
2014-11-21T15:24:28.925Z INFO PREPARING 20141121152428
2014-11-21T15:24:29.017Z INFO PAUSED 20141121152428
2014-11-21T15:24:29.019Z INFO RUNNING 20141121152428
2014-11-21T15:26:21.656Z INFO Job instantiated
2014-11-21T15:26:21.664Z INFO Job launched
2014-11-21T15:26:23.783Z INFO PREPARING 20141121152623
2014-11-21T15:26:23.891Z INFO PAUSED 20141121152623
2014-11-21T15:26:23.893Z INFO RUNNING 20141121152623
2014-11-21T15:27:26.538Z INFO Job instantiated
2014-11-21T15:27:26.547Z INFO Job launched
2014-11-21T15:27:28.670Z INFO PREPARING 20141121152728
2014-11-21T15:27:28.775Z INFO PAUSED 20141121152728
2014-11-21T15:27:28.777Z INFO RUNNING 20141121152728
2014-11-21T15:28:55.151Z INFO Job instantiated
2014-11-21T15:28:55.159Z INFO Job launched
2014-11-21T15:28:57.328Z INFO PREPARING 20141121152856
2014-11-21T15:28:57.447Z INFO PAUSED 20141121152856
2014-11-21T15:28:57.449Z INFO RUNNING 20141121152856
2014-11-21T15:34:55.357Z INFO Job instantiated
2014-11-21T15:34:55.365Z INFO Job launched
2014-11-21T15:34:57.519Z INFO PREPARING 20141121153456
2014-11-21T15:34:57.628Z INFO PAUSED 20141121153456
2014-11-21T15:34:57.632Z INFO RUNNING 20141121153456
2014-11-21T15:35:56.065Z INFO Job instantiated
2014-11-21T15:35:56.072Z INFO Job launched
2014-11-21T15:35:58.158Z INFO PREPARING 20141121153557
2014-11-21T15:35:58.251Z INFO PAUSED 20141121153557
2014-11-21T15:35:58.253Z INFO RUNNING 20141121153557
2014-11-21T15:44:55.473Z INFO Job instantiated
2014-11-21T15:44:55.479Z INFO Job launched
2014-11-21T15:44:57.604Z INFO PREPARING 20141121154456
2014-11-21T15:44:57.702Z INFO PAUSED 20141121154456
2014-11-21T15:44:57.704Z INFO RUNNING 20141121154456
2014-11-21T16:30:06.680Z INFO Job instantiated
2014-11-21T16:30:06.689Z INFO Job launched
2014-11-21T16:30:08.929Z INFO PREPARING 20141121163008
2014-11-21T16:30:09.040Z INFO PAUSED 20141121163008
2014-11-21T16:30:09.042Z INFO RUNNING 20141121163008
2014-11-21T16:31:07.435Z INFO Job instantiated
2014-11-21T16:31:07.443Z INFO Job launched
2014-11-21T16:31:09.598Z INFO PREPARING 20141121163108
2014-11-21T16:31:09.701Z INFO PAUSED 20141121163108
2014-11-21T16:31:09.703Z INFO RUNNING 20141121163108
2014-11-21T16:33:06.763Z INFO Job instantiated
2014-11-21T16:33:06.771Z INFO Job launched
2014-11-21T16:33:08.857Z INFO PREPARING 20141121163308
2014-11-21T16:33:08.958Z INFO PAUSED 20141121163308
2014-11-21T16:33:08.960Z INFO RUNNING 20141121163308
2014-11-21T16:34:22.004Z INFO Job instantiated
2014-11-21T16:34:22.010Z INFO Job launched
2014-11-21T16:34:24.119Z INFO PREPARING 20141121163423
2014-11-21T16:34:24.249Z INFO PAUSED 20141121163423
2014-11-21T16:34:24.251Z INFO RUNNING 20141121163423
2014-11-21T16:36:09.588Z INFO Job instantiated
2014-11-21T16:36:09.594Z INFO Job launched
2014-11-21T16:36:11.683Z INFO PREPARING 20141121163611
2014-11-21T16:36:11.779Z INFO PAUSED 20141121163611
2014-11-21T16:36:11.780Z INFO RUNNING 20141121163611
2014-11-21T16:37:34.346Z INFO Job instantiated
2014-11-21T16:37:34.352Z INFO Job launched
2014-11-21T16:37:36.428Z INFO PREPARING 20141121163735
2014-11-21T16:37:36.519Z INFO PAUSED 20141121163735
2014-11-21T16:37:36.520Z INFO RUNNING 20141121163735
2014-11-21T16:46:23.779Z INFO Job instantiated
2014-11-21T16:46:23.784Z INFO Job launched
2014-11-21T16:46:25.863Z INFO PREPARING 20141121164625
2014-11-21T16:46:25.942Z INFO PAUSED 20141121164625
2014-11-21T16:46:25.944Z INFO RUNNING 20141121164625
2014-11-22T02:18:29.263Z INFO Job instantiated
2014-11-22T02:18:29.270Z INFO Job launched
2014-11-22T02:18:31.442Z INFO PREPARING 20141122021830
2014-11-22T02:18:31.554Z INFO PAUSED 20141122021830
2014-11-22T02:18:31.557Z INFO RUNNING 20141122021830
2014-11-22T02:20:40.533Z INFO STOPPING 20141122021830
2014-11-22T02:20:40.534Z INFO EMPTY 20141122021830
2014-11-22T02:20:42.330Z INFO FINISHED 20141122021830
2014-11-22T02:22:47.558Z INFO Job instantiated
2014-11-22T02:22:47.565Z INFO Job launched
2014-11-22T02:22:49.877Z INFO PREPARING 20141122022249
2014-11-22T02:22:50.001Z INFO PAUSED 20141122022249
2014-11-22T02:22:50.003Z INFO RUNNING 20141122022249
2014-11-22T02:23:08.859Z INFO STOPPING 20141122022249
2014-11-22T02:23:08.860Z INFO EMPTY 20141122022249
2014-11-22T02:23:10.603Z INFO FINISHED 20141122022249
2014-11-22T02:24:38.402Z INFO Job instantiated
2014-11-22T02:24:38.410Z INFO Job launched
2014-11-22T02:24:40.645Z INFO PREPARING 20141122022439
2014-11-22T02:24:40.733Z INFO PAUSED 20141122022439
2014-11-22T02:24:40.734Z INFO RUNNING 20141122022439
2014-11-22T02:25:58.684Z INFO STOPPING 20141122022439
2014-11-22T02:25:58.694Z INFO EMPTY 20141122022439
2014-11-22T02:26:00.352Z INFO FINISHED 20141122022439
2014-11-22T02:27:50.905Z INFO Job instantiated
2014-11-22T02:27:50.910Z INFO Job launched
2014-11-22T02:27:53.002Z INFO PREPARING 20141122022752
2014-11-22T02:27:53.088Z INFO PAUSED 20141122022752
2014-11-22T02:27:53.089Z INFO RUNNING 20141122022752
2014-11-22T02:39:44.850Z SEVERE Problem java.lang.StringIndexOutOfBoundsException: String index out of range: -2 occured when trying to process 'http://bbs.news.163.com/bbs/shishi/390244110.html' at step ABOUT_TO_BEGIN_PROCESSOR in 
 (in thread 'ToeThread #2: http://bbs.news.163.com/bbs/shishi/390244110.html')
2014-11-22T02:39:44.854Z WARNING politessDelay unset, returning default 5000 for http://bbs.news.163.com/bbs/shishi/390244110.html (in thread 'ToeThread #2: http://bbs.news.163.com/bbs/shishi/390244110.html')
