2014-09-14T02:38:12.467Z     1         59 dns:news.tsinghua.edu.cn P http://news.tsinghua.edu.cn/publish/news/index.html text/dns #003 20140914023812399+66 sha1:HO2SXDUR23OX7X3OO2ZCPBU6AKWYNS4D - -
2014-09-14T02:38:15.655Z   200        402 http://news.tsinghua.edu.cn/robots.txt P http://news.tsinghua.edu.cn/publish/news/index.html text/html #003 20140914023815478+137 sha1:EVDP3TRCMH3WDC2ZMH3JXELSOZXLCTYX - usingCharsetInHTML:UTF-8
2014-09-14T02:38:20.272Z   200      62893 http://news.tsinghua.edu.cn/publish/news/index.html - - text/html #003 20140914023818661+17 sha1:QQDKB4JTWMTHHPHTZX4S4FOCVIP7STJ2 - usingCharsetInHTML:UTF-8,3t
2014-09-14T02:38:20.299Z   404        169 http://166.111.5.104/robots.txt EP http://166.111.5.104/mcms/news/ text/html #003 20140914023820282+15 sha1:H2LSNNMP2AAAJA32CGMGN5UJSRJRJQQV - -
2014-09-14T02:38:23.346Z   403        180 http://news.tsinghua.edu.cn/publish// X http://news.tsinghua.edu.cn/publish/news/index.html text/html #003 20140914023823314+14 sha1:IZL2V3JWC756T5PQMRKLA5IKQHCMBSCO - -
2014-09-14T02:38:26.361Z   200       2727 http://166.111.5.104/mcms/news/ E http://news.tsinghua.edu.cn/publish/news/index.html text/html #003 20140914023823347+517 sha1:3TLEXPPRJDEGSXP47NQ2PI227XH5DZJW - usingCharsetInHTML:UTF-8,2t
2014-09-14T02:38:26.412Z   200        402 http://news.tsinghua.edu.cn/sites// X http://news.tsinghua.edu.cn/publish/news/index.html text/html #003 20140914023826363+5 sha1:EVDP3TRCMH3WDC2ZMH3JXELSOZXLCTYX - usingCharsetInHTML:UTF-8
2014-09-14T02:38:29.439Z   403        180 http://news.tsinghua.edu.cn/publish/ X http://news.tsinghua.edu.cn/publish/news/index.html text/html #003 20140914023829418+6 sha1:IZL2V3JWC756T5PQMRKLA5IKQHCMBSCO - -
2014-09-14T02:38:32.575Z   200        402 http://news.tsinghua.edu.cn/sites/ X http://news.tsinghua.edu.cn/publish/news/index.html text/html #003 20140914023832445+14 sha1:EVDP3TRCMH3WDC2ZMH3JXELSOZXLCTYX - usingCharsetInHTML:UTF-8
2014-09-14T02:38:35.905Z   200      27851 http://news.tsinghua.edu.cn/publish/news/4205/2014/20140912114543278616330/20140912114543278616330_.html L http://news.tsinghua.edu.cn/publish/news/index.html text/html #003 20140914023835583+12 sha1:OT7B3XCILVIJHMGSJHZJEQDUHA2VCIOZ - usingCharsetInHTML:UTF-8
2014-09-14T02:38:38.960Z   200        402 http://news.tsinghua.edu.cn/sites/newsen// LX http://news.tsinghua.edu.cn/publish/news/4205/2014/20140912114543278616330/20140912114543278616330_.html text/html #003 20140914023838911+6 sha1:EVDP3TRCMH3WDC2ZMH3JXELSOZXLCTYX - usingCharsetInHTML:UTF-8
2014-09-14T02:38:42.135Z   200        402 http://news.tsinghua.edu.cn/sites/news/ LX http://news.tsinghua.edu.cn/publish/news/4205/2014/20140912114543278616330/20140912114543278616330_.html text/html #003 20140914023841967+74 sha1:EVDP3TRCMH3WDC2ZMH3JXELSOZXLCTYX - usingCharsetInHTML:UTF-8
2014-09-14T02:38:45.310Z   200      20854 http://news.tsinghua.edu.cn/publish/newsen// LX http://news.tsinghua.edu.cn/publish/news/4205/2014/20140912114543278616330/20140912114543278616330_.html text/html #003 20140914023845141+16 sha1:X65KEQGPSNPCZHHPSCKVCJ7FDOAPFMWC - usingCharsetInHTML:UTF-8
2014-09-14T02:38:48.377Z   200        402 http://news.tsinghua.edu.cn/sites/news// LX http://news.tsinghua.edu.cn/publish/news/4205/2014/20140912114543278616330/20140912114543278616330_.html text/html #003 20140914023848315+11 sha1:EVDP3TRCMH3WDC2ZMH3JXELSOZXLCTYX - usingCharsetInHTML:UTF-8
2014-09-14T02:38:51.512Z   200      20854 http://news.tsinghua.edu.cn/publish/newsen/ LX http://news.tsinghua.edu.cn/publish/news/4205/2014/20140912114543278616330/20140912114543278616330_.html text/html #003 20140914023851383+11 sha1:X65KEQGPSNPCZHHPSCKVCJ7FDOAPFMWC - usingCharsetInHTML:UTF-8
2014-09-14T02:38:54.919Z   200      62893 http://news.tsinghua.edu.cn/publish/news// LX http://news.tsinghua.edu.cn/publish/news/4205/2014/20140912114543278616330/20140912114543278616330_.html text/html #004 20140914023854519+19 sha1:QQDKB4JTWMTHHPHTZX4S4FOCVIP7STJ2 - usingCharsetInHTML:UTF-8
2014-09-14T02:38:58.153Z   200      62893 http://news.tsinghua.edu.cn/publish/news/ LX http://news.tsinghua.edu.cn/publish/news/4205/2014/20140912114543278616330/20140912114543278616330_.html text/html #004 20140914023857926+20 sha1:QQDKB4JTWMTHHPHTZX4S4FOCVIP7STJ2 - usingCharsetInHTML:UTF-8
2014-09-14T02:39:01.206Z   200        402 http://news.tsinghua.edu.cn/sites/newsen/ LX http://news.tsinghua.edu.cn/publish/news/4205/2014/20140912114543278616330/20140912114543278616330_.html text/html #004 20140914023901159+8 sha1:EVDP3TRCMH3WDC2ZMH3JXELSOZXLCTYX - usingCharsetInHTML:UTF-8
2014-09-14T02:39:04.302Z   200        402 http://news.tsinghua.edu.cn/publish/news/index.html/ LX http://news.tsinghua.edu.cn/publish/news/4205/2014/20140912114543278616330/20140912114543278616330_.html text/html #004 20140914023904212+16 sha1:EVDP3TRCMH3WDC2ZMH3JXELSOZXLCTYX - usingCharsetInHTML:UTF-8
2014-09-14T02:39:07.554Z   200      43873 http://news.tsinghua.edu.cn/publish/news/4205/2014/20140912085114029572467/20140912085114029572467_.html L http://news.tsinghua.edu.cn/publish/news/index.html text/html #004 20140914023907306+13 sha1:ZB62I562RKGNW4QD3ZE5HXFPFCH6GLWE - usingCharsetInHTML:UTF-8
2014-09-14T02:39:10.786Z   200      29813 http://news.tsinghua.edu.cn/publish/news/4209/2014/20140912141843259965324/20140912141843259965324_.html L http://news.tsinghua.edu.cn/publish/news/index.html text/html #004 20140914023910560+25 sha1:DZP5S24DYHIZSIXXPOO5LXNPFZBR3ITY - usingCharsetInHTML:UTF-8
2014-09-14T02:39:14.052Z   200      43610 http://news.tsinghua.edu.cn/publish/news/4210/2014/20140730090553151260956/20140730090553151260956_.html L http://news.tsinghua.edu.cn/publish/news/index.html text/html #004 20140914023913791+26 sha1:VCE6CIKVSLWJWZPJOFRTRKVHCCZJJPE4 - usingCharsetInHTML:UTF-8
2014-09-14T02:39:17.348Z   200      39750 http://news.tsinghua.edu.cn/publish/news/4207/2014/20140912141250567170667/20140912141250567170667_.html L http://news.tsinghua.edu.cn/publish/news/index.html text/html #004 20140914023917057+26 sha1:EA7L5ERNBWG3AXTSM6RJRAV3HOA6U3WQ - usingCharsetInHTML:UTF-8
2014-09-14T02:39:20.691Z   200      86376 http://news.tsinghua.edu.cn/publish/news/4225/index.html L http://news.tsinghua.edu.cn/publish/news/index.html text/html #004 20140914023920355+34 sha1:J7AU6OD5G6FAX6M2GQKOARFMCLMMJAZK - usingCharsetInHTML:UTF-8
2014-09-14T02:39:24.002Z   200      85911 http://news.tsinghua.edu.cn/publish/news/4208/index.html L http://news.tsinghua.edu.cn/publish/news/index.html text/html #004 20140914023923696+67 sha1:LZGC2SGIAIX4JRLDEEZMFMSGOEA4E3TX - usingCharsetInHTML:UTF-8
2014-09-14T02:39:27.272Z   200      85724 http://news.tsinghua.edu.cn/publish/news/4215/index.html L http://news.tsinghua.edu.cn/publish/news/index.html text/html #004 20140914023927007+37 sha1:C5A4YZEGI7WLNKTS3IDAE7QRACV3AFX5 - usingCharsetInHTML:UTF-8
2014-09-14T02:39:30.628Z   200      43873 http://news.tsinghua.edu.cn/publish/news/4204/2014/20140912085114029572467/20140912085114029572467_.html L http://news.tsinghua.edu.cn/publish/news/index.html text/html #004 20140914023930276+32 sha1:LOHFKIY2ZM26PDO6L37WUXWJVJ7SQIWF - usingCharsetInHTML:UTF-8
2014-09-14T02:39:34.269Z   200      26075 http://news.tsinghua.edu.cn/publish/news/4211/2014/20140912143006217491635/20140912143006217491635_.html L http://news.tsinghua.edu.cn/publish/news/index.html text/html #004 20140914023933631+16 sha1:SDMQTFZE74BTQHAM4ROKGXMNZLNDOEE5 - usingCharsetInHTML:UTF-8
2014-09-14T02:39:37.497Z   200      35590 http://news.tsinghua.edu.cn/publish/news/4209/2014/20140911142247921554995/20140911142247921554995_.html L http://news.tsinghua.edu.cn/publish/news/index.html text/html #004 20140914023937276+17 sha1:726UMX7WZWNETTQ2ZCIIZW7PFF7NSHOL - usingCharsetInHTML:UTF-8
2014-09-14T02:39:40.614Z   200       4250 http://news.tsinghua.edu.cn/publish/news/rss/index.html L http://news.tsinghua.edu.cn/publish/news/index.html text/html #025 20140914023940500+9 sha1:GV6KIV3X5I3JMNJS6TNXAG4ONWHOZTDJ - usingCharsetInHTML:GB2312
2014-09-14T02:39:43.810Z   200      35478 http://news.tsinghua.edu.cn/publish/news/4205/2014/20140912095009545941543/20140912095009545941543_.html L http://news.tsinghua.edu.cn/publish/news/index.html text/html #025 20140914023943622+12 sha1:P6B5NJJPT3XZFJF5L6KXSEWT5MGKJP4U - usingCharsetInHTML:UTF-8
2014-09-14T02:39:47.082Z   200      85667 http://news.tsinghua.edu.cn/publish/news/4206/index.html L http://news.tsinghua.edu.cn/publish/news/index.html text/html #025 20140914023946816+35 sha1:S7I5WNDWS5RDI7U3HRUPFRRRDBHI4KWN - usingCharsetInHTML:UTF-8
2014-09-14T02:39:50.248Z   200      35590 http://news.tsinghua.edu.cn/publish/news/4205/2014/20140911142247921554995/20140911142247921554995_.html L http://news.tsinghua.edu.cn/publish/news/index.html text/html #025 20140914023950087+21 sha1:MZW3PNJ35L66HJPLCH4ZMO3SVTON5LDD - usingCharsetInHTML:UTF-8
2014-09-14T02:39:53.409Z   200      33965 http://news.tsinghua.edu.cn/publish/news/4195/2014/20140910115854904132344/20140910115854904132344_.html L http://news.tsinghua.edu.cn/publish/news/index.html text/html #025 20140914023953255+15 sha1:UZO3BNKNMH2APMES6FE45CBO2OXFMZKL - usingCharsetInHTML:UTF-8
2014-09-14T02:39:56.591Z   200      38088 http://news.tsinghua.edu.cn/publish/news/4207/2014/20140911144622146615497/20140911144622146615497_.html L http://news.tsinghua.edu.cn/publish/news/index.html text/html #025 20140914023956415+16 sha1:5ASXO5QBHEXO6UD6N5KFXZA4OPGLIXRC - usingCharsetInHTML:UTF-8
2014-09-14T02:39:59.817Z   200      22426 http://news.tsinghua.edu.cn/publish/news/4205/2014/20140911220022379588321/20140911220022379588321_.html L http://news.tsinghua.edu.cn/publish/news/index.html text/html #025 20140914023959596+22 sha1:J4RGYN5QMQUC6QBDMS6BTSWJYMTUNPO3 - usingCharsetInHTML:UTF-8
2014-09-14T02:40:02.961Z   200      26392 http://news.tsinghua.edu.cn/publish/news/4211/2014/20140703163143641992113/20140703163143641992113_.html L http://news.tsinghua.edu.cn/publish/news/index.html text/html #025 20140914024002823+11 sha1:2JHZ762KGJZM4ADIRLDVPRPXSVU3TKDY - usingCharsetInHTML:UTF-8
2014-09-14T02:40:06.107Z   200      36190 http://news.tsinghua.edu.cn/publish/news/4209/2014/20140912173540201758147/20140912173540201758147_.html L http://news.tsinghua.edu.cn/publish/news/index.html text/html #025 20140914024005967+16 sha1:ULOWM4TEH2VDRXRSPX4DLEPZNS2CVKWQ - usingCharsetInHTML:UTF-8
2014-09-14T02:40:09.286Z   200      22030 http://news.tsinghua.edu.cn/publish/news/4210/2014/20140803214214381402699/20140803214214381402699_.html L http://news.tsinghua.edu.cn/publish/news/index.html text/html #025 20140914024009113+68 sha1:S3YKBEZKWQ5BF2C3V6BV72VWDUMZZEBR - usingCharsetInHTML:UTF-8
2014-09-14T02:40:12.547Z   200      85742 http://news.tsinghua.edu.cn/publish/news/4217/index.html L http://news.tsinghua.edu.cn/publish/news/index.html text/html #025 20140914024012290+57 sha1:FJ5Z6MRGXBRY2JLNOLSNFY5R4Y3LSZYO - usingCharsetInHTML:UTF-8
2014-09-14T02:40:15.729Z   200      41346 http://news.tsinghua.edu.cn/publish/news/4213/2014/20140820130320977997029/20140820130320977997029_.html L http://news.tsinghua.edu.cn/publish/news/index.html text/html #025 20140914024015552+18 sha1:XWNJ7M56TWTBPQ5KB3ATAQUNCMNCICAT - usingCharsetInHTML:UTF-8
2014-09-14T02:40:18.884Z   200      57068 http://news.tsinghua.edu.cn/publish/news/9173/index.html L http://news.tsinghua.edu.cn/publish/news/index.html text/html #025 20140914024018735+14 sha1:TQFINVJB6HO3KCEFVXB7CFX7UPLFTTJ5 - usingCharsetInHTML:UTF-8
2014-09-14T02:40:21.998Z   200      17372 http://news.tsinghua.edu.cn/publish/news/4198/index.html L http://news.tsinghua.edu.cn/publish/news/index.html text/html #025 20140914024021890+12 sha1:E7BHEUJPFRCJAXSTA53ZLL4GQZ652BWV - usingCharsetInHTML:UTF-8
2014-09-14T02:40:25.149Z   200      28283 http://news.tsinghua.edu.cn/publish/news/4225/2014/20140717100434365370636/20140717100434365370636_.html L http://news.tsinghua.edu.cn/publish/news/index.html text/html #025 20140914024025002+13 sha1:Y6Y2LUK7JFDBDSO46B75LA2OGNRO2RN6 - usingCharsetInHTML:UTF-8
2014-09-14T02:40:28.312Z   200      38088 http://news.tsinghua.edu.cn/publish/news/4215/2014/20140911144622146615497/20140911144622146615497_.html L http://news.tsinghua.edu.cn/publish/news/index.html text/html #025 20140914024028153+17 sha1:HRZ52M4ILLKU2A5NTJUXI6DEERUGGIYH - usingCharsetInHTML:UTF-8
2014-09-14T02:40:31.427Z   200      23742 http://news.tsinghua.edu.cn/publish/news/4222/2014/20140730134226903500787/20140730134226903500787_.html L http://news.tsinghua.edu.cn/publish/news/index.html text/html #025 20140914024031318+12 sha1:DKM7M6RW72RWEYOIJOXFNSUN37SLLCL7 - usingCharsetInHTML:UTF-8
2014-09-14T02:40:34.594Z   200      28509 http://news.tsinghua.edu.cn/publish/news/4205/2014/20140912153632134476481/20140912153632134476481_.html L http://news.tsinghua.edu.cn/publish/news/index.html text/html #025 20140914024034433+14 sha1:X32SBAJSOMBSQVGCYM3ORXQQCHTARJV2 - usingCharsetInHTML:UTF-8
2014-09-14T02:40:37.809Z   200      41094 http://news.tsinghua.edu.cn/publish/news/4215/2014/20140910121016614997813/20140910121016614997813_.html L http://news.tsinghua.edu.cn/publish/news/index.html text/html #025 20140914024037600+25 sha1:6PVIXKIPSH6RBSHL4WFNQXZEFAEXSDJR - usingCharsetInHTML:UTF-8
2014-09-14T02:40:40.967Z   200      30716 http://news.tsinghua.edu.cn/publish/news/4225/2014/20140630172417987945950/20140630172417987945950_.html L http://news.tsinghua.edu.cn/publish/news/index.html text/html #025 20140914024040814+15 sha1:RWN2SQZ4RBQ4HUL3SE6EZKH5MWBWXWHK - usingCharsetInHTML:UTF-8
2014-09-14T02:40:44.166Z   200      86143 http://news.tsinghua.edu.cn/publish/news/4205/index.html L http://news.tsinghua.edu.cn/publish/news/index.html text/html #025 20140914024043972+28 sha1:GF763SYHCB6XL62E4Z2AYNP55J5I5ZEJ - usingCharsetInHTML:UTF-8
2014-09-14T02:40:47.428Z   200      86079 http://news.tsinghua.edu.cn/publish/news/4211/index.html L http://news.tsinghua.edu.cn/publish/news/index.html text/html #025 20140914024047171+29 sha1:BVNPHNOT3AWU5OLAB4BLZORHKNLK5PKE - usingCharsetInHTML:UTF-8
2014-09-14T02:40:50.836Z   200      85902 http://news.tsinghua.edu.cn/publish/news/9113/index.html L http://news.tsinghua.edu.cn/publish/news/index.html text/html #025 20140914024050433+54 sha1:ABNJTOKWQX45O6GKP7TPDKWFIPP2ZKRD - usingCharsetInHTML:UTF-8
2014-09-14T02:40:54.222Z   200      28588 http://news.tsinghua.edu.cn/publish/news/4207/2014/20140912141846097609029/20140912141846097609029_.html L http://news.tsinghua.edu.cn/publish/news/index.html text/html #025 20140914024053842+10 sha1:U3NLHC2HHNHCKLGL7LUHPYQM7AZPMSB7 - usingCharsetInHTML:UTF-8
2014-09-14T02:40:57.624Z   200      85746 http://news.tsinghua.edu.cn/publish/news/4213/index.html L http://news.tsinghua.edu.cn/publish/news/index.html text/html #025 20140914024057226+106 sha1:NEKI6PJ27IJXIKK545GVT5QPMNU5ZBGS - usingCharsetInHTML:UTF-8
2014-09-14T02:41:01.046Z   200      85553 http://news.tsinghua.edu.cn/publish/news/4207/index.html L http://news.tsinghua.edu.cn/publish/news/index.html text/html #025 20140914024100630+56 sha1:3YE425V5XDFFCSU43PINLAGKDNXOJOCK - usingCharsetInHTML:UTF-8
2014-09-14T02:41:04.168Z   200      23506 http://news.tsinghua.edu.cn/publish/news/4212/2014/20140909142134359322760/20140909142134359322760_.html L http://news.tsinghua.edu.cn/publish/news/index.html text/html #025 20140914024104052+17 sha1:33MAX4N7WE5PTV4HD4EXVCBWZU2JDXSF - usingCharsetInHTML:UTF-8
2014-09-14T02:41:07.326Z   200      28509 http://news.tsinghua.edu.cn/publish/news/4204/2014/20140912153632134476481/20140912153632134476481_.html L http://news.tsinghua.edu.cn/publish/news/index.html text/html #025 20140914024107175+24 sha1:5IGTRCAONMAS33HXRM5ZU7X77OZIJVTI - usingCharsetInHTML:UTF-8
2014-09-14T02:41:10.468Z   200      48841 http://news.tsinghua.edu.cn/publish/news/9174/index.html L http://news.tsinghua.edu.cn/publish/news/index.html text/html #025 20140914024110332+25 sha1:PPBLG3P4MNHJMQEZPNXEZ5IZMDUNXZYR - usingCharsetInHTML:UTF-8
2014-09-14T02:41:13.667Z   200      85002 http://news.tsinghua.edu.cn/publish/news/4216/index.html L http://news.tsinghua.edu.cn/publish/news/index.html text/html #025 20140914024113474+30 sha1:JXP5UPUHK5CR43OAS5PXUKDRR33MXEC5 - usingCharsetInHTML:UTF-8
2014-09-14T02:41:16.915Z   200      64884 http://news.tsinghua.edu.cn/publish/news/4222/2014/20140828152206352784767/20140828152206352784767_.html L http://news.tsinghua.edu.cn/publish/news/index.html text/html #025 20140914024116672+33 sha1:EBYEOCLYG2Y7Q3AZZJTL7VZ4J2P7AK6T - usingCharsetInHTML:UTF-8
2014-09-14T02:41:20.040Z   200      31589 http://news.tsinghua.edu.cn/publish/news/4212/2014/20140909140852404970882/20140909140852404970882_.html L http://news.tsinghua.edu.cn/publish/news/index.html text/html #025 20140914024119919+14 sha1:ZV5ZE3NPHHKTVR2MUKDFMCMCCHVLWS7H - usingCharsetInHTML:UTF-8
2014-09-14T02:41:23.174Z   200      42027 http://news.tsinghua.edu.cn/publish/news/8928/index.html L http://news.tsinghua.edu.cn/publish/news/index.html text/html #025 20140914024123044+23 sha1:AXXUIUL5AG62JVWOLKLCZH2XYOGRSTHJ - usingCharsetInHTML:UTF-8
2014-09-14T02:41:26.314Z   200      31298 http://news.tsinghua.edu.cn/publish/news/4213/2014/20140814153040159132757/20140814153040159132757_.html L http://news.tsinghua.edu.cn/publish/news/index.html text/html #025 20140914024126180+10 sha1:ZUUPZMHNQDZ22A73IDFYB2EYEO6QZ2ET - usingCharsetInHTML:UTF-8
2014-09-14T02:41:29.527Z   200      86064 http://news.tsinghua.edu.cn/publish/news/4214/index.html L http://news.tsinghua.edu.cn/publish/news/index.html text/html #025 20140914024129320+33 sha1:E4F7PWAL7TEMCHPSL3K5QKJFBFVXGNMX - usingCharsetInHTML:UTF-8
2014-09-14T02:41:32.691Z   200      28392 http://news.tsinghua.edu.cn/publish/news/4205/2014/20140911152115392321700/20140911152115392321700_.html L http://news.tsinghua.edu.cn/publish/news/index.html text/html #025 20140914024132531+11 sha1:D3RIVPFZUPNLK2K47BCHO4YQAMFBBD4P - usingCharsetInHTML:UTF-8
2014-09-14T02:41:36.111Z   200      85746 http://news.tsinghua.edu.cn/publish/news/4212/index.html L http://news.tsinghua.edu.cn/publish/news/index.html text/html #025 20140914024135696+241 sha1:HQ2MT3JJYNM2G6QHOKEQ57SUYX7OQRP2 - usingCharsetInHTML:UTF-8
2014-09-14T02:41:39.260Z   200      29589 http://news.tsinghua.edu.cn/publish/news/4217/2014/20140911135716792385746/20140911135716792385746_.html L http://news.tsinghua.edu.cn/publish/news/index.html text/html #025 20140914024139116+18 sha1:YZEKTL3FYCIHYOYGXP765GPLCABSRFBT - usingCharsetInHTML:UTF-8
2014-09-14T02:41:42.451Z   200      44504 http://news.tsinghua.edu.cn/publish/news/4205/2014/20140912150203106852163/20140912150203106852163_.html L http://news.tsinghua.edu.cn/publish/news/index.html text/html #025 20140914024142265+18 sha1:TCPZ7VJM24XL43A3RGTI55MQSQKWVO6X - usingCharsetInHTML:UTF-8
2014-09-14T02:41:45.636Z   200      34745 http://news.tsinghua.edu.cn/publish/news/4211/2014/20140827102924167727797/20140827102924167727797_.html L http://news.tsinghua.edu.cn/publish/news/index.html text/html #025 20140914024145456+16 sha1:DTKKVAYCM4652YOA4SFR4AMYNTFUXB6R - usingCharsetInHTML:UTF-8
2014-09-14T02:41:48.797Z   200      34561 http://news.tsinghua.edu.cn/publish/news/4217/2014/20140909171116604635079/20140909171116604635079_.html L http://news.tsinghua.edu.cn/publish/news/index.html text/html #025 20140914024148641+19 sha1:SBALPJBUGH7S5DUNHW4BTO4XPKWAAWO4 - usingCharsetInHTML:UTF-8
2014-09-14T02:41:52.148Z   200      39750 http://news.tsinghua.edu.cn/publish/news/4205/2014/20140912141250567170667/20140912141250567170667_.html L http://news.tsinghua.edu.cn/publish/news/index.html text/html #002 20140914024151801+16 sha1:DPD5AMV4HOOKT4VMEDTFUUK4Z63SJCCZ - usingCharsetInHTML:UTF-8
2014-09-14T02:41:55.441Z   200      40622 http://news.tsinghua.edu.cn/publish/news/4213/2014/20140806153458901788967/20140806153458901788967_.html L http://news.tsinghua.edu.cn/publish/news/index.html text/html #002 20140914024155154+13 sha1:EIDOF2B246FSEAWVL2FGH5MZFLU7HNAV - usingCharsetInHTML:UTF-8
2014-09-14T02:41:58.778Z   200      85734 http://news.tsinghua.edu.cn/publish/news/4210/index.html L http://news.tsinghua.edu.cn/publish/news/index.html text/html #002 20140914024158446+46 sha1:VEKTBAGH6OVNYGGNQUK43M7YWFPGL2PO - usingCharsetInHTML:UTF-8
2014-09-14T02:42:02.102Z   200      36111 http://news.tsinghua.edu.cn/publish/news/4210/2014/20140909140156330877327/20140909140156330877327_.html L http://news.tsinghua.edu.cn/publish/news/index.html text/html #013 20140914024201783+30 sha1:Q7R67CZ2XXKGTEZTWOE56HD6LVCAUVJY - usingCharsetInHTML:UTF-8
2014-09-14T02:42:05.461Z   200      47955 http://news.tsinghua.edu.cn/publish/news/4216/2014/20140714095241672101954/20140714095241672101954_.html L http://news.tsinghua.edu.cn/publish/news/index.html text/html #013 20140914024205107+15 sha1:ERS6QWXVHJGQYYK3E3TD6RRSZOZYGGCN - usingCharsetInHTML:UTF-8
2014-09-14T02:42:08.792Z   200      46980 http://news.tsinghua.edu.cn/publish/news/4225/2014/20140728174350793586840/20140728174350793586840_.html L http://news.tsinghua.edu.cn/publish/news/index.html text/html #013 20140914024208466+15 sha1:DCVXSERWQROOCN7LRX6EDJK7I4YBCKIM - usingCharsetInHTML:UTF-8
2014-09-14T02:42:11.927Z   200      37180 http://news.tsinghua.edu.cn/publish/news/4207/2014/20140912140942097817056/20140912140942097817056_.html L http://news.tsinghua.edu.cn/publish/news/index.html text/html #013 20140914024211797+14 sha1:OYGMRU5XBEGBWC562DBWWUA6YTJYKDE3 - usingCharsetInHTML:UTF-8
2014-09-14T02:42:15.035Z   200      11216 http://news.tsinghua.edu.cn/publish/news/mobile/index.html L http://news.tsinghua.edu.cn/publish/news/index.html text/html #013 20140914024214932+8 sha1:GBYVMP4VPOFEDMXJUI354TFOBSZYLCCN - usingCharsetInHTML:UTF-8
2014-09-14T02:42:18.381Z   200      85504 http://news.tsinghua.edu.cn/publish/news/4195/index.html L http://news.tsinghua.edu.cn/publish/news/index.html text/html #013 20140914024218039+170 sha1:LOANQKOIBE5RV6FUGZGCFWAAZ2Z72JXY - usingCharsetInHTML:UTF-8
2014-09-14T02:42:21.551Z   200      43044 http://news.tsinghua.edu.cn/publish/news/4208/2014/20140909141522033146893/20140909141522033146893_.html L http://news.tsinghua.edu.cn/publish/news/index.html text/html #013 20140914024221385+14 sha1:AZEY5S3URW6Y32UQ53VWE7JU3XPRVJGJ - usingCharsetInHTML:UTF-8
2014-09-14T02:42:24.676Z   200      32627 http://news.tsinghua.edu.cn/publish/news/4217/2014/20140909170759284693801/20140909170759284693801_.html L http://news.tsinghua.edu.cn/publish/news/index.html text/html #013 20140914024224555+10 sha1:I6OS6MSP3COO2L4DM5ZKMTZINHJSTLEA - usingCharsetInHTML:UTF-8
2014-09-14T02:42:27.792Z   200      28841 http://news.tsinghua.edu.cn/publish/news/4222/index.html L http://news.tsinghua.edu.cn/publish/news/index.html text/html #013 20140914024227681+18 sha1:TEFEPMQYFCEKH4S5OK4LQSAONQDZMSKU - usingCharsetInHTML:UTF-8
2014-09-14T02:42:30.917Z   200      36565 http://news.tsinghua.edu.cn/publish/news/4209/2014/20140909154844801629907/20140909154844801629907_.html L http://news.tsinghua.edu.cn/publish/news/index.html text/html #013 20140914024230798+10 sha1:WMC7CP4OISH7A54GJ43TN6S34XA4IMJO - usingCharsetInHTML:UTF-8
2014-09-14T02:42:34.065Z   200      30153 http://news.tsinghua.edu.cn/publish/news/4215/2014/20140912141723234525051/20140912141723234525051_.html L http://news.tsinghua.edu.cn/publish/news/index.html text/html #013 20140914024233922+26 sha1:VSOMVNOGV2TXFJPQ6VUMQG36COLO6CPQ - usingCharsetInHTML:UTF-8
2014-09-14T02:42:37.191Z   200      32674 http://news.tsinghua.edu.cn/publish/news/4215/2014/20140910115745619454583/20140910115745619454583_.html L http://news.tsinghua.edu.cn/publish/news/index.html text/html #013 20140914024237069+12 sha1:NSW3TJCUYHDJJ2IIZLHESZZQ3HRQOYN6 - usingCharsetInHTML:UTF-8
2014-09-14T02:42:40.469Z   200      70323 http://news.tsinghua.edu.cn/publish/news/4207/2014/20140912153748146991685/20140912153748146991685_.html L http://news.tsinghua.edu.cn/publish/news/index.html text/html #013 20140914024240196+36 sha1:YKCZZUV2LXLJS64KHD3BZMSE5W6FQO3N - usingCharsetInHTML:UTF-8
2014-09-14T02:42:43.769Z   200      28101 http://news.tsinghua.edu.cn/publish/news/4225/2014/20140718114421728237310/20140718114421728237310_.html L http://news.tsinghua.edu.cn/publish/news/index.html text/html #013 20140914024243473+16 sha1:HSGGPGAZKW4LLRTKVVAR5FWVYJNRQK3P - usingCharsetInHTML:UTF-8
2014-09-14T02:42:47.067Z   200      86239 http://news.tsinghua.edu.cn/publish/news/4204/index.html L http://news.tsinghua.edu.cn/publish/news/index.html text/html #013 20140914024246773+54 sha1:3PX4PX7WCZJCDXQ2GG7O2IVSIC2WMJND - usingCharsetInHTML:UTF-8
2014-09-14T02:42:50.228Z   200      44504 http://news.tsinghua.edu.cn/publish/news/4210/2014/20140912150203106852163/20140912150203106852163_.html L http://news.tsinghua.edu.cn/publish/news/index.html text/html #013 20140914024250072+20 sha1:YMPCCERTFBRFG5WP25U5VWHS6MIDGIED - usingCharsetInHTML:UTF-8
2014-09-14T02:42:53.356Z   200      23101 http://news.tsinghua.edu.cn/publish/news/4195/2014/20140911135054724732910/20140911135054724732910_.html L http://news.tsinghua.edu.cn/publish/news/index.html text/html #013 20140914024253232+16 sha1:OLCTON4TVM6RVMPKWWMABECHKI6TWZV6 - usingCharsetInHTML:UTF-8
2014-09-14T02:42:56.555Z   200      33833 http://news.tsinghua.edu.cn/publish/news/4210/2014/20140709083830041903674/20140709083830041903674_.html L http://news.tsinghua.edu.cn/publish/news/index.html text/html #013 20140914024256360+40 sha1:3OEVHGUHJ3ST6ENRHMYHZEP53O6FT27M - usingCharsetInHTML:UTF-8
2014-09-14T02:43:00.168Z   200      85969 http://news.tsinghua.edu.cn/publish/news/8946/index.html L http://news.tsinghua.edu.cn/publish/news/index.html text/html #013 20140914024259560+74 sha1:3MJRKCTGTDT2AO2QP336FUCZVQVGXM3X - usingCharsetInHTML:UTF-8
2014-09-14T02:43:03.436Z   200      42936 http://news.tsinghua.edu.cn/publish/news/4207/2014/20140912142300696169967/20140912142300696169967_.html L http://news.tsinghua.edu.cn/publish/news/index.html text/html #013 20140914024303174+12 sha1:TMX7ZSO444SP5522Z3WPNENI57P3ZBXG - usingCharsetInHTML:UTF-8
2014-09-14T02:43:06.543Z   200      16867 http://news.tsinghua.edu.cn/publish/news/4199/index.html L http://news.tsinghua.edu.cn/publish/news/index.html text/html #013 20140914024306441+14 sha1:NFGUNO6AEHBMYCJGKXR4AU5GJGAGJA6Q - usingCharsetInHTML:UTF-8
2014-09-14T02:43:09.890Z   200      34841 http://news.tsinghua.edu.cn/publish/news/4209/2014/20140910170611922838136/20140910170611922838136_.html L http://news.tsinghua.edu.cn/publish/news/index.html text/html #013 20140914024309549+15 sha1:GETLKFXUHPHSJQMXHV77SDP42UXVASMN - usingCharsetInHTML:UTF-8
2014-09-14T02:43:13.033Z   200      27851 http://news.tsinghua.edu.cn/publish/news/4217/2014/20140912114543278616330/20140912114543278616330_.html L http://news.tsinghua.edu.cn/publish/news/index.html text/html #013 20140914024312895+17 sha1:GOX6RHS3U43EFP6OQK2GKU7WX5BFJB5A - usingCharsetInHTML:UTF-8
2014-09-14T02:43:16.184Z   200      28925 http://news.tsinghua.edu.cn/publish/news/4205/2014/20140911135549720187394/20140911135549720187394_.html L http://news.tsinghua.edu.cn/publish/news/index.html text/html #013 20140914024316036+29 sha1:5CJMQDA7HRGEX4ECTBIQPCZICPZQUERU - usingCharsetInHTML:UTF-8
2014-09-14T02:43:19.303Z   200      27829 http://news.tsinghua.edu.cn/publish/news/4205/2014/20140912115654205357981/20140912115654205357981_.html L http://news.tsinghua.edu.cn/publish/news/index.html text/html #013 20140914024319189+21 sha1:O2KYPDSZ4KE7HRCNWC7I2WHDDB3Z7KEE - usingCharsetInHTML:UTF-8
2014-09-14T02:43:22.458Z   200      32541 http://news.tsinghua.edu.cn/publish/news/4207/2014/20140912141613508204366/20140912141613508204366_.html L http://news.tsinghua.edu.cn/publish/news/index.html text/html #013 20140914024322308+12 sha1:RRVSH4S5267LZ23WCKHH6MT43XPQHVZN - usingCharsetInHTML:UTF-8
2014-09-14T02:43:25.708Z   200      57990 http://news.tsinghua.edu.cn/publish/news/4218/index.html L http://news.tsinghua.edu.cn/publish/news/index.html text/html #013 20140914024325462+28 sha1:NLCUO6SF76FKBVII6L3JFFW6OSAXC2VD - usingCharsetInHTML:UTF-8
2014-09-14T02:43:28.910Z   200      34264 http://news.tsinghua.edu.cn/publish/news/4195/2014/20140911135140928711049/20140911135140928711049_.html L http://news.tsinghua.edu.cn/publish/news/index.html text/html #013 20140914024328713+37 sha1:JH3WZU2CXPLDXYBHJ5BDZNXCYMM3IQHT - usingCharsetInHTML:UTF-8
2014-09-14T02:43:32.031Z   200      36190 http://news.tsinghua.edu.cn/publish/news/4205/2014/20140912173540201758147/20140912173540201758147_.html L http://news.tsinghua.edu.cn/publish/news/index.html text/html #013 20140914024331915+17 sha1:Q76C3QX3XPFDO2TLPVA24DQBF73Q2BJE - usingCharsetInHTML:UTF-8
2014-09-14T02:43:35.292Z   200      32287 http://news.tsinghua.edu.cn/publish/news/4209/2014/20140910153209302317052/20140910153209302317052_.html L http://news.tsinghua.edu.cn/publish/news/index.html text/html #013 20140914024335035+13 sha1:DLCQTO37BU6R4RUM4RFS5QF7LQTML24Y - usingCharsetInHTML:UTF-8
2014-09-14T02:43:38.553Z   200      27224 http://news.tsinghua.edu.cn/publish/news/4216/2014/20140821113903591333183/20140821113903591333183_.html L http://news.tsinghua.edu.cn/publish/news/index.html text/html #013 20140914024338296+113 sha1:LWZON5BBVG3M2M6UVSOUPC3FXF7HK6L2 - usingCharsetInHTML:UTF-8
2014-09-14T02:43:41.697Z   200      26183 http://news.tsinghua.edu.cn/publish/news/4211/2014/20140912105703628773479/20140912105703628773479_.html L http://news.tsinghua.edu.cn/publish/news/index.html text/html #013 20140914024341556+17 sha1:SRHV4TQLZV44Y7FWSYDLVQGDHUP4TGZH - usingCharsetInHTML:UTF-8
2014-09-14T02:43:44.815Z   200      35921 http://news.tsinghua.edu.cn/publish/news/4204/2014/20140910113911904303172/20140910113911904303172_.html L http://news.tsinghua.edu.cn/publish/news/index.html text/html #013 20140914024344702+16 sha1:DOOAXZUWIH26TH7V63RU42V6SLWZSSW5 - usingCharsetInHTML:UTF-8
2014-09-14T02:43:47.875Z   200       4055 http://news.tsinghua.edu.cn/publish/news/zhuanti/zl.html L http://news.tsinghua.edu.cn/publish/news/index.html text/html #013 20140914024347818+9 sha1:IWK5PQSSDEHJNWULEDKUORNIY3BSPE5C - usingCharsetInHTML:GB2312
2014-09-14T02:43:51.076Z   200      23493 http://news.tsinghua.edu.cn/publish/news/4211/2014/20140909165748551103952/20140909165748551103952_.html L http://news.tsinghua.edu.cn/publish/news/index.html text/html #013 20140914024350879+9 sha1:FU2EE7F4YSZRQHN5QCB4URFYKWW2FE6S - usingCharsetInHTML:UTF-8
2014-09-14T02:43:55.450Z   200      26622 http://news.tsinghua.edu.cn/publish/news/4205/2014/20140912114329127154375/20140912114329127154375_.html L http://news.tsinghua.edu.cn/publish/news/index.html text/html #004 20140914024354645+289 sha1:QBY7MQICCXVVGX52EAKWRF6YKMGPRFYJ - usingCharsetInHTML:UTF-8
