2014-09-14T02:38:18.689Z http://news.tsinghua.edu.cn/publish/news/index.html "http scheme specific part is too short: //" http://
2014-09-14T02:38:18.694Z http://news.tsinghua.edu.cn/publish/news/index.html "http scheme specific part is too short: //" https://
2014-09-14T02:38:35.599Z http://news.tsinghua.edu.cn/publish/news/4205/2014/20140912114543278616330/20140912114543278616330_.html "http scheme specific part is too short: //" http://
2014-09-14T02:38:35.600Z http://news.tsinghua.edu.cn/publish/news/4205/2014/20140912114543278616330/20140912114543278616330_.html "http scheme specific part is too short: //" https://
2014-09-14T02:38:45.160Z http://news.tsinghua.edu.cn/publish/newsen// "http scheme specific part is too short: //" http://
2014-09-14T02:38:45.161Z http://news.tsinghua.edu.cn/publish/newsen// "http scheme specific part is too short: //" https://
2014-09-14T02:38:51.397Z http://news.tsinghua.edu.cn/publish/newsen/ "http scheme specific part is too short: //" http://
2014-09-14T02:38:51.399Z http://news.tsinghua.edu.cn/publish/newsen/ "http scheme specific part is too short: //" https://
2014-09-14T02:38:54.547Z http://news.tsinghua.edu.cn/publish/news// "http scheme specific part is too short: //" http://
2014-09-14T02:38:54.549Z http://news.tsinghua.edu.cn/publish/news// "http scheme specific part is too short: //" https://
2014-09-14T02:38:57.948Z http://news.tsinghua.edu.cn/publish/news/ "http scheme specific part is too short: //" http://
2014-09-14T02:38:57.949Z http://news.tsinghua.edu.cn/publish/news/ "http scheme specific part is too short: //" https://
2014-09-14T02:39:07.322Z http://news.tsinghua.edu.cn/publish/news/4205/2014/20140912085114029572467/20140912085114029572467_.html "http scheme specific part is too short: //" http://
2014-09-14T02:39:07.322Z http://news.tsinghua.edu.cn/publish/news/4205/2014/20140912085114029572467/20140912085114029572467_.html "http scheme specific part is too short: //" https://
2014-09-14T02:39:10.586Z http://news.tsinghua.edu.cn/publish/news/4209/2014/20140912141843259965324/20140912141843259965324_.html "http scheme specific part is too short: //" http://
2014-09-14T02:39:10.587Z http://news.tsinghua.edu.cn/publish/news/4209/2014/20140912141843259965324/20140912141843259965324_.html "http scheme specific part is too short: //" https://
2014-09-14T02:39:13.819Z http://news.tsinghua.edu.cn/publish/news/4210/2014/20140730090553151260956/20140730090553151260956_.html "http scheme specific part is too short: //" http://
2014-09-14T02:39:13.819Z http://news.tsinghua.edu.cn/publish/news/4210/2014/20140730090553151260956/20140730090553151260956_.html "http scheme specific part is too short: //" https://
2014-09-14T02:39:17.085Z http://news.tsinghua.edu.cn/publish/news/4207/2014/20140912141250567170667/20140912141250567170667_.html "http scheme specific part is too short: //" http://
2014-09-14T02:39:17.086Z http://news.tsinghua.edu.cn/publish/news/4207/2014/20140912141250567170667/20140912141250567170667_.html "http scheme specific part is too short: //" https://
2014-09-14T02:39:20.391Z http://news.tsinghua.edu.cn/publish/news/4225/index.html "http scheme specific part is too short: //" http://
2014-09-14T02:39:20.392Z http://news.tsinghua.edu.cn/publish/news/4225/index.html "http scheme specific part is too short: //" https://
2014-09-14T02:39:23.766Z http://news.tsinghua.edu.cn/publish/news/4208/index.html "http scheme specific part is too short: //" http://
2014-09-14T02:39:23.766Z http://news.tsinghua.edu.cn/publish/news/4208/index.html "http scheme specific part is too short: //" https://
2014-09-14T02:39:27.046Z http://news.tsinghua.edu.cn/publish/news/4215/index.html "http scheme specific part is too short: //" http://
2014-09-14T02:39:27.046Z http://news.tsinghua.edu.cn/publish/news/4215/index.html "http scheme specific part is too short: //" https://
2014-09-14T02:39:30.313Z http://news.tsinghua.edu.cn/publish/news/4204/2014/20140912085114029572467/20140912085114029572467_.html "http scheme specific part is too short: //" http://
2014-09-14T02:39:30.314Z http://news.tsinghua.edu.cn/publish/news/4204/2014/20140912085114029572467/20140912085114029572467_.html "http scheme specific part is too short: //" https://
2014-09-14T02:39:33.649Z http://news.tsinghua.edu.cn/publish/news/4211/2014/20140912143006217491635/20140912143006217491635_.html "http scheme specific part is too short: //" http://
2014-09-14T02:39:33.658Z http://news.tsinghua.edu.cn/publish/news/4211/2014/20140912143006217491635/20140912143006217491635_.html "http scheme specific part is too short: //" https://
2014-09-14T02:39:37.295Z http://news.tsinghua.edu.cn/publish/news/4209/2014/20140911142247921554995/20140911142247921554995_.html "http scheme specific part is too short: //" http://
2014-09-14T02:39:37.295Z http://news.tsinghua.edu.cn/publish/news/4209/2014/20140911142247921554995/20140911142247921554995_.html "http scheme specific part is too short: //" https://
2014-09-14T02:39:43.636Z http://news.tsinghua.edu.cn/publish/news/4205/2014/20140912095009545941543/20140912095009545941543_.html "http scheme specific part is too short: //" http://
2014-09-14T02:39:43.637Z http://news.tsinghua.edu.cn/publish/news/4205/2014/20140912095009545941543/20140912095009545941543_.html "http scheme specific part is too short: //" https://
2014-09-14T02:39:46.854Z http://news.tsinghua.edu.cn/publish/news/4206/index.html "http scheme specific part is too short: //" http://
2014-09-14T02:39:46.855Z http://news.tsinghua.edu.cn/publish/news/4206/index.html "http scheme specific part is too short: //" https://
2014-09-14T02:39:50.111Z http://news.tsinghua.edu.cn/publish/news/4205/2014/20140911142247921554995/20140911142247921554995_.html "http scheme specific part is too short: //" http://
2014-09-14T02:39:50.111Z http://news.tsinghua.edu.cn/publish/news/4205/2014/20140911142247921554995/20140911142247921554995_.html "http scheme specific part is too short: //" https://
2014-09-14T02:39:53.272Z http://news.tsinghua.edu.cn/publish/news/4195/2014/20140910115854904132344/20140910115854904132344_.html "http scheme specific part is too short: //" http://
2014-09-14T02:39:53.272Z http://news.tsinghua.edu.cn/publish/news/4195/2014/20140910115854904132344/20140910115854904132344_.html "http scheme specific part is too short: //" https://
2014-09-14T02:39:56.432Z http://news.tsinghua.edu.cn/publish/news/4207/2014/20140911144622146615497/20140911144622146615497_.html "http scheme specific part is too short: //" http://
2014-09-14T02:39:56.433Z http://news.tsinghua.edu.cn/publish/news/4207/2014/20140911144622146615497/20140911144622146615497_.html "http scheme specific part is too short: //" https://
2014-09-14T02:39:59.621Z http://news.tsinghua.edu.cn/publish/news/4205/2014/20140911220022379588321/20140911220022379588321_.html "http scheme specific part is too short: //" http://
2014-09-14T02:39:59.621Z http://news.tsinghua.edu.cn/publish/news/4205/2014/20140911220022379588321/20140911220022379588321_.html "http scheme specific part is too short: //" https://
2014-09-14T02:40:02.835Z http://news.tsinghua.edu.cn/publish/news/4211/2014/20140703163143641992113/20140703163143641992113_.html "http scheme specific part is too short: //" http://
2014-09-14T02:40:02.836Z http://news.tsinghua.edu.cn/publish/news/4211/2014/20140703163143641992113/20140703163143641992113_.html "http scheme specific part is too short: //" https://
2014-09-14T02:40:05.985Z http://news.tsinghua.edu.cn/publish/news/4209/2014/20140912173540201758147/20140912173540201758147_.html "http scheme specific part is too short: //" http://
2014-09-14T02:40:05.985Z http://news.tsinghua.edu.cn/publish/news/4209/2014/20140912173540201758147/20140912173540201758147_.html "http scheme specific part is too short: //" https://
2014-09-14T02:40:09.183Z http://news.tsinghua.edu.cn/publish/news/4210/2014/20140803214214381402699/20140803214214381402699_.html "http scheme specific part is too short: //" http://
2014-09-14T02:40:09.184Z http://news.tsinghua.edu.cn/publish/news/4210/2014/20140803214214381402699/20140803214214381402699_.html "http scheme specific part is too short: //" https://
2014-09-14T02:40:12.349Z http://news.tsinghua.edu.cn/publish/news/4217/index.html "http scheme specific part is too short: //" http://
2014-09-14T02:40:12.350Z http://news.tsinghua.edu.cn/publish/news/4217/index.html "http scheme specific part is too short: //" https://
2014-09-14T02:40:15.572Z http://news.tsinghua.edu.cn/publish/news/4213/2014/20140820130320977997029/20140820130320977997029_.html "http scheme specific part is too short: //" http://
2014-09-14T02:40:15.572Z http://news.tsinghua.edu.cn/publish/news/4213/2014/20140820130320977997029/20140820130320977997029_.html "http scheme specific part is too short: //" https://
2014-09-14T02:40:18.751Z http://news.tsinghua.edu.cn/publish/news/9173/index.html "http scheme specific part is too short: //" http://
2014-09-14T02:40:18.751Z http://news.tsinghua.edu.cn/publish/news/9173/index.html "http scheme specific part is too short: //" https://
2014-09-14T02:40:21.903Z http://news.tsinghua.edu.cn/publish/news/4198/index.html "http scheme specific part is too short: //" http://
2014-09-14T02:40:21.903Z http://news.tsinghua.edu.cn/publish/news/4198/index.html "http scheme specific part is too short: //" https://
2014-09-14T02:40:25.017Z http://news.tsinghua.edu.cn/publish/news/4225/2014/20140717100434365370636/20140717100434365370636_.html "http scheme specific part is too short: //" http://
2014-09-14T02:40:25.017Z http://news.tsinghua.edu.cn/publish/news/4225/2014/20140717100434365370636/20140717100434365370636_.html "http scheme specific part is too short: //" https://
2014-09-14T02:40:28.172Z http://news.tsinghua.edu.cn/publish/news/4215/2014/20140911144622146615497/20140911144622146615497_.html "http scheme specific part is too short: //" http://
2014-09-14T02:40:28.173Z http://news.tsinghua.edu.cn/publish/news/4215/2014/20140911144622146615497/20140911144622146615497_.html "http scheme specific part is too short: //" https://
2014-09-14T02:40:31.331Z http://news.tsinghua.edu.cn/publish/news/4222/2014/20140730134226903500787/20140730134226903500787_.html "http scheme specific part is too short: //" http://
2014-09-14T02:40:31.332Z http://news.tsinghua.edu.cn/publish/news/4222/2014/20140730134226903500787/20140730134226903500787_.html "http scheme specific part is too short: //" https://
2014-09-14T02:40:34.449Z http://news.tsinghua.edu.cn/publish/news/4205/2014/20140912153632134476481/20140912153632134476481_.html "http scheme specific part is too short: //" http://
2014-09-14T02:40:34.450Z http://news.tsinghua.edu.cn/publish/news/4205/2014/20140912153632134476481/20140912153632134476481_.html "http scheme specific part is too short: //" https://
2014-09-14T02:40:37.627Z http://news.tsinghua.edu.cn/publish/news/4215/2014/20140910121016614997813/20140910121016614997813_.html "http scheme specific part is too short: //" http://
2014-09-14T02:40:37.628Z http://news.tsinghua.edu.cn/publish/news/4215/2014/20140910121016614997813/20140910121016614997813_.html "http scheme specific part is too short: //" https://
2014-09-14T02:40:40.831Z http://news.tsinghua.edu.cn/publish/news/4225/2014/20140630172417987945950/20140630172417987945950_.html "http scheme specific part is too short: //" http://
2014-09-14T02:40:40.831Z http://news.tsinghua.edu.cn/publish/news/4225/2014/20140630172417987945950/20140630172417987945950_.html "http scheme specific part is too short: //" https://
2014-09-14T02:40:44.002Z http://news.tsinghua.edu.cn/publish/news/4205/index.html "http scheme specific part is too short: //" http://
2014-09-14T02:40:44.003Z http://news.tsinghua.edu.cn/publish/news/4205/index.html "http scheme specific part is too short: //" https://
2014-09-14T02:40:47.203Z http://news.tsinghua.edu.cn/publish/news/4211/index.html "http scheme specific part is too short: //" http://
2014-09-14T02:40:47.203Z http://news.tsinghua.edu.cn/publish/news/4211/index.html "http scheme specific part is too short: //" https://
2014-09-14T02:40:50.492Z http://news.tsinghua.edu.cn/publish/news/9113/index.html "http scheme specific part is too short: //" http://
2014-09-14T02:40:50.492Z http://news.tsinghua.edu.cn/publish/news/9113/index.html "http scheme specific part is too short: //" https://
2014-09-14T02:40:53.854Z http://news.tsinghua.edu.cn/publish/news/4207/2014/20140912141846097609029/20140912141846097609029_.html "http scheme specific part is too short: //" http://
2014-09-14T02:40:53.854Z http://news.tsinghua.edu.cn/publish/news/4207/2014/20140912141846097609029/20140912141846097609029_.html "http scheme specific part is too short: //" https://
2014-09-14T02:40:57.333Z http://news.tsinghua.edu.cn/publish/news/4213/index.html "http scheme specific part is too short: //" http://
2014-09-14T02:40:57.334Z http://news.tsinghua.edu.cn/publish/news/4213/index.html "http scheme specific part is too short: //" https://
2014-09-14T02:41:00.688Z http://news.tsinghua.edu.cn/publish/news/4207/index.html "http scheme specific part is too short: //" http://
2014-09-14T02:41:00.688Z http://news.tsinghua.edu.cn/publish/news/4207/index.html "http scheme specific part is too short: //" https://
2014-09-14T02:41:04.071Z http://news.tsinghua.edu.cn/publish/news/4212/2014/20140909142134359322760/20140909142134359322760_.html "http scheme specific part is too short: //" http://
2014-09-14T02:41:04.071Z http://news.tsinghua.edu.cn/publish/news/4212/2014/20140909142134359322760/20140909142134359322760_.html "http scheme specific part is too short: //" https://
2014-09-14T02:41:07.200Z http://news.tsinghua.edu.cn/publish/news/4204/2014/20140912153632134476481/20140912153632134476481_.html "http scheme specific part is too short: //" http://
2014-09-14T02:41:07.201Z http://news.tsinghua.edu.cn/publish/news/4204/2014/20140912153632134476481/20140912153632134476481_.html "http scheme specific part is too short: //" https://
2014-09-14T02:41:10.359Z http://news.tsinghua.edu.cn/publish/news/9174/index.html "http scheme specific part is too short: //" http://
2014-09-14T02:41:10.360Z http://news.tsinghua.edu.cn/publish/news/9174/index.html "http scheme specific part is too short: //" https://
2014-09-14T02:41:13.506Z http://news.tsinghua.edu.cn/publish/news/4216/index.html "http scheme specific part is too short: //" http://
2014-09-14T02:41:13.506Z http://news.tsinghua.edu.cn/publish/news/4216/index.html "http scheme specific part is too short: //" https://
2014-09-14T02:41:16.707Z http://news.tsinghua.edu.cn/publish/news/4222/2014/20140828152206352784767/20140828152206352784767_.html "http scheme specific part is too short: //" http://
2014-09-14T02:41:16.707Z http://news.tsinghua.edu.cn/publish/news/4222/2014/20140828152206352784767/20140828152206352784767_.html "http scheme specific part is too short: //" https://
2014-09-14T02:41:19.934Z http://news.tsinghua.edu.cn/publish/news/4212/2014/20140909140852404970882/20140909140852404970882_.html "http scheme specific part is too short: //" http://
2014-09-14T02:41:19.935Z http://news.tsinghua.edu.cn/publish/news/4212/2014/20140909140852404970882/20140909140852404970882_.html "http scheme specific part is too short: //" https://
2014-09-14T02:41:23.069Z http://news.tsinghua.edu.cn/publish/news/8928/index.html "http scheme specific part is too short: //" http://
2014-09-14T02:41:23.069Z http://news.tsinghua.edu.cn/publish/news/8928/index.html "http scheme specific part is too short: //" https://
2014-09-14T02:41:26.192Z http://news.tsinghua.edu.cn/publish/news/4213/2014/20140814153040159132757/20140814153040159132757_.html "http scheme specific part is too short: //" http://
2014-09-14T02:41:26.192Z http://news.tsinghua.edu.cn/publish/news/4213/2014/20140814153040159132757/20140814153040159132757_.html "http scheme specific part is too short: //" https://
2014-09-14T02:41:29.355Z http://news.tsinghua.edu.cn/publish/news/4214/index.html "http scheme specific part is too short: //" http://
2014-09-14T02:41:29.355Z http://news.tsinghua.edu.cn/publish/news/4214/index.html "http scheme specific part is too short: //" https://
2014-09-14T02:41:32.544Z http://news.tsinghua.edu.cn/publish/news/4205/2014/20140911152115392321700/20140911152115392321700_.html "http scheme specific part is too short: //" http://
2014-09-14T02:41:32.544Z http://news.tsinghua.edu.cn/publish/news/4205/2014/20140911152115392321700/20140911152115392321700_.html "http scheme specific part is too short: //" https://
2014-09-14T02:41:35.939Z http://news.tsinghua.edu.cn/publish/news/4212/index.html "http scheme specific part is too short: //" http://
2014-09-14T02:41:35.939Z http://news.tsinghua.edu.cn/publish/news/4212/index.html "http scheme specific part is too short: //" https://
2014-09-14T02:41:39.136Z http://news.tsinghua.edu.cn/publish/news/4217/2014/20140911135716792385746/20140911135716792385746_.html "http scheme specific part is too short: //" http://
2014-09-14T02:41:39.136Z http://news.tsinghua.edu.cn/publish/news/4217/2014/20140911135716792385746/20140911135716792385746_.html "http scheme specific part is too short: //" https://
2014-09-14T02:41:42.285Z http://news.tsinghua.edu.cn/publish/news/4205/2014/20140912150203106852163/20140912150203106852163_.html "http scheme specific part is too short: //" http://
2014-09-14T02:41:42.285Z http://news.tsinghua.edu.cn/publish/news/4205/2014/20140912150203106852163/20140912150203106852163_.html "http scheme specific part is too short: //" https://
2014-09-14T02:41:45.474Z http://news.tsinghua.edu.cn/publish/news/4211/2014/20140827102924167727797/20140827102924167727797_.html "http scheme specific part is too short: //" http://
2014-09-14T02:41:45.474Z http://news.tsinghua.edu.cn/publish/news/4211/2014/20140827102924167727797/20140827102924167727797_.html "http scheme specific part is too short: //" https://
2014-09-14T02:41:48.661Z http://news.tsinghua.edu.cn/publish/news/4217/2014/20140909171116604635079/20140909171116604635079_.html "http scheme specific part is too short: //" http://
2014-09-14T02:41:48.662Z http://news.tsinghua.edu.cn/publish/news/4217/2014/20140909171116604635079/20140909171116604635079_.html "http scheme specific part is too short: //" https://
2014-09-14T02:41:51.818Z http://news.tsinghua.edu.cn/publish/news/4205/2014/20140912141250567170667/20140912141250567170667_.html "http scheme specific part is too short: //" http://
2014-09-14T02:41:51.820Z http://news.tsinghua.edu.cn/publish/news/4205/2014/20140912141250567170667/20140912141250567170667_.html "http scheme specific part is too short: //" https://
2014-09-14T02:41:55.169Z http://news.tsinghua.edu.cn/publish/news/4213/2014/20140806153458901788967/20140806153458901788967_.html "http scheme specific part is too short: //" http://
2014-09-14T02:41:55.169Z http://news.tsinghua.edu.cn/publish/news/4213/2014/20140806153458901788967/20140806153458901788967_.html "http scheme specific part is too short: //" https://
2014-09-14T02:41:58.493Z http://news.tsinghua.edu.cn/publish/news/4210/index.html "http scheme specific part is too short: //" http://
2014-09-14T02:41:58.494Z http://news.tsinghua.edu.cn/publish/news/4210/index.html "http scheme specific part is too short: //" https://
2014-09-14T02:42:01.815Z http://news.tsinghua.edu.cn/publish/news/4210/2014/20140909140156330877327/20140909140156330877327_.html "http scheme specific part is too short: //" http://
2014-09-14T02:42:01.815Z http://news.tsinghua.edu.cn/publish/news/4210/2014/20140909140156330877327/20140909140156330877327_.html "http scheme specific part is too short: //" https://
2014-09-14T02:42:05.124Z http://news.tsinghua.edu.cn/publish/news/4216/2014/20140714095241672101954/20140714095241672101954_.html "http scheme specific part is too short: //" http://
2014-09-14T02:42:05.124Z http://news.tsinghua.edu.cn/publish/news/4216/2014/20140714095241672101954/20140714095241672101954_.html "http scheme specific part is too short: //" https://
2014-09-14T02:42:08.483Z http://news.tsinghua.edu.cn/publish/news/4225/2014/20140728174350793586840/20140728174350793586840_.html "http scheme specific part is too short: //" http://
2014-09-14T02:42:08.483Z http://news.tsinghua.edu.cn/publish/news/4225/2014/20140728174350793586840/20140728174350793586840_.html "http scheme specific part is too short: //" https://
2014-09-14T02:42:11.812Z http://news.tsinghua.edu.cn/publish/news/4207/2014/20140912140942097817056/20140912140942097817056_.html "http scheme specific part is too short: //" http://
2014-09-14T02:42:11.813Z http://news.tsinghua.edu.cn/publish/news/4207/2014/20140912140942097817056/20140912140942097817056_.html "http scheme specific part is too short: //" https://
2014-09-14T02:42:18.211Z http://news.tsinghua.edu.cn/publish/news/4195/index.html "http scheme specific part is too short: //" http://
2014-09-14T02:42:18.211Z http://news.tsinghua.edu.cn/publish/news/4195/index.html "http scheme specific part is too short: //" https://
2014-09-14T02:42:21.400Z http://news.tsinghua.edu.cn/publish/news/4208/2014/20140909141522033146893/20140909141522033146893_.html "http scheme specific part is too short: //" http://
2014-09-14T02:42:21.401Z http://news.tsinghua.edu.cn/publish/news/4208/2014/20140909141522033146893/20140909141522033146893_.html "http scheme specific part is too short: //" https://
2014-09-14T02:42:24.566Z http://news.tsinghua.edu.cn/publish/news/4217/2014/20140909170759284693801/20140909170759284693801_.html "http scheme specific part is too short: //" http://
2014-09-14T02:42:24.567Z http://news.tsinghua.edu.cn/publish/news/4217/2014/20140909170759284693801/20140909170759284693801_.html "http scheme specific part is too short: //" https://
2014-09-14T02:42:27.700Z http://news.tsinghua.edu.cn/publish/news/4222/index.html "http scheme specific part is too short: //" http://
2014-09-14T02:42:27.701Z http://news.tsinghua.edu.cn/publish/news/4222/index.html "http scheme specific part is too short: //" https://
2014-09-14T02:42:30.811Z http://news.tsinghua.edu.cn/publish/news/4209/2014/20140909154844801629907/20140909154844801629907_.html "http scheme specific part is too short: //" http://
2014-09-14T02:42:30.812Z http://news.tsinghua.edu.cn/publish/news/4209/2014/20140909154844801629907/20140909154844801629907_.html "http scheme specific part is too short: //" https://
2014-09-14T02:42:33.950Z http://news.tsinghua.edu.cn/publish/news/4215/2014/20140912141723234525051/20140912141723234525051_.html "http scheme specific part is too short: //" http://
2014-09-14T02:42:33.950Z http://news.tsinghua.edu.cn/publish/news/4215/2014/20140912141723234525051/20140912141723234525051_.html "http scheme specific part is too short: //" https://
2014-09-14T02:42:37.083Z http://news.tsinghua.edu.cn/publish/news/4215/2014/20140910115745619454583/20140910115745619454583_.html "http scheme specific part is too short: //" http://
2014-09-14T02:42:37.084Z http://news.tsinghua.edu.cn/publish/news/4215/2014/20140910115745619454583/20140910115745619454583_.html "http scheme specific part is too short: //" https://
2014-09-14T02:42:40.234Z http://news.tsinghua.edu.cn/publish/news/4207/2014/20140912153748146991685/20140912153748146991685_.html "http scheme specific part is too short: //" http://
2014-09-14T02:42:40.234Z http://news.tsinghua.edu.cn/publish/news/4207/2014/20140912153748146991685/20140912153748146991685_.html "http scheme specific part is too short: //" https://
2014-09-14T02:42:43.491Z http://news.tsinghua.edu.cn/publish/news/4225/2014/20140718114421728237310/20140718114421728237310_.html "http scheme specific part is too short: //" http://
2014-09-14T02:42:43.491Z http://news.tsinghua.edu.cn/publish/news/4225/2014/20140718114421728237310/20140718114421728237310_.html "http scheme specific part is too short: //" https://
2014-09-14T02:42:46.829Z http://news.tsinghua.edu.cn/publish/news/4204/index.html "http scheme specific part is too short: //" http://
2014-09-14T02:42:46.830Z http://news.tsinghua.edu.cn/publish/news/4204/index.html "http scheme specific part is too short: //" https://
2014-09-14T02:42:50.094Z http://news.tsinghua.edu.cn/publish/news/4210/2014/20140912150203106852163/20140912150203106852163_.html "http scheme specific part is too short: //" http://
2014-09-14T02:42:50.094Z http://news.tsinghua.edu.cn/publish/news/4210/2014/20140912150203106852163/20140912150203106852163_.html "http scheme specific part is too short: //" https://
2014-09-14T02:42:53.249Z http://news.tsinghua.edu.cn/publish/news/4195/2014/20140911135054724732910/20140911135054724732910_.html "http scheme specific part is too short: //" http://
2014-09-14T02:42:53.249Z http://news.tsinghua.edu.cn/publish/news/4195/2014/20140911135054724732910/20140911135054724732910_.html "http scheme specific part is too short: //" https://
2014-09-14T02:42:56.401Z http://news.tsinghua.edu.cn/publish/news/4210/2014/20140709083830041903674/20140709083830041903674_.html "http scheme specific part is too short: //" http://
2014-09-14T02:42:56.402Z http://news.tsinghua.edu.cn/publish/news/4210/2014/20140709083830041903674/20140709083830041903674_.html "http scheme specific part is too short: //" https://
2014-09-14T02:42:59.636Z http://news.tsinghua.edu.cn/publish/news/8946/index.html "http scheme specific part is too short: //" http://
2014-09-14T02:42:59.636Z http://news.tsinghua.edu.cn/publish/news/8946/index.html "http scheme specific part is too short: //" https://
2014-09-14T02:43:03.188Z http://news.tsinghua.edu.cn/publish/news/4207/2014/20140912142300696169967/20140912142300696169967_.html "http scheme specific part is too short: //" http://
2014-09-14T02:43:03.188Z http://news.tsinghua.edu.cn/publish/news/4207/2014/20140912142300696169967/20140912142300696169967_.html "http scheme specific part is too short: //" https://
2014-09-14T02:43:06.456Z http://news.tsinghua.edu.cn/publish/news/4199/index.html "http scheme specific part is too short: //" http://
2014-09-14T02:43:06.457Z http://news.tsinghua.edu.cn/publish/news/4199/index.html "http scheme specific part is too short: //" https://
2014-09-14T02:43:09.566Z http://news.tsinghua.edu.cn/publish/news/4209/2014/20140910170611922838136/20140910170611922838136_.html "http scheme specific part is too short: //" http://
2014-09-14T02:43:09.566Z http://news.tsinghua.edu.cn/publish/news/4209/2014/20140910170611922838136/20140910170611922838136_.html "http scheme specific part is too short: //" https://
2014-09-14T02:43:12.913Z http://news.tsinghua.edu.cn/publish/news/4217/2014/20140912114543278616330/20140912114543278616330_.html "http scheme specific part is too short: //" http://
2014-09-14T02:43:12.914Z http://news.tsinghua.edu.cn/publish/news/4217/2014/20140912114543278616330/20140912114543278616330_.html "http scheme specific part is too short: //" https://
2014-09-14T02:43:16.067Z http://news.tsinghua.edu.cn/publish/news/4205/2014/20140911135549720187394/20140911135549720187394_.html "http scheme specific part is too short: //" http://
2014-09-14T02:43:16.068Z http://news.tsinghua.edu.cn/publish/news/4205/2014/20140911135549720187394/20140911135549720187394_.html "http scheme specific part is too short: //" https://
2014-09-14T02:43:19.212Z http://news.tsinghua.edu.cn/publish/news/4205/2014/20140912115654205357981/20140912115654205357981_.html "http scheme specific part is too short: //" http://
2014-09-14T02:43:19.213Z http://news.tsinghua.edu.cn/publish/news/4205/2014/20140912115654205357981/20140912115654205357981_.html "http scheme specific part is too short: //" https://
2014-09-14T02:43:22.321Z http://news.tsinghua.edu.cn/publish/news/4207/2014/20140912141613508204366/20140912141613508204366_.html "http scheme specific part is too short: //" http://
2014-09-14T02:43:22.322Z http://news.tsinghua.edu.cn/publish/news/4207/2014/20140912141613508204366/20140912141613508204366_.html "http scheme specific part is too short: //" https://
2014-09-14T02:43:25.491Z http://news.tsinghua.edu.cn/publish/news/4218/index.html "http scheme specific part is too short: //" http://
2014-09-14T02:43:25.491Z http://news.tsinghua.edu.cn/publish/news/4218/index.html "http scheme specific part is too short: //" https://
2014-09-14T02:43:28.752Z http://news.tsinghua.edu.cn/publish/news/4195/2014/20140911135140928711049/20140911135140928711049_.html "http scheme specific part is too short: //" http://
2014-09-14T02:43:28.752Z http://news.tsinghua.edu.cn/publish/news/4195/2014/20140911135140928711049/20140911135140928711049_.html "http scheme specific part is too short: //" https://
2014-09-14T02:43:31.934Z http://news.tsinghua.edu.cn/publish/news/4205/2014/20140912173540201758147/20140912173540201758147_.html "http scheme specific part is too short: //" http://
2014-09-14T02:43:31.934Z http://news.tsinghua.edu.cn/publish/news/4205/2014/20140912173540201758147/20140912173540201758147_.html "http scheme specific part is too short: //" https://
2014-09-14T02:43:35.050Z http://news.tsinghua.edu.cn/publish/news/4209/2014/20140910153209302317052/20140910153209302317052_.html "http scheme specific part is too short: //" http://
2014-09-14T02:43:35.050Z http://news.tsinghua.edu.cn/publish/news/4209/2014/20140910153209302317052/20140910153209302317052_.html "http scheme specific part is too short: //" https://
2014-09-14T02:43:38.411Z http://news.tsinghua.edu.cn/publish/news/4216/2014/20140821113903591333183/20140821113903591333183_.html "http scheme specific part is too short: //" http://
2014-09-14T02:43:38.411Z http://news.tsinghua.edu.cn/publish/news/4216/2014/20140821113903591333183/20140821113903591333183_.html "http scheme specific part is too short: //" https://
2014-09-14T02:43:41.575Z http://news.tsinghua.edu.cn/publish/news/4211/2014/20140912105703628773479/20140912105703628773479_.html "http scheme specific part is too short: //" http://
2014-09-14T02:43:41.575Z http://news.tsinghua.edu.cn/publish/news/4211/2014/20140912105703628773479/20140912105703628773479_.html "http scheme specific part is too short: //" https://
2014-09-14T02:43:44.719Z http://news.tsinghua.edu.cn/publish/news/4204/2014/20140910113911904303172/20140910113911904303172_.html "http scheme specific part is too short: //" http://
2014-09-14T02:43:44.729Z http://news.tsinghua.edu.cn/publish/news/4204/2014/20140910113911904303172/20140910113911904303172_.html "http scheme specific part is too short: //" https://
2014-09-14T02:43:50.889Z http://news.tsinghua.edu.cn/publish/news/4211/2014/20140909165748551103952/20140909165748551103952_.html "http scheme specific part is too short: //" http://
2014-09-14T02:43:50.890Z http://news.tsinghua.edu.cn/publish/news/4211/2014/20140909165748551103952/20140909165748551103952_.html "http scheme specific part is too short: //" https://
2014-09-14T02:43:54.936Z http://news.tsinghua.edu.cn/publish/news/4205/2014/20140912114329127154375/20140912114329127154375_.html "http scheme specific part is too short: //" http://
2014-09-14T02:43:54.944Z http://news.tsinghua.edu.cn/publish/news/4205/2014/20140912114329127154375/20140912114329127154375_.html "http scheme specific part is too short: //" https://
