2014-09-18T01:23:01.867Z     1         59 dns:news.tsinghua.edu.cn P http://news.tsinghua.edu.cn/publish/news/index.html text/dns #003 20140918012301770+94 sha1:JEAFW46DH4PPELX5DLPW26OAZHUSAXGA - -
2014-09-18T01:23:05.133Z   200        402 http://news.tsinghua.edu.cn/robots.txt P http://news.tsinghua.edu.cn/publish/news/index.html text/html #003 20140918012304879+221 sha1:EVDP3TRCMH3WDC2ZMH3JXELSOZXLCTYX - usingCharsetInHTML:UTF-8
2014-09-18T01:23:11.624Z   200      63558 http://news.tsinghua.edu.cn/publish/news/index.html - - text/html #003 20140918012308140+723 sha1:4Y4CMM65EN4GESLYKEC4C4O7MO36L2BI - usingCharsetInHTML:UTF-8,3t
2014-09-18T01:23:11.940Z   404        169 http://166.111.5.104/robots.txt EP http://166.111.5.104/mcms/news/ text/html #012 20140918012311778+159 sha1:H2LSNNMP2AAAJA32CGMGN5UJSRJRJQQV - -
2014-09-18T01:23:16.371Z   200        402 http://news.tsinghua.edu.cn/sites/ X http://news.tsinghua.edu.cn/publish/news/index.html text/html #022 20140918012315778+136 sha1:EVDP3TRCMH3WDC2ZMH3JXELSOZXLCTYX - usingCharsetInHTML:UTF-8
2014-09-18T01:23:16.884Z    -5       2731 http://166.111.5.104/mcms/news/ E http://news.tsinghua.edu.cn/publish/news/index.html text/html #012 20140918012314947+606 sha1:GACGQ53HEO4U2CY2BAMQMNQ7NCBZSIHR - usingCharsetInHTML:UTF-8,err=java.lang.NullPointerException,2t
2014-09-18T01:23:19.588Z   403        180 http://news.tsinghua.edu.cn/publish/ X http://news.tsinghua.edu.cn/publish/news/index.html text/html #022 20140918012319380+112 sha1:IZL2V3JWC756T5PQMRKLA5IKQHCMBSCO - -
2014-09-18T01:23:23.145Z   200        402 http://news.tsinghua.edu.cn/sites// X http://news.tsinghua.edu.cn/publish/news/index.html text/html #022 20140918012322595+122 sha1:EVDP3TRCMH3WDC2ZMH3JXELSOZXLCTYX - usingCharsetInHTML:UTF-8
2014-09-18T01:23:26.385Z   403        180 http://news.tsinghua.edu.cn/publish// X http://news.tsinghua.edu.cn/publish/news/index.html text/html #022 20140918012326152+139 sha1:IZL2V3JWC756T5PQMRKLA5IKQHCMBSCO - -
2014-09-18T01:23:31.155Z   200      31244 http://news.tsinghua.edu.cn/publish/news/4205/2014/20140916105521356341978/20140916105521356341978_.html L http://news.tsinghua.edu.cn/publish/news/index.html text/html #022 20140918012329391+499 sha1:FZJ7BQDLHE35JSZFTM2YH4VILSNBL47N - usingCharsetInHTML:UTF-8
2014-09-18T01:23:34.707Z   200        402 http://news.tsinghua.edu.cn/sites/newsen// LX http://news.tsinghua.edu.cn/publish/news/4205/2014/20140916105521356341978/20140916105521356341978_.html text/html #022 20140918012334162+113 sha1:EVDP3TRCMH3WDC2ZMH3JXELSOZXLCTYX - usingCharsetInHTML:UTF-8
2014-09-18T01:23:39.306Z   200      20854 http://news.tsinghua.edu.cn/publish/newsen// LX http://news.tsinghua.edu.cn/publish/news/4205/2014/20140916105521356341978/20140916105521356341978_.html text/html #022 20140918012337714+517 sha1:X65KEQGPSNPCZHHPSCKVCJ7FDOAPFMWC - usingCharsetInHTML:UTF-8
2014-09-18T01:23:42.853Z   200        402 http://news.tsinghua.edu.cn/sites/news// LX http://news.tsinghua.edu.cn/publish/news/4205/2014/20140916105521356341978/20140916105521356341978_.html text/html #022 20140918012342313+130 sha1:EVDP3TRCMH3WDC2ZMH3JXELSOZXLCTYX - usingCharsetInHTML:UTF-8
2014-09-18T01:23:46.415Z   200        402 http://news.tsinghua.edu.cn/sites/news/ LX http://news.tsinghua.edu.cn/publish/news/4205/2014/20140916105521356341978/20140916105521356341978_.html text/html #005 20140918012345860+118 sha1:EVDP3TRCMH3WDC2ZMH3JXELSOZXLCTYX - usingCharsetInHTML:UTF-8
2014-09-18T01:23:51.906Z   200      63558 http://news.tsinghua.edu.cn/publish/news// LX http://news.tsinghua.edu.cn/publish/news/4205/2014/20140916105521356341978/20140916105521356341978_.html text/html #005 20140918012349421+755 sha1:4Y4CMM65EN4GESLYKEC4C4O7MO36L2BI - usingCharsetInHTML:UTF-8
2014-09-18T01:23:57.249Z   200      20854 http://news.tsinghua.edu.cn/publish/newsen/ LX http://news.tsinghua.edu.cn/publish/news/4205/2014/20140916105521356341978/20140916105521356341978_.html text/html #021 20140918012355828+344 sha1:X65KEQGPSNPCZHHPSCKVCJ7FDOAPFMWC - usingCharsetInHTML:UTF-8
2014-09-18T01:24:03.065Z   200      63558 http://news.tsinghua.edu.cn/publish/news/ LX http://news.tsinghua.edu.cn/publish/news/4205/2014/20140916105521356341978/20140916105521356341978_.html text/html #021 20140918012400254+966 sha1:4Y4CMM65EN4GESLYKEC4C4O7MO36L2BI - usingCharsetInHTML:UTF-8
2014-09-18T01:24:11.580Z   200        402 http://news.tsinghua.edu.cn/publish/news/index.html/ LX http://news.tsinghua.edu.cn/publish/news/4205/2014/20140916105521356341978/20140916105521356341978_.html text/html #022 20140918012407900+1360 sha1:EVDP3TRCMH3WDC2ZMH3JXELSOZXLCTYX - usingCharsetInHTML:UTF-8
2014-09-18T01:24:19.163Z   200        402 http://news.tsinghua.edu.cn/sites/newsen/ LX http://news.tsinghua.edu.cn/publish/news/4205/2014/20140916105521356341978/20140916105521356341978_.html text/html #022 20140918012418589+119 sha1:EVDP3TRCMH3WDC2ZMH3JXELSOZXLCTYX - usingCharsetInHTML:UTF-8
2014-09-18T01:24:23.849Z   200      25927 http://news.tsinghua.edu.cn/publish/news/4207/2014/20140918085655306332667/20140918085655306332667_.html L http://news.tsinghua.edu.cn/publish/news/index.html text/html #022 20140918012422169+532 sha1:66YAGC2CFDISMQCJRKMO45ZQC5RJUJ7I - usingCharsetInHTML:UTF-8
2014-09-18T01:24:29.189Z   200      53638 http://news.tsinghua.edu.cn/publish/news/4210/2014/20140722114513975882197/20140722114513975882197_.html L http://news.tsinghua.edu.cn/publish/news/index.html text/html #022 20140918012426856+743 sha1:OKJCKHV4MN6P37GKPZAOUXC6USB5BSJQ - usingCharsetInHTML:UTF-8
2014-09-18T01:24:34.976Z   200      28767 http://news.tsinghua.edu.cn/publish/news/4204/2014/20140912153632134476481/20140912153632134476481_.html L http://news.tsinghua.edu.cn/publish/news/index.html text/html #024 20140918012432914+451 sha1:H7EB6SR6V6TQBX5SZD65CGWAKXBW7AHX - usingCharsetInHTML:UTF-8
2014-09-18T01:24:40.109Z   200      48858 http://news.tsinghua.edu.cn/publish/news/9174/index.html L http://news.tsinghua.edu.cn/publish/news/index.html text/html #024 20140918012437979+906 sha1:44VN6Q6WPVXTHRZGO74UDKTUGFGBTYCK - usingCharsetInHTML:UTF-8
2014-09-18T01:24:47.455Z   200      45128 http://news.tsinghua.edu.cn/publish/news/4204/2014/20140916094155112851576/20140916094155112851576_.html L http://news.tsinghua.edu.cn/publish/news/index.html text/html #003 20140918012444744+829 sha1:UL4CYRS6MZO7YR4N3OXQVEYBCP7B2SAG - usingCharsetInHTML:UTF-8
2014-09-18T01:24:53.803Z   200      26974 http://news.tsinghua.edu.cn/publish/news/4207/2014/20140918085746258392146/20140918085746258392146_.html L http://news.tsinghua.edu.cn/publish/news/index.html text/html #010 20140918012451924+500 sha1:V57Y3BKU7ZUMG4NNTCWSBLTQLK64IAIN - usingCharsetInHTML:UTF-8
