2014-09-18T01:23:08.878Z http://news.tsinghua.edu.cn/publish/news/index.html "http scheme specific part is too short: //" http://
2014-09-18T01:23:08.882Z http://news.tsinghua.edu.cn/publish/news/index.html "http scheme specific part is too short: //" https://
2014-09-18T01:23:29.893Z http://news.tsinghua.edu.cn/publish/news/4205/2014/20140916105521356341978/20140916105521356341978_.html "http scheme specific part is too short: //" http://
2014-09-18T01:23:29.894Z http://news.tsinghua.edu.cn/publish/news/4205/2014/20140916105521356341978/20140916105521356341978_.html "http scheme specific part is too short: //" https://
2014-09-18T01:23:38.234Z http://news.tsinghua.edu.cn/publish/newsen// "http scheme specific part is too short: //" http://
2014-09-18T01:23:38.235Z http://news.tsinghua.edu.cn/publish/newsen// "http scheme specific part is too short: //" https://
2014-09-18T01:23:50.179Z http://news.tsinghua.edu.cn/publish/news// "http scheme specific part is too short: //" http://
2014-09-18T01:23:50.180Z http://news.tsinghua.edu.cn/publish/news// "http scheme specific part is too short: //" https://
2014-09-18T01:23:56.175Z http://news.tsinghua.edu.cn/publish/newsen/ "http scheme specific part is too short: //" http://
2014-09-18T01:23:56.184Z http://news.tsinghua.edu.cn/publish/newsen/ "http scheme specific part is too short: //" https://
2014-09-18T01:24:01.222Z http://news.tsinghua.edu.cn/publish/news/ "http scheme specific part is too short: //" http://
2014-09-18T01:24:01.223Z http://news.tsinghua.edu.cn/publish/news/ "http scheme specific part is too short: //" https://
2014-09-18T01:24:22.704Z http://news.tsinghua.edu.cn/publish/news/4207/2014/20140918085655306332667/20140918085655306332667_.html "http scheme specific part is too short: //" http://
2014-09-18T01:24:22.705Z http://news.tsinghua.edu.cn/publish/news/4207/2014/20140918085655306332667/20140918085655306332667_.html "http scheme specific part is too short: //" https://
2014-09-18T01:24:27.602Z http://news.tsinghua.edu.cn/publish/news/4210/2014/20140722114513975882197/20140722114513975882197_.html "http scheme specific part is too short: //" http://
2014-09-18T01:24:27.603Z http://news.tsinghua.edu.cn/publish/news/4210/2014/20140722114513975882197/20140722114513975882197_.html "http scheme specific part is too short: //" https://
2014-09-18T01:24:33.368Z http://news.tsinghua.edu.cn/publish/news/4204/2014/20140912153632134476481/20140912153632134476481_.html "http scheme specific part is too short: //" http://
2014-09-18T01:24:33.368Z http://news.tsinghua.edu.cn/publish/news/4204/2014/20140912153632134476481/20140912153632134476481_.html "http scheme specific part is too short: //" https://
2014-09-18T01:24:38.888Z http://news.tsinghua.edu.cn/publish/news/9174/index.html "http scheme specific part is too short: //" http://
2014-09-18T01:24:38.889Z http://news.tsinghua.edu.cn/publish/news/9174/index.html "http scheme specific part is too short: //" https://
2014-09-18T01:24:45.576Z http://news.tsinghua.edu.cn/publish/news/4204/2014/20140916094155112851576/20140916094155112851576_.html "http scheme specific part is too short: //" http://
2014-09-18T01:24:45.576Z http://news.tsinghua.edu.cn/publish/news/4204/2014/20140916094155112851576/20140916094155112851576_.html "http scheme specific part is too short: //" https://
2014-09-18T01:24:52.428Z http://news.tsinghua.edu.cn/publish/news/4207/2014/20140918085746258392146/20140918085746258392146_.html "http scheme specific part is too short: //" http://
2014-09-18T01:24:52.428Z http://news.tsinghua.edu.cn/publish/news/4207/2014/20140918085746258392146/20140918085746258392146_.html "http scheme specific part is too short: //" https://
