2014-09-18T01:26:58.275Z     1         59 dns:news.tsinghua.edu.cn P http://news.tsinghua.edu.cn/publish/news/index.html text/dns #011 20140918012658175+98 sha1:DFGQ2SR2BBVVCWU4OJ67PD4JDE2W7QGK - -
2014-09-18T01:27:01.544Z   200        402 http://news.tsinghua.edu.cn/robots.txt P http://news.tsinghua.edu.cn/publish/news/index.html text/html #011 20140918012701288+224 sha1:EVDP3TRCMH3WDC2ZMH3JXELSOZXLCTYX - usingCharsetInHTML:UTF-8
2014-09-18T01:27:09.627Z   200      63558 http://news.tsinghua.edu.cn/publish/news/index.html - - text/html #011 20140918012704550+1558 sha1:4Y4CMM65EN4GESLYKEC4C4O7MO36L2BI - usingCharsetInHTML:UTF-8,3t
2014-09-18T01:27:10.342Z   404        169 http://166.111.5.104/robots.txt EP http://166.111.5.104/mcms/news/ text/html #022 20140918012710188+152 sha1:H2LSNNMP2AAAJA32CGMGN5UJSRJRJQQV - -
2014-09-18T01:27:16.650Z   200       2731 http://166.111.5.104/mcms/news/ E http://news.tsinghua.edu.cn/publish/news/index.html text/html #022 20140918012713350+594 sha1:GACGQ53HEO4U2CY2BAMQMNQ7NCBZSIHR - usingCharsetInHTML:UTF-8,2t
2014-09-18T01:27:18.346Z   200        402 http://news.tsinghua.edu.cn/sites/ X http://news.tsinghua.edu.cn/publish/news/index.html text/html #022 20140918012717654+136 sha1:EVDP3TRCMH3WDC2ZMH3JXELSOZXLCTYX - usingCharsetInHTML:UTF-8
2014-09-18T01:27:21.606Z   403        180 http://news.tsinghua.edu.cn/publish/ X http://news.tsinghua.edu.cn/publish/news/index.html text/html #022 20140918012721353+166 sha1:IZL2V3JWC756T5PQMRKLA5IKQHCMBSCO - -
2014-09-18T01:27:25.445Z   200        402 http://news.tsinghua.edu.cn/sites// X http://news.tsinghua.edu.cn/publish/news/index.html text/html #022 20140918012724613+163 sha1:EVDP3TRCMH3WDC2ZMH3JXELSOZXLCTYX - usingCharsetInHTML:UTF-8
2014-09-18T01:27:28.660Z   403        180 http://news.tsinghua.edu.cn/publish// X http://news.tsinghua.edu.cn/publish/news/index.html text/html #022 20140918012728451+123 sha1:IZL2V3JWC756T5PQMRKLA5IKQHCMBSCO - -
2014-09-18T01:27:34.317Z   200      85684 http://news.tsinghua.edu.cn/publish/news/4206/index.html L http://news.tsinghua.edu.cn/publish/news/index.html text/html #022 20140918012731667+1198 sha1:YFMOL7GNOGZG6CZ63UIRI4SCWGXWJ6ST - usingCharsetInHTML:UTF-8
2014-09-18T01:27:42.964Z   200      63558 http://news.tsinghua.edu.cn/publish/news/ LX http://news.tsinghua.edu.cn/publish/news/4206/index.html text/html #022 20140918012740329+823 sha1:4Y4CMM65EN4GESLYKEC4C4O7MO36L2BI - usingCharsetInHTML:UTF-8
2014-09-18T01:27:47.809Z   200        402 http://news.tsinghua.edu.cn/sites/newsen/ LX http://news.tsinghua.edu.cn/publish/news/4206/index.html text/html #025 20140918012747228+144 sha1:EVDP3TRCMH3WDC2ZMH3JXELSOZXLCTYX - usingCharsetInHTML:UTF-8
2014-09-18T01:27:51.379Z   200        402 http://news.tsinghua.edu.cn/publish/news/index.html/ LX http://news.tsinghua.edu.cn/publish/news/4206/index.html text/html #025 20140918012750815+150 sha1:EVDP3TRCMH3WDC2ZMH3JXELSOZXLCTYX - usingCharsetInHTML:UTF-8
2014-09-18T01:27:54.938Z   200        402 http://news.tsinghua.edu.cn/sites/newsen// LX http://news.tsinghua.edu.cn/publish/news/4206/index.html text/html #025 20140918012754385+129 sha1:EVDP3TRCMH3WDC2ZMH3JXELSOZXLCTYX - usingCharsetInHTML:UTF-8
2014-09-18T01:27:59.185Z   200      20854 http://news.tsinghua.edu.cn/publish/newsen// LX http://news.tsinghua.edu.cn/publish/news/4206/index.html text/html #025 20140918012757945+396 sha1:X65KEQGPSNPCZHHPSCKVCJ7FDOAPFMWC - usingCharsetInHTML:UTF-8
2014-09-18T01:28:02.725Z   200        402 http://news.tsinghua.edu.cn/sites/news// LX http://news.tsinghua.edu.cn/publish/news/4206/index.html text/html #025 20140918012802192+122 sha1:EVDP3TRCMH3WDC2ZMH3JXELSOZXLCTYX - usingCharsetInHTML:UTF-8
2014-09-18T01:28:06.253Z   200        402 http://news.tsinghua.edu.cn/sites/news/ LX http://news.tsinghua.edu.cn/publish/news/4206/index.html text/html #025 20140918012805731+153 sha1:EVDP3TRCMH3WDC2ZMH3JXELSOZXLCTYX - usingCharsetInHTML:UTF-8
2014-09-18T01:28:11.705Z   200      63558 http://news.tsinghua.edu.cn/publish/news// LX http://news.tsinghua.edu.cn/publish/news/4206/index.html text/html #025 20140918012809259+856 sha1:4Y4CMM65EN4GESLYKEC4C4O7MO36L2BI - usingCharsetInHTML:UTF-8
2014-09-18T01:28:17.234Z   200      20854 http://news.tsinghua.edu.cn/publish/newsen/ LX http://news.tsinghua.edu.cn/publish/news/4206/index.html text/html #022 20140918012816010+356 sha1:X65KEQGPSNPCZHHPSCKVCJ7FDOAPFMWC - usingCharsetInHTML:UTF-8
2014-09-18T01:28:22.022Z   200      39992 http://news.tsinghua.edu.cn/publish/news/4215/2014/20140917105051385152015/20140917105051385152015_.html L http://news.tsinghua.edu.cn/publish/news/index.html text/html #022 20140918012820240+721 sha1:7DPHM6GGBCYSMCC5OPCZEIT37TPPAF3X - usingCharsetInHTML:UTF-8
2014-09-18T01:28:26.667Z   200       4250 http://news.tsinghua.edu.cn/publish/news/rss/index.html L http://news.tsinghua.edu.cn/publish/news/index.html text/html #011 20140918012825718+342 sha1:GV6KIV3X5I3JMNJS6TNXAG4ONWHOZTDJ - usingCharsetInHTML:GB2312
2014-09-18T01:28:31.805Z   200      45128 http://news.tsinghua.edu.cn/publish/news/4205/2014/20140916094155112851576/20140916094155112851576_.html L http://news.tsinghua.edu.cn/publish/news/index.html text/html #011 20140918012829673+733 sha1:DCKKZNO7VC4PNJPWLYZ6GKBGU4G2ISF6 - usingCharsetInHTML:UTF-8
2014-09-18T01:28:37.357Z   200      30176 http://news.tsinghua.edu.cn/publish/news/9185/index.html L http://news.tsinghua.edu.cn/publish/news/index.html text/html #025 20140918012835738+543 sha1:5IP3RKP77AXRTWP2NQLV6ZCMXPRXIM2N - usingCharsetInHTML:UTF-8
2014-09-18T01:28:42.143Z   200      26075 http://news.tsinghua.edu.cn/publish/news/4211/2014/20140912143006217491635/20140912143006217491635_.html L http://news.tsinghua.edu.cn/publish/news/index.html text/html #013 20140918012840362+561 sha1:SDMQTFZE74BTQHAM4ROKGXMNZLNDOEE5 - usingCharsetInHTML:UTF-8
2014-09-18T01:28:46.757Z   200      27379 http://news.tsinghua.edu.cn/publish/news/4204/2014/20140915150211424416517/20140915150211424416517_.html L http://news.tsinghua.edu.cn/publish/news/index.html text/html #013 20140918012845148+466 sha1:QSPKATNKRCMQJVU4TJPQUQUKINA2DTZD - usingCharsetInHTML:UTF-8
2014-09-18T01:28:51.827Z   200      25876 http://news.tsinghua.edu.cn/publish/news/4205/2014/20140917110957752392633/20140917110957752392633_.html L http://news.tsinghua.edu.cn/publish/news/index.html text/html #013 20140918012849761+399 sha1:IWJUY7OUNRESMCHNJ3NHCLSGZUXERJD6 - usingCharsetInHTML:UTF-8
2014-09-18T01:28:57.925Z   200      85761 http://news.tsinghua.edu.cn/publish/news/4215/index.html L http://news.tsinghua.edu.cn/publish/news/index.html text/html #013 20140918012854832+1677 sha1:NUEKMLF6J7Z5RD5UC7KBPESCA2UEWN4D - usingCharsetInHTML:UTF-8
2014-09-18T01:29:08.387Z   200      27214 http://news.tsinghua.edu.cn/publish/news/4195/2014/20140916152146883698220/20140916152146883698220_.html L http://news.tsinghua.edu.cn/publish/news/index.html text/html #008 20140918012906353+710 sha1:IXLOW3XDVNCCHJN2CR3E5EM7IFMA2R2A - usingCharsetInHTML:UTF-8
2014-09-18T01:29:14.436Z   200      48097 http://news.tsinghua.edu.cn/publish/news/4222/2014/20140916110802625919534/20140916110802625919534_.html L http://news.tsinghua.edu.cn/publish/news/index.html text/html #013 20140918012911947+699 sha1:PVR3HMCP4JGS2YWR2P6L2IRD5QD4T2X2 - usingCharsetInHTML:UTF-8
2014-09-18T01:29:21.523Z   200      85928 http://news.tsinghua.edu.cn/publish/news/4208/index.html L http://news.tsinghua.edu.cn/publish/news/index.html text/html #022 20140918012918083+1839 sha1:ZRZHSRL3VS2FIWBLXWM35JTNWY7NFYJR - usingCharsetInHTML:UTF-8
2014-09-18T01:29:34.063Z   200      86393 http://news.tsinghua.edu.cn/publish/news/4225/index.html L http://news.tsinghua.edu.cn/publish/news/index.html text/html #011 20140918012930877+1406 sha1:V7ZK2B5GO5NACAQKIDTEBRXJH7MG57O6 - usingCharsetInHTML:UTF-8
2014-09-18T01:29:43.924Z   200      43610 http://news.tsinghua.edu.cn/publish/news/4210/2014/20140730090553151260956/20140730090553151260956_.html L http://news.tsinghua.edu.cn/publish/news/index.html text/html #012 20140918012941403+986 sha1:VCE6CIKVSLWJWZPJOFRTRKVHCCZJJPE4 - usingCharsetInHTML:UTF-8
2014-09-18T01:29:50.530Z   200      29702 http://news.tsinghua.edu.cn/publish/news/4212/2014/20140917160305302554992/20140917160305302554992_.html L http://news.tsinghua.edu.cn/publish/news/index.html text/html #012 20140918012948932+459 sha1:Z6AP7ONFJFDRFY5KLPVQGPRHSLXEL53P - usingCharsetInHTML:UTF-8
2014-09-18T01:29:55.018Z   200      28337 http://news.tsinghua.edu.cn/publish/news/4205/2014/20140917151346611863449/20140917151346611863449_.html L http://news.tsinghua.edu.cn/publish/news/index.html text/html #012 20140918012953536+435 sha1:MQBVPQBUQ56JUK7CUL3SQMGKLEG3XNW5 - usingCharsetInHTML:UTF-8
2014-09-18T01:30:00.611Z   200      85902 http://news.tsinghua.edu.cn/publish/news/9113/index.html L http://news.tsinghua.edu.cn/publish/news/index.html text/html #012 20140918012958024+1220 sha1:ABNJTOKWQX45O6GKP7TPDKWFIPP2ZKRD - usingCharsetInHTML:UTF-8
2014-09-18T01:30:10.059Z   200      86099 http://news.tsinghua.edu.cn/publish/news/4211/index.html L http://news.tsinghua.edu.cn/publish/news/index.html text/html #011 20140918013007106+1697 sha1:BMRZPX4OIIR4ZWGE7STGFU6YIYOOVMZX - usingCharsetInHTML:UTF-8
2014-09-18T01:30:21.079Z   200      86122 http://news.tsinghua.edu.cn/publish/news/4205/index.html L http://news.tsinghua.edu.cn/publish/news/index.html text/html #022 20140918013018598+1153 sha1:WMOPA4UGXSQQPGU3AZLJKPFBXU2U47EQ - usingCharsetInHTML:UTF-8
2014-09-18T01:30:28.977Z   200      30716 http://news.tsinghua.edu.cn/publish/news/4225/2014/20140630172417987945950/20140630172417987945950_.html L http://news.tsinghua.edu.cn/publish/news/index.html text/html #011 20140918013027081+647 sha1:RWN2SQZ4RBQ4HUL3SE6EZKH5MWBWXWHK - usingCharsetInHTML:UTF-8
2014-09-18T01:30:34.194Z   200      28283 http://news.tsinghua.edu.cn/publish/news/4225/2014/20140717100434365370636/20140717100434365370636_.html L http://news.tsinghua.edu.cn/publish/news/index.html text/html #006 20140918013032477+499 sha1:Y6Y2LUK7JFDBDSO46B75LA2OGNRO2RN6 - usingCharsetInHTML:UTF-8
2014-09-18T01:30:38.763Z   200      17372 http://news.tsinghua.edu.cn/publish/news/4198/index.html L http://news.tsinghua.edu.cn/publish/news/index.html text/html #006 20140918013037200+453 sha1:E7BHEUJPFRCJAXSTA53ZLL4GQZ652BWV - usingCharsetInHTML:UTF-8
2014-09-18T01:30:44.148Z   200      62164 http://news.tsinghua.edu.cn/publish/news/9173/index.html L http://news.tsinghua.edu.cn/publish/news/index.html text/html #006 20140918013041769+1003 sha1:TSUU3FU3IG7ZXQQ3QS7VXRFJOSBAQL3R - usingCharsetInHTML:UTF-8
2014-09-18T01:30:53.788Z   200      41346 http://news.tsinghua.edu.cn/publish/news/4213/2014/20140820130320977997029/20140820130320977997029_.html L http://news.tsinghua.edu.cn/publish/news/index.html text/html #007 20140918013049500+3036 sha1:XWNJ7M56TWTBPQ5KB3ATAQUNCMNCICAT - usingCharsetInHTML:UTF-8
2014-09-18T01:31:12.241Z   200      85776 http://news.tsinghua.edu.cn/publish/news/4217/index.html L http://news.tsinghua.edu.cn/publish/news/index.html text/html #011 20140918013109023+1743 sha1:K5WJKP2GRZ4T2VVW4W62CKV7THWBZ6D7 - usingCharsetInHTML:UTF-8
2014-09-18T01:31:22.811Z   200      22030 http://news.tsinghua.edu.cn/publish/news/4210/2014/20140803214214381402699/20140803214214381402699_.html L http://news.tsinghua.edu.cn/publish/news/index.html text/html #022 20140918013121152+474 sha1:S3YKBEZKWQ5BF2C3V6BV72VWDUMZZEBR - usingCharsetInHTML:UTF-8
2014-09-18T01:31:27.739Z   200      36448 http://news.tsinghua.edu.cn/publish/news/4209/2014/20140912173540201758147/20140912173540201758147_.html L http://news.tsinghua.edu.cn/publish/news/index.html text/html #022 20140918013125817+601 sha1:U5OKG5PWZXU2LMHFECZPKCZCHPY6GXC7 - usingCharsetInHTML:UTF-8
2014-09-18T01:31:32.955Z   200      52093 http://news.tsinghua.edu.cn/publish/news/4215/2014/20140917154842309432565/20140917154842309432565_.html L http://news.tsinghua.edu.cn/publish/news/index.html text/html #022 20140918013130747+688 sha1:SBW3HOJUD5A7ZTMXFMGEWOIF4LLFIXXV - usingCharsetInHTML:UTF-8
2014-09-18T01:31:41.011Z   200      48027 http://news.tsinghua.edu.cn/publish/news/4195/2014/20140916144900620659164/20140916144900620659164_.html L http://news.tsinghua.edu.cn/publish/news/index.html text/html #010 20140918013136565+1410 sha1:EZ65N6PTZJB6TUFX7ORJLU6M6V32PBR3 - usingCharsetInHTML:UTF-8
2014-09-18T01:31:51.127Z   200      30903 http://news.tsinghua.edu.cn/publish/news/4205/2014/20140916164837641172620/20140916164837641172620_.html L http://news.tsinghua.edu.cn/publish/news/index.html text/html #006 20140918013148226+703 sha1:7FVZ6D3IITWFPLLNNA4ST6GOJA5WXGDZ - usingCharsetInHTML:UTF-8
2014-09-18T01:32:00.035Z   200      73453 http://news.tsinghua.edu.cn/publish/news/4205/2014/20140916150536886770551/20140916150536886770551_.html L http://news.tsinghua.edu.cn/publish/news/index.html text/html #021 20140918013154667+2098 sha1:W6IVXBBWI3YAK3KW7JI5E4TIXEQZLJTW - usingCharsetInHTML:UTF-8
2014-09-18T01:32:13.564Z   200      33135 http://news.tsinghua.edu.cn/publish/news/4207/2014/20140918085959610129922/20140918085959610129922_.html L http://news.tsinghua.edu.cn/publish/news/index.html text/html #004 20140918013210623+1463 sha1:HMHED2AJIQLDQFT3B7SYZ6ZOKQ2PYBWP - usingCharsetInHTML:UTF-8
2014-09-18T01:32:23.875Z   200      64884 http://news.tsinghua.edu.cn/publish/news/4222/2014/20140828152206352784767/20140828152206352784767_.html L http://news.tsinghua.edu.cn/publish/news/index.html text/html #007 20140918013220934+1504 sha1:EBYEOCLYG2Y7Q3AZZJTL7VZ4J2P7AK6T - usingCharsetInHTML:UTF-8
2014-09-18T01:32:37.188Z   200      85019 http://news.tsinghua.edu.cn/publish/news/4216/index.html L http://news.tsinghua.edu.cn/publish/news/index.html text/html #004 20140918013231600+2528 sha1:VEVTK47RDAWSZ23G2IFRHBPWBNP675PT - usingCharsetInHTML:UTF-8
2014-09-18T01:32:54.795Z   200      52093 http://news.tsinghua.edu.cn/publish/news/4207/2014/20140917154842309432565/20140917154842309432565_.html L http://news.tsinghua.edu.cn/publish/news/index.html text/html #012 20140918013249863+1352 sha1:K7AYWKSIEINZT3IKFFWF3KUMSPELPIA7 - usingCharsetInHTML:UTF-8
2014-09-18T01:33:04.316Z   200      39992 http://news.tsinghua.edu.cn/publish/news/4205/2014/20140917105051385152015/20140917105051385152015_.html L http://news.tsinghua.edu.cn/publish/news/index.html text/html #014 20140918013301762+1044 sha1:H3GFZI3Z6O2I7FPV36QZIZYGWSJIWSH3 - usingCharsetInHTML:UTF-8
2014-09-18T01:33:12.508Z   200      54404 http://news.tsinghua.edu.cn/publish/news/4211/2014/20140917095119218576263/20140917095119218576263_.html L http://news.tsinghua.edu.cn/publish/news/index.html text/html #009 20140918013309774+932 sha1:WWRACOOPFF5FCWYERQFMMMUQKYK25WCQ - usingCharsetInHTML:UTF-8
2014-09-18T01:33:20.582Z   200      49027 http://news.tsinghua.edu.cn/publish/news/4215/2014/20140917151928321558389/20140917151928321558389_.html L http://news.tsinghua.edu.cn/publish/news/index.html text/html #010 20140918013317178+995 sha1:ZDD2IJOXHKDDXTH5RZMVTI7VX7RFOOWE - usingCharsetInHTML:UTF-8
2014-09-18T01:33:30.913Z   200      48858 http://news.tsinghua.edu.cn/publish/news/9174/index.html L http://news.tsinghua.edu.cn/publish/news/index.html text/html #010 20140918013325593+1712 sha1:44VN6Q6WPVXTHRZGO74UDKTUGFGBTYCK - usingCharsetInHTML:UTF-8
2014-09-18T01:33:42.535Z   200      25927 http://news.tsinghua.edu.cn/publish/news/4207/2014/20140918085655306332667/20140918085655306332667_.html L http://news.tsinghua.edu.cn/publish/news/index.html text/html #011 20140918013339491+938 sha1:66YAGC2CFDISMQCJRKMO45ZQC5RJUJ7I - usingCharsetInHTML:UTF-8
2014-09-18T01:33:52.412Z   200      53638 http://news.tsinghua.edu.cn/publish/news/4210/2014/20140722114513975882197/20140722114513975882197_.html L http://news.tsinghua.edu.cn/publish/news/index.html text/html #004 20140918013347310+2356 sha1:OKJCKHV4MN6P37GKPZAOUXC6USB5BSJQ - usingCharsetInHTML:UTF-8
2014-09-18T01:34:06.533Z   200      28767 http://news.tsinghua.edu.cn/publish/news/4204/2014/20140912153632134476481/20140912153632134476481_.html L http://news.tsinghua.edu.cn/publish/news/index.html text/html #022 20140918013404237+772 sha1:H7EB6SR6V6TQBX5SZD65CGWAKXBW7AHX - usingCharsetInHTML:UTF-8
2014-09-18T01:34:12.737Z   200      31244 http://news.tsinghua.edu.cn/publish/news/4205/2014/20140916105521356341978/20140916105521356341978_.html L http://news.tsinghua.edu.cn/publish/news/index.html text/html #014 20140918013410423+970 sha1:FZJ7BQDLHE35JSZFTM2YH4VILSNBL47N - usingCharsetInHTML:UTF-8
2014-09-18T01:34:21.088Z   200      85627 http://news.tsinghua.edu.cn/publish/news/4207/index.html L http://news.tsinghua.edu.cn/publish/news/index.html text/html #011 20140918013417597+1902 sha1:JQKVOSM2JEKJN7GXVQWQYAPMO5GRVOTW - usingCharsetInHTML:UTF-8
2014-09-18T01:34:32.995Z   200      34305 http://news.tsinghua.edu.cn/publish/news/4207/2014/20140917133749864367933/20140917133749864367933_.html L http://news.tsinghua.edu.cn/publish/news/index.html text/html #009 20140918013430631+555 sha1:D5QT6IUMCFJ6AKNT226QWFUWOJRPGNAW - usingCharsetInHTML:UTF-8
2014-09-18T01:34:39.646Z   200      85763 http://news.tsinghua.edu.cn/publish/news/4213/index.html L http://news.tsinghua.edu.cn/publish/news/index.html text/html #009 20140918013436003+1770 sha1:NKTEKPVOWB4FWYPOBF2IH6F4OGOAK4S2 - usingCharsetInHTML:UTF-8
2014-09-18T01:34:51.341Z   200      25216 http://news.tsinghua.edu.cn/publish/news/4207/2014/20140918085553437186543/20140918085553437186543_.html L http://news.tsinghua.edu.cn/publish/news/index.html text/html #004 20140918013448504+594 sha1:5UTUXKQDAG6WVMJPJKPGPCDCNZ4BDU4D - usingCharsetInHTML:UTF-8
2014-09-18T01:34:58.622Z   200      45128 http://news.tsinghua.edu.cn/publish/news/4204/2014/20140916094155112851576/20140916094155112851576_.html L http://news.tsinghua.edu.cn/publish/news/index.html text/html #004 20140918013454348+1775 sha1:UL4CYRS6MZO7YR4N3OXQVEYBCP7B2SAG - usingCharsetInHTML:UTF-8
2014-09-18T01:35:09.669Z   200      26974 http://news.tsinghua.edu.cn/publish/news/4207/2014/20140918085746258392146/20140918085746258392146_.html L http://news.tsinghua.edu.cn/publish/news/index.html text/html #022 20140918013507635+571 sha1:V57Y3BKU7ZUMG4NNTCWSBLTQLK64IAIN - usingCharsetInHTML:UTF-8
2014-09-18T01:35:14.881Z   200      36823 http://news.tsinghua.edu.cn/publish/news/4209/2014/20140909154844801629907/20140909154844801629907_.html L http://news.tsinghua.edu.cn/publish/news/index.html text/html #022 20140918013512677+740 sha1:XGJFPUJYFSJM772XCSF5WI664UXMSZV4 - usingCharsetInHTML:UTF-8
2014-09-18T01:35:20.683Z   200      28856 http://news.tsinghua.edu.cn/publish/news/4222/index.html L http://news.tsinghua.edu.cn/publish/news/index.html text/html #004 20140918013518654+691 sha1:JNSWDWRQKPHVZCYIUERCBWRDXEPXDYSD - usingCharsetInHTML:UTF-8
2014-09-18T01:35:26.372Z   200      32613 http://news.tsinghua.edu.cn/publish/news/4205/2014/20140916151952508308147/20140916151952508308147_.html L http://news.tsinghua.edu.cn/publish/news/index.html text/html #007 20140918013524196+753 sha1:2BELY2FIFNYLFFBJUHNP4H6XMWPKWIHG - usingCharsetInHTML:UTF-8
2014-09-18T01:35:33.734Z   200      26974 http://news.tsinghua.edu.cn/publish/news/4217/2014/20140918085746258392146/20140918085746258392146_.html L http://news.tsinghua.edu.cn/publish/news/index.html text/html #011 20140918013530206+911 sha1:537BUNQUKPZF3RPJZHA6YS5JOQW5CKI4 - usingCharsetInHTML:UTF-8
2014-09-18T01:35:42.381Z   200      51451 http://news.tsinghua.edu.cn/publish/news/4207/2014/20140918085415612701138/20140918085415612701138_.html L http://news.tsinghua.edu.cn/publish/news/index.html text/html #007 20140918013538398+1421 sha1:3PZTUYVZJNDE4Y7FJBCNYVXSP2FLR453 - usingCharsetInHTML:UTF-8
2014-09-18T01:35:52.469Z   200      43044 http://news.tsinghua.edu.cn/publish/news/4208/2014/20140909141522033146893/20140909141522033146893_.html L http://news.tsinghua.edu.cn/publish/news/index.html text/html #006 20140918013549544+894 sha1:AZEY5S3URW6Y32UQ53VWE7JU3XPRVJGJ - usingCharsetInHTML:UTF-8
2014-09-18T01:36:00.750Z   200      85481 http://news.tsinghua.edu.cn/publish/news/4195/index.html L http://news.tsinghua.edu.cn/publish/news/index.html text/html #022 20140918013556954+1888 sha1:556F2Z6DVZYRXFFZB3ST3CFSTOGGGDNH - usingCharsetInHTML:UTF-8
2014-09-18T01:36:12.352Z   200      11296 http://news.tsinghua.edu.cn/publish/news/mobile/index.html L http://news.tsinghua.edu.cn/publish/news/index.html text/html #007 20140918013610434+769 sha1:BX5WEH7WPPWB2N6HK3LVMHRPBKPTX7YF - usingCharsetInHTML:UTF-8
2014-09-18T01:36:20.548Z   200      32613 http://news.tsinghua.edu.cn/publish/news/4215/2014/20140916151952508308147/20140916151952508308147_.html L http://news.tsinghua.edu.cn/publish/news/index.html text/html #007 20140918013616361+1662 sha1:WQDCC6UARS3KQ77YXCNIFR7COSQTZJ7R - usingCharsetInHTML:UTF-8
2014-09-18T01:36:35.528Z   200      47955 http://news.tsinghua.edu.cn/publish/news/4216/2014/20140714095241672101954/20140714095241672101954_.html L http://news.tsinghua.edu.cn/publish/news/index.html text/html #014 20140918013628964+2945 sha1:ERS6QWXVHJGQYYK3E3TD6RRSZOZYGGCN - usingCharsetInHTML:UTF-8
2014-09-18T01:36:53.290Z   200      46980 http://news.tsinghua.edu.cn/publish/news/4225/2014/20140728174350793586840/20140728174350793586840_.html L http://news.tsinghua.edu.cn/publish/news/index.html text/html #021 20140918013650552+1046 sha1:DCVXSERWQROOCN7LRX6EDJK7I4YBCKIM - usingCharsetInHTML:UTF-8
2014-09-18T01:37:03.352Z   200      36111 http://news.tsinghua.edu.cn/publish/news/4210/2014/20140909140156330877327/20140909140156330877327_.html L http://news.tsinghua.edu.cn/publish/news/index.html text/html #014 20140918013658572+1720 sha1:Q7R67CZ2XXKGTEZTWOE56HD6LVCAUVJY - usingCharsetInHTML:UTF-8
2014-09-18T01:37:20.337Z   200      85751 http://news.tsinghua.edu.cn/publish/news/4210/index.html L http://news.tsinghua.edu.cn/publish/news/index.html text/html #017 20140918013712222+4707 sha1:GA5NM57SSOHQ4RCQXDZF3ZBYGLRVCEVX - usingCharsetInHTML:UTF-8
2014-09-18T01:37:51.825Z   200      40622 http://news.tsinghua.edu.cn/publish/news/4213/2014/20140806153458901788967/20140806153458901788967_.html L http://news.tsinghua.edu.cn/publish/news/index.html text/html #022 20140918013743919+4142 sha1:EIDOF2B246FSEAWVL2FGH5MZFLU7HNAV - usingCharsetInHTML:UTF-8
2014-09-18T01:38:20.777Z   200      85768 http://news.tsinghua.edu.cn/publish/news/4212/index.html L http://news.tsinghua.edu.cn/publish/news/index.html text/html #006 20140918013812739+3670 sha1:ZNCXB4T3ZSM56TF6WTOHU7Y4SZSH5LF2 - usingCharsetInHTML:UTF-8
2014-09-18T01:38:45.199Z   200      34305 http://news.tsinghua.edu.cn/publish/news/4215/2014/20140917133749864367933/20140917133749864367933_.html L http://news.tsinghua.edu.cn/publish/news/index.html text/html #003 20140918013839408+2342 sha1:LHDCIG65MTL7ZJXUAFMG564KPX5VMDG3 - usingCharsetInHTML:UTF-8
2014-09-18T01:38:59.881Z   200      51451 http://news.tsinghua.edu.cn/publish/news/4205/2014/20140918085415612701138/20140918085415612701138_.html L http://news.tsinghua.edu.cn/publish/news/index.html text/html #022 20140918013856927+1188 sha1:55GELQC35YASFUIHNF2VQDIVMT4AV7BS - usingCharsetInHTML:UTF-8
2014-09-18T01:39:09.454Z   200      85838 http://news.tsinghua.edu.cn/publish/news/4214/index.html L http://news.tsinghua.edu.cn/publish/news/index.html text/html #007 20140918013905835+1966 sha1:QM5BZRDCDKUJYVULAAUW4ZWMLQ3B7C3F - usingCharsetInHTML:UTF-8
2014-09-18T01:39:21.205Z   200      24850 http://news.tsinghua.edu.cn/publish/news/4205/2014/20140916165436183418844/20140916165436183418844_.html L http://news.tsinghua.edu.cn/publish/news/index.html text/html #007 20140918013919476+591 sha1:BCX4AQ72FPQV2CG2L2XJYWU3RNCITPP7 - usingCharsetInHTML:UTF-8
2014-09-18T01:39:28.007Z   200      31298 http://news.tsinghua.edu.cn/publish/news/4213/2014/20140814153040159132757/20140814153040159132757_.html L http://news.tsinghua.edu.cn/publish/news/index.html text/html #007 20140918013924211+2055 sha1:ZUUPZMHNQDZ22A73IDFYB2EYEO6QZ2ET - usingCharsetInHTML:UTF-8
2014-09-18T01:39:40.625Z   200      29702 http://news.tsinghua.edu.cn/publish/news/4205/2014/20140917160305302554992/20140917160305302554992_.html L http://news.tsinghua.edu.cn/publish/news/index.html text/html #008 20140918013938515+760 sha1:QGHUSGZ3NVBNUC7M6QUB5KQKYTW6ID2C - usingCharsetInHTML:UTF-8
2014-09-18T01:39:45.996Z   200      16867 http://news.tsinghua.edu.cn/publish/news/4199/index.html L http://news.tsinghua.edu.cn/publish/news/index.html text/html #024 20140918013944525+444 sha1:NFGUNO6AEHBMYCJGKXR4AU5GJGAGJA6Q - usingCharsetInHTML:UTF-8
2014-09-18T01:39:50.815Z   200      32652 http://news.tsinghua.edu.cn/publish/news/4205/2014/20140916193408430930542/20140916193408430930542_.html L http://news.tsinghua.edu.cn/publish/news/index.html text/html #024 20140918013949002+691 sha1:2PDZFIORPM4DFT5DUCSDCLAK3SX4K26C - usingCharsetInHTML:UTF-8
2014-09-18T01:39:57.716Z   200      85969 http://news.tsinghua.edu.cn/publish/news/8946/index.html L http://news.tsinghua.edu.cn/publish/news/index.html text/html #003 20140918013954305+1781 sha1:3MJRKCTGTDT2AO2QP336FUCZVQVGXM3X - usingCharsetInHTML:UTF-8
2014-09-18T01:40:09.380Z   200      27960 http://news.tsinghua.edu.cn/publish/news/4209/2014/20140915144940223630872/20140915144940223630872_.html L http://news.tsinghua.edu.cn/publish/news/index.html text/html #017 20140918014006628+1490 sha1:AGCSUA63SN2PLF26G6WKX7E27RRUY6AH - usingCharsetInHTML:UTF-8
2014-09-18T01:40:21.697Z   200      44504 http://news.tsinghua.edu.cn/publish/news/4210/2014/20140912150203106852163/20140912150203106852163_.html L http://news.tsinghua.edu.cn/publish/news/index.html text/html #024 20140918014016868+3282 sha1:YMPCCERTFBRFG5WP25U5VWHS6MIDGIED - usingCharsetInHTML:UTF-8
2014-09-18T01:40:42.268Z   200      86249 http://news.tsinghua.edu.cn/publish/news/4204/index.html L http://news.tsinghua.edu.cn/publish/news/index.html text/html #007 20140918014038121+2648 sha1:6NZ2APM6GZ7V4IEDARQVZEHRCI2L7SQZ - usingCharsetInHTML:UTF-8
2014-09-18T01:41:00.706Z   200      28101 http://news.tsinghua.edu.cn/publish/news/4225/2014/20140718114421728237310/20140718114421728237310_.html L http://news.tsinghua.edu.cn/publish/news/index.html text/html #005 20140918014055649+1825 sha1:HSGGPGAZKW4LLRTKVVAR5FWVYJNRQK3P - usingCharsetInHTML:UTF-8
2014-09-18T01:41:11.767Z   200      25216 http://news.tsinghua.edu.cn/publish/news/4209/2014/20140918085553437186543/20140918085553437186543_.html L http://news.tsinghua.edu.cn/publish/news/index.html text/html #003 20140918014109845+584 sha1:Y6QUX7NMS56HJ63UIRPOWJ3YXFI62WYX - usingCharsetInHTML:UTF-8
2014-09-18T01:41:17.229Z   200      33135 http://news.tsinghua.edu.cn/publish/news/4217/2014/20140918085959610129922/20140918085959610129922_.html L http://news.tsinghua.edu.cn/publish/news/index.html text/html #003 20140918014114774+903 sha1:3CM3XBHAHQ3KBY76YJ3D24CC73XCYLZ2 - usingCharsetInHTML:UTF-8
2014-09-18T01:41:26.045Z   200      27273 http://news.tsinghua.edu.cn/publish/news/4212/2014/20140915172543652708476/20140915172543652708476_.html L http://news.tsinghua.edu.cn/publish/news/index.html text/html #024 20140918014121810+2187 sha1:TUDRHAY5AOCEOUZHHYXT7HJUDKNKZKRE - usingCharsetInHTML:UTF-8
2014-09-18T01:41:41.833Z   200      34039 http://news.tsinghua.edu.cn/publish/news/4212/2014/20140917165852137313142/20140917165852137313142_.html L http://news.tsinghua.edu.cn/publish/news/index.html text/html #024 20140918014137064+743 sha1:QFMBPUSAHHEMPSZPDOOMFECLW73LDARY - usingCharsetInHTML:UTF-8
