2014-09-18T01:27:06.124Z http://news.tsinghua.edu.cn/publish/news/index.html "http scheme specific part is too short: //" http://
2014-09-18T01:27:06.128Z http://news.tsinghua.edu.cn/publish/news/index.html "http scheme specific part is too short: //" https://
2014-09-18T01:27:32.869Z http://news.tsinghua.edu.cn/publish/news/4206/index.html "http scheme specific part is too short: //" http://
2014-09-18T01:27:32.880Z http://news.tsinghua.edu.cn/publish/news/4206/index.html "http scheme specific part is too short: //" https://
2014-09-18T01:27:41.154Z http://news.tsinghua.edu.cn/publish/news/ "http scheme specific part is too short: //" http://
2014-09-18T01:27:41.155Z http://news.tsinghua.edu.cn/publish/news/ "http scheme specific part is too short: //" https://
2014-09-18T01:27:58.346Z http://news.tsinghua.edu.cn/publish/newsen// "http scheme specific part is too short: //" http://
2014-09-18T01:27:58.347Z http://news.tsinghua.edu.cn/publish/newsen// "http scheme specific part is too short: //" https://
2014-09-18T01:28:10.118Z http://news.tsinghua.edu.cn/publish/news// "http scheme specific part is too short: //" http://
2014-09-18T01:28:10.118Z http://news.tsinghua.edu.cn/publish/news// "http scheme specific part is too short: //" https://
2014-09-18T01:28:16.369Z http://news.tsinghua.edu.cn/publish/newsen/ "http scheme specific part is too short: //" http://
2014-09-18T01:28:16.370Z http://news.tsinghua.edu.cn/publish/newsen/ "http scheme specific part is too short: //" https://
2014-09-18T01:28:20.964Z http://news.tsinghua.edu.cn/publish/news/4215/2014/20140917105051385152015/20140917105051385152015_.html "http scheme specific part is too short: //" http://
2014-09-18T01:28:20.965Z http://news.tsinghua.edu.cn/publish/news/4215/2014/20140917105051385152015/20140917105051385152015_.html "http scheme specific part is too short: //" https://
2014-09-18T01:28:30.412Z http://news.tsinghua.edu.cn/publish/news/4205/2014/20140916094155112851576/20140916094155112851576_.html "http scheme specific part is too short: //" http://
2014-09-18T01:28:30.412Z http://news.tsinghua.edu.cn/publish/news/4205/2014/20140916094155112851576/20140916094155112851576_.html "http scheme specific part is too short: //" https://
2014-09-18T01:28:36.283Z http://news.tsinghua.edu.cn/publish/news/9185/index.html "http scheme specific part is too short: //" http://
2014-09-18T01:28:36.283Z http://news.tsinghua.edu.cn/publish/news/9185/index.html "http scheme specific part is too short: //" https://
2014-09-18T01:28:40.925Z http://news.tsinghua.edu.cn/publish/news/4211/2014/20140912143006217491635/20140912143006217491635_.html "http scheme specific part is too short: //" http://
2014-09-18T01:28:40.926Z http://news.tsinghua.edu.cn/publish/news/4211/2014/20140912143006217491635/20140912143006217491635_.html "http scheme specific part is too short: //" https://
2014-09-18T01:28:45.617Z http://news.tsinghua.edu.cn/publish/news/4204/2014/20140915150211424416517/20140915150211424416517_.html "http scheme specific part is too short: //" http://
2014-09-18T01:28:45.618Z http://news.tsinghua.edu.cn/publish/news/4204/2014/20140915150211424416517/20140915150211424416517_.html "http scheme specific part is too short: //" https://
2014-09-18T01:28:50.162Z http://news.tsinghua.edu.cn/publish/news/4205/2014/20140917110957752392633/20140917110957752392633_.html "http scheme specific part is too short: //" http://
2014-09-18T01:28:50.163Z http://news.tsinghua.edu.cn/publish/news/4205/2014/20140917110957752392633/20140917110957752392633_.html "http scheme specific part is too short: //" https://
2014-09-18T01:28:56.512Z http://news.tsinghua.edu.cn/publish/news/4215/index.html "http scheme specific part is too short: //" http://
2014-09-18T01:28:56.522Z http://news.tsinghua.edu.cn/publish/news/4215/index.html "http scheme specific part is too short: //" https://
2014-09-18T01:29:07.065Z http://news.tsinghua.edu.cn/publish/news/4195/2014/20140916152146883698220/20140916152146883698220_.html "http scheme specific part is too short: //" http://
2014-09-18T01:29:07.066Z http://news.tsinghua.edu.cn/publish/news/4195/2014/20140916152146883698220/20140916152146883698220_.html "http scheme specific part is too short: //" https://
2014-09-18T01:29:12.649Z http://news.tsinghua.edu.cn/publish/news/4222/2014/20140916110802625919534/20140916110802625919534_.html "http scheme specific part is too short: //" http://
2014-09-18T01:29:12.659Z http://news.tsinghua.edu.cn/publish/news/4222/2014/20140916110802625919534/20140916110802625919534_.html "http scheme specific part is too short: //" https://
2014-09-18T01:29:19.925Z http://news.tsinghua.edu.cn/publish/news/4208/index.html "http scheme specific part is too short: //" http://
2014-09-18T01:29:19.925Z http://news.tsinghua.edu.cn/publish/news/4208/index.html "http scheme specific part is too short: //" https://
2014-09-18T01:29:32.286Z http://news.tsinghua.edu.cn/publish/news/4225/index.html "http scheme specific part is too short: //" http://
2014-09-18T01:29:32.295Z http://news.tsinghua.edu.cn/publish/news/4225/index.html "http scheme specific part is too short: //" https://
2014-09-18T01:29:42.392Z http://news.tsinghua.edu.cn/publish/news/4210/2014/20140730090553151260956/20140730090553151260956_.html "http scheme specific part is too short: //" http://
2014-09-18T01:29:42.393Z http://news.tsinghua.edu.cn/publish/news/4210/2014/20140730090553151260956/20140730090553151260956_.html "http scheme specific part is too short: //" https://
2014-09-18T01:29:49.394Z http://news.tsinghua.edu.cn/publish/news/4212/2014/20140917160305302554992/20140917160305302554992_.html "http scheme specific part is too short: //" http://
2014-09-18T01:29:49.395Z http://news.tsinghua.edu.cn/publish/news/4212/2014/20140917160305302554992/20140917160305302554992_.html "http scheme specific part is too short: //" https://
2014-09-18T01:29:53.973Z http://news.tsinghua.edu.cn/publish/news/4205/2014/20140917151346611863449/20140917151346611863449_.html "http scheme specific part is too short: //" http://
2014-09-18T01:29:53.974Z http://news.tsinghua.edu.cn/publish/news/4205/2014/20140917151346611863449/20140917151346611863449_.html "http scheme specific part is too short: //" https://
2014-09-18T01:29:59.247Z http://news.tsinghua.edu.cn/publish/news/9113/index.html "http scheme specific part is too short: //" http://
2014-09-18T01:29:59.248Z http://news.tsinghua.edu.cn/publish/news/9113/index.html "http scheme specific part is too short: //" https://
2014-09-18T01:30:08.806Z http://news.tsinghua.edu.cn/publish/news/4211/index.html "http scheme specific part is too short: //" http://
2014-09-18T01:30:08.807Z http://news.tsinghua.edu.cn/publish/news/4211/index.html "http scheme specific part is too short: //" https://
2014-09-18T01:30:19.753Z http://news.tsinghua.edu.cn/publish/news/4205/index.html "http scheme specific part is too short: //" http://
2014-09-18T01:30:19.754Z http://news.tsinghua.edu.cn/publish/news/4205/index.html "http scheme specific part is too short: //" https://
2014-09-18T01:30:27.730Z http://news.tsinghua.edu.cn/publish/news/4225/2014/20140630172417987945950/20140630172417987945950_.html "http scheme specific part is too short: //" http://
2014-09-18T01:30:27.730Z http://news.tsinghua.edu.cn/publish/news/4225/2014/20140630172417987945950/20140630172417987945950_.html "http scheme specific part is too short: //" https://
2014-09-18T01:30:32.978Z http://news.tsinghua.edu.cn/publish/news/4225/2014/20140717100434365370636/20140717100434365370636_.html "http scheme specific part is too short: //" http://
2014-09-18T01:30:32.978Z http://news.tsinghua.edu.cn/publish/news/4225/2014/20140717100434365370636/20140717100434365370636_.html "http scheme specific part is too short: //" https://
2014-09-18T01:30:37.655Z http://news.tsinghua.edu.cn/publish/news/4198/index.html "http scheme specific part is too short: //" http://
2014-09-18T01:30:37.655Z http://news.tsinghua.edu.cn/publish/news/4198/index.html "http scheme specific part is too short: //" https://
2014-09-18T01:30:42.777Z http://news.tsinghua.edu.cn/publish/news/9173/index.html "http scheme specific part is too short: //" http://
2014-09-18T01:30:42.778Z http://news.tsinghua.edu.cn/publish/news/9173/index.html "http scheme specific part is too short: //" https://
2014-09-18T01:30:52.539Z http://news.tsinghua.edu.cn/publish/news/4213/2014/20140820130320977997029/20140820130320977997029_.html "http scheme specific part is too short: //" http://
2014-09-18T01:30:52.539Z http://news.tsinghua.edu.cn/publish/news/4213/2014/20140820130320977997029/20140820130320977997029_.html "http scheme specific part is too short: //" https://
2014-09-18T01:31:10.769Z http://news.tsinghua.edu.cn/publish/news/4217/index.html "http scheme specific part is too short: //" http://
2014-09-18T01:31:10.769Z http://news.tsinghua.edu.cn/publish/news/4217/index.html "http scheme specific part is too short: //" https://
2014-09-18T01:31:21.630Z http://news.tsinghua.edu.cn/publish/news/4210/2014/20140803214214381402699/20140803214214381402699_.html "http scheme specific part is too short: //" http://
2014-09-18T01:31:21.639Z http://news.tsinghua.edu.cn/publish/news/4210/2014/20140803214214381402699/20140803214214381402699_.html "http scheme specific part is too short: //" https://
2014-09-18T01:31:26.419Z http://news.tsinghua.edu.cn/publish/news/4209/2014/20140912173540201758147/20140912173540201758147_.html "http scheme specific part is too short: //" http://
2014-09-18T01:31:26.420Z http://news.tsinghua.edu.cn/publish/news/4209/2014/20140912173540201758147/20140912173540201758147_.html "http scheme specific part is too short: //" https://
2014-09-18T01:31:31.437Z http://news.tsinghua.edu.cn/publish/news/4215/2014/20140917154842309432565/20140917154842309432565_.html "http scheme specific part is too short: //" http://
2014-09-18T01:31:31.437Z http://news.tsinghua.edu.cn/publish/news/4215/2014/20140917154842309432565/20140917154842309432565_.html "http scheme specific part is too short: //" https://
2014-09-18T01:31:37.977Z http://news.tsinghua.edu.cn/publish/news/4195/2014/20140916144900620659164/20140916144900620659164_.html "http scheme specific part is too short: //" http://
2014-09-18T01:31:37.978Z http://news.tsinghua.edu.cn/publish/news/4195/2014/20140916144900620659164/20140916144900620659164_.html "http scheme specific part is too short: //" https://
2014-09-18T01:31:48.932Z http://news.tsinghua.edu.cn/publish/news/4205/2014/20140916164837641172620/20140916164837641172620_.html "http scheme specific part is too short: //" http://
2014-09-18T01:31:48.932Z http://news.tsinghua.edu.cn/publish/news/4205/2014/20140916164837641172620/20140916164837641172620_.html "http scheme specific part is too short: //" https://
2014-09-18T01:31:56.768Z http://news.tsinghua.edu.cn/publish/news/4205/2014/20140916150536886770551/20140916150536886770551_.html "http scheme specific part is too short: //" http://
2014-09-18T01:31:56.769Z http://news.tsinghua.edu.cn/publish/news/4205/2014/20140916150536886770551/20140916150536886770551_.html "http scheme specific part is too short: //" https://
2014-09-18T01:32:12.088Z http://news.tsinghua.edu.cn/publish/news/4207/2014/20140918085959610129922/20140918085959610129922_.html "http scheme specific part is too short: //" http://
2014-09-18T01:32:12.088Z http://news.tsinghua.edu.cn/publish/news/4207/2014/20140918085959610129922/20140918085959610129922_.html "http scheme specific part is too short: //" https://
2014-09-18T01:32:22.440Z http://news.tsinghua.edu.cn/publish/news/4222/2014/20140828152206352784767/20140828152206352784767_.html "http scheme specific part is too short: //" http://
2014-09-18T01:32:22.440Z http://news.tsinghua.edu.cn/publish/news/4222/2014/20140828152206352784767/20140828152206352784767_.html "http scheme specific part is too short: //" https://
2014-09-18T01:32:34.130Z http://news.tsinghua.edu.cn/publish/news/4216/index.html "http scheme specific part is too short: //" http://
2014-09-18T01:32:34.133Z http://news.tsinghua.edu.cn/publish/news/4216/index.html "http scheme specific part is too short: //" https://
2014-09-18T01:32:51.217Z http://news.tsinghua.edu.cn/publish/news/4207/2014/20140917154842309432565/20140917154842309432565_.html "http scheme specific part is too short: //" http://
2014-09-18T01:32:51.218Z http://news.tsinghua.edu.cn/publish/news/4207/2014/20140917154842309432565/20140917154842309432565_.html "http scheme specific part is too short: //" https://
2014-09-18T01:33:02.808Z http://news.tsinghua.edu.cn/publish/news/4205/2014/20140917105051385152015/20140917105051385152015_.html "http scheme specific part is too short: //" http://
2014-09-18T01:33:02.808Z http://news.tsinghua.edu.cn/publish/news/4205/2014/20140917105051385152015/20140917105051385152015_.html "http scheme specific part is too short: //" https://
2014-09-18T01:33:10.708Z http://news.tsinghua.edu.cn/publish/news/4211/2014/20140917095119218576263/20140917095119218576263_.html "http scheme specific part is too short: //" http://
2014-09-18T01:33:10.709Z http://news.tsinghua.edu.cn/publish/news/4211/2014/20140917095119218576263/20140917095119218576263_.html "http scheme specific part is too short: //" https://
2014-09-18T01:33:18.176Z http://news.tsinghua.edu.cn/publish/news/4215/2014/20140917151928321558389/20140917151928321558389_.html "http scheme specific part is too short: //" http://
2014-09-18T01:33:18.176Z http://news.tsinghua.edu.cn/publish/news/4215/2014/20140917151928321558389/20140917151928321558389_.html "http scheme specific part is too short: //" https://
2014-09-18T01:33:27.307Z http://news.tsinghua.edu.cn/publish/news/9174/index.html "http scheme specific part is too short: //" http://
2014-09-18T01:33:27.308Z http://news.tsinghua.edu.cn/publish/news/9174/index.html "http scheme specific part is too short: //" https://
2014-09-18T01:33:40.431Z http://news.tsinghua.edu.cn/publish/news/4207/2014/20140918085655306332667/20140918085655306332667_.html "http scheme specific part is too short: //" http://
2014-09-18T01:33:40.432Z http://news.tsinghua.edu.cn/publish/news/4207/2014/20140918085655306332667/20140918085655306332667_.html "http scheme specific part is too short: //" https://
2014-09-18T01:33:49.669Z http://news.tsinghua.edu.cn/publish/news/4210/2014/20140722114513975882197/20140722114513975882197_.html "http scheme specific part is too short: //" http://
2014-09-18T01:33:49.669Z http://news.tsinghua.edu.cn/publish/news/4210/2014/20140722114513975882197/20140722114513975882197_.html "http scheme specific part is too short: //" https://
2014-09-18T01:34:05.011Z http://news.tsinghua.edu.cn/publish/news/4204/2014/20140912153632134476481/20140912153632134476481_.html "http scheme specific part is too short: //" http://
2014-09-18T01:34:05.012Z http://news.tsinghua.edu.cn/publish/news/4204/2014/20140912153632134476481/20140912153632134476481_.html "http scheme specific part is too short: //" https://
2014-09-18T01:34:11.395Z http://news.tsinghua.edu.cn/publish/news/4205/2014/20140916105521356341978/20140916105521356341978_.html "http scheme specific part is too short: //" http://
2014-09-18T01:34:11.396Z http://news.tsinghua.edu.cn/publish/news/4205/2014/20140916105521356341978/20140916105521356341978_.html "http scheme specific part is too short: //" https://
2014-09-18T01:34:19.502Z http://news.tsinghua.edu.cn/publish/news/4207/index.html "http scheme specific part is too short: //" http://
2014-09-18T01:34:19.502Z http://news.tsinghua.edu.cn/publish/news/4207/index.html "http scheme specific part is too short: //" https://
2014-09-18T01:34:31.188Z http://news.tsinghua.edu.cn/publish/news/4207/2014/20140917133749864367933/20140917133749864367933_.html "http scheme specific part is too short: //" http://
2014-09-18T01:34:31.188Z http://news.tsinghua.edu.cn/publish/news/4207/2014/20140917133749864367933/20140917133749864367933_.html "http scheme specific part is too short: //" https://
2014-09-18T01:34:37.775Z http://news.tsinghua.edu.cn/publish/news/4213/index.html "http scheme specific part is too short: //" http://
2014-09-18T01:34:37.775Z http://news.tsinghua.edu.cn/publish/news/4213/index.html "http scheme specific part is too short: //" https://
2014-09-18T01:34:49.100Z http://news.tsinghua.edu.cn/publish/news/4207/2014/20140918085553437186543/20140918085553437186543_.html "http scheme specific part is too short: //" http://
2014-09-18T01:34:49.101Z http://news.tsinghua.edu.cn/publish/news/4207/2014/20140918085553437186543/20140918085553437186543_.html "http scheme specific part is too short: //" https://
2014-09-18T01:34:56.126Z http://news.tsinghua.edu.cn/publish/news/4204/2014/20140916094155112851576/20140916094155112851576_.html "http scheme specific part is too short: //" http://
2014-09-18T01:34:56.126Z http://news.tsinghua.edu.cn/publish/news/4204/2014/20140916094155112851576/20140916094155112851576_.html "http scheme specific part is too short: //" https://
2014-09-18T01:35:08.207Z http://news.tsinghua.edu.cn/publish/news/4207/2014/20140918085746258392146/20140918085746258392146_.html "http scheme specific part is too short: //" http://
2014-09-18T01:35:08.208Z http://news.tsinghua.edu.cn/publish/news/4207/2014/20140918085746258392146/20140918085746258392146_.html "http scheme specific part is too short: //" https://
2014-09-18T01:35:13.420Z http://news.tsinghua.edu.cn/publish/news/4209/2014/20140909154844801629907/20140909154844801629907_.html "http scheme specific part is too short: //" http://
2014-09-18T01:35:13.421Z http://news.tsinghua.edu.cn/publish/news/4209/2014/20140909154844801629907/20140909154844801629907_.html "http scheme specific part is too short: //" https://
2014-09-18T01:35:19.346Z http://news.tsinghua.edu.cn/publish/news/4222/index.html "http scheme specific part is too short: //" http://
2014-09-18T01:35:19.347Z http://news.tsinghua.edu.cn/publish/news/4222/index.html "http scheme specific part is too short: //" https://
2014-09-18T01:35:24.951Z http://news.tsinghua.edu.cn/publish/news/4205/2014/20140916151952508308147/20140916151952508308147_.html "http scheme specific part is too short: //" http://
2014-09-18T01:35:24.951Z http://news.tsinghua.edu.cn/publish/news/4205/2014/20140916151952508308147/20140916151952508308147_.html "http scheme specific part is too short: //" https://
2014-09-18T01:35:31.119Z http://news.tsinghua.edu.cn/publish/news/4217/2014/20140918085746258392146/20140918085746258392146_.html "http scheme specific part is too short: //" http://
2014-09-18T01:35:31.120Z http://news.tsinghua.edu.cn/publish/news/4217/2014/20140918085746258392146/20140918085746258392146_.html "http scheme specific part is too short: //" https://
2014-09-18T01:35:39.822Z http://news.tsinghua.edu.cn/publish/news/4207/2014/20140918085415612701138/20140918085415612701138_.html "http scheme specific part is too short: //" http://
2014-09-18T01:35:39.822Z http://news.tsinghua.edu.cn/publish/news/4207/2014/20140918085415612701138/20140918085415612701138_.html "http scheme specific part is too short: //" https://
2014-09-18T01:35:50.440Z http://news.tsinghua.edu.cn/publish/news/4208/2014/20140909141522033146893/20140909141522033146893_.html "http scheme specific part is too short: //" http://
2014-09-18T01:35:50.441Z http://news.tsinghua.edu.cn/publish/news/4208/2014/20140909141522033146893/20140909141522033146893_.html "http scheme specific part is too short: //" https://
2014-09-18T01:35:58.844Z http://news.tsinghua.edu.cn/publish/news/4195/index.html "http scheme specific part is too short: //" http://
2014-09-18T01:35:58.845Z http://news.tsinghua.edu.cn/publish/news/4195/index.html "http scheme specific part is too short: //" https://
2014-09-18T01:36:18.026Z http://news.tsinghua.edu.cn/publish/news/4215/2014/20140916151952508308147/20140916151952508308147_.html "http scheme specific part is too short: //" http://
2014-09-18T01:36:18.027Z http://news.tsinghua.edu.cn/publish/news/4215/2014/20140916151952508308147/20140916151952508308147_.html "http scheme specific part is too short: //" https://
2014-09-18T01:36:31.911Z http://news.tsinghua.edu.cn/publish/news/4216/2014/20140714095241672101954/20140714095241672101954_.html "http scheme specific part is too short: //" http://
2014-09-18T01:36:31.911Z http://news.tsinghua.edu.cn/publish/news/4216/2014/20140714095241672101954/20140714095241672101954_.html "http scheme specific part is too short: //" https://
2014-09-18T01:36:51.600Z http://news.tsinghua.edu.cn/publish/news/4225/2014/20140728174350793586840/20140728174350793586840_.html "http scheme specific part is too short: //" http://
2014-09-18T01:36:51.601Z http://news.tsinghua.edu.cn/publish/news/4225/2014/20140728174350793586840/20140728174350793586840_.html "http scheme specific part is too short: //" https://
2014-09-18T01:37:00.294Z http://news.tsinghua.edu.cn/publish/news/4210/2014/20140909140156330877327/20140909140156330877327_.html "http scheme specific part is too short: //" http://
2014-09-18T01:37:00.294Z http://news.tsinghua.edu.cn/publish/news/4210/2014/20140909140156330877327/20140909140156330877327_.html "http scheme specific part is too short: //" https://
2014-09-18T01:37:16.933Z http://news.tsinghua.edu.cn/publish/news/4210/index.html "http scheme specific part is too short: //" http://
2014-09-18T01:37:16.933Z http://news.tsinghua.edu.cn/publish/news/4210/index.html "http scheme specific part is too short: //" https://
2014-09-18T01:37:48.064Z http://news.tsinghua.edu.cn/publish/news/4213/2014/20140806153458901788967/20140806153458901788967_.html "http scheme specific part is too short: //" http://
2014-09-18T01:37:48.065Z http://news.tsinghua.edu.cn/publish/news/4213/2014/20140806153458901788967/20140806153458901788967_.html "http scheme specific part is too short: //" https://
2014-09-18T01:38:16.411Z http://news.tsinghua.edu.cn/publish/news/4212/index.html "http scheme specific part is too short: //" http://
2014-09-18T01:38:16.412Z http://news.tsinghua.edu.cn/publish/news/4212/index.html "http scheme specific part is too short: //" https://
2014-09-18T01:38:41.753Z http://news.tsinghua.edu.cn/publish/news/4215/2014/20140917133749864367933/20140917133749864367933_.html "http scheme specific part is too short: //" http://
2014-09-18T01:38:41.753Z http://news.tsinghua.edu.cn/publish/news/4215/2014/20140917133749864367933/20140917133749864367933_.html "http scheme specific part is too short: //" https://
2014-09-18T01:38:58.117Z http://news.tsinghua.edu.cn/publish/news/4205/2014/20140918085415612701138/20140918085415612701138_.html "http scheme specific part is too short: //" http://
2014-09-18T01:38:58.118Z http://news.tsinghua.edu.cn/publish/news/4205/2014/20140918085415612701138/20140918085415612701138_.html "http scheme specific part is too short: //" https://
2014-09-18T01:39:07.803Z http://news.tsinghua.edu.cn/publish/news/4214/index.html "http scheme specific part is too short: //" http://
2014-09-18T01:39:07.804Z http://news.tsinghua.edu.cn/publish/news/4214/index.html "http scheme specific part is too short: //" https://
2014-09-18T01:39:20.069Z http://news.tsinghua.edu.cn/publish/news/4205/2014/20140916165436183418844/20140916165436183418844_.html "http scheme specific part is too short: //" http://
2014-09-18T01:39:20.069Z http://news.tsinghua.edu.cn/publish/news/4205/2014/20140916165436183418844/20140916165436183418844_.html "http scheme specific part is too short: //" https://
2014-09-18T01:39:26.269Z http://news.tsinghua.edu.cn/publish/news/4213/2014/20140814153040159132757/20140814153040159132757_.html "http scheme specific part is too short: //" http://
2014-09-18T01:39:26.269Z http://news.tsinghua.edu.cn/publish/news/4213/2014/20140814153040159132757/20140814153040159132757_.html "http scheme specific part is too short: //" https://
2014-09-18T01:39:39.276Z http://news.tsinghua.edu.cn/publish/news/4205/2014/20140917160305302554992/20140917160305302554992_.html "http scheme specific part is too short: //" http://
2014-09-18T01:39:39.277Z http://news.tsinghua.edu.cn/publish/news/4205/2014/20140917160305302554992/20140917160305302554992_.html "http scheme specific part is too short: //" https://
2014-09-18T01:39:44.971Z http://news.tsinghua.edu.cn/publish/news/4199/index.html "http scheme specific part is too short: //" http://
2014-09-18T01:39:44.972Z http://news.tsinghua.edu.cn/publish/news/4199/index.html "http scheme specific part is too short: //" https://
2014-09-18T01:39:49.695Z http://news.tsinghua.edu.cn/publish/news/4205/2014/20140916193408430930542/20140916193408430930542_.html "http scheme specific part is too short: //" http://
2014-09-18T01:39:49.696Z http://news.tsinghua.edu.cn/publish/news/4205/2014/20140916193408430930542/20140916193408430930542_.html "http scheme specific part is too short: //" https://
2014-09-18T01:39:56.089Z http://news.tsinghua.edu.cn/publish/news/8946/index.html "http scheme specific part is too short: //" http://
2014-09-18T01:39:56.090Z http://news.tsinghua.edu.cn/publish/news/8946/index.html "http scheme specific part is too short: //" https://
2014-09-18T01:40:08.119Z http://news.tsinghua.edu.cn/publish/news/4209/2014/20140915144940223630872/20140915144940223630872_.html "http scheme specific part is too short: //" http://
2014-09-18T01:40:08.120Z http://news.tsinghua.edu.cn/publish/news/4209/2014/20140915144940223630872/20140915144940223630872_.html "http scheme specific part is too short: //" https://
2014-09-18T01:40:20.152Z http://news.tsinghua.edu.cn/publish/news/4210/2014/20140912150203106852163/20140912150203106852163_.html "http scheme specific part is too short: //" http://
2014-09-18T01:40:20.153Z http://news.tsinghua.edu.cn/publish/news/4210/2014/20140912150203106852163/20140912150203106852163_.html "http scheme specific part is too short: //" https://
2014-09-18T01:40:40.772Z http://news.tsinghua.edu.cn/publish/news/4204/index.html "http scheme specific part is too short: //" http://
2014-09-18T01:40:40.773Z http://news.tsinghua.edu.cn/publish/news/4204/index.html "http scheme specific part is too short: //" https://
2014-09-18T01:40:57.477Z http://news.tsinghua.edu.cn/publish/news/4225/2014/20140718114421728237310/20140718114421728237310_.html "http scheme specific part is too short: //" http://
2014-09-18T01:40:57.477Z http://news.tsinghua.edu.cn/publish/news/4225/2014/20140718114421728237310/20140718114421728237310_.html "http scheme specific part is too short: //" https://
2014-09-18T01:41:10.431Z http://news.tsinghua.edu.cn/publish/news/4209/2014/20140918085553437186543/20140918085553437186543_.html "http scheme specific part is too short: //" http://
2014-09-18T01:41:10.432Z http://news.tsinghua.edu.cn/publish/news/4209/2014/20140918085553437186543/20140918085553437186543_.html "http scheme specific part is too short: //" https://
2014-09-18T01:41:15.680Z http://news.tsinghua.edu.cn/publish/news/4217/2014/20140918085959610129922/20140918085959610129922_.html "http scheme specific part is too short: //" http://
2014-09-18T01:41:15.680Z http://news.tsinghua.edu.cn/publish/news/4217/2014/20140918085959610129922/20140918085959610129922_.html "http scheme specific part is too short: //" https://
2014-09-18T01:41:23.999Z http://news.tsinghua.edu.cn/publish/news/4212/2014/20140915172543652708476/20140915172543652708476_.html "http scheme specific part is too short: //" http://
2014-09-18T01:41:24.001Z http://news.tsinghua.edu.cn/publish/news/4212/2014/20140915172543652708476/20140915172543652708476_.html "http scheme specific part is too short: //" https://
2014-09-18T01:41:37.808Z http://news.tsinghua.edu.cn/publish/news/4212/2014/20140917165852137313142/20140917165852137313142_.html "http scheme specific part is too short: //" http://
2014-09-18T01:41:37.809Z http://news.tsinghua.edu.cn/publish/news/4212/2014/20140917165852137313142/20140917165852137313142_.html "http scheme specific part is too short: //" https://
