2014-08-27T03:24:16.883Z     1         61 dns:www.tsinghua.edu.cn P http://www.tsinghua.edu.cn/publish/newthu/index.html text/dns #006 20140827032416745+135 sha1:D3FJMQRS6ILYFHGK7NKVNF3TINSHBIDK - -
2014-08-27T03:24:20.211Z   200        395 http://www.tsinghua.edu.cn/robots.txt P http://www.tsinghua.edu.cn/publish/newthu/index.html text/html #006 20140827032419895+276 sha1:6D7KUNVSTJFC75HXSI5WHWGIR6GQYV6G - usingCharsetInHTML:UTF-8
2014-08-27T03:24:37.444Z   200      54376 http://www.tsinghua.edu.cn/publish/newthu/index.html - - text/html #006 20140827032423216+3102 sha1:JO6SAVFQDUBVR5LCQGAC5DOG6YLT2XZ7 - usingCharsetInHTML:UTF-8,3t
2014-08-27T03:25:17.986Z   200      21480 http://www.tsinghua.edu.cn/publish/newthu/8913/2014/20140707102707188416328/20140707102707188416328_.html X http://www.tsinghua.edu.cn/publish/newthu/index.html text/html #006 20140827032453478+4904 sha1:6KKSTXXP23CB52KREP2KB2GKJ7GY74Z3 - usingCharsetInHTML:UTF-8
2014-08-27T03:25:49.551Z   200      19664 http://www.tsinghua.edu.cn/publish/newthu/8913/2014/20140611090734471769891/20140611090734471769891_.html X http://www.tsinghua.edu.cn/publish/newthu/index.html text/html #007 20140827032542887+4041 sha1:D3BNBTPGOYOIDRFKN2GXXXCSK6OIYBOD - usingCharsetInHTML:UTF-8
2014-08-27T03:26:12.587Z   200      19394 http://www.tsinghua.edu.cn/publish/newthu/8913/2014/20140818095222973381946/20140818095222973381946_.html X http://www.tsinghua.edu.cn/publish/newthu/index.html text/html #004 20140827032609931+830 sha1:Q2KMUFNLJ3UBADFPOXDRW6L37BOUWL6F - usingCharsetInHTML:UTF-8
2014-08-27T03:26:20.742Z   200      19604 http://www.tsinghua.edu.cn/publish/newthu/8913/2014/20140417193439474897055/20140417193439474897055_.html X http://www.tsinghua.edu.cn/publish/newthu/index.html text/html #003 20140827032616942+930 sha1:F3MWWBH3ZXCQ6Q3M7SQKSY6ZCMCZPKQ5 - usingCharsetInHTML:UTF-8
2014-08-27T03:26:29.003Z   200      19452 http://www.tsinghua.edu.cn/publish/newthu/8913/2014/20140421180054390488700/20140421180054390488700_.html X http://www.tsinghua.edu.cn/publish/newthu/index.html text/html #007 20140827032625604+1151 sha1:NEH34FM4BU6HGCXEFLUH743QUE5QWCA4 - usingCharsetInHTML:UTF-8
2014-08-27T03:26:40.733Z   200      19747 http://www.tsinghua.edu.cn/publish/newthu/8913/2014/20140714090638974791661/20140714090638974791661_.html X http://www.tsinghua.edu.cn/publish/newthu/index.html text/html #003 20140827032634764+1145 sha1:GXDBQVOLOENPAOXCHH64NU6UX4KSNNPH - usingCharsetInHTML:UTF-8
2014-08-27T03:26:51.865Z   200      20979 http://www.tsinghua.edu.cn/publish/newthu/8913/2014/20140610091900695143637/20140610091900695143637_.html X http://www.tsinghua.edu.cn/publish/newthu/index.html text/html #004 20140827032646638+1563 sha1:TJN6AS24EKCMCISXEKZT6HUJEKYAQPYV - usingCharsetInHTML:UTF-8
2014-08-27T03:27:03.769Z   200      19514 http://www.tsinghua.edu.cn/publish/newthu/8913/2014/20140618102937261746235/20140618102937261746235_.html X http://www.tsinghua.edu.cn/publish/newthu/index.html text/html #003 20140827032659761+1121 sha1:DK3NQM3TAY7T5U6HOSCU23AIHY6W2XFM - usingCharsetInHTML:UTF-8
2014-08-27T03:27:13.287Z   200      20094 http://www.tsinghua.edu.cn/publish/newthu/8913/2014/20140701091306576475785/20140701091306576475785_.html X http://www.tsinghua.edu.cn/publish/newthu/index.html text/html #003 20140827032709779+1058 sha1:QGTSM3M76226XB2RYQB3JP4YZQPNK4MM - usingCharsetInHTML:UTF-8
2014-08-27T03:27:21.648Z   200      19837 http://www.tsinghua.edu.cn/publish/newthu/8913/2014/20140616100333336557954/20140616100333336557954_.html X http://www.tsinghua.edu.cn/publish/newthu/index.html text/html #004 20140827032718903+825 sha1:KZJRGOW4FOG3VAZC4ZQCJHGNKHCJ4MOF - usingCharsetInHTML:UTF-8
2014-08-27T03:27:30.487Z   200      19794 http://www.tsinghua.edu.cn/publish/newthu/8913/2014/20140825091658085424068/20140825091658085424068_.html X http://www.tsinghua.edu.cn/publish/newthu/index.html text/html #022 20140827032726046+848 sha1:LW57RUNYNV3EKTMRSVCWJORUIE3FFO2Z - usingCharsetInHTML:UTF-8
2014-08-27T03:27:39.809Z   200      19736 http://www.tsinghua.edu.cn/publish/newthu/8913/2014/20140417185435167682760/20140417185435167682760_.html X http://www.tsinghua.edu.cn/publish/newthu/index.html text/html #024 20140827032735061+1266 sha1:VO7IFGJU54H6HPUJQCBV5AUYS4E6ZKLP - usingCharsetInHTML:UTF-8
2014-08-27T03:27:53.467Z   200      20146 http://www.tsinghua.edu.cn/publish/newthu/8913/2014/20140427090505193657327/20140427090505193657327_.html X http://www.tsinghua.edu.cn/publish/newthu/index.html text/html #006 20140827032746189+4479 sha1:Z6NVWUMEJDJQ677XZQUBJGDVUNI4CPJY - usingCharsetInHTML:UTF-8
2014-08-27T03:28:21.080Z   200      19232 http://www.tsinghua.edu.cn/publish/newthu/8913/2014/20140417201611499658914/20140417201611499658914_.html X http://www.tsinghua.edu.cn/publish/newthu/index.html text/html #010 20140827032816111+1159 sha1:4OTPVSQCNCWJSYQBEHRKR7L7SMX5Y4GQ - usingCharsetInHTML:UTF-8
2014-08-27T03:28:31.824Z   200      19353 http://www.tsinghua.edu.cn/publish/newthu/8913/2014/20140417190440612910764/20140417190440612910764_.html X http://www.tsinghua.edu.cn/publish/newthu/index.html text/html #010 20140827032827091+1647 sha1:GPK7DLBXAZC3ECX4MTMK4GRF3JH27FRT - usingCharsetInHTML:UTF-8
2014-08-27T03:28:48.739Z   200      19568 http://www.tsinghua.edu.cn/publish/newthu/8913/2014/20140523095300158211129/20140523095300158211129_.html X http://www.tsinghua.edu.cn/publish/newthu/index.html text/html #008 20140827032840152+4041 sha1:PV4DTTBBLRVNBPPPL7WYPIHI6ZVDCJXN - usingCharsetInHTML:UTF-8
2014-08-27T03:29:13.995Z   200      20185 http://www.tsinghua.edu.cn/publish/newthu/8913/2014/20140417190932587602633/20140417190932587602633_.html X http://www.tsinghua.edu.cn/publish/newthu/index.html text/html #020 20140827032909185+1616 sha1:QGLUCKALY47ZLL3UUKSK7QO7GI7FKQWK - usingCharsetInHTML:UTF-8
2014-08-27T03:29:25.928Z   200      19988 http://www.tsinghua.edu.cn/publish/newthu/8913/2014/20140428091056833636694/20140428091056833636694_.html X http://www.tsinghua.edu.cn/publish/newthu/index.html text/html #014 20140827032922220+1234 sha1:ASOCYPU7HH7LMPWX2TJX6NM2GPRSJ5X4 - usingCharsetInHTML:UTF-8
2014-08-27T03:29:35.480Z   200      19741 http://www.tsinghua.edu.cn/publish/newthu/8913/2014/20140417193549624280579/20140417193549624280579_.html X http://www.tsinghua.edu.cn/publish/newthu/index.html text/html #021 20140827032932239+1063 sha1:PGXEBWCJWKEYT6NOPWP4VOAURF5O37W3 - usingCharsetInHTML:UTF-8
2014-08-27T03:29:44.081Z   200      19142 http://www.tsinghua.edu.cn/publish/newthu/8913/2014/20140506090215648711991/20140506090215648711991_.html X http://www.tsinghua.edu.cn/publish/newthu/index.html text/html #008 20140827032940805+987 sha1:34NYKM2MLG6CUQRLO5VSG5TSHOKOWDE4 - usingCharsetInHTML:UTF-8
2014-08-27T03:29:53.466Z   200      19789 http://www.tsinghua.edu.cn/publish/newthu/8913/2014/20140627094300123910268/20140627094300123910268_.html X http://www.tsinghua.edu.cn/publish/newthu/index.html text/html #020 20140827032949041+1128 sha1:CHROC6JGDEZ3PPKF7X63YIIBTH6TI3OY - usingCharsetInHTML:UTF-8
2014-08-27T03:30:04.817Z   200      20495 http://www.tsinghua.edu.cn/publish/newthu/8913/2014/20140702093445806897075/20140702093445806897075_.html X http://www.tsinghua.edu.cn/publish/newthu/index.html text/html #025 20140827032959289+1432 sha1:GZJMF3SKM5A5NFBLHM4L6BRJ2KEQX6AO - usingCharsetInHTML:UTF-8
2014-08-27T03:30:15.691Z   200      19453 http://www.tsinghua.edu.cn/publish/newthu/8913/2014/20140521085307211869470/20140521085307211869470_.html X http://www.tsinghua.edu.cn/publish/newthu/index.html text/html #014 20140827033011986+941 sha1:THOAGX3H6KRHP27EFCVPHDAFC35X5LHU - usingCharsetInHTML:UTF-8
2014-08-27T03:30:25.233Z   200      19754 http://www.tsinghua.edu.cn/publish/newthu/8913/2014/20140630093501328914143/20140630093501328914143_.html X http://www.tsinghua.edu.cn/publish/newthu/index.html text/html #020 20140827033020501+995 sha1:ZQK4M4C5WBZQLJFF2M6VNUJ6WA2PBO6M - usingCharsetInHTML:UTF-8
2014-08-27T03:30:33.540Z   200      19553 http://www.tsinghua.edu.cn/publish/newthu/8913/2014/20140609093138536196501/20140609093138536196501_.html X http://www.tsinghua.edu.cn/publish/newthu/index.html text/html #020 20140827033030239+1448 sha1:4R2NUDRQXV3M4TT3VIWRCT2EDESO7VRW - usingCharsetInHTML:UTF-8
2014-08-27T03:30:45.693Z   200      19914 http://www.tsinghua.edu.cn/publish/newthu/8913/2014/20140514090243145666882/20140514090243145666882_.html X http://www.tsinghua.edu.cn/publish/newthu/index.html text/html #025 20140827033040864+2065 sha1:5KMQ3NXKOO6FYNG7GQJJYKMY5AR7FTOQ - usingCharsetInHTML:UTF-8
2014-08-27T03:31:02.816Z   200      19328 http://www.tsinghua.edu.cn/publish/newthu/8913/2014/20140417202643187892318/20140417202643187892318_.html X http://www.tsinghua.edu.cn/publish/newthu/index.html text/html #024 20140827033056051+1633 sha1:CAOW4LWPAOKXT5J63OB5OUZMYSUR7LUH - usingCharsetInHTML:UTF-8
2014-08-27T03:31:18.544Z   200      19521 http://www.tsinghua.edu.cn/publish/newthu/8913/2014/20140417185122636775383/20140417185122636775383_.html X http://www.tsinghua.edu.cn/publish/newthu/index.html text/html #010 20140827033111017+2673 sha1:6OQPBJQAKTEBSLRILBXB5OUTJDUA3BR2 - usingCharsetInHTML:UTF-8
2014-08-27T03:31:36.712Z   200      19523 http://www.tsinghua.edu.cn/publish/newthu/8913/2014/20140417201357515938014/20140417201357515938014_.html X http://www.tsinghua.edu.cn/publish/newthu/index.html text/html #004 20140827033131952+1867 sha1:JZARIYEHMZG5SQS4RU3SGXFXWVGDEJDA - usingCharsetInHTML:UTF-8
2014-08-27T03:31:52.809Z   200      20358 http://www.tsinghua.edu.cn/publish/newthu/8913/2014/20140604093134499483171/20140604093134499483171_.html X http://www.tsinghua.edu.cn/publish/newthu/index.html text/html #008 20140827033146225+1706 sha1:VEO45GERMJ7CI6SVYE2BMWJR3LZXHATM - usingCharsetInHTML:UTF-8
2014-08-27T03:32:07.635Z   200      19342 http://www.tsinghua.edu.cn/publish/newthu/8913/2014/20140513085855810650764/20140513085855810650764_.html X http://www.tsinghua.edu.cn/publish/newthu/index.html text/html #023 20140827033201462+3259 sha1:WWNTMAQLH2FDHEBREDTH3FCGM7DODPWL - usingCharsetInHTML:UTF-8
2014-08-27T03:32:28.987Z   200      21086 http://www.tsinghua.edu.cn/publish/newthu/8913/2014/20140512093427975812610/20140512093427975812610_.html X http://www.tsinghua.edu.cn/publish/newthu/index.html text/html #001 20140827033224492+1942 sha1:XBW5AC3D4XEKLE7NGAYX7JKOXIP76OBS - usingCharsetInHTML:UTF-8
2014-08-27T03:32:41.864Z   200      20259 http://www.tsinghua.edu.cn/publish/newthu/8913/2014/20140417201024878175759/20140417201024878175759_.html X http://www.tsinghua.edu.cn/publish/newthu/index.html text/html #020 20140827033238698+813 sha1:C5QOTI6C6SKFA5IBYVAGPLCKHIV4MNQQ - usingCharsetInHTML:UTF-8
2014-08-27T03:32:48.601Z   200      19761 http://www.tsinghua.edu.cn/publish/newthu/8913/2014/20140625140536376228968/20140625140536376228968_.html X http://www.tsinghua.edu.cn/publish/newthu/index.html text/html #024 20140827033245939+858 sha1:4GMDDE3AZKPKX4UMO25QHD33HKWJDSMM - usingCharsetInHTML:UTF-8
2014-08-27T03:32:56.526Z   200      19827 http://www.tsinghua.edu.cn/publish/newthu/8913/2014/20140519164615849503931/20140519164615849503931_.html X http://www.tsinghua.edu.cn/publish/newthu/index.html text/html #001 20140827033253016+1746 sha1:WXC25DLRBAGWGVCBWPSR2DVIRAQIDUZ3 - usingCharsetInHTML:UTF-8
2014-08-27T03:33:11.353Z   200      20504 http://www.tsinghua.edu.cn/publish/newthu/8913/2014/20140417185838944457336/20140417185838944457336_.html X http://www.tsinghua.edu.cn/publish/newthu/index.html text/html #001 20140827033305538+1804 sha1:IUCH6Y4CDSXXYX3AIEGX7Y4EWYMYLYEJ - usingCharsetInHTML:UTF-8
2014-08-27T03:33:27.835Z   200      19858 http://www.tsinghua.edu.cn/publish/newthu/8913/2014/20140417202056063396548/20140417202056063396548_.html X http://www.tsinghua.edu.cn/publish/newthu/index.html text/html #007 20140827033320562+2475 sha1:KGKIEJLF5F7WOTXOPOQ7DXTL4PJYZ5YY - usingCharsetInHTML:UTF-8
2014-08-27T03:33:49.695Z   200      19294 http://www.tsinghua.edu.cn/publish/newthu/8913/2014/20140505090559477984463/20140505090559477984463_.html X http://www.tsinghua.edu.cn/publish/newthu/index.html text/html #001 20140827033340385+4873 sha1:QTLHF3HQMRYPYC72YOM22YI5BSTAX4R3 - usingCharsetInHTML:UTF-8
2014-08-27T03:35:07.462Z   200      21040 http://www.tsinghua.edu.cn/publish/newthu/8913/2014/20140417191539436566306/20140417191539436566306_.html X http://www.tsinghua.edu.cn/publish/newthu/index.html text/html #018 20140827033414613+5224 sha1:P5QY3IXK4JDDG2MESMCTJGCXWEFEPRFS - usingCharsetInHTML:UTF-8
