2014-09-18T01:17:31.603Z     1         59 dns:news.tsinghua.edu.cn P http://news.tsinghua.edu.cn/publish/news/index.html text/dns #010 20140918011731482+111 sha1:VXLWUUWPH6ZB37DZ4G6K624ENAPCZARR - -
2014-09-18T01:17:34.876Z   200        402 http://news.tsinghua.edu.cn/robots.txt P http://news.tsinghua.edu.cn/publish/news/index.html text/html #010 20140918011734616+223 sha1:EVDP3TRCMH3WDC2ZMH3JXELSOZXLCTYX - usingCharsetInHTML:UTF-8
2014-09-18T01:17:41.563Z   200      63558 http://news.tsinghua.edu.cn/publish/news/index.html - - text/html #010 20140918011737883+1087 sha1:4Y4CMM65EN4GESLYKEC4C4O7MO36L2BI - usingCharsetInHTML:UTF-8,3t
2014-09-18T01:17:41.696Z   404        169 http://166.111.5.104/robots.txt EP http://166.111.5.104/mcms/news/ text/html #010 20140918011741567+127 sha1:H2LSNNMP2AAAJA32CGMGN5UJSRJRJQQV - -
2014-09-18T01:17:47.872Z   403        180 http://news.tsinghua.edu.cn/publish// X http://news.tsinghua.edu.cn/publish/news/index.html text/html #003 20140918011747508+156 sha1:IZL2V3JWC756T5PQMRKLA5IKQHCMBSCO - -
2014-09-18T01:17:48.778Z    -5       2731 http://166.111.5.104/mcms/news/ E http://news.tsinghua.edu.cn/publish/news/index.html text/html #008 20140918011745504+612 sha1:GACGQ53HEO4U2CY2BAMQMNQ7NCBZSIHR - usingCharsetInHTML:UTF-8,err=java.lang.NullPointerException,2t
2014-09-18T01:17:51.159Z   403        180 http://news.tsinghua.edu.cn/publish/ X http://news.tsinghua.edu.cn/publish/news/index.html text/html #003 20140918011750879+140 sha1:IZL2V3JWC756T5PQMRKLA5IKQHCMBSCO - -
2014-09-18T01:17:54.749Z   200        402 http://news.tsinghua.edu.cn/sites/ X http://news.tsinghua.edu.cn/publish/news/index.html text/html #003 20140918011754166+132 sha1:EVDP3TRCMH3WDC2ZMH3JXELSOZXLCTYX - usingCharsetInHTML:UTF-8
2014-09-18T01:17:58.392Z   200        402 http://news.tsinghua.edu.cn/sites// X http://news.tsinghua.edu.cn/publish/news/index.html text/html #003 20140918011757755+184 sha1:EVDP3TRCMH3WDC2ZMH3JXELSOZXLCTYX - usingCharsetInHTML:UTF-8
2014-09-18T01:18:03.643Z   200      32652 http://news.tsinghua.edu.cn/publish/news/4205/2014/20140916193408430930542/20140916193408430930542_.html L http://news.tsinghua.edu.cn/publish/news/index.html text/html #003 20140918011801399+489 sha1:2PDZFIORPM4DFT5DUCSDCLAK3SX4K26C - usingCharsetInHTML:UTF-8
2014-09-18T01:18:11.753Z   200      63558 http://news.tsinghua.edu.cn/publish/news/ LX http://news.tsinghua.edu.cn/publish/news/4205/2014/20140916193408430930542/20140916193408430930542_.html text/html #003 20140918011806650+1888 sha1:4Y4CMM65EN4GESLYKEC4C4O7MO36L2BI - usingCharsetInHTML:UTF-8
2014-09-18T01:18:22.157Z   200        402 http://news.tsinghua.edu.cn/sites/newsen/ LX http://news.tsinghua.edu.cn/publish/news/4205/2014/20140916193408430930542/20140916193408430930542_.html text/html #022 20140918011821548+143 sha1:EVDP3TRCMH3WDC2ZMH3JXELSOZXLCTYX - usingCharsetInHTML:UTF-8
2014-09-18T01:18:25.726Z   200        402 http://news.tsinghua.edu.cn/publish/news/index.html/ LX http://news.tsinghua.edu.cn/publish/news/4205/2014/20140916193408430930542/20140916193408430930542_.html text/html #022 20140918011825164+143 sha1:EVDP3TRCMH3WDC2ZMH3JXELSOZXLCTYX - usingCharsetInHTML:UTF-8
2014-09-18T01:18:29.309Z   200        402 http://news.tsinghua.edu.cn/sites/newsen// LX http://news.tsinghua.edu.cn/publish/news/4205/2014/20140916193408430930542/20140916193408430930542_.html text/html #022 20140918011828733+147 sha1:EVDP3TRCMH3WDC2ZMH3JXELSOZXLCTYX - usingCharsetInHTML:UTF-8
2014-09-18T01:18:35.009Z   200      63558 http://news.tsinghua.edu.cn/publish/news// LX http://news.tsinghua.edu.cn/publish/news/4205/2014/20140916193408430930542/20140916193408430930542_.html text/html #022 20140918011832315+945 sha1:4Y4CMM65EN4GESLYKEC4C4O7MO36L2BI - usingCharsetInHTML:UTF-8
2014-09-18T01:18:43.055Z   200      20854 http://news.tsinghua.edu.cn/publish/newsen/ LX http://news.tsinghua.edu.cn/publish/news/4205/2014/20140916193408430930542/20140916193408430930542_.html text/html #010 20140918011839774+770 sha1:X65KEQGPSNPCZHHPSCKVCJ7FDOAPFMWC - usingCharsetInHTML:UTF-8
2014-09-18T01:18:47.621Z   200        402 http://news.tsinghua.edu.cn/sites/news// LX http://news.tsinghua.edu.cn/publish/news/4205/2014/20140916193408430930542/20140916193408430930542_.html text/html #022 20140918011847024+132 sha1:EVDP3TRCMH3WDC2ZMH3JXELSOZXLCTYX - usingCharsetInHTML:UTF-8
2014-09-18T01:18:51.976Z   200      20854 http://news.tsinghua.edu.cn/publish/newsen// LX http://news.tsinghua.edu.cn/publish/news/4205/2014/20140916193408430930542/20140916193408430930542_.html text/html #005 20140918011850625+434 sha1:X65KEQGPSNPCZHHPSCKVCJ7FDOAPFMWC - usingCharsetInHTML:UTF-8
2014-09-18T01:18:55.520Z   200        402 http://news.tsinghua.edu.cn/sites/news/ LX http://news.tsinghua.edu.cn/publish/news/4205/2014/20140916193408430930542/20140916193408430930542_.html text/html #005 20140918011854982+134 sha1:EVDP3TRCMH3WDC2ZMH3JXELSOZXLCTYX - usingCharsetInHTML:UTF-8
2014-09-18T01:18:59.985Z   200      16867 http://news.tsinghua.edu.cn/publish/news/4199/index.html L http://news.tsinghua.edu.cn/publish/news/index.html text/html #005 20140918011858526+493 sha1:NFGUNO6AEHBMYCJGKXR4AU5GJGAGJA6Q - usingCharsetInHTML:UTF-8
2014-09-18T01:19:05.028Z   200      29702 http://news.tsinghua.edu.cn/publish/news/4205/2014/20140917160305302554992/20140917160305302554992_.html L http://news.tsinghua.edu.cn/publish/news/index.html text/html #005 20140918011902991+726 sha1:QGHUSGZ3NVBNUC7M6QUB5KQKYTW6ID2C - usingCharsetInHTML:UTF-8
2014-09-18T01:19:10.537Z   200      27960 http://news.tsinghua.edu.cn/publish/news/4209/2014/20140915144940223630872/20140915144940223630872_.html L http://news.tsinghua.edu.cn/publish/news/index.html text/html #016 20140918011908662+630 sha1:AGCSUA63SN2PLF26G6WKX7E27RRUY6AH - usingCharsetInHTML:UTF-8
2014-09-18T01:19:16.163Z   200      85969 http://news.tsinghua.edu.cn/publish/news/8946/index.html L http://news.tsinghua.edu.cn/publish/news/index.html text/html #019 20140918011913695+1123 sha1:3MJRKCTGTDT2AO2QP336FUCZVQVGXM3X - usingCharsetInHTML:UTF-8
2014-09-18T01:19:24.134Z   200      44504 http://news.tsinghua.edu.cn/publish/news/4210/2014/20140912150203106852163/20140912150203106852163_.html L http://news.tsinghua.edu.cn/publish/news/index.html text/html #003 20140918011921869+665 sha1:YMPCCERTFBRFG5WP25U5VWHS6MIDGIED - usingCharsetInHTML:UTF-8
2014-09-18T01:19:30.788Z   200      86249 http://news.tsinghua.edu.cn/publish/news/4204/index.html L http://news.tsinghua.edu.cn/publish/news/index.html text/html #016 20140918011927564+1529 sha1:6NZ2APM6GZ7V4IEDARQVZEHRCI2L7SQZ - usingCharsetInHTML:UTF-8
2014-09-18T01:19:40.091Z   200      25216 http://news.tsinghua.edu.cn/publish/news/4209/2014/20140918085553437186543/20140918085553437186543_.html L http://news.tsinghua.edu.cn/publish/news/index.html text/html #009 20140918011938696+430 sha1:Y6QUX7NMS56HJ63UIRPOWJ3YXFI62WYX - usingCharsetInHTML:UTF-8
2014-09-18T01:19:44.397Z   200      28101 http://news.tsinghua.edu.cn/publish/news/4225/2014/20140718114421728237310/20140718114421728237310_.html L http://news.tsinghua.edu.cn/publish/news/index.html text/html #009 20140918011943097+436 sha1:HSGGPGAZKW4LLRTKVVAR5FWVYJNRQK3P - usingCharsetInHTML:UTF-8
2014-09-18T01:19:49.010Z   200      33135 http://news.tsinghua.edu.cn/publish/news/4217/2014/20140918085959610129922/20140918085959610129922_.html L http://news.tsinghua.edu.cn/publish/news/index.html text/html #009 20140918011947403+631 sha1:3CM3XBHAHQ3KBY76YJ3D24CC73XCYLZ2 - usingCharsetInHTML:UTF-8
2014-09-18T01:19:53.653Z   200      27273 http://news.tsinghua.edu.cn/publish/news/4212/2014/20140915172543652708476/20140915172543652708476_.html L http://news.tsinghua.edu.cn/publish/news/index.html text/html #003 20140918011952176+544 sha1:TUDRHAY5AOCEOUZHHYXT7HJUDKNKZKRE - usingCharsetInHTML:UTF-8
2014-09-18T01:20:00.028Z   200      31244 http://news.tsinghua.edu.cn/publish/news/4204/2014/20140916105521356341978/20140916105521356341978_.html L http://news.tsinghua.edu.cn/publish/news/index.html text/html #003 20140918011956659+952 sha1:6YUOG6OQQSJ5HBBEM4N4GSLB2IEGL3NC - usingCharsetInHTML:UTF-8
2014-09-18T01:20:07.346Z   200      34039 http://news.tsinghua.edu.cn/publish/news/4212/2014/20140917165852137313142/20140917165852137313142_.html L http://news.tsinghua.edu.cn/publish/news/index.html text/html #021 20140918012004793+916 sha1:QFMBPUSAHHEMPSZPDOOMFECLW73LDARY - usingCharsetInHTML:UTF-8
2014-09-18T01:20:12.645Z   200       4055 http://news.tsinghua.edu.cn/publish/news/zhuanti/zl.html L http://news.tsinghua.edu.cn/publish/news/index.html text/html #008 20140918012011980+163 sha1:IWK5PQSSDEHJNWULEDKUORNIY3BSPE5C - usingCharsetInHTML:GB2312
2014-09-18T01:20:17.360Z   200      23493 http://news.tsinghua.edu.cn/publish/news/4211/2014/20140909165748551103952/20140909165748551103952_.html L http://news.tsinghua.edu.cn/publish/news/index.html text/html #008 20140918012015651+427 sha1:FU2EE7F4YSZRQHN5QCB4URFYKWW2FE6S - usingCharsetInHTML:UTF-8
2014-09-18T01:20:22.388Z   200      28329 http://news.tsinghua.edu.cn/publish/news/4205/2014/20140916161315613891611/20140916161315613891611_.html L http://news.tsinghua.edu.cn/publish/news/index.html text/html #021 20140918012020366+424 sha1:UOCXKBQPQCVXVPF2FO3YTYAQ7HULSSE2 - usingCharsetInHTML:UTF-8
2014-09-18T01:20:27.115Z   200      26183 http://news.tsinghua.edu.cn/publish/news/4211/2014/20140912105703628773479/20140912105703628773479_.html L http://news.tsinghua.edu.cn/publish/news/index.html text/html #021 20140918012025394+385 sha1:SRHV4TQLZV44Y7FWSYDLVQGDHUP4TGZH - usingCharsetInHTML:UTF-8
2014-09-18T01:20:34.936Z   200      27224 http://news.tsinghua.edu.cn/publish/news/4216/2014/20140821113903591333183/20140821113903591333183_.html L http://news.tsinghua.edu.cn/publish/news/index.html text/html #021 20140918012030120+1362 sha1:LWZON5BBVG3M2M6UVSOUPC3FXF7HK6L2 - usingCharsetInHTML:UTF-8
2014-09-18T01:20:48.042Z   200      48000 http://news.tsinghua.edu.cn/publish/news/4205/2014/20140917103655715200180/20140917103655715200180_.html L http://news.tsinghua.edu.cn/publish/news/index.html text/html #011 20140918012041783+1383 sha1:X4O6VO6MOCW6HVBRP3BN42QBUAX4IKNG - usingCharsetInHTML:UTF-8
2014-09-18T01:20:58.275Z   200      29256 http://news.tsinghua.edu.cn/publish/news/4217/2014/20140916145334454697948/20140916145334454697948_.html L http://news.tsinghua.edu.cn/publish/news/index.html text/html #021 20140918012054962+2100 sha1:FZEW3NVDXOYCNT6SG6EW7GTIT4OKNZ36 - usingCharsetInHTML:UTF-8
2014-09-18T01:21:11.177Z   200      58162 http://news.tsinghua.edu.cn/publish/news/4218/index.html L http://news.tsinghua.edu.cn/publish/news/index.html text/html #022 20140918012108815+853 sha1:R47K4HLUSOZY3XAHU4P6IUSZIBHAULOG - usingCharsetInHTML:UTF-8
2014-09-18T01:21:17.995Z   200      25927 http://news.tsinghua.edu.cn/publish/news/4209/2014/20140918085655306332667/20140918085655306332667_.html L http://news.tsinghua.edu.cn/publish/news/index.html text/html #004 20140918012115833+441 sha1:P6ULXDI6OEORCBTTVA6ZBZA7VXCJZQ3P - usingCharsetInHTML:UTF-8
2014-09-18T01:21:23.192Z   200      51060 http://news.tsinghua.edu.cn/publish/news/4195/2014/20140915153507477127142/20140915153507477127142_.html L http://news.tsinghua.edu.cn/publish/news/index.html text/html #004 20140918012121000+622 sha1:4IPDYTDUT6IZEZMKT4TLAB5YRKLMJ5HG - usingCharsetInHTML:UTF-8
2014-09-18T01:21:28.060Z   200      34126 http://news.tsinghua.edu.cn/publish/news/4216/2014/20140729170413232669660/20140729170413232669660_.html L http://news.tsinghua.edu.cn/publish/news/index.html text/html #021 20140918012126307+515 sha1:SPWN5CC7ZHC5AZ6CRPY3KCXUX3IDYWCP - usingCharsetInHTML:UTF-8
2014-09-18T01:21:33.246Z   200      48034 http://news.tsinghua.edu.cn/publish/news/4222/2014/20140829092445595716673/20140829092445595716673_.html L http://news.tsinghua.edu.cn/publish/news/index.html text/html #021 20140918012131065+662 sha1:PXHSPUHAVNU2GMBLI53NI43KVQURREMD - usingCharsetInHTML:UTF-8
2014-09-18T01:21:38.389Z   200      28952 http://news.tsinghua.edu.cn/publish/news/4212/2014/20140916150034070372210/20140916150034070372210_.html L http://news.tsinghua.edu.cn/publish/news/index.html text/html #001 20140918012136908+494 sha1:YZQA7OZ37362YC2YDOLXBJGFSOE72TQY - usingCharsetInHTML:UTF-8
2014-09-18T01:21:42.820Z   200      24863 http://news.tsinghua.edu.cn/publish/news/4195/2014/20140915153854876774280/20140915153854876774280_.html L http://news.tsinghua.edu.cn/publish/news/index.html text/html #001 20140918012141394+382 sha1:3S5U7JXOEZWI5WN3QEWKHWJU4NG7U2IR - usingCharsetInHTML:UTF-8
2014-09-18T01:21:47.529Z   200      28952 http://news.tsinghua.edu.cn/publish/news/4205/2014/20140916150034070372210/20140916150034070372210_.html L http://news.tsinghua.edu.cn/publish/news/index.html text/html #001 20140918012145823+578 sha1:ZWWDHLIM22BXOP3KIIEUXWGKZGDICJTM - usingCharsetInHTML:UTF-8
2014-09-18T01:21:51.825Z   200      28329 http://news.tsinghua.edu.cn/publish/news/4217/2014/20140916161315613891611/20140916161315613891611_.html L http://news.tsinghua.edu.cn/publish/news/index.html text/html #001 20140918012150533+390 sha1:VRPLI2H6AVOMVHKN7FDAZT4XMHELF4D5 - usingCharsetInHTML:UTF-8
2014-09-18T01:21:56.991Z   200      54404 http://news.tsinghua.edu.cn/publish/news/4205/2014/20140917095119218576263/20140917095119218576263_.html L http://news.tsinghua.edu.cn/publish/news/index.html text/html #001 20140918012154830+618 sha1:RTGMTVRBW7XT45TVTCTXVILJKX577TZO - usingCharsetInHTML:UTF-8
2014-09-18T01:22:01.544Z   200      22753 http://news.tsinghua.edu.cn/publish/news/4213/2014/20140915112631427349418/20140915112631427349418_.html L http://news.tsinghua.edu.cn/publish/news/index.html text/html #011 20140918012200118+363 sha1:3DBG4XJBKKP6PGCGAMYDLY3IVRY3QSDC - usingCharsetInHTML:UTF-8
2014-09-18T01:22:07.317Z   200      64554 http://news.tsinghua.edu.cn/publish/news/4208/2014/20140829113320407275899/20140829113320407275899_.html L http://news.tsinghua.edu.cn/publish/news/index.html text/html #011 20140918012204550+817 sha1:AAC7F425E4SMDWRR2VSLRLBTU4CYRDSC - usingCharsetInHTML:UTF-8
