2014-09-18T01:17:38.984Z http://news.tsinghua.edu.cn/publish/news/index.html "http scheme specific part is too short: //" http://
2014-09-18T01:17:38.988Z http://news.tsinghua.edu.cn/publish/news/index.html "http scheme specific part is too short: //" https://
2014-09-18T01:18:01.892Z http://news.tsinghua.edu.cn/publish/news/4205/2014/20140916193408430930542/20140916193408430930542_.html "http scheme specific part is too short: //" http://
2014-09-18T01:18:01.893Z http://news.tsinghua.edu.cn/publish/news/4205/2014/20140916193408430930542/20140916193408430930542_.html "http scheme specific part is too short: //" https://
2014-09-18T01:18:08.542Z http://news.tsinghua.edu.cn/publish/news/ "http scheme specific part is too short: //" http://
2014-09-18T01:18:08.543Z http://news.tsinghua.edu.cn/publish/news/ "http scheme specific part is too short: //" https://
2014-09-18T01:18:33.262Z http://news.tsinghua.edu.cn/publish/news// "http scheme specific part is too short: //" http://
2014-09-18T01:18:33.263Z http://news.tsinghua.edu.cn/publish/news// "http scheme specific part is too short: //" https://
2014-09-18T01:18:40.547Z http://news.tsinghua.edu.cn/publish/newsen/ "http scheme specific part is too short: //" http://
2014-09-18T01:18:40.548Z http://news.tsinghua.edu.cn/publish/newsen/ "http scheme specific part is too short: //" https://
2014-09-18T01:18:51.064Z http://news.tsinghua.edu.cn/publish/newsen// "http scheme specific part is too short: //" http://
2014-09-18T01:18:51.072Z http://news.tsinghua.edu.cn/publish/newsen// "http scheme specific part is too short: //" https://
2014-09-18T01:18:59.021Z http://news.tsinghua.edu.cn/publish/news/4199/index.html "http scheme specific part is too short: //" http://
2014-09-18T01:18:59.022Z http://news.tsinghua.edu.cn/publish/news/4199/index.html "http scheme specific part is too short: //" https://
2014-09-18T01:19:03.719Z http://news.tsinghua.edu.cn/publish/news/4205/2014/20140917160305302554992/20140917160305302554992_.html "http scheme specific part is too short: //" http://
2014-09-18T01:19:03.720Z http://news.tsinghua.edu.cn/publish/news/4205/2014/20140917160305302554992/20140917160305302554992_.html "http scheme specific part is too short: //" https://
2014-09-18T01:19:09.295Z http://news.tsinghua.edu.cn/publish/news/4209/2014/20140915144940223630872/20140915144940223630872_.html "http scheme specific part is too short: //" http://
2014-09-18T01:19:09.296Z http://news.tsinghua.edu.cn/publish/news/4209/2014/20140915144940223630872/20140915144940223630872_.html "http scheme specific part is too short: //" https://
2014-09-18T01:19:14.821Z http://news.tsinghua.edu.cn/publish/news/8946/index.html "http scheme specific part is too short: //" http://
2014-09-18T01:19:14.822Z http://news.tsinghua.edu.cn/publish/news/8946/index.html "http scheme specific part is too short: //" https://
2014-09-18T01:19:22.537Z http://news.tsinghua.edu.cn/publish/news/4210/2014/20140912150203106852163/20140912150203106852163_.html "http scheme specific part is too short: //" http://
2014-09-18T01:19:22.538Z http://news.tsinghua.edu.cn/publish/news/4210/2014/20140912150203106852163/20140912150203106852163_.html "http scheme specific part is too short: //" https://
2014-09-18T01:19:29.095Z http://news.tsinghua.edu.cn/publish/news/4204/index.html "http scheme specific part is too short: //" http://
2014-09-18T01:19:29.096Z http://news.tsinghua.edu.cn/publish/news/4204/index.html "http scheme specific part is too short: //" https://
2014-09-18T01:19:39.129Z http://news.tsinghua.edu.cn/publish/news/4209/2014/20140918085553437186543/20140918085553437186543_.html "http scheme specific part is too short: //" http://
2014-09-18T01:19:39.130Z http://news.tsinghua.edu.cn/publish/news/4209/2014/20140918085553437186543/20140918085553437186543_.html "http scheme specific part is too short: //" https://
2014-09-18T01:19:43.536Z http://news.tsinghua.edu.cn/publish/news/4225/2014/20140718114421728237310/20140718114421728237310_.html "http scheme specific part is too short: //" http://
2014-09-18T01:19:43.536Z http://news.tsinghua.edu.cn/publish/news/4225/2014/20140718114421728237310/20140718114421728237310_.html "http scheme specific part is too short: //" https://
2014-09-18T01:19:48.037Z http://news.tsinghua.edu.cn/publish/news/4217/2014/20140918085959610129922/20140918085959610129922_.html "http scheme specific part is too short: //" http://
2014-09-18T01:19:48.038Z http://news.tsinghua.edu.cn/publish/news/4217/2014/20140918085959610129922/20140918085959610129922_.html "http scheme specific part is too short: //" https://
2014-09-18T01:19:52.723Z http://news.tsinghua.edu.cn/publish/news/4212/2014/20140915172543652708476/20140915172543652708476_.html "http scheme specific part is too short: //" http://
2014-09-18T01:19:52.724Z http://news.tsinghua.edu.cn/publish/news/4212/2014/20140915172543652708476/20140915172543652708476_.html "http scheme specific part is too short: //" https://
2014-09-18T01:19:57.614Z http://news.tsinghua.edu.cn/publish/news/4204/2014/20140916105521356341978/20140916105521356341978_.html "http scheme specific part is too short: //" http://
2014-09-18T01:19:57.615Z http://news.tsinghua.edu.cn/publish/news/4204/2014/20140916105521356341978/20140916105521356341978_.html "http scheme specific part is too short: //" https://
2014-09-18T01:20:05.711Z http://news.tsinghua.edu.cn/publish/news/4212/2014/20140917165852137313142/20140917165852137313142_.html "http scheme specific part is too short: //" http://
2014-09-18T01:20:05.711Z http://news.tsinghua.edu.cn/publish/news/4212/2014/20140917165852137313142/20140917165852137313142_.html "http scheme specific part is too short: //" https://
2014-09-18T01:20:16.080Z http://news.tsinghua.edu.cn/publish/news/4211/2014/20140909165748551103952/20140909165748551103952_.html "http scheme specific part is too short: //" http://
2014-09-18T01:20:16.080Z http://news.tsinghua.edu.cn/publish/news/4211/2014/20140909165748551103952/20140909165748551103952_.html "http scheme specific part is too short: //" https://
2014-09-18T01:20:20.792Z http://news.tsinghua.edu.cn/publish/news/4205/2014/20140916161315613891611/20140916161315613891611_.html "http scheme specific part is too short: //" http://
2014-09-18T01:20:20.792Z http://news.tsinghua.edu.cn/publish/news/4205/2014/20140916161315613891611/20140916161315613891611_.html "http scheme specific part is too short: //" https://
2014-09-18T01:20:25.781Z http://news.tsinghua.edu.cn/publish/news/4211/2014/20140912105703628773479/20140912105703628773479_.html "http scheme specific part is too short: //" http://
2014-09-18T01:20:25.781Z http://news.tsinghua.edu.cn/publish/news/4211/2014/20140912105703628773479/20140912105703628773479_.html "http scheme specific part is too short: //" https://
2014-09-18T01:20:31.484Z http://news.tsinghua.edu.cn/publish/news/4216/2014/20140821113903591333183/20140821113903591333183_.html "http scheme specific part is too short: //" http://
2014-09-18T01:20:31.484Z http://news.tsinghua.edu.cn/publish/news/4216/2014/20140821113903591333183/20140821113903591333183_.html "http scheme specific part is too short: //" https://
2014-09-18T01:20:43.168Z http://news.tsinghua.edu.cn/publish/news/4205/2014/20140917103655715200180/20140917103655715200180_.html "http scheme specific part is too short: //" http://
2014-09-18T01:20:43.176Z http://news.tsinghua.edu.cn/publish/news/4205/2014/20140917103655715200180/20140917103655715200180_.html "http scheme specific part is too short: //" https://
2014-09-18T01:20:57.065Z http://news.tsinghua.edu.cn/publish/news/4217/2014/20140916145334454697948/20140916145334454697948_.html "http scheme specific part is too short: //" http://
2014-09-18T01:20:57.065Z http://news.tsinghua.edu.cn/publish/news/4217/2014/20140916145334454697948/20140916145334454697948_.html "http scheme specific part is too short: //" https://
2014-09-18T01:21:09.670Z http://news.tsinghua.edu.cn/publish/news/4218/index.html "http scheme specific part is too short: //" http://
2014-09-18T01:21:09.671Z http://news.tsinghua.edu.cn/publish/news/4218/index.html "http scheme specific part is too short: //" https://
2014-09-18T01:21:16.277Z http://news.tsinghua.edu.cn/publish/news/4209/2014/20140918085655306332667/20140918085655306332667_.html "http scheme specific part is too short: //" http://
2014-09-18T01:21:16.278Z http://news.tsinghua.edu.cn/publish/news/4209/2014/20140918085655306332667/20140918085655306332667_.html "http scheme specific part is too short: //" https://
2014-09-18T01:21:21.624Z http://news.tsinghua.edu.cn/publish/news/4195/2014/20140915153507477127142/20140915153507477127142_.html "http scheme specific part is too short: //" http://
2014-09-18T01:21:21.625Z http://news.tsinghua.edu.cn/publish/news/4195/2014/20140915153507477127142/20140915153507477127142_.html "http scheme specific part is too short: //" https://
2014-09-18T01:21:26.825Z http://news.tsinghua.edu.cn/publish/news/4216/2014/20140729170413232669660/20140729170413232669660_.html "http scheme specific part is too short: //" http://
2014-09-18T01:21:26.826Z http://news.tsinghua.edu.cn/publish/news/4216/2014/20140729170413232669660/20140729170413232669660_.html "http scheme specific part is too short: //" https://
2014-09-18T01:21:31.730Z http://news.tsinghua.edu.cn/publish/news/4222/2014/20140829092445595716673/20140829092445595716673_.html "http scheme specific part is too short: //" http://
2014-09-18T01:21:31.730Z http://news.tsinghua.edu.cn/publish/news/4222/2014/20140829092445595716673/20140829092445595716673_.html "http scheme specific part is too short: //" https://
2014-09-18T01:21:37.403Z http://news.tsinghua.edu.cn/publish/news/4212/2014/20140916150034070372210/20140916150034070372210_.html "http scheme specific part is too short: //" http://
2014-09-18T01:21:37.404Z http://news.tsinghua.edu.cn/publish/news/4212/2014/20140916150034070372210/20140916150034070372210_.html "http scheme specific part is too short: //" https://
2014-09-18T01:21:41.779Z http://news.tsinghua.edu.cn/publish/news/4195/2014/20140915153854876774280/20140915153854876774280_.html "http scheme specific part is too short: //" http://
2014-09-18T01:21:41.780Z http://news.tsinghua.edu.cn/publish/news/4195/2014/20140915153854876774280/20140915153854876774280_.html "http scheme specific part is too short: //" https://
2014-09-18T01:21:46.403Z http://news.tsinghua.edu.cn/publish/news/4205/2014/20140916150034070372210/20140916150034070372210_.html "http scheme specific part is too short: //" http://
2014-09-18T01:21:46.404Z http://news.tsinghua.edu.cn/publish/news/4205/2014/20140916150034070372210/20140916150034070372210_.html "http scheme specific part is too short: //" https://
2014-09-18T01:21:50.925Z http://news.tsinghua.edu.cn/publish/news/4217/2014/20140916161315613891611/20140916161315613891611_.html "http scheme specific part is too short: //" http://
2014-09-18T01:21:50.926Z http://news.tsinghua.edu.cn/publish/news/4217/2014/20140916161315613891611/20140916161315613891611_.html "http scheme specific part is too short: //" https://
2014-09-18T01:21:55.450Z http://news.tsinghua.edu.cn/publish/news/4205/2014/20140917095119218576263/20140917095119218576263_.html "http scheme specific part is too short: //" http://
2014-09-18T01:21:55.451Z http://news.tsinghua.edu.cn/publish/news/4205/2014/20140917095119218576263/20140917095119218576263_.html "http scheme specific part is too short: //" https://
2014-09-18T01:22:00.484Z http://news.tsinghua.edu.cn/publish/news/4213/2014/20140915112631427349418/20140915112631427349418_.html "http scheme specific part is too short: //" http://
2014-09-18T01:22:00.484Z http://news.tsinghua.edu.cn/publish/news/4213/2014/20140915112631427349418/20140915112631427349418_.html "http scheme specific part is too short: //" https://
2014-09-18T01:22:05.370Z http://news.tsinghua.edu.cn/publish/news/4208/2014/20140829113320407275899/20140829113320407275899_.html "http scheme specific part is too short: //" http://
2014-09-18T01:22:05.370Z http://news.tsinghua.edu.cn/publish/news/4208/2014/20140829113320407275899/20140829113320407275899_.html "http scheme specific part is too short: //" https://
2014-09-18T01:22:12.159Z http://news.tsinghua.edu.cn/publish/news/4222/2014/20140905172043203174307/20140905172043203174307_.html "http scheme specific part is too short: //" http://
2014-09-18T01:22:12.160Z http://news.tsinghua.edu.cn/publish/news/4222/2014/20140905172043203174307/20140905172043203174307_.html "http scheme specific part is too short: //" https://
