2014-09-14T11:37:24.083Z    -2      49046 http://news.tsinghua.edu.cn/publish/news/4195/2011/20110818082716614816818/20110818082716614816818_.html LL http://news.tsinghua.edu.cn/publish/news/4204/2014/20140911151412314746524/20140911151412314746524_.html unknown #016 - - - -
 java.net.ConnectException: Network is down
	at java.net.PlainSocketImpl.socketConnect(Native Method)
	at java.net.PlainSocketImpl.doConnect(PlainSocketImpl.java:382)
	at java.net.PlainSocketImpl.connectToAddress(PlainSocketImpl.java:241)
	at java.net.PlainSocketImpl.connect(PlainSocketImpl.java:228)
	at java.net.SocksSocketImpl.connect(SocksSocketImpl.java:431)
	at java.net.Socket.connect(Socket.java:527)
	at org.archive.modules.fetcher.HeritrixProtocolSocketFactory.createSocket(HeritrixProtocolSocketFactory.java:130)
	at org.apache.commons.httpclient.HttpConnection.open(HttpConnection.java:709)
	at org.apache.commons.httpclient.HttpMethodDirector.executeWithRetry(HttpMethodDirector.java:387)
	at org.apache.commons.httpclient.HttpMethodDirector.executeMethod(HttpMethodDirector.java:171)
	at org.apache.commons.httpclient.HttpClient.executeMethod(HttpClient.java:397)
	at org.apache.commons.httpclient.HttpClient.executeMethod(HttpClient.java:346)
	at org.archive.modules.fetcher.FetchHTTP.innerProcess(FetchHTTP.java:646)
	at org.archive.modules.Processor.innerProcessResult(Processor.java:175)
	at org.archive.modules.Processor.process(Processor.java:142)
	at org.archive.modules.fetcher.FetchHTTP.process(FetchHTTP.java:905)
	at org.archive.modules.ProcessorChain.process(ProcessorChain.java:131)
	at org.archive.crawler.framework.ToeThread.run(ToeThread.java:147)
 java.net.ConnectException: Network is down
	at java.net.PlainSocketImpl.socketConnect(Native Method)
	at java.net.PlainSocketImpl.doConnect(PlainSocketImpl.java:382)
	at java.net.PlainSocketImpl.connectToAddress(PlainSocketImpl.java:241)
	at java.net.PlainSocketImpl.connect(PlainSocketImpl.java:228)
	at java.net.SocksSocketImpl.connect(SocksSocketImpl.java:431)
	at java.net.Socket.connect(Socket.java:527)
	at org.archive.modules.fetcher.HeritrixProtocolSocketFactory.createSocket(HeritrixProtocolSocketFactory.java:130)
	at org.apache.commons.httpclient.HttpConnection.open(HttpConnection.java:709)
	at org.apache.commons.httpclient.HttpMethodDirector.executeWithRetry(HttpMethodDirector.java:387)
	at org.apache.commons.httpclient.HttpMethodDirector.executeMethod(HttpMethodDirector.java:171)
	at org.apache.commons.httpclient.HttpClient.executeMethod(HttpClient.java:397)
	at org.apache.commons.httpclient.HttpClient.executeMethod(HttpClient.java:346)
	at org.archive.modules.fetcher.FetchHTTP.innerProcess(FetchHTTP.java:646)
	at org.archive.modules.Processor.innerProcessResult(Processor.java:175)
	at org.archive.modules.Processor.process(Processor.java:142)
	at org.archive.modules.fetcher.FetchHTTP.process(FetchHTTP.java:905)
	at org.archive.modules.ProcessorChain.process(ProcessorChain.java:131)
	at org.archive.crawler.framework.ToeThread.run(ToeThread.java:147)
2014-09-14T12:39:08.475Z    -2      49046 http://news.tsinghua.edu.cn/publish/news/4195/2011/20110818082716614816818/20110818082716614816818_.html LL http://news.tsinghua.edu.cn/publish/news/4204/2014/20140911151412314746524/20140911151412314746524_.html unknown #016 - - - -
 java.net.ConnectException: Network is down
	at java.net.PlainSocketImpl.socketConnect(Native Method)
	at java.net.PlainSocketImpl.doConnect(PlainSocketImpl.java:382)
	at java.net.PlainSocketImpl.connectToAddress(PlainSocketImpl.java:241)
	at java.net.PlainSocketImpl.connect(PlainSocketImpl.java:228)
	at java.net.SocksSocketImpl.connect(SocksSocketImpl.java:431)
	at java.net.Socket.connect(Socket.java:527)
	at org.archive.modules.fetcher.HeritrixProtocolSocketFactory.createSocket(HeritrixProtocolSocketFactory.java:130)
	at org.apache.commons.httpclient.HttpConnection.open(HttpConnection.java:709)
	at org.apache.commons.httpclient.HttpMethodDirector.executeWithRetry(HttpMethodDirector.java:387)
	at org.apache.commons.httpclient.HttpMethodDirector.executeMethod(HttpMethodDirector.java:171)
	at org.apache.commons.httpclient.HttpClient.executeMethod(HttpClient.java:397)
	at org.apache.commons.httpclient.HttpClient.executeMethod(HttpClient.java:346)
	at org.archive.modules.fetcher.FetchHTTP.innerProcess(FetchHTTP.java:646)
	at org.archive.modules.Processor.innerProcessResult(Processor.java:175)
	at org.archive.modules.Processor.process(Processor.java:142)
	at org.archive.modules.fetcher.FetchHTTP.process(FetchHTTP.java:905)
	at org.archive.modules.ProcessorChain.process(ProcessorChain.java:131)
	at org.archive.crawler.framework.ToeThread.run(ToeThread.java:147)
 java.net.ConnectException: Network is down
	at java.net.PlainSocketImpl.socketConnect(Native Method)
	at java.net.PlainSocketImpl.doConnect(PlainSocketImpl.java:382)
	at java.net.PlainSocketImpl.connectToAddress(PlainSocketImpl.java:241)
	at java.net.PlainSocketImpl.connect(PlainSocketImpl.java:228)
	at java.net.SocksSocketImpl.connect(SocksSocketImpl.java:431)
	at java.net.Socket.connect(Socket.java:527)
	at org.archive.modules.fetcher.HeritrixProtocolSocketFactory.createSocket(HeritrixProtocolSocketFactory.java:130)
	at org.apache.commons.httpclient.HttpConnection.open(HttpConnection.java:709)
	at org.apache.commons.httpclient.HttpMethodDirector.executeWithRetry(HttpMethodDirector.java:387)
	at org.apache.commons.httpclient.HttpMethodDirector.executeMethod(HttpMethodDirector.java:171)
	at org.apache.commons.httpclient.HttpClient.executeMethod(HttpClient.java:397)
	at org.apache.commons.httpclient.HttpClient.executeMethod(HttpClient.java:346)
	at org.archive.modules.fetcher.FetchHTTP.innerProcess(FetchHTTP.java:646)
	at org.archive.modules.Processor.innerProcessResult(Processor.java:175)
	at org.archive.modules.Processor.process(Processor.java:142)
	at org.archive.modules.fetcher.FetchHTTP.process(FetchHTTP.java:905)
	at org.archive.modules.ProcessorChain.process(ProcessorChain.java:131)
	at org.archive.crawler.framework.ToeThread.run(ToeThread.java:147)
2014-09-14T13:46:50.529Z    -2      32565 http://news.tsinghua.edu.cn/publish/news/4204/2014/20140908212048945488547/20140908212048945488547_.html LL http://news.tsinghua.edu.cn/publish/news/4204/index.html unknown #014 - - - -
 java.net.ConnectException: Network is down
	at java.net.PlainSocketImpl.socketConnect(Native Method)
	at java.net.PlainSocketImpl.doConnect(PlainSocketImpl.java:382)
	at java.net.PlainSocketImpl.connectToAddress(PlainSocketImpl.java:241)
	at java.net.PlainSocketImpl.connect(PlainSocketImpl.java:228)
	at java.net.SocksSocketImpl.connect(SocksSocketImpl.java:431)
	at java.net.Socket.connect(Socket.java:527)
	at org.archive.modules.fetcher.HeritrixProtocolSocketFactory.createSocket(HeritrixProtocolSocketFactory.java:130)
	at org.apache.commons.httpclient.HttpConnection.open(HttpConnection.java:709)
	at org.apache.commons.httpclient.HttpMethodDirector.executeWithRetry(HttpMethodDirector.java:387)
	at org.apache.commons.httpclient.HttpMethodDirector.executeMethod(HttpMethodDirector.java:171)
	at org.apache.commons.httpclient.HttpClient.executeMethod(HttpClient.java:397)
	at org.apache.commons.httpclient.HttpClient.executeMethod(HttpClient.java:346)
	at org.archive.modules.fetcher.FetchHTTP.innerProcess(FetchHTTP.java:646)
	at org.archive.modules.Processor.innerProcessResult(Processor.java:175)
	at org.archive.modules.Processor.process(Processor.java:142)
	at org.archive.modules.fetcher.FetchHTTP.process(FetchHTTP.java:905)
	at org.archive.modules.ProcessorChain.process(ProcessorChain.java:131)
	at org.archive.crawler.framework.ToeThread.run(ToeThread.java:147)
 java.net.ConnectException: Network is down
	at java.net.PlainSocketImpl.socketConnect(Native Method)
	at java.net.PlainSocketImpl.doConnect(PlainSocketImpl.java:382)
	at java.net.PlainSocketImpl.connectToAddress(PlainSocketImpl.java:241)
	at java.net.PlainSocketImpl.connect(PlainSocketImpl.java:228)
	at java.net.SocksSocketImpl.connect(SocksSocketImpl.java:431)
	at java.net.Socket.connect(Socket.java:527)
	at org.archive.modules.fetcher.HeritrixProtocolSocketFactory.createSocket(HeritrixProtocolSocketFactory.java:130)
	at org.apache.commons.httpclient.HttpConnection.open(HttpConnection.java:709)
	at org.apache.commons.httpclient.HttpMethodDirector.executeWithRetry(HttpMethodDirector.java:387)
	at org.apache.commons.httpclient.HttpMethodDirector.executeMethod(HttpMethodDirector.java:171)
	at org.apache.commons.httpclient.HttpClient.executeMethod(HttpClient.java:397)
	at org.apache.commons.httpclient.HttpClient.executeMethod(HttpClient.java:346)
	at org.archive.modules.fetcher.FetchHTTP.innerProcess(FetchHTTP.java:646)
	at org.archive.modules.Processor.innerProcessResult(Processor.java:175)
	at org.archive.modules.Processor.process(Processor.java:142)
	at org.archive.modules.fetcher.FetchHTTP.process(FetchHTTP.java:905)
	at org.archive.modules.ProcessorChain.process(ProcessorChain.java:131)
	at org.archive.crawler.framework.ToeThread.run(ToeThread.java:147)
2014-09-14T14:34:44.877Z    -2      25318 http://news.tsinghua.edu.cn/publish/news/8946/2014/20140427140424041618652/20140427140424041618652_.html LL http://news.tsinghua.edu.cn/publish/news/8946/index.html unknown #014 - - - -
 java.net.ConnectException: Network is unreachable
	at java.net.PlainSocketImpl.socketConnect(Native Method)
	at java.net.PlainSocketImpl.doConnect(PlainSocketImpl.java:382)
	at java.net.PlainSocketImpl.connectToAddress(PlainSocketImpl.java:241)
	at java.net.PlainSocketImpl.connect(PlainSocketImpl.java:228)
	at java.net.SocksSocketImpl.connect(SocksSocketImpl.java:431)
	at java.net.Socket.connect(Socket.java:527)
	at org.archive.modules.fetcher.HeritrixProtocolSocketFactory.createSocket(HeritrixProtocolSocketFactory.java:130)
	at org.apache.commons.httpclient.HttpConnection.open(HttpConnection.java:709)
	at org.apache.commons.httpclient.HttpMethodDirector.executeWithRetry(HttpMethodDirector.java:387)
	at org.apache.commons.httpclient.HttpMethodDirector.executeMethod(HttpMethodDirector.java:171)
	at org.apache.commons.httpclient.HttpClient.executeMethod(HttpClient.java:397)
	at org.apache.commons.httpclient.HttpClient.executeMethod(HttpClient.java:346)
	at org.archive.modules.fetcher.FetchHTTP.innerProcess(FetchHTTP.java:646)
	at org.archive.modules.Processor.innerProcessResult(Processor.java:175)
	at org.archive.modules.Processor.process(Processor.java:142)
	at org.archive.modules.fetcher.FetchHTTP.process(FetchHTTP.java:905)
	at org.archive.modules.ProcessorChain.process(ProcessorChain.java:131)
	at org.archive.crawler.framework.ToeThread.run(ToeThread.java:147)
 java.net.ConnectException: Network is unreachable
	at java.net.PlainSocketImpl.socketConnect(Native Method)
	at java.net.PlainSocketImpl.doConnect(PlainSocketImpl.java:382)
	at java.net.PlainSocketImpl.connectToAddress(PlainSocketImpl.java:241)
	at java.net.PlainSocketImpl.connect(PlainSocketImpl.java:228)
	at java.net.SocksSocketImpl.connect(SocksSocketImpl.java:431)
	at java.net.Socket.connect(Socket.java:527)
	at org.archive.modules.fetcher.HeritrixProtocolSocketFactory.createSocket(HeritrixProtocolSocketFactory.java:130)
	at org.apache.commons.httpclient.HttpConnection.open(HttpConnection.java:709)
	at org.apache.commons.httpclient.HttpMethodDirector.executeWithRetry(HttpMethodDirector.java:387)
	at org.apache.commons.httpclient.HttpMethodDirector.executeMethod(HttpMethodDirector.java:171)
	at org.apache.commons.httpclient.HttpClient.executeMethod(HttpClient.java:397)
	at org.apache.commons.httpclient.HttpClient.executeMethod(HttpClient.java:346)
	at org.archive.modules.fetcher.FetchHTTP.innerProcess(FetchHTTP.java:646)
	at org.archive.modules.Processor.innerProcessResult(Processor.java:175)
	at org.archive.modules.Processor.process(Processor.java:142)
	at org.archive.modules.fetcher.FetchHTTP.process(FetchHTTP.java:905)
	at org.archive.modules.ProcessorChain.process(ProcessorChain.java:131)
	at org.archive.crawler.framework.ToeThread.run(ToeThread.java:147)
