2014-9-18 2:07:28 org.archive.crawler.framework.ToeThread recoverableProblem
严重: Problem java.lang.NullPointerException occured when trying to process 'http://www.cas.cn/zt/jzt/cxzt/zxblskxfzgzddxzscxgc/' at step ABOUT_TO_BEGIN_PROCESSOR in 
 (in thread 'ToeThread #2: http://www.cas.cn/zt/jzt/cxzt/zxblskxfzgzddxzscxgc/')
java.lang.NullPointerException
	at com.airbus.lucene.IndexTools.createIndexByURI(IndexTools.java:346)
	at org.archive.modules.writer.MirrorWriterProcessor.innerProcess(MirrorWriterProcessor.java:443)
	at org.archive.modules.Processor.innerProcessResult(Processor.java:175)
	at org.archive.modules.Processor.process(Processor.java:142)
	at org.archive.modules.ProcessorChain.process(ProcessorChain.java:131)
	at org.archive.crawler.framework.ToeThread.run(ToeThread.java:151)
2014-9-18 2:07:28 org.archive.modules.CrawlURI getPolitenessDelay
警告: politessDelay unset, returning default 5000 for http://www.cas.cn/zt/jzt/cxzt/zxblskxfzgzddxzscxgc/ (in thread 'ToeThread #2: http://www.cas.cn/zt/jzt/cxzt/zxblskxfzgzddxzscxgc/')
2014-9-18 2:07:28 org.archive.crawler.framework.ToeThread recoverableProblem
严重: Problem java.lang.NullPointerException occured when trying to process 'http://www.60yq.cas.cn/' at step ABOUT_TO_BEGIN_PROCESSOR in 
 (in thread 'ToeThread #17: http://www.60yq.cas.cn/')
java.lang.NullPointerException
	at com.airbus.lucene.IndexTools.createIndexByURI(IndexTools.java:275)
	at org.archive.modules.writer.MirrorWriterProcessor.innerProcess(MirrorWriterProcessor.java:443)
	at org.archive.modules.Processor.innerProcessResult(Processor.java:175)
	at org.archive.modules.Processor.process(Processor.java:142)
	at org.archive.modules.ProcessorChain.process(ProcessorChain.java:131)
	at org.archive.crawler.framework.ToeThread.run(ToeThread.java:151)
2014-9-18 2:07:37 org.archive.crawler.framework.ToeThread recoverableProblem
严重: Problem java.lang.NullPointerException occured when trying to process 'http://www.cas.cn/zt/jzt/kpzt/bjgzkxrzt/' at step ABOUT_TO_BEGIN_PROCESSOR in 
 (in thread 'ToeThread #2: http://www.cas.cn/zt/jzt/kpzt/bjgzkxrzt/')
java.lang.NullPointerException
	at com.airbus.lucene.IndexTools.createIndexByURI(IndexTools.java:275)
	at org.archive.modules.writer.MirrorWriterProcessor.innerProcess(MirrorWriterProcessor.java:443)
	at org.archive.modules.Processor.innerProcessResult(Processor.java:175)
	at org.archive.modules.Processor.process(Processor.java:142)
	at org.archive.modules.ProcessorChain.process(ProcessorChain.java:131)
	at org.archive.crawler.framework.ToeThread.run(ToeThread.java:151)
2014-9-18 2:07:37 org.archive.modules.CrawlURI getPolitenessDelay
警告: politessDelay unset, returning default 5000 for http://www.cas.cn/zt/jzt/kpzt/bjgzkxrzt/ (in thread 'ToeThread #2: http://www.cas.cn/zt/jzt/kpzt/bjgzkxrzt/')
2014-9-18 2:43:05 org.archive.crawler.framework.ToeThread recoverableProblem
严重: Problem java.lang.NullPointerException occured when trying to process 'http://www.kepu60.cn/' at step ABOUT_TO_BEGIN_PROCESSOR in 
 (in thread 'ToeThread #10: http://www.kepu60.cn/')
java.lang.NullPointerException
	at com.airbus.lucene.IndexTools.createIndexByURI(IndexTools.java:275)
	at org.archive.modules.writer.MirrorWriterProcessor.innerProcess(MirrorWriterProcessor.java:443)
	at org.archive.modules.Processor.innerProcessResult(Processor.java:175)
	at org.archive.modules.Processor.process(Processor.java:142)
	at org.archive.modules.ProcessorChain.process(ProcessorChain.java:131)
	at org.archive.crawler.framework.ToeThread.run(ToeThread.java:151)
2014-9-18 2:43:05 org.archive.crawler.framework.ToeThread recoverableProblem
严重: Problem java.lang.NullPointerException occured when trying to process 'http://pingxuan.kepu.net.cn/' at step ABOUT_TO_BEGIN_PROCESSOR in 
 (in thread 'ToeThread #13: http://pingxuan.kepu.net.cn/')
java.lang.NullPointerException
	at com.airbus.lucene.IndexTools.createIndexByURI(IndexTools.java:275)
	at org.archive.modules.writer.MirrorWriterProcessor.innerProcess(MirrorWriterProcessor.java:443)
	at org.archive.modules.Processor.innerProcessResult(Processor.java:175)
	at org.archive.modules.Processor.process(Processor.java:142)
	at org.archive.modules.ProcessorChain.process(ProcessorChain.java:131)
	at org.archive.crawler.framework.ToeThread.run(ToeThread.java:151)
