2014-09-18T02:01:16.682Z     1         52 dns:www.cas.cn P http://www.cas.cn/ text/dns #004 20140918020116547+130 sha1:6EJW6IZBVN5WRIFU5RXNHBF336KISHML - -
2014-09-18T02:01:21.158Z   404       1297 http://www.cas.cn/robots.txt P http://www.cas.cn/ text/html #004 20140918020119695+1413 sha1:NXJYYMWSCUH5RP2TANQ7Q57TAWAMXHOG - usingCharsetInHTML:UTF-8
2014-09-18T02:01:41.612Z   200     136711 http://www.cas.cn/ - - text/html #024 20140918020128550+1832 sha1:KMCMYCHO6ZJUSFMQPIQL2W3TATKG4E6M - usingCharsetInHTML:UTF-8,3t
2014-09-18T02:01:51.940Z   200       1818 http://www.cas.cn/include/message/ X http://www.cas.cn/ text/html #004 20140918020151204+225 sha1:CGDHGDJYG3IMEGAAGAITSX7HD72S6AVE - usingCharsetInHTML:UTF-8
2014-09-18T02:01:59.558Z   200      36075 http://www.cas.cn/hzjl/ L http://www.cas.cn/ text/html #004 20140918020154946+901 sha1:JE4RIE2KIDA7C33FZEVV4NFOLJCOAQG7 - usingCharsetInHTML:UTF-8
2014-09-18T02:02:07.866Z   200      29428 http://www.cas.cn/ys/ysjy/ L http://www.cas.cn/ text/html #004 20140918020204566+537 sha1:Y26TG5FV7NBI3SUW6GB3NU2SBMKGJID6 - usingCharsetInHTML:UTF-8
2014-09-18T02:02:17.100Z   200      33108 http://www.cas.cn/ft/zxft/ L http://www.cas.cn/ text/html #004 20140918020210872+735 sha1:DFMJS3ROWK2FXGF44WFHNDO442ENPLW2 - usingCharsetInHTML:UTF-8
2014-09-18T02:02:27.270Z   200      48508 http://www.cas.cn/zt/ L http://www.cas.cn/ text/html #004 20140918020221109+1760 sha1:75Z56BO2FMO4QPWJBAVGPFWPIBT6OXVN - usingCharsetInHTML:UTF-8
2014-09-18T02:02:39.776Z   200      29350 http://www.cas.cn/hzjl/gjjl/hzdt/ L http://www.cas.cn/ text/html #004 20140918020236284+620 sha1:SJIOOD7MKX2OXU7AACQLA4FZICXQVFGQ - usingCharsetInHTML:UTF-8
2014-09-18T02:03:44.959Z   200      34567 http://www.cas.cn/xw/zjsd/ L http://www.cas.cn/ text/html #025 20140918020243656+605 sha1:QPMKAZSTJBEZ2MDDTHKZ6TF3MQUPDORI - usingCharsetInHTML:UTF-8
2014-09-18T02:03:59.550Z   200      40102 http://www.cas.cn/sp/ L http://www.cas.cn/ text/html #002 20140918020348776+2274 sha1:2AGQEABBYPF6HRKS2F57DMZ3L4TL6ATP - usingCharsetInHTML:UTF-8
2014-09-18T02:04:19.065Z   200      31756 http://www.cas.cn//ky/kycc/kxsjk/ L http://www.cas.cn/ text/html #025 20140918020410995+1941 sha1:CNSBVOCIVNKKE76FHK6U2ZW5RXXWM6YI - usingCharsetInHTML:UTF-8
2014-09-18T02:04:40.560Z   200      33777 http://www.cas.cn/ky/kyjz/ L http://www.cas.cn/ text/html #020 20140918020428837+2676 sha1:XASKGG3TOUZCV7MNBDJJ4LUDX5RCAXQ3 - usingCharsetInHTML:UTF-8
2014-09-18T02:05:06.934Z   200      53349 http://www.cas.cn/jg/ybjg/ L http://www.cas.cn/ text/html #004 20140918020453958+2305 sha1:VE675YWAM4OBMWNF4YM246ZRRKCHGCUX - usingCharsetInHTML:UTF-8
2014-09-18T02:05:20.154Z   200       5090 http://www.cas.cn/ky/kjjl/gjkxjshzj/ L http://www.cas.cn/ text/html #020 20140918020518609+331 sha1:LE4NTV4VHSHWUMRTI6GQN3HEOLXHD5OR - usingCharsetInHTML:UTF-8
2014-09-18T02:05:24.250Z   200       2756 http://www.cas.cn/ky/kjjl/gjkxjshzj/lb/ LE http://www.cas.cn/ky/kjjl/gjkxjshzj/ text/html #020 20140918020523159+347 sha1:W6VS2G4IN5ARXZFULZ2VDZ5YAYKXVRUD - usingCharsetInHTML:UTF-8
2014-09-18T02:05:27.864Z   200        374 http://www.cas.cn/ky/kjjl/jxjj/ L http://www.cas.cn/ text/html #020 20140918020527256+169 sha1:VRWZ6NB4DVQOU3VUHE3GUFXR4FKHV2MQ - usingCharsetInHTML:UTF-8
2014-09-18T02:05:33.826Z   200       4375 http://www.cas.cn/ky/kjjl/jxjj/gjzrkxjjj/ LX http://www.cas.cn/ky/kjjl/jxjj/ text/html #020 20140918020530869+1328 sha1:35RGGREY5LBHR3X7EZLL34JL54RSARPF - usingCharsetInHTML:UTF-8
2014-09-18T02:05:51.487Z   200      34623 http://www.cas.cn/jzzky/yldjt/ L http://www.cas.cn/ text/html #002 20140918020540683+3058 sha1:LR6BKA36DGQWZSRG2VSJWIHAUOIDHNLJ - usingCharsetInHTML:UTF-8
2014-09-18T02:06:20.269Z   200      49642 http://www.cas.cn/xxgk/ L http://www.cas.cn/ text/html #020 20140918020606859+2357 sha1:JBGGZ2U2ZZCFW37UTDHNEHLZ6ABL3WFG - usingCharsetInHTML:UTF-8
2014-09-18T02:06:33.963Z   200       7967 http://www.cas.cn/ky/kjjl/gjzgkxjsj/ L http://www.cas.cn/ text/html #025 20140918020632218+346 sha1:ZG7BNXOQWTBTZJ3URPOCZHPTKL66QMVO - usingCharsetInHTML:UTF-8
2014-09-18T02:06:50.800Z   200      48770 http://www.cas.cn/xw/ L http://www.cas.cn/ text/html #025 20140918020636968+860 sha1:DGBVNEEX6YAE2WQQ4ARMVZKIVH5A3ZD7 - usingCharsetInHTML:UTF-8
2014-09-18T02:07:02.951Z   200      34536 http://www.cas.cn/xw/kjsm/ L http://www.cas.cn/ text/html #020 20140918020655309+1141 sha1:XYSHJXV72QE2DOBZQVWKAIXO4JP3XYWM - usingCharsetInHTML:UTF-8
2014-09-18T02:07:15.673Z   200      39160 http://www.cas.cn/zt/sszt/ L http://www.cas.cn/ text/html #025 20140918020708822+911 sha1:PAK6BKRWVOZLTPLUKMPIWLQWWQPAWYEB - usingCharsetInHTML:UTF-8
2014-09-18T02:07:15.750Z     1         56 dns:www.60yq.cas.cn LXP http://www.60yq.cas.cn/ text/dns #025 20140918020715678+71 sha1:MAZIW37TJUBTFRU653COOBLAENBKEPSK - -
2014-09-18T02:07:16.130Z     1         58 dns:wlz.most.gov.cn LXP http://wlz.most.gov.cn/ text/dns #020 20140918020715968+161 sha1:FZMX6OD3AJS7MQ6VBAJIZYOUDFDHSX7L - -
2014-09-18T02:07:19.624Z   404       1308 http://wlz.most.gov.cn/robots.txt LXP http://wlz.most.gov.cn/ text/html #020 20140918020719138+470 sha1:MRXRBEASXLAAB7Q3YWHUBUIS652IH4RK - usingCharsetInHTML:GB2312
2014-09-18T02:07:19.634Z   404       1297 http://www.60yq.cas.cn/robots.txt LXP http://www.60yq.cas.cn/ text/html #017 20140918020719055+576 sha1:NXJYYMWSCUH5RP2TANQ7Q57TAWAMXHOG - usingCharsetInHTML:UTF-8
2014-09-18T02:07:27.779Z   200        167 http://wlz.most.gov.cn/ LX http://www.cas.cn/zt/sszt/ text/html #020 20140918020722630+787 sha1:R63UIW73CRM3EFVNX7DZWG6VHQWPU4C3 - 3t
2014-09-18T02:07:28.478Z    -5      29310 http://www.cas.cn/zt/jzt/cxzt/zxblskxfzgzddxzscxgc/ LX http://www.cas.cn/zt/sszt/ text/html #002 20140918020720581+1919 sha1:QSCW7FEXJPS7PNES6XAGN4GSAB26KXQ7 - usingCharsetInHTML:UTF-8,err=java.lang.NullPointerException
2014-09-18T02:07:28.660Z    -5      35867 http://www.60yq.cas.cn/ LX http://www.cas.cn/zt/sszt/ text/html #017 20140918020722638+3611 sha1:SP54TRWIO4A5DWURIZNRKRPNRNMIPZ4Z - usingCharsetInHTML:UTF-8,err=java.lang.NullPointerException,3t
2014-09-18T02:07:37.048Z   200      30392 http://wlz.most.gov.cn/sybs/ LXR http://wlz.most.gov.cn/ text/html #025 20140918020731761+783 sha1:HECOJRSG633EH2MX4ZH3IHDQPKLJ425V - usingCharsetInHTML:GB2312
2014-09-18T02:07:37.542Z    -5      42699 http://www.cas.cn/zt/jzt/kpzt/bjgzkxrzt/ LX http://www.cas.cn/zt/sszt/ text/html #002 20140918020733487+2872 sha1:ROHSVBC66S6KKWKIJIM52DH2RNHSQAP4 - usingCharsetInHTML:UTF-8,err=java.lang.NullPointerException
2014-09-18T02:07:42.926Z   404       1297 http://www.cas.cn/zt/sszt/110095/ LX http://www.cas.cn/zt/sszt/ text/html #002 20140918020742551+196 sha1:NXJYYMWSCUH5RP2TANQ7Q57TAWAMXHOG - usingCharsetInHTML:UTF-8
2014-09-18T02:07:49.436Z   200      27030 http://www.cas.cn/zt/jzt/cxzt/lyxyzqybjx/ LX http://www.cas.cn/zt/sszt/ text/html #002 20140918020745931+979 sha1:YYSE4JPK756U76PWVAUG4UMIKI6ENX72 - usingCharsetInHTML:UTF-8
2014-09-18T02:07:59.742Z   200      21210 http://www.cas.cn/zt/jzt/yszt/hjtxnqxgczky/ LX http://www.cas.cn/zt/sszt/ text/html #002 20140918020754446+1255 sha1:FSOFROL6KUF4YEZD5QCZAFRKWEMQR5ZT - usingCharsetInHTML:UTF-8
2014-09-18T02:08:10.095Z   200      23286 http://www.cas.cn/zt/jzt/wxcbzt/zkyqbgychgjjzs/ LX http://www.cas.cn/zt/sszt/ text/html #025 20140918020806081+798 sha1:DY55OZACLQWP5WAHEZN37PQ5JPESWX7I - usingCharsetInHTML:UTF-8
2014-09-18T02:08:19.005Z   200      32964 http://www.cas.cn/zt/jzt/djzt/zkybcgcdyxjxjyzt/ LX http://www.cas.cn/zt/sszt/ text/html #025 20140918020814102+657 sha1:DBAGFYQ7MB5OP4UR4LJZU2GME32DCT6E - usingCharsetInHTML:UTF-8
2014-09-18T02:08:26.900Z   200      28044 http://www.cas.cn/zt/jzt/fkzt/yxwqkxya/ LX http://www.cas.cn/zt/sszt/ text/html #017 20140918020822723+748 sha1:HENKOLZELP4X6K57U5AEJ22KCRVLYKYC - usingCharsetInHTML:UTF-8
2014-09-18T02:08:36.208Z   200      28960 http://www.cas.cn/zt/jzt/kxhyzt/ctdjbjnqgkxdhzk30zn/ LX http://www.cas.cn/zt/sszt/ text/html #002 20140918020830780+1048 sha1:RRXUT3QVEX62LRS662DB25VVNYYRAH4G - usingCharsetInHTML:UTF-8
2014-09-18T02:08:48.626Z   200      46148 http://www.cas.cn/zt/sszt/2013/ LX http://www.cas.cn/zt/sszt/ text/html #020 20140918020841865+1040 sha1:ZU3IMHCV3G3JOJGTW2YBWAKAJID6UHAX - usingCharsetInHTML:UTF-8
2014-09-18T02:08:57.139Z   200      30931 http://www.cas.cn/zt/jzt/yszt/wjbsczgkxy/ LX http://www.cas.cn/zt/sszt/ text/html #017 20140918020853936+836 sha1:GU7V5KO2SEXIA54OEPNK3MMVYVTOPX6T - usingCharsetInHTML:UTF-8
2014-09-18T02:10:59.131Z   200      25631 http://www.cas.cn/zt/jzt/kpzt/zkygzkxr2007/ LX http://www.cas.cn/zt/sszt/ text/html #020 20140918020901641+5874 sha1:XKSCUCBZUNYZK5AKJYYAOPVNIK7ZRUXD - usingCharsetInHTML:UTF-8
2014-09-18T02:11:32.504Z   200      20834 http://www.cas.cn/zt/jzt/cxzt/zgkxydjjkxxwj/ LX http://www.cas.cn/zt/sszt/ text/html #020 20140918021129167+1597 sha1:WSAV777LUB2GP4NSVHHQ4JR27C5OMJQ6 - usingCharsetInHTML:UTF-8
2014-09-18T02:11:53.654Z   200      27244 http://www.cas.cn/zt/jzt/cxzt/jnzscxgc10zn/ LX http://www.cas.cn/zt/sszt/ text/html #020 20140918021140513+9810 sha1:QCIERLOTNYAVN5Z4OODSWCGJNXIH3CXM - usingCharsetInHTML:UTF-8
2014-09-18T02:15:12.290Z   200      31042 http://www.cas.cn/zt/jzt/rcjyzt/yjsrxksbkzn/ LX http://www.cas.cn/zt/sszt/ text/html #020 20140918021223689+27333 sha1:RIP3EWMF6CV4OSBV3QQMUXMDG2GOU7XT - usingCharsetInHTML:UTF-8
2014-09-18T02:16:14.120Z   200      25343 http://www.cas.cn/zt/jzt/yszt/zgzyzzjcwsczgkxy/ LX http://www.cas.cn/zt/sszt/ text/html #020 20140918021542323+24136 sha1:25F6AWIVQ6KPGKLTVCQRZI5A2DHXJRAY - usingCharsetInHTML:UTF-8
2014-09-18T02:36:56.216Z   200      12977 http://www.cas.cn/zt/jzt/cxzt/cxdjb/ LX http://www.cas.cn/zt/sszt/ text/html #020 20140918021644151+1204888 sha1:DEZCSBAFB43VYXOOMHDHQULP7JEF4NUU - timeTrunc,usingCharsetInHTML:UTF-8
2014-09-18T02:37:30.849Z   200      28240 http://www.cas.cn/zt/jzt/kpzt/fkqlgybjkg/ LX http://www.cas.cn/zt/sszt/ text/html #010 20140918023726240+831 sha1:VVZSCFUN6WD34UOS3VQ35DREFS3ESUZA - usingCharsetInHTML:UTF-8
2014-09-18T02:37:38.585Z   200      32132 http://www.cas.cn/zt/jzt/djzt/zgkxyjndj85zn/ LX http://www.cas.cn/zt/sszt/ text/html #017 20140918023735059+616 sha1:U6XFMPXCE4FZ6Q2YIPEPNAUKTYVWGVE3 - usingCharsetInHTML:UTF-8
2014-09-18T02:37:45.017Z   200      25448 http://www.cas.cn/zt/jzt/yszt/zgkxyxbzgfywsn/ LX http://www.cas.cn/zt/sszt/ text/html #010 20140918023741869+536 sha1:VGGYEQZMCWZIHF62D35IY5RF4BMTEYOR - usingCharsetInHTML:UTF-8
2014-09-18T02:37:50.937Z   200      26633 http://www.cas.cn/zt/jzt/rcjyzt/xbzgjhsssznzt/ LX http://www.cas.cn/zt/sszt/ text/html #010 20140918023748024+584 sha1:4CUZOGN5Z2XLQ7OJHHNPXA3FNMFX6IB3 - usingCharsetInHTML:UTF-8
2014-09-18T02:37:56.129Z   200      21357 http://www.cas.cn/zt/jzt/fkzt/zkyqnczczl/ LX http://www.cas.cn/zt/sszt/ text/html #010 20140918023753945+468 sha1:X7JQ2UY2WMNF5X2M5XIRVTZIBJTRF6T2 - usingCharsetInHTML:UTF-8
2014-09-18T02:38:05.114Z   200      30834 http://www.cas.cn/zt/jzt/cxzt/gczgkxyggswglbz/ LX http://www.cas.cn/zt/sszt/ text/html #010 20140918023759135+1204 sha1:PS7BXNN7NOG6JQWJUEUDWQQD54O4RB47 - usingCharsetInHTML:UTF-8
2014-09-18T02:38:13.467Z   200      21977 http://www.cas.cn/zt/jzt/wxcbzt/zgkxyyk2006ndsq/zgkxyzc/ LX http://www.cas.cn/zt/sszt/ text/html #022 20140918023811314+441 sha1:WKERNQS6U53HGETBWY52UJ2QEW6F4H7O - usingCharsetInHTML:UTF-8
2014-09-18T02:38:19.566Z   200      35017 http://www.cas.cn/zt/jzt/kyzt/kjay/zkykjaycg/ LX http://www.cas.cn/zt/sszt/ text/html #022 20140918023816471+530 sha1:GWPEVFA5KOUOAMJ6MGVBLZ7TAUYBKUBO - usingCharsetInHTML:UTF-8
2014-09-18T02:38:26.420Z   200      43387 http://www.cas.cn/zt/jzt/djzt/xxgcsljszqhzj/ LX http://www.cas.cn/zt/sszt/ text/html #022 20140918023822571+598 sha1:5LOUYPBLK3FJOG2B3H2EDTN3XXGNM7RJ - usingCharsetInHTML:UTF-8
2014-09-18T02:38:33.604Z   200      32835 http://www.cas.cn/zt/jzt/cxzt/lyxrzwyshx/ LX http://www.cas.cn/zt/sszt/ text/html #022 20140918023829425+770 sha1:PEOP7TIVEPM7LJ4ZKLA5SM6UVHC5XRK5 - usingCharsetInHTML:UTF-8
2014-09-18T02:38:40.085Z   200      26489 http://www.cas.cn/zt/jzt/ltzt/jjykjdmyxp/ LX http://www.cas.cn/zt/sszt/ text/html #004 20140918023837459+545 sha1:VZ4O72RZA444QMBEOB6ALZ2VHWKEYOIF - usingCharsetInHTML:UTF-8
2014-09-18T02:38:45.726Z   200      22300 http://www.cas.cn/zt/jzt/cxzt/kxjyzd2007/ LX http://www.cas.cn/zt/sszt/ text/html #004 20140918023843091+512 sha1:OQDOCYPKS37K2JRKU7EIX2FI5MIZBPYE - usingCharsetInHTML:UTF-8
2014-09-18T02:38:51.609Z   200      26753 http://www.cas.cn/zt/jzt/djzt/zkydjdzkdhy/ LX http://www.cas.cn/zt/sszt/ text/html #004 20140918023848731+640 sha1:6OZQHLZDPCEGG6G4QS7ZGP7W2GW5AQD4 - usingCharsetInHTML:UTF-8
2014-09-18T02:38:56.952Z   200      21293 http://www.cas.cn/zt/jzt/cxzt/2006ndzhtjnbglxtjzlxz/ LX http://www.cas.cn/zt/sszt/ text/html #025 20140918023855022+406 sha1:NV4I62YUVRB6U52DKVDMTSIGO4AQZRTW - usingCharsetInHTML:UTF-8
2014-09-18T02:39:03.012Z   200      30692 http://www.cas.cn/zt/jzt/cxzt/lyxyzlylzx/ LX http://www.cas.cn/zt/sszt/ text/html #025 20140918023859957+553 sha1:36KO4SA5B7KBLW2O6FLTGRTAZNVSGEZ2 - usingCharsetInHTML:UTF-8
2014-09-18T02:39:08.989Z   200      21843 http://www.cas.cn/zt/jzt/cxzt/zgkxyzscxgczlbdhc/ LX http://www.cas.cn/zt/sszt/ text/html #025 20140918023906018+639 sha1:QI5A26SZFZL7UZ3URGIQ2KYL5A4QKD2A - usingCharsetInHTML:UTF-8
2014-09-18T02:39:17.257Z   200      37480 http://www.cas.cn/zt/jzt/yszt/kxyzgyszjxlxjhd/ LX http://www.cas.cn/zt/sszt/ text/html #001 20140918023912384+985 sha1:N2P7VEBXDNWBQKOMDLFZLL7HC3Y6RG7H - usingCharsetInHTML:UTF-8
2014-09-18T02:39:27.314Z   200      30553 http://www.cas.cn/zt/jzt/cyhzt/lxsgibmqqpcyw/ LX http://www.cas.cn/zt/sszt/ text/html #010 20140918023922194+1076 sha1:IAKSEFY2S3GNHPO2KU7KBYC5WZXU64Y2 - usingCharsetInHTML:UTF-8
2014-09-18T02:39:37.903Z   200      40094 http://www.cas.cn/zt/sszt/kxfz/ LX http://www.cas.cn/zt/sszt/ text/html #017 20140918023932706+1090 sha1:2P5H56MKO6DQL2SYE7M62O4XBIUC44OY - usingCharsetInHTML:UTF-8
2014-09-18T02:39:49.649Z   200      56733 http://www.cas.cn/zt/jzt/fkzt/kzjzzt/ LX http://www.cas.cn/zt/sszt/ text/html #016 20140918023943410+1480 sha1:LTJOMFJTROU3VF53LC43ZTQU4A65YH7Q - usingCharsetInHTML:UTF-8
2014-09-18T02:39:58.744Z   200       5321 http://www.cas.cn/ky/kjjl/gjzrkxj/ L http://www.cas.cn/ text/html #001 20140918023957296+407 sha1:BPJXZ5RL42OUH3CZYO42C52YS63YNTAH - usingCharsetInHTML:UTF-8
2014-09-18T02:40:05.500Z   200      36519 http://www.cas.cn/ky/kjjl/gjzrkxj/200909/t20090921_2513134.html LE http://www.cas.cn/ky/kjjl/gjzrkxj/ text/html #001 20140918024001749+689 sha1:RMBHU7HAXRZMXWQJOQMGFCAXE2IFERDV - -
2014-09-18T02:40:12.820Z   200      18965 http://www.cas.cn/zt/kjzt/gzkxr/bj/ L http://www.cas.cn/ text/html #025 20140918024009045+493 sha1:WOSGZP2BMZESEKGOOKMBLDUXDEKN7KIU - usingCharsetInHTML:UTF-8
2014-09-18T02:40:18.612Z   200      29144 http://www.cas.cn/hzjl/ydhz/hzdt/ L http://www.cas.cn/ text/html #025 20140918024015826+613 sha1:R7F6M2F26NZKCVU4S43JANJ2PDCWC47D - usingCharsetInHTML:UTF-8
2014-09-18T02:40:30.722Z   200      64641 http://www.cas.cn/jg/ L http://www.cas.cn/ text/html #016 20140918024021682+878 sha1:KCL3QCXAA3EE57M4HTEILCNFMDX26SA5 - usingCharsetInHTML:UTF-8
2014-09-18T02:40:39.384Z   200      35814 http://www.cas.cn/xw/zyxw/yw/ L http://www.cas.cn/ text/html #010 20140918024035383+795 sha1:NBUEBU25GJULA3MDB5N2MQ2GAOVD23AF - usingCharsetInHTML:UTF-8
2014-09-18T02:40:45.901Z   200      28601 http://www.cas.cn/ys/ L http://www.cas.cn/ text/html #010 20140918024043390+574 sha1:DZYJ557IYXOFVAFJ6DXMK53M7AT23BFU - usingCharsetInHTML:UTF-8
2014-09-18T02:40:53.173Z   200      33957 http://www.cas.cn/dj/ L http://www.cas.cn/ text/html #010 20140918024048906+698 sha1:Y7WYTZCKLDVX32GGSBOSAQJGR6OHFNGE - usingCharsetInHTML:UTF-8
2014-09-18T02:41:02.024Z   200      33369 http://www.cas.cn/ggfw/tzgg_1/ L http://www.cas.cn/ text/html #004 20140918024056729+541 sha1:56TI2L6WAZSICA3QHCNQZX6MQI4FQFNK - usingCharsetInHTML:UTF-8
2014-09-18T02:41:57.940Z   200      32453 http://www.cas.cn/hy/hyyg/ L http://www.cas.cn/ text/html #004 20140918024105027+614 sha1:7L6CHBQYPCYYU6YU2BLIKARGW4BC4Z3A - usingCharsetInHTML:UTF-8
2014-09-18T02:42:08.343Z   200      28248 http://www.cas.cn/ky/kycc/kycg/ L http://www.cas.cn/ text/html #017 20140918024201050+1398 sha1:ITODIUKWMHUICLHM2HRLFBMJIKKGL3UP - usingCharsetInHTML:UTF-8
2014-09-18T02:42:17.572Z   200       5318 http://www.cas.cn/ky/kjjl/gjkxjbj/ L http://www.cas.cn/ text/html #017 20140918024215352+434 sha1:QA426OLL67PKW6P6VV2NCVWQMKWI3IHM - usingCharsetInHTML:UTF-8
2014-09-18T02:42:26.059Z   200      37257 http://www.cas.cn/ky/kjjl/gjkxjbj/200909/t20090921_2513138.html LE http://www.cas.cn/ky/kjjl/gjkxjbj/ text/html #017 20140918024220576+1019 sha1:KTMTQVOIQYUX7ZG6NYLISXMYT4GGAKN6 - -
2014-09-18T02:42:36.221Z   200      31488 http://www.cas.cn/zt/kjzt/zjzgkxyjzx/ L http://www.cas.cn/ text/html #010 20140918024231275+1127 sha1:HQ3XC4VHSHA4ZGD4S6REP7LI3RAROOFY - usingCharsetInHTML:UTF-8
2014-09-18T02:42:43.051Z   200       5532 http://www.cas.cn/ky/kjjl/yjckjcjj/ L http://www.cas.cn/ text/html #016 20140918024241859+283 sha1:UJ4EEZUC2MDNAPBO4XCBP2Y3DCJLNBJ7 - usingCharsetInHTML:UTF-8
2014-09-18T02:42:48.543Z   200       6127 http://www.cas.cn/ky/kjjl/yjckjcjj/lb/ LE http://www.cas.cn/ky/kjjl/yjckjcjj/ text/html #016 20140918024246056+478 sha1:7UW4J5Q6WQGHDF6KIZF5DY5BM576IENX - usingCharsetInHTML:UTF-8
2014-09-18T02:42:57.210Z   200      44814 http://www.cas.cn/zt/kjzt/ L http://www.cas.cn/ text/html #016 20140918024251548+783 sha1:WJLXVXW6VHCCH2JHJRUPI6OYR5R7GNLC - usingCharsetInHTML:UTF-8
2014-09-18T02:42:57.328Z     1         60 dns:pingxuan.kepu.net.cn LXP http://pingxuan.kepu.net.cn/ text/dns #016 20140918024257213+114 sha1:AAAKJS7OHJ5C7C6ZABEMPMBRFFQRH4LS - -
2014-09-18T02:42:57.338Z     1         54 dns:www.kepu60.cn LXP http://www.kepu60.cn/ text/dns #010 20140918024257245+92 sha1:GM6FKKUNGL5WAX66GFYYLPYEOT7EQOOT - -
2014-09-18T02:43:00.612Z   404       1470 http://pingxuan.kepu.net.cn/robots.txt LXP http://pingxuan.kepu.net.cn/ text/html #016 20140918024300335+267 sha1:TPBNUGRDVANGCYFYW4N4ZALG34K7NIO3 - -
2014-09-18T02:43:00.692Z   404        287 http://www.kepu60.cn/robots.txt LXP http://www.kepu60.cn/ text/html #010 20140918024300346+345 sha1:KASHO57DQYZFJJLBTI3G2L3HNMMXCRL4 - -
2014-09-18T02:43:05.341Z   200      22846 http://www.cas.cn/zt/jzt/kyzt/zbb2004nsjkjjzxw/ LX http://www.cas.cn/zt/kjzt/ text/html #016 20140918024301615+840 sha1:BBSK2YWZVCCW76O4DU4ENS7MJOM3NU75 - usingCharsetInHTML:UTF-8
2014-09-18T02:43:05.666Z    -5       2324 http://www.kepu60.cn/ LX http://www.cas.cn/zt/kjzt/ text/html #010 20140918024303696+1205 sha1:UYKJOD6UBGYUDDIVDK63D5ZCQGPI4BIH - err=java.lang.NullPointerException,3t
2014-09-18T02:43:05.758Z    -5       6847 http://pingxuan.kepu.net.cn/ LX http://www.cas.cn/zt/kjzt/ text/html #013 20140918024303645+1374 sha1:II5SF3Y4VDQMOY3PYC5CRNK663DQLS4F - usingCharsetInHTML:GBK,err=java.lang.NullPointerException,3t
2014-09-18T02:43:14.707Z   200      42690 http://www.cas.cn/zt/kjzt/tq/ LX http://www.cas.cn/zt/kjzt/ text/html #008 20140918024309650+785 sha1:54YLOUFV6YRTDH4GXS2HEMPE4IJWINNI - usingCharsetInHTML:UTF-8
2014-09-18T02:43:21.753Z   200      24143 http://www.cas.cn/zt/jzt/kyzt/zkyxbxdjheqstjssfxmjz/ LX http://www.cas.cn/zt/kjzt/ text/html #015 20140918024318660+653 sha1:NLFIY2JHORLXTY3RMVHPZPRWNETSARSQ - usingCharsetInHTML:UTF-8
2014-09-18T02:43:28.456Z   200      35089 http://www.cas.cn/zt/kjzt/tp/ LX http://www.cas.cn/zt/kjzt/ text/html #004 20140918024325031+718 sha1:TCSA3F277QAJUTDGFU5XQSRO3JOUE7T3 - usingCharsetInHTML:UTF-8
2014-09-18T02:43:38.593Z   200      32202 http://www.cas.cn/zt/jzt/cxzt/zgkxykjcxal/ LX http://www.cas.cn/zt/kjzt/ text/html #017 20140918024332123+1570 sha1:LSRA3FBDQ3L7YSZR6K2IZQVPL5XNU4P4 - usingCharsetInHTML:UTF-8
2014-09-18T02:43:51.108Z   200      32560 http://www.cas.cn/zt/jzt/kpzt/2002qgkjz/ LX http://www.cas.cn/zt/kjzt/ text/html #004 20140918024346477+853 sha1:ES776MRNLEXUAUV22PW4IUARP567RAC2 - usingCharsetInHTML:UTF-8
2014-09-18T02:43:59.195Z   200      32081 http://www.cas.cn/zt/jzt/kpzt/hxyxcl/ LX http://www.cas.cn/zt/kjzt/ text/html #016 20140918024355394+590 sha1:OLASJKCRRNSE4GZPERP2BPSUG4D54W7S - usingCharsetInHTML:UTF-8
2014-09-18T02:44:09.729Z   200      36014 http://www.cas.cn/zt/jzt/cxzt/zgkxyjckjcjjtbbd/ LX http://www.cas.cn/zt/kjzt/ text/html #016 20140918024402201+1667 sha1:ZF3ALZL6A2ST2PUTPWGTH672XUTY3TUV - usingCharsetInHTML:UTF-8
2014-09-18T02:44:18.622Z   404       1297 http://www.cas.cn/zt/kjzt/shgy/ LX http://www.cas.cn/zt/kjzt/ text/html #004 20140918024418139+284 sha1:NXJYYMWSCUH5RP2TANQ7Q57TAWAMXHOG - usingCharsetInHTML:UTF-8
2014-09-18T02:44:26.996Z   200      29143 http://www.cas.cn/zt/jzt/kyzt/zkydbzxkjxd/ LX http://www.cas.cn/zt/kjzt/ text/html #004 20140918024421627+984 sha1:3KBTFMQM57SMIDBFLRGYJ3UYK2NWJ3LK - usingCharsetInHTML:UTF-8
2014-09-18T02:44:51.132Z   200      59897 http://www.cas.cn/zt/kjzt/jzsqx/ LX http://www.cas.cn/zt/kjzt/ text/html #022 20140918024431962+2291 sha1:SZ2LIUVFK2LYXW4KO76WZKTZCSVENGPU - usingCharsetInHTML:UTF-8
2014-09-18T02:45:13.050Z   200      35382 http://www.cas.cn/zt/kjzt/kpf/ LX http://www.cas.cn/zt/kjzt/ text/html #017 20140918024502684+1137 sha1:K4PSSCGWTGKRLSHA4FGZJWQ27SU6XTIN - usingCharsetInHTML:UTF-8
2014-09-18T02:45:33.649Z   200      42445 http://www.cas.cn/zt/jzt/cxzt/kjcxzlqztl/ LX http://www.cas.cn/zt/kjzt/ text/html #023 20140918024518798+2571 sha1:MHWG7ZKU2DVUG72IBBC3QKYZ6LZ2L22D - usingCharsetInHTML:UTF-8
2014-09-18T02:45:47.468Z   200        379 http://www.cas.cn/zt/kjzt/gzkxr/ LX http://www.cas.cn/zt/kjzt/ text/html #023 20140918024546663+265 sha1:KNUBK5IUGK7PV3HJ4WE2ACKZX5WQ3F27 - usingCharsetInHTML:UTF-8
2014-09-18T02:45:59.365Z   200      24615 http://www.cas.cn/zt/jzt/kpzt/2005zkygzkxr/ LX http://www.cas.cn/zt/kjzt/ text/html #023 20140918024550472+1254 sha1:GMTF3BVWGJZQCA2XKSQJ5EI7TD6I4C7E - usingCharsetInHTML:UTF-8
2014-09-18T02:46:18.079Z   200      28338 http://www.cas.cn/zt/jzt/kyzt/dfswxbx/smzh/ LX http://www.cas.cn/zt/kjzt/ text/html #024 20140918024605846+1492 sha1:C4OY62HS77HNNULAEKJV7TULLMHP45A7 - usingCharsetInHTML:UTF-8
2014-09-18T02:46:35.630Z   200      28776 http://www.cas.cn/zt/jzt/cxzt/zscxbzlyxlbd_/ LX http://www.cas.cn/zt/kjzt/ text/html #006 20140918024625870+1978 sha1:WA53LNNOBQDV27VYQOPYXUOPKHURG4Z7 - usingCharsetInHTML:UTF-8
2014-09-18T02:46:58.877Z   200      23720 http://www.cas.cn/zt/jzt/kyzt/scyqtcgcxgbd/ LX http://www.cas.cn/zt/kjzt/ text/html #006 20140918024645642+3724 sha1:A3GW5BLRLMDJIGWGCEI3465BABHNWSD4 - usingCharsetInHTML:UTF-8
2014-09-18T02:47:28.686Z   200      33625 http://www.cas.cn/zt/jzt/rczt/kjxgrcwb/ LX http://www.cas.cn/zt/kjzt/ text/html #006 20140918024717900+1365 sha1:Y5QVJ6VTQXL7XTMKCBJ4PWOMBH7MN4KP - usingCharsetInHTML:UTF-8
2014-09-18T02:47:43.951Z   200      28005 http://www.cas.cn/zt/kjzt/kpjt/ LX http://www.cas.cn/zt/kjzt/ text/html #006 20140918024735696+1356 sha1:45XVK2ERP5KZ3F2GD4K7HUFPILMNESVJ - usingCharsetInHTML:UTF-8
2014-09-18T02:48:03.754Z   200      35723 http://www.cas.cn/zt/kjzt/rssa/ LX http://www.cas.cn/zt/kjzt/ text/html #002 20140918024750960+3728 sha1:SRD5A4AD2XRZGFT6OFFWITIAC27SRJMP - usingCharsetInHTML:UTF-8
2014-09-18T02:48:28.792Z   200      23047 http://www.cas.cn/zt/jzt/kpzt/azjfz/ LX http://www.cas.cn/zt/kjzt/ text/html #023 20140918024822517+756 sha1:2EO67PCSX3FQGONZIPZRJGWSELOHOTCG - usingCharsetInHTML:UTF-8
2014-09-18T02:48:45.111Z   200      33413 http://www.cas.cn/zt/kjzt/yw/ LX http://www.cas.cn/zt/kjzt/ text/html #002 20140918024832786+1299 sha1:CEWJSK23KBOIBIWPOMO5WU4LNFVQIW7K - usingCharsetInHTML:UTF-8
2014-09-18T02:49:00.638Z   200      36723 http://www.cas.cn/zt/jzt/cxzt/xxhgzdt/07nd1qzdyq/ LX http://www.cas.cn/zt/kjzt/ text/html #023 20140918024851819+1331 sha1:P63T3CNJIJIDC5UQAAAOX5DMLPUBNQMU - usingCharsetInHTML:UTF-8
2014-09-18T02:49:16.301Z   200      41058 http://www.cas.cn/zt/kjzt/dwjc/ LX http://www.cas.cn/zt/kjzt/ text/html #017 20140918024907299+1852 sha1:DTD4QWJIDIXT2CCV5II6ZLRX55OEFEAO - usingCharsetInHTML:UTF-8
2014-09-18T02:49:38.614Z   200      34444 http://www.cas.cn/zt/jzt/kyzt/zfdqzhkk/ LX http://www.cas.cn/zt/kjzt/ text/html #023 20140918024925667+2759 sha1:AMCJQSRXE2RXMXEVZHUQOIITLI3TZIK4 - usingCharsetInHTML:UTF-8
2014-09-18T02:49:57.943Z   200      33909 http://www.cas.cn/zt/jzt/kpzt/sjwlnzzg/ LX http://www.cas.cn/zt/kjzt/ text/html #022 20140918024952444+866 sha1:UOTCMBGQ4QD5F6GWV7IZSEDKNKWKS7PD - usingCharsetInHTML:UTF-8
2014-09-18T02:50:06.085Z   200      25361 http://www.cas.cn/zt/jzt/kxhyzt/2005nzgkxyjckjcjj/ LX http://www.cas.cn/zt/kjzt/ text/html #024 20140918025002311+759 sha1:M4REW4ELGGKJ6XJMROVHUHYMDYMI3Z7J - usingCharsetInHTML:UTF-8
2014-09-18T02:50:13.810Z   200      27116 http://www.cas.cn/zt/kjzt/shlx/ LX http://www.cas.cn/zt/kjzt/ text/html #022 20140918025009957+879 sha1:KDC6BSC7BODR5ZBQQ7QUC4B2RBKR2427 - usingCharsetInHTML:UTF-8
2014-09-18T02:50:28.863Z   200      65016 http://www.cas.cn/zt/kjzt/fdgx/ LX http://www.cas.cn/zt/kjzt/ text/html #003 20140918025018254+1491 sha1:RIUTOLW4CZMXKADFPM6A737BAXAXJI7T - usingCharsetInHTML:UTF-8
2014-09-18T02:50:41.594Z   200      34284 http://www.cas.cn/zt/jzt/wxcbzt/2004nkxyshxlbgzt/ LX http://www.cas.cn/zt/kjzt/ text/html #017 20140918025036387+658 sha1:MELJRARI7JRHYBA3MXMSRZAW26SLDRUQ - usingCharsetInHTML:UTF-8
2014-09-18T02:50:48.814Z   200      35933 http://www.cas.cn/zt/jzt/cyhzt/bjqswdlgcgscxjs/ LX http://www.cas.cn/zt/kjzt/ text/html #024 20140918025045125+881 sha1:N5SD4FA3L57UBYA5YCNXDCSW5RZZDIHY - usingCharsetInHTML:UTF-8
2014-09-18T02:50:59.805Z   200      31288 http://www.cas.cn/zt/jzt/cxzt/kxsxkzgkxycxal/ LX http://www.cas.cn/zt/kjzt/ text/html #009 20140918025053239+1849 sha1:TTKSUDAEPTSM2SWCOSSF5M77GYJUJXTJ - usingCharsetInHTML:UTF-8
2014-09-18T02:51:12.062Z   200      30192 http://www.cas.cn/zt/jzt/kyzt/lrgzdgjdkxjh/ LX http://www.cas.cn/zt/kjzt/ text/html #006 20140918025109171+628 sha1:ISF7HHV7M2ZE45Z7BISF552AQKWD2RQI - usingCharsetInHTML:UTF-8
2014-09-18T02:51:20.211Z   200      48661 http://www.cas.cn/zt/kjzt/kpdh/ LX http://www.cas.cn/zt/kjzt/ text/html #020 20140918025115215+1003 sha1:ZGHXP4LTSPVFIF3RLRPAEQUDPPJZSMSR - usingCharsetInHTML:UTF-8
2014-09-18T02:51:29.561Z   200      25571 http://www.cas.cn/zt/kjzt/sz/ LX http://www.cas.cn/zt/kjzt/ text/html #001 20140918025125229+971 sha1:R5XXNDAHYJOOFMUH7IEFVSDBZ3OYLAZE - usingCharsetInHTML:UTF-8
2014-09-18T02:51:41.688Z   200      63361 http://www.cas.cn/zt/jzt/kpzt/szwhzj/ LX http://www.cas.cn/zt/kjzt/ text/html #004 20140918025134447+1059 sha1:PNO5WYJTL2LW32DZ6NGOZPGN545PCUAB - usingCharsetInHTML:UTF-8
2014-09-18T02:51:50.973Z   200      33375 http://www.cas.cn/zt/kjzt/zfkk/ LX http://www.cas.cn/zt/kjzt/ text/html #006 20140918025147100+934 sha1:6TZF6QAUA5UCT4S2LMRZAOTGHHWLUBXY - usingCharsetInHTML:UTF-8
2014-09-18T02:52:06.062Z   200      35479 http://www.cas.cn/zt/jzt/yszt_zt/qzzkyjy55zn/ LX http://www.cas.cn/zt/kjzt/ text/html #017 20140918025155669+1430 sha1:BATGHARNDR6APIN6JGWELKHMS33QX5IG - usingCharsetInHTML:UTF-8
2014-09-18T02:52:17.358Z   200      33870 http://www.cas.cn/zt/kjzt/wln/ LX http://www.cas.cn/zt/kjzt/ text/html #020 20140918025213267+1363 sha1:ZL3GKBGTH4SO7DR3BF6DLGDGZCJ7DYVF - usingCharsetInHTML:UTF-8
2014-09-18T02:52:27.009Z   200      27189 http://www.cas.cn/zt/kjzt/dwwg/ LX http://www.cas.cn/zt/kjzt/ text/html #018 20140918025224295+546 sha1:YT7SCCLWMUB7K6CJ7K4WJN3353GGXNSM - usingCharsetInHTML:UTF-8
2014-09-18T02:52:33.940Z   200      30313 http://www.cas.cn/zt/kjzt/sx/ LX http://www.cas.cn/zt/kjzt/ text/html #018 20140918025230014+661 sha1:V3HXO3KGRRLHGVADUSLKSEOVLL567PUU - usingCharsetInHTML:UTF-8
2014-09-18T02:52:40.287Z   200      32326 http://www.cas.cn/zt/jzt/cxzt/gxdhjdstzx/ LX http://www.cas.cn/zt/kjzt/ text/html #010 20140918025237307+537 sha1:VNFUCJ7CVSDMSJYFZAF3DHG2IWR7JD4G - usingCharsetInHTML:UTF-8
2014-09-18T02:52:48.170Z   200      28588 http://www.cas.cn/zt/jzt/kpzt/sqzt/ LX http://www.cas.cn/zt/kjzt/ text/html #010 20140918025243292+575 sha1:RMMUBY6AI6NSPKFOEUD2QIS32N6ZZHL2 - usingCharsetInHTML:UTF-8
2014-09-18T02:52:55.811Z   200      33365 http://www.cas.cn/zt/kjzt/zykfd/ LX http://www.cas.cn/zt/kjzt/ text/html #010 20140918025251175+559 sha1:F6ELM7KYDVWPHJFUX5QESWNAPOLEX3XD - usingCharsetInHTML:UTF-8
2014-09-18T02:53:04.964Z   200      32128 http://www.cas.cn/zt/jzt/cxzt/zgkxykjcxale/ LX http://www.cas.cn/zt/kjzt/ text/html #023 20140918025258815+2059 sha1:SNECBKRRTEUEQHD2E4HUT3OYN3OVIXUS - usingCharsetInHTML:UTF-8
2014-09-18T02:53:18.802Z   200      20835 http://www.cas.cn/zt/jzt/kyzt/2006ndzgkxygjjxmjj/ LX http://www.cas.cn/zt/kjzt/ text/html #021 20140918025315344+388 sha1:5U7WRLB4ODFUKXTBVWW35DRTNLYQSLWH - usingCharsetInHTML:UTF-8
2014-09-18T02:53:22.746Z   200       5050 http://www.cas.cn/ky/kjjl/gjjsfmj/ L http://www.cas.cn/ text/html #021 20140918025321806+239 sha1:B2RGQPHQQV2VGDWF4KQMM72L7ZCRO7VJ - usingCharsetInHTML:UTF-8
2014-09-18T02:53:31.200Z   200      44089 http://www.cas.cn/ky/kjjl/gjjsfmj/200909/t20090921_2513136.html LE http://www.cas.cn/ky/kjjl/gjjsfmj/ text/html #021 20140918025325750+805 sha1:A63P24USX2MWH5UZ34HSZB5VC6YTH3PN - -
2014-09-18T02:53:40.363Z   200      35048 http://www.cas.cn/xw/yxdt/ L http://www.cas.cn/ text/html #008 20140918025335365+1007 sha1:N6W2TANGG36B7SNOIGWIQAW7C4QPHBVK - usingCharsetInHTML:UTF-8
2014-09-18T02:53:46.057Z   200        291 http://www.cas.cn/ggzy/zjrc/ys/ L http://www.cas.cn/ text/html #002 20140918025345416+220 sha1:2QCAV6ATPLF3ENM7RL47PNCCRZYNV3GN - usingCharsetInHTML:UTF-8
2014-09-18T02:53:56.179Z   200      45416 http://www.cas.cn/wh/ L http://www.cas.cn/ text/html #002 20140918025349061+781 sha1:CUOBPWT633GBBP7PEQOV5V5P62VBDYQH - usingCharsetInHTML:UTF-8
2014-09-18T02:54:03.977Z   200      24701 http://www.cas.cn/wh/fkzt/KYYS6/ LX http://www.cas.cn/wh/ text/html #006 20140918025400114+516 sha1:KGRNBU5VOBPKCM43YAJK3TTN5BEHGHPJ - usingCharsetInHTML:UTF-8
2014-09-18T02:54:11.418Z   200      29116 http://www.cas.cn/wh/fkzt/kyysdeq/ LX http://www.cas.cn/wh/ text/html #006 20140918025406982+567 sha1:C2K5LD67L2QYRHQQCW25FV3RDBFSKYLT - usingCharsetInHTML:UTF-8
2014-09-18T02:54:17.080Z   200      28695 http://www.cas.cn/wh/fkzt/KYYS7/ LX http://www.cas.cn/wh/ text/html #006 20140918025414423+593 sha1:45OVTCBDD5SSRU5QBEWQ3L2OYG3SILGS - usingCharsetInHTML:UTF-8
2014-09-18T02:54:23.834Z   200      31792 http://www.cas.cn/wh/fkzt/WYUSHUJK/ LX http://www.cas.cn/wh/ text/html #006 20140918025420085+492 sha1:7VP4CPVJZK6EY5UC5VF3JJLTDRQIPYYC - usingCharsetInHTML:UTF-8
2014-09-18T02:54:33.527Z   200      28971 http://www.cas.cn/wh/fkzt/ky1/ LX http://www.cas.cn/wh/ text/html #006 20140918025426839+1010 sha1:DG6YJVRD7O357UOMIRLS4AGDGZ5BU4C2 - usingCharsetInHTML:UTF-8
2014-09-18T02:54:42.999Z   200      29626 http://www.cas.cn/wh/fkzt/WZHOUQUJK/ LX http://www.cas.cn/wh/ text/html #001 20140918025438752+1127 sha1:FIVMBDVKUMN6U5CGXJQKVH54634A7IJY - usingCharsetInHTML:UTF-8
2014-09-18T02:54:54.560Z   200      32156 http://www.cas.cn/wh/fkzt/JD90ZNQZHD/ LX http://www.cas.cn/wh/ text/html #004 20140918025448881+976 sha1:YKP7KR3SG4JOVPYSNCODZ44E5OTZ6AMJ - usingCharsetInHTML:UTF-8
2014-09-18T02:55:07.709Z   200      30757 http://www.cas.cn/wh/fkzt/ky2/ LX http://www.cas.cn/wh/ text/html #008 20140918025459456+2225 sha1:ISUW6ULHS55BMYHYY6TT5JJBY3XEWD7J - usingCharsetInHTML:UTF-8
2014-09-18T02:55:23.398Z   200      28655 http://www.cas.cn/wh/fkzt/WKANZHANG65/ LX http://www.cas.cn/wh/ text/html #010 20140918025518979+1482 sha1:44IRTC7ZRDRIBBQFEY6EEARJ3QCZOVAV - usingCharsetInHTML:UTF-8
2014-09-18T02:55:37.927Z   200      35200 http://www.cas.cn/wh/fkzt/kyysdsq/ LX http://www.cas.cn/wh/ text/html #001 20140918025531082+948 sha1:KC6VWEGC5YZ4QOECZOCDDM5OZO77JEQY - usingCharsetInHTML:UTF-8
2014-09-18T02:55:49.955Z   200      35513 http://www.cas.cn/wh/fkzt/ky5/ LX http://www.cas.cn/wh/ text/html #008 20140918025542774+1042 sha1:OEDEJQ2KUYB3QUW3QIMJI2NKFQTAE2TC - usingCharsetInHTML:UTF-8
2014-09-18T02:56:01.423Z   200      30864 http://www.cas.cn/wh/fkzt/xlf/ LX http://www.cas.cn/wh/ text/html #023 20140918025555170+1095 sha1:36COXYPKJMECZ3ESVRJNWFB6RBT4C5LH - usingCharsetInHTML:UTF-8
2014-09-18T02:56:14.241Z   200      32840 http://www.cas.cn/cb/qk/ L http://www.cas.cn/ text/html #001 20140918025606961+1334 sha1:P6F24MDQMEW3PKGVWGDK35MY724TV4XT - usingCharsetInHTML:UTF-8
2014-09-18T02:56:29.658Z   200      35198 http://www.cas.cn/xw/cmsm/ L http://www.cas.cn/ text/html #008 20140918025620988+1868 sha1:WZW6JNBKKCNRIRPYAQ3XBD5HKVKDQLUE - usingCharsetInHTML:UTF-8
2014-09-18T02:56:42.990Z   200      28683 http://www.cas.cn/ft/ L http://www.cas.cn/ text/html #009 20140918025639181+800 sha1:QYL4SKNQ3VCSVXGOLCWEBMAAGYBW7TMA - usingCharsetInHTML:UTF-8
2014-09-18T02:56:47.561Z   200        372 http://www.cas.cn/jg/ysjg/ L http://www.cas.cn/ text/html #009 20140918025646994+166 sha1:6V2JQDQ3BRJCWQ2MVIXNZFDYZZC4LKTO - usingCharsetInHTML:UTF-8
2014-09-18T02:56:52.979Z   200      20183 http://www.cas.cn/ggzy/rcpy/brjh/ L http://www.cas.cn/ text/html #009 20140918025650566+640 sha1:U5D4KOT4HOBHZK363AJSWEA7AEQCAR3F - usingCharsetInHTML:UTF-8
2014-09-18T02:56:59.271Z   200      38606 http://www.cas.cn/cb/ L http://www.cas.cn/ text/html #024 20140918025656231+542 sha1:NUILIW7QQECGDIJP5VYGHIFZUUT4O624 - usingCharsetInHTML:UTF-8
2014-09-18T02:57:05.786Z   200      40826 http://www.cas.cn/kxcb/ L http://www.cas.cn/ text/html #024 20140918025702276+787 sha1:7XKNMAGYDDY6UABQJR2X3ZNRJNPLNDYA - usingCharsetInHTML:UTF-8
2014-09-18T02:57:56.281Z   200      21771 http://www.cas.cn/cb/dzzz/ L http://www.cas.cn/ text/html #006 20140918025709732+401 sha1:DJYK3ZJHSBZ43DWC5KY3J5BA3CZAUQIR - usingCharsetInHTML:UTF-8
2014-09-18T02:58:03.229Z   200      32854 http://www.cas.cn/cb/cbdt/ L http://www.cas.cn/ text/html #006 20140918025759285+873 sha1:D3MKOHZ53DPEPF6MNIENRCKIMTNKZXDD - usingCharsetInHTML:UTF-8
2014-09-18T02:58:08.422Z   200       2650 http://www.cas.cn/yzzc/ L http://www.cas.cn/ text/html #016 20140918025807679+185 sha1:GDFUT4QJ23NGWCBENORSFGUX5XYH53S2 - usingCharsetInHTML:UTF-8
2014-09-18T02:58:15.463Z   200      34203 http://www.cas.cn/zt/hyzt/ L http://www.cas.cn/ text/html #016 20140918025811427+664 sha1:YGAOOBFH5NDPL23Z2XXFIQW4NKA6QY3A - usingCharsetInHTML:UTF-8
2014-09-18T02:58:22.595Z   200      29753 http://www.cas.cn/zt/jzt/rcjyzt/sjyjssxzzjygzh/ LX http://www.cas.cn/zt/hyzt/ text/html #004 20140918025818806+567 sha1:U3LPXV4BOS5WU3RKA6BLXW3FOI5UB742 - usingCharsetInHTML:UTF-8
2014-09-18T02:59:30.643Z   200      37280 http://www.cas.cn/zt/jzt/yszt/zgkxydsscysdh/ LX http://www.cas.cn/zt/hyzt/ text/html #010 20140918025825598+803 sha1:5VQNPNHBHCZJCZUIPZ7TTYUUZ7NAFETI - usingCharsetInHTML:UTF-8
2014-09-18T02:59:37.466Z   200      28135 http://www.cas.cn/zt/jzt/kxhyzt/zgkxy2008ndgzhy/ LX http://www.cas.cn/zt/hyzt/ text/html #004 20140918025934669+576 sha1:VL6VGDBW6OVT3KG6CUNUBGANUES4ZY7T - usingCharsetInHTML:UTF-8
2014-09-18T02:59:46.927Z   200      24891 http://www.cas.cn/zt/jzt/cyhzt/gkkggsgzhy/ LX http://www.cas.cn/zt/hyzt/ text/html #004 20140918025940471+1528 sha1:HNKY2UH3M4ZYSZ7EQ2V4WN6OEWCFUT7V - usingCharsetInHTML:UTF-8
2014-09-18T03:00:00.514Z   200      38507 http://www.cas.cn/zt/jzt/rczt/zgkxy2004ndrcgzhy/ LX http://www.cas.cn/zt/hyzt/ text/html #002 20140918025954584+1134 sha1:WLX6CJX5LZPZIQWALSIYP2LSZZ7H7Q6E - usingCharsetInHTML:UTF-8
2014-09-18T03:00:09.900Z   200      35126 http://www.cas.cn/zt/jzt/kxhyzt/zgkxy2004ndgzhy/ LX http://www.cas.cn/zt/hyzt/ text/html #009 20140918030006186+585 sha1:CPCLZZWIOQL6PDPMG57RQ7IK2QMREL7J - usingCharsetInHTML:UTF-8
2014-09-18T03:00:15.842Z   200      27788 http://www.cas.cn/zt/jzt/kxhyzt/zgkxy2005ndgzhy/ LX http://www.cas.cn/zt/hyzt/ text/html #009 20140918030012903+475 sha1:XCBQFRXURXXT2X6SA6UDXSQTGWGBKO33 - usingCharsetInHTML:UTF-8
2014-09-18T03:00:24.853Z   200      24720 http://www.cas.cn/zt/jzt/kxhyzt/zgkxy2007ndgzhy/ LX http://www.cas.cn/zt/hyzt/ text/html #009 20140918030018847+948 sha1:2DCZQRLF4SYLQXCAUPCW5UGS3FRRVWG7 - usingCharsetInHTML:UTF-8
2014-09-18T03:00:33.430Z   200      39974 http://www.cas.cn/zt/jzt/djzt/2005nlhzt/ LX http://www.cas.cn/zt/hyzt/ text/html #016 20140918030029593+625 sha1:MY4ICRXLCAVB55AJHCQKYDT77GQ5QLDC - usingCharsetInHTML:UTF-8
2014-09-18T03:00:41.224Z   200      30669 http://www.cas.cn/zt/jzt/gjjlzt/zkygjkjhzzlgcythzj/ LX http://www.cas.cn/zt/hyzt/ text/html #017 20140918030036618+1005 sha1:QW5LJYCUKSVUGHU63Q2SHJLEBQH3FW6I - usingCharsetInHTML:UTF-8
2014-09-18T03:00:50.788Z   200      29316 http://www.cas.cn/zt/jzt/cyhzt/zgkxy2006gjscyhgzhy/ LX http://www.cas.cn/zt/hyzt/ text/html #006 20140918030046395+718 sha1:IHVBN2GJZ6WA53VF7EMARRTR42CSMA6U - usingCharsetInHTML:UTF-8
2014-09-18T03:01:00.421Z   200      38685 http://www.cas.cn/zt/jzt/kxhyzt/2004nqqhrswkxjdh/ LX http://www.cas.cn/zt/hyzt/ text/html #016 20140918030054453+1509 sha1:JMGOMHW5PXQFVV2ETCTPHT6MXWLURIEZ - usingCharsetInHTML:UTF-8
2014-09-18T03:01:11.620Z   200      27627 http://www.cas.cn/zt/jzt/cyhzt/zky2004ncyhgzhy/ LX http://www.cas.cn/zt/hyzt/ text/html #025 20140918030108001+726 sha1:BLE4ZCF5U2Z2DLEI4VHSNV66KCG3U7BK - usingCharsetInHTML:UTF-8
2014-09-18T03:01:20.308Z   200      22713 http://www.cas.cn/zt/jzt/kxhyzt/zgkxy2006ndgzhy/ LX http://www.cas.cn/zt/hyzt/ text/html #017 20140918030115260+1041 sha1:3JONDMM7RZOFSBOETVVE5VW5YJ75LPMT - usingCharsetInHTML:UTF-8
2014-09-18T03:01:29.673Z   200      23485 http://www.cas.cn/zt/jzt/ltzt/zgkxyrwlt/dwdy/ LX http://www.cas.cn/zt/hyzt/ text/html #018 20140918030125514+702 sha1:T7EBPGNXKZ7F7LGVOCADY3YFJNOQY65B - usingCharsetInHTML:UTF-8
2014-09-18T03:01:36.387Z   200      31450 http://www.cas.cn/zt/jzt/yszt/zgkxydsecysdh/ LX http://www.cas.cn/zt/hyzt/ text/html #017 20140918030133321+665 sha1:AONN3YMHQ3YMYTZK7VGQYENNJ46AKPLM - usingCharsetInHTML:UTF-8
2014-09-18T03:01:43.735Z   200      37010 http://www.cas.cn/zt/jzt/kxhyzt/qgkjdhztbd/ LX http://www.cas.cn/zt/hyzt/ text/html #021 20140918030139727+926 sha1:7SG434ZQFIDMXLI3KEUCB56RBF5ABXPV - usingCharsetInHTML:UTF-8
2014-09-18T03:01:52.946Z   200      30512 http://www.cas.cn/sp/spxw/ L http://www.cas.cn/ text/html #017 20140918030148400+892 sha1:6TA3A3SCB7NE3UXRBO76KREXCEA2KZ56 - usingCharsetInHTML:UTF-8
2014-09-18T03:02:02.516Z   200      31739 http://www.cas.cn/zt/rwzt/ L http://www.cas.cn/ text/html #016 20140918030157485+1053 sha1:UL6RIHJEA65A44WJRTFE33ZP42INDDQE - usingCharsetInHTML:UTF-8
2014-09-18T03:02:11.085Z   200      24471 http://www.cas.cn/zt/jzt/yszt/wzymezyshgjzgkjj/ LX http://www.cas.cn/zt/rwzt/ text/html #010 20140918030207802+703 sha1:P3LBP4OTZTJI3HHIJVR6CIIHLK2ELZRP - usingCharsetInHTML:UTF-8
2014-09-18T03:02:19.498Z   200      25765 http://www.cas.cn/zt/jzt/kpzt/zkylzjsbkxhz/ LX http://www.cas.cn/zt/rwzt/ text/html #003 20140918030214618+721 sha1:SZIF5AJRTF5DH5KK3V3QQONZWPMMHSYJ - usingCharsetInHTML:UTF-8
2014-09-18T03:02:27.388Z   200      27754 http://www.cas.cn/zt/jzt/yszt/jnwzhysdc90zn/ LX http://www.cas.cn/zt/rwzt/ text/html #003 20140918030223502+759 sha1:GQ2PQBWDNRDR24GOMOY6MPR242EOWLPW - usingCharsetInHTML:UTF-8
2014-09-18T03:02:32.145Z   200        391 http://www.cas.cn/zt/rwzt/jnqxs100zn/ LX http://www.cas.cn/zt/rwzt/ text/html #003 20140918030231392+183 sha1:IGDS4OJYDFFRHKZYTKLHC7W27Q3KO7VN - usingCharsetInHTML:UTF-8
2014-09-18T03:02:49.926Z   200      34675 http://www.cas.cn/zt/jzt/fkzt/jnmzddc110zn/ LX http://www.cas.cn/zt/rwzt/ text/html #003 20140918030235150+11800 sha1:GVEWNHL3ZPHOCE5YOXGQGTL5TAWVMRQV - usingCharsetInHTML:UTF-8
2014-09-18T03:03:25.709Z   200      36534 http://www.cas.cn/zt/rwzt/zmkxjqwcss/ LX http://www.cas.cn/zt/rwzt/ text/html #006 20140918030319934+745 sha1:CICU3G7677425YAINKCVQHSUFNRSQFEX - usingCharsetInHTML:UTF-8
2014-09-18T03:03:34.915Z   200      25180 http://www.cas.cn/zt/jzt/yszt/ldyxphw/ LX http://www.cas.cn/zt/rwzt/ text/html #016 20140918030329605+602 sha1:NQZRG3YK7QW22SMM7ZNXIJZYUYWHBSLG - usingCharsetInHTML:UTF-8
2014-09-18T03:03:40.753Z   200      28285 http://www.cas.cn/zt/jzt/kpzt/kpgzxjjtxjgzzsjjs/ LX http://www.cas.cn/zt/rwzt/ text/html #003 20140918030337975+566 sha1:SQ66IKV4DTIF3Z7PQ3XWO2KIDIK2EASF - usingCharsetInHTML:UTF-8
2014-09-18T03:03:46.431Z   200      20868 http://www.cas.cn/zt/jzt/kyzt/gjzgkjjhdzlzsys/ LX http://www.cas.cn/zt/rwzt/ text/html #003 20140918030343758+443 sha1:HTKB4GZVROYJ6CVLRADMRPYWZDSDB2LW - usingCharsetInHTML:UTF-8
2014-09-18T03:03:53.793Z   200      32196 http://www.cas.cn/zt/jzt/cxzt/cxfcl/ LX http://www.cas.cn/zt/rwzt/ text/html #003 20140918030349436+1048 sha1:2VR7LROSFSLC3ODK2GLL2QM73IDZWSPU - usingCharsetInHTML:UTF-8
2014-09-18T03:04:04.496Z   200      30876 http://www.cas.cn/zt/jzt/fkzt/zhphwxs90hd/ LX http://www.cas.cn/zt/rwzt/ text/html #009 20140918030359057+1228 sha1:CDXMSY2DZWLB7TYHRWBN6S4V5TN2LII6 - usingCharsetInHTML:UTF-8
2014-09-18T03:04:19.068Z   200      36913 http://www.cas.cn/zt/jzt/yszt/zyzckys/ LX http://www.cas.cn/zt/rwzt/ text/html #022 20140918030410695+1269 sha1:7CNZVBIRMFQ7QO2ILJ4WG7RIQRK4A267 - usingCharsetInHTML:UTF-8
2014-09-18T03:04:31.445Z   200      32132 http://www.cas.cn/zt/jzt/yszt/wxzzcxdfb/ LX http://www.cas.cn/zt/rwzt/ text/html #009 20140918030425521+1657 sha1:JEDCYADBB7IIAB2XH7IKHDQPRJD7AR6U - usingCharsetInHTML:UTF-8
2014-09-18T03:04:46.415Z   200      31051 http://www.cas.cn/zt/rwzt/qxsssyzn/ LX http://www.cas.cn/zt/rwzt/ text/html #001 20140918030439747+788 sha1:B3RKC46VQRW3ZBU46E56HUQG2K5BXO6Z - usingCharsetInHTML:UTF-8
2014-09-18T03:04:55.658Z   200      25614 http://www.cas.cn/zt/jzt/yszt/zldyzgkj/ LX http://www.cas.cn/zt/rwzt/ text/html #001 20140918030450421+1328 sha1:I6RBWQ26ESR7AAGCM73ZOW273Q7WLRB4 - usingCharsetInHTML:UTF-8
2014-09-18T03:05:08.591Z   200      38891 http://www.cas.cn/zt/jzt/fkzt/zyzgxddlxdydzshbwxs/ LX http://www.cas.cn/zt/rwzt/ text/html #009 20140918030502481+744 sha1:7RTDRBNP73FMI7MKI4D4CK354UWCHR4P - usingCharsetInHTML:UTF-8
2014-09-18T03:05:16.565Z   200      27833 http://www.cas.cn/zt/jzt/yszt/zyhkys/ LX http://www.cas.cn/zt/rwzt/ text/html #009 20140918030512597+1169 sha1:VH3SEDQKVSRYNYUAAF4QD4Z5FZVCW2VX - usingCharsetInHTML:UTF-8
2014-09-18T03:05:28.527Z   200      39287 http://www.cas.cn/zt/jzt/yszt/dncssxszt/ LX http://www.cas.cn/zt/rwzt/ text/html #009 20140918030522573+1316 sha1:B2QARC5ZERFUJY5LHSM4T3KUJZFD73DC - usingCharsetInHTML:UTF-8
2014-09-18T03:05:38.433Z   200      22357 http://www.cas.cn/zt/jzt/yszt/jnwgcysdc100znzt/ LX http://www.cas.cn/zt/rwzt/ text/html #007 20140918030535141+581 sha1:OHZGLQ6FEWPEL2FLOWAM762576HGV6UY - usingCharsetInHTML:UTF-8
2014-09-18T03:05:45.552Z   200      26203 http://www.cas.cn/zt/jzt/kyzt/jnzlsxszt/ LX http://www.cas.cn/zt/rwzt/ text/html #007 20140918030541437+759 sha1:UIVA5BTNJAXIKQXO2OCZ5TKZLQUOKCYU - usingCharsetInHTML:UTF-8
2014-09-18T03:05:50.215Z   404       1297 http://www.cas.cn/zt/rwzt/qdh2013/ LX http://www.cas.cn/zt/rwzt/ text/html #009 20140918030549552+274 sha1:NXJYYMWSCUH5RP2TANQ7Q57TAWAMXHOG - usingCharsetInHTML:UTF-8
2014-09-18T03:05:59.167Z   200      41870 http://www.cas.cn/zt/jzt/fkzt/hxlhskxjzlkxj/ LX http://www.cas.cn/zt/rwzt/ text/html #009 20140918030553220+1458 sha1:N3G5Q3HNVCZ5MFIPX2DNW3W44AXTQB5U - usingCharsetInHTML:UTF-8
2014-09-18T03:06:11.022Z   200      37722 http://www.cas.cn/kxcb/kpdt/ L http://www.cas.cn/ text/html #007 20140918030606575+700 sha1:6TM3JSIJLOGDB2TNIVPRYNKITTZGXDDI - usingCharsetInHTML:UTF-8
2014-09-18T03:06:20.249Z   200      36475 http://www.cas.cn/jgznylc/ L http://www.cas.cn/ text/html #001 20140918030614747+727 sha1:YSN4NISJHY6GZQAAY6CMH3UEE5KHNWT3 - usingCharsetInHTML:UTF-8
2014-09-18T03:06:27.104Z   200      16964 http://www.cas.cn/ggfw/zszp/ L http://www.cas.cn/ text/html #006 20140918030623904+843 sha1:QPPEOC2KSL54Q5TVMO3VZRPAK6NYIDS3 - usingCharsetInHTML:UTF-8
2014-09-18T03:08:04.876Z   200      13360 http://www.cas.cn/ggfw/zszp/zp/ LE http://www.cas.cn/ggfw/zszp/ text/html #010 20140918030631354+373 sha1:BGW44Y7VDPCFDGT7U2PONENJDD7I57NK - usingCharsetInHTML:UTF-8
2014-09-18T03:08:10.697Z   200      14687 http://www.cas.cn/ggfw/zszp/zs/ LE http://www.cas.cn/ggfw/zszp/ text/html #010 20140918030807881+570 sha1:KBSB66BVUK3D7SODIOFJZMCD6DU3L2LV - usingCharsetInHTML:UTF-8
2014-09-18T03:08:20.235Z   200      35764 http://www.cas.cn/ky/ L http://www.cas.cn/ text/html #010 20140918030813702+843 sha1:THAQRISCSQCOPK3ZQ3YO7MUYIWZE3APZ - usingCharsetInHTML:UTF-8
2014-09-18T03:08:31.039Z    -1          - dns:cas60.sciencenet.cn LXP http://cas60.sciencenet.cn/ text/dns #002 20140918030816032+15007 - - 5t
2014-09-18T03:08:34.706Z   200      55190 http://www.cas.cn/wzdt/ L http://www.cas.cn/ text/html #013 20140918030824519+3788 sha1:LV7GWDN5C7WLS7Q5WFCGDOPOXNMNITI4 - usingCharsetInHTML:UTF-8
2014-09-18T03:08:56.747Z   200      16381 http://www.cas.cn/ggzy/ydhz/sdbkzlbj/ L http://www.cas.cn/ text/html #013 20140918030853727+398 sha1:IYOUJZ2MF3J7HMHXUXLFI6NJXRQ5N2UU - usingCharsetInHTML:UTF-8
2014-09-18T03:09:00.217Z   200        393 http://www.cas.cn/lxwm/ L http://www.cas.cn/ text/html #013 20140918030859751+154 sha1:DJJ3QKJBHLCHSIOPTJ6UWFQWEDXALU5W - usingCharsetInHTML:UTF-8
2014-09-18T03:09:01.075Z    -6          - http://cas60.sciencenet.cn/ LX http://www.cas.cn/zt/sszt/ unknown #002 - - - 2t
2014-09-18T03:09:09.491Z   200      32781 http://www.cas.cn/hy/xshd/ L http://www.cas.cn/ text/html #013 20140918030903222+1203 sha1:LWOQHPGYT33JA7I733PQY6RRRLAFQTA2 - usingCharsetInHTML:UTF-8
2014-09-18T03:09:20.257Z   200      32124 http://www.cas.cn/hy/ L http://www.cas.cn/ text/html #012 20140918030915576+900 sha1:4MSHEDCKFGL4TTWL2VX3QUADCYALJV24 - usingCharsetInHTML:UTF-8
2014-09-18T03:09:27.996Z   200      22703 http://www.cas.cn/zt/sszt/cassxxdjh/ L http://www.cas.cn/ text/html #002 20140918030925103+546 sha1:H3KJRYMLIQDZ4JEHZR3Z3TZWKGK2BS2S - usingCharsetInHTML:UTF-8
2014-09-18T03:09:34.331Z   200      23348 http://www.cas.cn/ggzy/kycx/ywtz/ L http://www.cas.cn/ text/html #002 20140918030931001+526 sha1:2IBRW2NMGZK7XXGCUCHOFMESAA4GTPRJ - usingCharsetInHTML:UTF-8
2014-09-18T03:09:42.242Z   200      35567 http://www.cas.cn/xw/rcjy/ L http://www.cas.cn/ text/html #002 20140918030937335+1753 sha1:UXLXAECLG52P7TG3O5F5FMD5S6JTNJ7C - usingCharsetInHTML:UTF-8
2014-09-18T03:09:53.181Z   200       5238 http://www.cas.cn/ky/kjjl/ygjkjhzj/ L http://www.cas.cn/ text/html #025 20140918030951158+261 sha1:STM54L6472WQJR4KTQ556Z2OHWQRDL6Q - usingCharsetInHTML:UTF-8
2014-09-18T03:09:57.060Z   200       1610 http://www.cas.cn/ky/kjjl/ygjkjhzj/lb/ LE http://www.cas.cn/ky/kjjl/ygjkjhzj/ text/html #025 20140918030956184+211 sha1:2V3IOIYIRUM7DIPHW66UMFBYZVU2VL6M - usingCharsetInHTML:UTF-8
2014-09-18T03:10:05.519Z   200      34592 http://www.cas.cn/jypx/ L http://www.cas.cn/ text/html #025 20140918031000063+1506 sha1:J6T4QEKZUDWRA7UT5ZIKUXR3EXN6P7NO - usingCharsetInHTML:UTF-8
2014-09-18T03:10:13.835Z   200        378 http://www.cas.cn/jzzky/ L http://www.cas.cn/ text/html #003 20140918031013203+157 sha1:MRZL4BKNSUF34OY6IYIUHF24VUVEVZDF - usingCharsetInHTML:UTF-8
2014-09-18T03:10:19.119Z   200      19133 http://www.cas.cn/ggzy/zjrc/yjy/ L http://www.cas.cn/ text/html #003 20140918031016840+496 sha1:RRUL675ZHDD2ZEDGBO3S4JRZF22RFENY - usingCharsetInHTML:UTF-8
2014-09-18T03:10:26.233Z   200      35745 http://www.cas.cn/rc/ L http://www.cas.cn/ text/html #003 20140918031022123+564 sha1:ES24UQ4L45W5XYEXYPKIT4S2FPQSHJ45 - usingCharsetInHTML:UTF-8
2014-09-18T03:10:33.134Z   200      41814 http://www.cas.cn/zt/hyzt/ysdh17th/ L http://www.cas.cn/ text/html #003 20140918031029236+659 sha1:HCEHLNRLWCI3HVZX22EDO2PCBPHW6UCT - usingCharsetInHTML:UTF-8
2014-09-18T03:10:43.002Z   200      20569 http://www.cas.cn/cb/ts/ L http://www.cas.cn/ text/html #009 20140918031036470+3945 sha1:PV33BEDRJIDCJ4NYM57YDA5V2VLTYPNZ - usingCharsetInHTML:UTF-8
