2014-09-18T02:07:28.478Z    -5      29310 http://www.cas.cn/zt/jzt/cxzt/zxblskxfzgzddxzscxgc/ LX http://www.cas.cn/zt/sszt/ text/html #002 20140918020720581+1919 sha1:QSCW7FEXJPS7PNES6XAGN4GSAB26KXQ7 - usingCharsetInHTML:UTF-8,err=java.lang.NullPointerException
 java.lang.NullPointerException
	at com.airbus.lucene.IndexTools.createIndexByURI(IndexTools.java:346)
	at org.archive.modules.writer.MirrorWriterProcessor.innerProcess(MirrorWriterProcessor.java:443)
	at org.archive.modules.Processor.innerProcessResult(Processor.java:175)
	at org.archive.modules.Processor.process(Processor.java:142)
	at org.archive.modules.ProcessorChain.process(ProcessorChain.java:131)
	at org.archive.crawler.framework.ToeThread.run(ToeThread.java:151)
 java.lang.NullPointerException
	at com.airbus.lucene.IndexTools.createIndexByURI(IndexTools.java:346)
	at org.archive.modules.writer.MirrorWriterProcessor.innerProcess(MirrorWriterProcessor.java:443)
	at org.archive.modules.Processor.innerProcessResult(Processor.java:175)
	at org.archive.modules.Processor.process(Processor.java:142)
	at org.archive.modules.ProcessorChain.process(ProcessorChain.java:131)
	at org.archive.crawler.framework.ToeThread.run(ToeThread.java:151)
2014-09-18T02:07:28.661Z    -5      35867 http://www.60yq.cas.cn/ LX http://www.cas.cn/zt/sszt/ text/html #017 20140918020722638+3611 sha1:SP54TRWIO4A5DWURIZNRKRPNRNMIPZ4Z - usingCharsetInHTML:UTF-8,err=java.lang.NullPointerException,3t
 java.lang.NullPointerException
	at com.airbus.lucene.IndexTools.createIndexByURI(IndexTools.java:275)
	at org.archive.modules.writer.MirrorWriterProcessor.innerProcess(MirrorWriterProcessor.java:443)
	at org.archive.modules.Processor.innerProcessResult(Processor.java:175)
	at org.archive.modules.Processor.process(Processor.java:142)
	at org.archive.modules.ProcessorChain.process(ProcessorChain.java:131)
	at org.archive.crawler.framework.ToeThread.run(ToeThread.java:151)
 java.lang.NullPointerException
	at com.airbus.lucene.IndexTools.createIndexByURI(IndexTools.java:275)
	at org.archive.modules.writer.MirrorWriterProcessor.innerProcess(MirrorWriterProcessor.java:443)
	at org.archive.modules.Processor.innerProcessResult(Processor.java:175)
	at org.archive.modules.Processor.process(Processor.java:142)
	at org.archive.modules.ProcessorChain.process(ProcessorChain.java:131)
	at org.archive.crawler.framework.ToeThread.run(ToeThread.java:151)
2014-09-18T02:07:37.542Z    -5      42699 http://www.cas.cn/zt/jzt/kpzt/bjgzkxrzt/ LX http://www.cas.cn/zt/sszt/ text/html #002 20140918020733487+2872 sha1:ROHSVBC66S6KKWKIJIM52DH2RNHSQAP4 - usingCharsetInHTML:UTF-8,err=java.lang.NullPointerException
 java.lang.NullPointerException
	at com.airbus.lucene.IndexTools.createIndexByURI(IndexTools.java:275)
	at org.archive.modules.writer.MirrorWriterProcessor.innerProcess(MirrorWriterProcessor.java:443)
	at org.archive.modules.Processor.innerProcessResult(Processor.java:175)
	at org.archive.modules.Processor.process(Processor.java:142)
	at org.archive.modules.ProcessorChain.process(ProcessorChain.java:131)
	at org.archive.crawler.framework.ToeThread.run(ToeThread.java:151)
 java.lang.NullPointerException
	at com.airbus.lucene.IndexTools.createIndexByURI(IndexTools.java:275)
	at org.archive.modules.writer.MirrorWriterProcessor.innerProcess(MirrorWriterProcessor.java:443)
	at org.archive.modules.Processor.innerProcessResult(Processor.java:175)
	at org.archive.modules.Processor.process(Processor.java:142)
	at org.archive.modules.ProcessorChain.process(ProcessorChain.java:131)
	at org.archive.crawler.framework.ToeThread.run(ToeThread.java:151)
2014-09-18T02:43:05.667Z    -5       2324 http://www.kepu60.cn/ LX http://www.cas.cn/zt/kjzt/ text/html #010 20140918024303696+1205 sha1:UYKJOD6UBGYUDDIVDK63D5ZCQGPI4BIH - err=java.lang.NullPointerException,3t
 java.lang.NullPointerException
	at com.airbus.lucene.IndexTools.createIndexByURI(IndexTools.java:275)
	at org.archive.modules.writer.MirrorWriterProcessor.innerProcess(MirrorWriterProcessor.java:443)
	at org.archive.modules.Processor.innerProcessResult(Processor.java:175)
	at org.archive.modules.Processor.process(Processor.java:142)
	at org.archive.modules.ProcessorChain.process(ProcessorChain.java:131)
	at org.archive.crawler.framework.ToeThread.run(ToeThread.java:151)
 java.lang.NullPointerException
	at com.airbus.lucene.IndexTools.createIndexByURI(IndexTools.java:275)
	at org.archive.modules.writer.MirrorWriterProcessor.innerProcess(MirrorWriterProcessor.java:443)
	at org.archive.modules.Processor.innerProcessResult(Processor.java:175)
	at org.archive.modules.Processor.process(Processor.java:142)
	at org.archive.modules.ProcessorChain.process(ProcessorChain.java:131)
	at org.archive.crawler.framework.ToeThread.run(ToeThread.java:151)
2014-09-18T02:43:05.758Z    -5       6847 http://pingxuan.kepu.net.cn/ LX http://www.cas.cn/zt/kjzt/ text/html #013 20140918024303645+1374 sha1:II5SF3Y4VDQMOY3PYC5CRNK663DQLS4F - usingCharsetInHTML:GBK,err=java.lang.NullPointerException,3t
 java.lang.NullPointerException
	at com.airbus.lucene.IndexTools.createIndexByURI(IndexTools.java:275)
	at org.archive.modules.writer.MirrorWriterProcessor.innerProcess(MirrorWriterProcessor.java:443)
	at org.archive.modules.Processor.innerProcessResult(Processor.java:175)
	at org.archive.modules.Processor.process(Processor.java:142)
	at org.archive.modules.ProcessorChain.process(ProcessorChain.java:131)
	at org.archive.crawler.framework.ToeThread.run(ToeThread.java:151)
 java.lang.NullPointerException
	at com.airbus.lucene.IndexTools.createIndexByURI(IndexTools.java:275)
	at org.archive.modules.writer.MirrorWriterProcessor.innerProcess(MirrorWriterProcessor.java:443)
	at org.archive.modules.Processor.innerProcessResult(Processor.java:175)
	at org.archive.modules.Processor.process(Processor.java:142)
	at org.archive.modules.ProcessorChain.process(ProcessorChain.java:131)
	at org.archive.crawler.framework.ToeThread.run(ToeThread.java:151)
